[36mâ ‹[39m Generating browser application bundles (phase: setup)...[2K[1G[36mâ ™[39m Generating browser application bundles (phase: setup)...[2K[1G[36mâ ¹[39m Generating browser application bundles (phase: building)...[2K[1G[36mâ ¸[39m Generating browser application bundles (phase: building)...[2K[1G[36mâ ¼[39m Generating browser application bundles (phase: building)...[2K[1G[36mâ ´[39m Generating browser application bundles (phase: building)...[2K[1G[36mâ ¦[39m Generating browser application bundles (phase: building)...[2K[1G[36mâ §[39m Generating browser application bundles (phase: building)...[2K[1G[36mâ ‡[39m Generating browser application bundles (phase: building)...[2K[1G[36mâ [39m Generating browser application bundles (phase: building)...[2K[1G[36mâ ‹[39m Generating browser application bundles (phase: sealing)...[2K[1G[36mâ ™[39m Generating browser application bundles (phase: sealing)...[2K[1G[36mâ ¹[39m Generating browser application bundles (phase: sealing)...[2K[1G[36mâ ¸[39m Generating browser application bundles (phase: sealing)...[2K[1G[36mâ ¼[39m Generating browser application bundles (phase: sealing)...[2K[1G[36mâ ´[39m Generating browser application bundles (phase: emitting)...[2K[1G[32mâœ”[39m Browser application bundle generation complete.
[37m[39m
[37m[0m[1mInitial Chunk Files[22m  [2m | [22m[1mNames[22m        [2m | [22m [1mRaw Size[22m[0m[39m
[37m[0m[92mvendor.js[39m[37m            [2m | [22mvendor       [2m | [22m  [96m6.52 MB[39m[37m[2m | [22m[0m[39m
[37m[0m[92mmain.js[39m[37m              [2m | [22mmain         [2m | [22m[96m448.52 kB[39m[37m[2m | [22m[0m[39m
[37m[0m[92mpolyfills.js[39m[37m         [2m | [22mpolyfills    [2m | [22m[96m337.12 kB[39m[37m[2m | [22m[0m[39m
[37m[0m[92mstyles.css, styles.js[39m[37m[2m | [22mstyles       [2m | [22m[96m311.87 kB[39m[37m[2m | [22m[0m[39m
[37m[0m[92mruntime.js[39m[37m           [2m | [22mruntime      [2m | [22m  [96m7.14 kB[39m[37m[2m | [22m[0m[39m
[37m[0m[0m[39m
[37m[0m[1m [22m                    [2m | [22m[1mInitial Total[22m[2m | [22m  [1m7.60 MB[22m[0m[39m
[37m[0m[0m[39m
[37m[0mBuild at: [1m[37m2024-01-16T08:05:35.702Z[39m[37m[22m - Hash: [1m[37me912a079b58a7550[39m[37m[22m - Time: [1m[37m3545[39m[37m[22mms[0m[39m
[37m[39m
[37m** Angular Live Development Server is listening on localhost:4200, open your browser on http://localhost:4200/ **[39m
[37m[39m
[37m[39m
[37m[92mâœ”[39m[37m Compiled successfully.[39m
[36mâ ‹[39m Generating browser application bundles...[2K[1G[36mâ ™[39m Generating browser application bundles (phase: building)...[2K[1G[36mâ ¹[39m Generating browser application bundles (phase: building)...[2K[1G[36mâ ¸[39m Generating browser application bundles (phase: building)...[2K[1G[36mâ ¼[39m Generating browser application bundles (phase: building)...[2K[1G[36mâ ´[39m Generating browser application bundles (phase: building)...[2K[1G[36mâ ¦[39m Generating browser application bundles (phase: building)...[2K[1G[36mâ §[39m Generating browser application bundles (phase: building)...[2K[1G[36mâ ‡[39m Generating browser application bundles (phase: building)...[2K[1G[36mâ [39m Generating browser application bundles (phase: building)...[2K[1G[36mâ ‹[39m Generating browser application bundles (phase: building)...[2K[1G[36mâ ™[39m Generating browser application bundles (phase: building)...[2K[1G[36mâ ¹[39m Generating browser application bundles (phase: building)...[2K[1G[36mâ ¸[39m Generating browser application bundles (phase: building)...[2K[1G[36mâ ¼[39m Generating browser application bundles (phase: building)...[2K[1G[36mâ ´[39m Generating browser application bundles (phase: building)...[2K[1G[36mâ ¦[39m Generating browser application bundles (phase: building)...[2K[1G[36mâ §[39m Generating browser application bundles (phase: building)...[2K[1G[36mâ ‡[39m Generating browser application bundles (phase: building)...[2K[1G[36mâ [39m Generating browser application bundles (phase: building)...[2K[1G[36mâ ‹[39m Generating browser application bundles (phase: building)...[2K[1G[36mâ ™[39m Generating browser application bundles (phase: building)...[2K[1G[36mâ ¹[39m Generating browser application bundles (phase: building)...[2K[1G[36mâ ¸[39m Generating browser application bundles (phase: building)...[2K[1G[36mâ ¼[39m Generating browser application bundles (phase: building)...[2K[1G[36mâ ´[39m Generating browser application bundles (phase: building)...[2K[1G[36mâ ¦[39m Generating browser application bundles (phase: building)...[2K[1G[36mâ §[39m Generating browser application bundles (phase: building)...[2K[1G[36mâ ‡[39m Generating browser application bundles (phase: building)...[2K[1G[36mâ [39m Generating browser application bundles (phase: building)...[2K[1G[36mâ ‹[39m Generating browser application bundles (phase: building)...[2K[1G[36mâ ™[39m Generating browser application bundles (phase: building)...[2K[1G[36mâ ¹[39m Generating browser application bundles (phase: building)...[2K[1G[36mâ ¸[39m Generating browser application bundles (phase: building)...[2K[1G[36mâ ¼[39m Generating browser application bundles (phase: building)...[2K[1G[36mâ ´[39m Generating browser application bundles (phase: building)...[2K[1G[36mâ ¦[39m Generating browser application bundles (phase: emitting)...[2K[1G[32mâœ”[39m Browser application bundle generation complete.
[37m[39m
[37m[0m[1mInitial Chunk Files[22m[2m | [22m[1mNames[22m  [2m | [22m [1mRaw Size[22m[0m[39m
[37m[0m[92mmain.js[39m[37m            [2m | [22mmain   [2m | [22m[96m448.56 kB[39m[37m[2m | [22m[0m[39m
[37m[0m[92mruntime.js[39m[37m         [2m | [22mruntime[2m | [22m  [96m7.14 kB[39m[37m[2m | [22m[0m[39m
[37m[0m[0m[39m
[37m[0m3 unchanged chunks[0m[39m
[37m[0m[0m[39m
[37m[0mBuild at: [1m[37m2024-01-16T08:18:18.656Z[39m[37m[22m - Hash: [1m[37md9f74758a06f2e7e[39m[37m[22m - Time: [1m[37m10825[39m[37m[22mms[0m[39m
[37m[39m
[37m[92mâœ”[39m[37m Compiled successfully.[39m
[36mâ ‹[39m Generating browser application bundles...[2K[1G[36mâ ™[39m Generating browser application bundles (phase: building)...[2K[1G[36mâ ¹[39m Generating browser application bundles (phase: sealing)...[2K[1G[36mâ ¸[39m Generating browser application bundles (phase: emitting)...[2K[1G[32mâœ”[39m Browser application bundle generation complete.
[37m[39m
[37m[0m[1mInitial Chunk Files[22m[2m | [22m[1mNames[22m  [2m | [22m [1mRaw Size[22m[0m[39m
[37m[0m[92mmain.js[39m[37m            [2m | [22mmain   [2m | [22m[96m448.56 kB[39m[37m[2m | [22m[0m[39m
[37m[0m[92mruntime.js[39m[37m         [2m | [22mruntime[2m | [22m  [96m7.14 kB[39m[37m[2m | [22m[0m[39m
[37m[0m[0m[39m
[37m[0m3 unchanged chunks[0m[39m
[37m[0m[0m[39m
[37m[0mBuild at: [1m[37m2024-01-16T08:19:42.108Z[39m[37m[22m - Hash: [1m[37m40f0eb2274c744bd[39m[37m[22m - Time: [1m[37m401[39m[37m[22mms[0m[39m
[37m[39m
[37m[92mâœ”[39m[37m Compiled successfully.[39m
[36mâ ‹[39m Generating browser application bundles...[2K[1G[36mâ ™[39m Generating browser application bundles (phase: building)...[2K[1G[36mâ ¹[39m Generating browser application bundles (phase: building)...[2K[1G[36mâ ¸[39m Generating browser application bundles (phase: building)...[2K[1G[36mâ ¼[39m Generating browser application bundles (phase: building)...[2K[1G[36mâ ´[39m Generating browser application bundles (phase: emitting)...[2K[1G[32mâœ”[39m Browser application bundle generation complete.
[37m[39m
[37m[0m[1mInitial Chunk Files[22m[2m | [22m[1mNames[22m  [2m | [22m [1mRaw Size[22m[0m[39m
[37m[0m[92mmain.js[39m[37m            [2m | [22mmain   [2m | [22m[96m448.63 kB[39m[37m[2m | [22m[0m[39m
[37m[0m[92mruntime.js[39m[37m         [2m | [22mruntime[2m | [22m  [96m7.14 kB[39m[37m[2m | [22m[0m[39m
[37m[0m[0m[39m
[37m[0m3 unchanged chunks[0m[39m
[37m[0m[0m[39m
[37m[0mBuild at: [1m[37m2024-01-16T08:23:20.674Z[39m[37m[22m - Hash: [1m[37m2476899f39441bf0[39m[37m[22m - Time: [1m[37m574[39m[37m[22mms[0m[39m
[37m[39m
[37m[92mâœ”[39m[37m Compiled successfully.[39m
[36mâ ‹[39m Generating browser application bundles...[2K[1G[36mâ ™[39m Generating browser application bundles (phase: building)...[2K[1G[36mâ ¹[39m Generating browser application bundles (phase: sealing)...[2K[1G[36mâ ¸[39m Generating browser application bundles (phase: emitting)...[2K[1G[32mâœ”[39m Browser application bundle generation complete.
[37m[39m
[37m[0m[1mInitial Chunk Files[22m[2m | [22m[1mNames[22m  [2m | [22m [1mRaw Size[22m[0m[39m
[37m[0m[92mmain.js[39m[37m            [2m | [22mmain   [2m | [22m[96m448.63 kB[39m[37m[2m | [22m[0m[39m
[37m[0m[92mruntime.js[39m[37m         [2m | [22mruntime[2m | [22m  [96m7.14 kB[39m[37m[2m | [22m[0m[39m
[37m[0m[0m[39m
[37m[0m3 unchanged chunks[0m[39m
[37m[0m[0m[39m
[37m[0mBuild at: [1m[37m2024-01-16T08:29:14.292Z[39m[37m[22m - Hash: [1m[37mb9f7e4aee548baa2[39m[37m[22m - Time: [1m[37m405[39m[37m[22mms[0m[39m
[37m[39m
[37m[92mâœ”[39m[37m Compiled successfully.[39m
[36mâ ‹[39m Generating browser application bundles...[2K[1G[36mâ ™[39m Generating browser application bundles (phase: building)...[2K[1G[36mâ ¹[39m Generating browser application bundles (phase: building)...[2K[1G[36mâ ¸[39m Generating browser application bundles (phase: building)...[2K[1G[32mâœ”[39m Browser application bundle generation complete.
[37m[39m
[37m[0m[1mInitial Chunk Files[22m[2m | [22m[1mNames[22m  [2m | [22m [1mRaw Size[22m[0m[39m
[37m[0m[92mmain.js[39m[37m            [2m | [22mmain   [2m | [22m[96m448.63 kB[39m[37m[2m | [22m[0m[39m
[37m[0m[92mruntime.js[39m[37m         [2m | [22mruntime[2m | [22m  [96m7.14 kB[39m[37m[2m | [22m[0m[39m
[37m[0m[0m[39m
[37m[0m3 unchanged chunks[0m[39m
[37m[0m[0m[39m
[37m[0mBuild at: [1m[37m2024-01-16T08:35:31.715Z[39m[37m[22m - Hash: [1m[37m1899f2a6df0b36cf[39m[37m[22m - Time: [1m[37m562[39m[37m[22mms[0m[39m
[1m[31m[39m[22m
[1m[31m[0m[91mError: [39m[31m[0m[96mapps/e-questrian/src/app/services/credit-notes/credit-notes.service.ts[0m:[93m38[0m:[93m25[0m - [91merror[0m[90m TS2663: [0mCannot find name 'appointments'. Did you mean the instance member 'this.appointments'?[39m[22m
[1m[31m[39m[22m
[1m[31m[7m38[0m     this.appointments = appointments;[39m[22m
[1m[31m[7m  [0m [91m                        ~~~~~~~~~~~~[0m[39m[22m
[1m[31m[39m[22m
[1m[31m[39m[22m
[1m[31m[39m[22m
[37m[39m
[37m[91mâœ–[39m[37m Failed to compile.[39m
[36mâ ‹[39m Generating browser application bundles...[2K[1G[36mâ ™[39m Generating browser application bundles (phase: building)...[2K[1G[32mâœ”[39m Browser application bundle generation complete.
[37m[39m
[37m[0m[1mInitial Chunk Files[22m[2m | [22m[1mNames[22m  [2m | [22m [1mRaw Size[22m[0m[39m
[37m[0m[92mmain.js[39m[37m            [2m | [22mmain   [2m | [22m[96m448.65 kB[39m[37m[2m | [22m[0m[39m
[37m[0m[92mruntime.js[39m[37m         [2m | [22mruntime[2m | [22m  [96m7.14 kB[39m[37m[2m | [22m[0m[39m
[37m[0m[0m[39m
[37m[0m3 unchanged chunks[0m[39m
[37m[0m[0m[39m
[37m[0mBuild at: [1m[37m2024-01-16T08:35:43.335Z[39m[37m[22m - Hash: [1m[37m690e71d86a8ac088[39m[37m[22m - Time: [1m[37m261[39m[37m[22mms[0m[39m
[1m[31m[39m[22m
[1m[31m[0m[91mError: [39m[31m[0m[96mapps/e-questrian/src/app/services/credit-notes/credit-notes.service.ts[0m:[93m36[0m:[93m5[0m - [91merror[0m[90m TS1005: [0m',' expected.[39m[22m
[1m[31m[39m[22m
[1m[31m[7m36[0m     appointmentID: number,[39m[22m
[1m[31m[7m  [0m [91m    ~~~~~~~~~~~~~[0m[39m[22m
[1m[31m[39m[22m
[1m[31m[39m[22m
[1m[31m[39m[22m
[37m[39m
[37m[91mâœ–[39m[37m Failed to compile.[39m
[36mâ ‹[39m Generating browser application bundles...[2K[1G[36mâ ™[39m Generating browser application bundles (phase: building)...[2K[1G[36mâ ¹[39m Generating browser application bundles (phase: emitting)...[2K[1G[32mâœ”[39m Browser application bundle generation complete.
[37m[39m
[37m[0m[1mInitial Chunk Files[22m[2m | [22m[1mNames[22m  [2m | [22m [1mRaw Size[22m[0m[39m
[37m[0m[92mmain.js[39m[37m            [2m | [22mmain   [2m | [22m[96m448.65 kB[39m[37m[2m | [22m[0m[39m
[37m[0m[92mruntime.js[39m[37m         [2m | [22mruntime[2m | [22m  [96m7.14 kB[39m[37m[2m | [22m[0m[39m
[37m[0m[0m[39m
[37m[0m3 unchanged chunks[0m[39m
[37m[0m[0m[39m
[37m[0mBuild at: [1m[37m2024-01-16T08:35:44.815Z[39m[37m[22m - Hash: [1m[37m8cabb43118591c80[39m[37m[22m - Time: [1m[37m236[39m[37m[22mms[0m[39m
[37m[39m
[37m[92mâœ”[39m[37m Compiled successfully.[39m
[36mâ ‹[39m Generating browser application bundles...[2K[1G[36mâ ™[39m Generating browser application bundles (phase: building)...[2K[1G[36mâ ¹[39m Generating browser application bundles (phase: emitting)...[2K[1G[32mâœ”[39m Browser application bundle generation complete.
[37m[39m
[37m[0m[1mInitial Chunk Files[22m[2m | [22m[1mNames[22m  [2m | [22m [1mRaw Size[22m[0m[39m
[37m[0m[92mmain.js[39m[37m            [2m | [22mmain   [2m | [22m[96m448.65 kB[39m[37m[2m | [22m[0m[39m
[37m[0m[92mruntime.js[39m[37m         [2m | [22mruntime[2m | [22m  [96m7.14 kB[39m[37m[2m | [22m[0m[39m
[37m[0m[0m[39m
[37m[0m3 unchanged chunks[0m[39m
[37m[0m[0m[39m
[37m[0mBuild at: [1m[37m2024-01-16T08:35:46.615Z[39m[37m[22m - Hash: [1m[37md9f59a8decf4a26f[39m[37m[22m - Time: [1m[37m229[39m[37m[22mms[0m[39m
[37m[39m
[37m[92mâœ”[39m[37m Compiled successfully.[39m
[36mâ ‹[39m Generating browser application bundles...[2K[1G[36mâ ™[39m Generating browser application bundles (phase: building)...[2K[1G[36mâ ¹[39m Generating browser application bundles (phase: sealing)...[2K[1G[32mâœ”[39m Browser application bundle generation complete.
[37m[39m
[37m[0m[1mInitial Chunk Files[22m[2m | [22m[1mNames[22m  [2m | [22m [1mRaw Size[22m[0m[39m
[37m[0m[92mmain.js[39m[37m            [2m | [22mmain   [2m | [22m[96m448.65 kB[39m[37m[2m | [22m[0m[39m
[37m[0m[92mruntime.js[39m[37m         [2m | [22mruntime[2m | [22m  [96m7.14 kB[39m[37m[2m | [22m[0m[39m
[37m[0m[0m[39m
[37m[0m3 unchanged chunks[0m[39m
[37m[0m[0m[39m
[37m[0mBuild at: [1m[37m2024-01-16T08:37:06.847Z[39m[37m[22m - Hash: [1m[37m7be02bc1afd18cc1[39m[37m[22m - Time: [1m[37m370[39m[37m[22mms[0m[39m
[1m[31m[39m[22m
[1m[31m[0m[91mError: [39m[31m[0m[96mapps/e-questrian/src/app/services/credit-notes/credit-notes.service.ts[0m:[93m26[0m:[93m5[0m - [91merror[0m[90m TS2741: [0mProperty 'clientID' is missing in type '{ date: Date; appointment: number; }' but required in type 'CreditNoteDetails'.[39m[22m
[1m[31m[39m[22m
[1m[31m[7m26[0m     this.creditNotes[cnNumber] = {[39m[22m
[1m[31m[7m  [0m [91m    ~~~~~~~~~~~~~~~~~~~~~~~~~~[0m[39m[22m
[1m[31m[39m[22m
[1m[31m  [96mapps/e-questrian/src/app/interfaces/credit-notes.interface.ts[0m:[93m8[0m:[93m3[0m[39m[22m
[1m[31m    [7m8[0m   clientID: number;[39m[22m
[1m[31m    [7m [0m [96m  ~~~~~~~~[0m[39m[22m
[1m[31m    'clientID' is declared here.[39m[22m
[1m[31m[39m[22m
[1m[31m[39m[22m
[1m[31m[0m[91mError: [39m[31m[0m[96mapps/e-questrian/src/app/services/test-data/test-data.service.ts[0m:[93m215[0m:[93m26[0m - [91merror[0m[90m TS2741: [0mProperty 'clientID' is missing in type '{ date: Date; appointment: number; }' but required in type 'CreditNoteDetails'.[39m[22m
[1m[31m[39m[22m
[1m[31m[7m215[0m     this.creditNotes = { 1: { date: new Date(), appointment: 3 } };[39m[22m
[1m[31m[7m   [0m [91m                         ~[0m[39m[22m
[1m[31m[39m[22m
[1m[31m  [96mapps/e-questrian/src/app/interfaces/credit-notes.interface.ts[0m:[93m8[0m:[93m3[0m[39m[22m
[1m[31m    [7m8[0m   clientID: number;[39m[22m
[1m[31m    [7m [0m [96m  ~~~~~~~~[0m[39m[22m
[1m[31m    'clientID' is declared here.[39m[22m
[1m[31m  [96mapps/e-questrian/src/app/interfaces/credit-notes.interface.ts[0m:[93m2[0m:[93m3[0m[39m[22m
[1m[31m    [7m2[0m   [creditNoteID: number]: CreditNoteDetails;[39m[22m
[1m[31m    [7m [0m [96m  ~~~~~~~~~~~~~~~~~~~~~~~~~~~~~~~~~~~~~~~~~~[0m[39m[22m
[1m[31m    The expected type comes from this index signature.[39m[22m
[1m[31m[39m[22m
[1m[31m[39m[22m
[1m[31m[39m[22m
[37m[39m
[37m[91mâœ–[39m[37m Failed to compile.[39m
[36mâ ‹[39m Generating browser application bundles...[2K[1G[36mâ ™[39m Generating browser application bundles (phase: building)...[2K[1G[36mâ ¹[39m Generating browser application bundles (phase: building)...[2K[1G[36mâ ¸[39m Generating browser application bundles (phase: building)...[2K[1G[36mâ ¼[39m Generating browser application bundles (phase: sealing)...[2K[1G[32mâœ”[39m Browser application bundle generation complete.
[37m[39m
[37m[0m[1mInitial Chunk Files[22m[2m | [22m[1mNames[22m  [2m | [22m [1mRaw Size[22m[0m[39m
[37m[0m[92mmain.js[39m[37m            [2m | [22mmain   [2m | [22m[96m448.67 kB[39m[37m[2m | [22m[0m[39m
[37m[0m[92mruntime.js[39m[37m         [2m | [22mruntime[2m | [22m  [96m7.14 kB[39m[37m[2m | [22m[0m[39m
[37m[0m[0m[39m
[37m[0m3 unchanged chunks[0m[39m
[37m[0m[0m[39m
[37m[0mBuild at: [1m[37m2024-01-16T08:38:23.044Z[39m[37m[22m - Hash: [1m[37mbec15ada2d300110[39m[37m[22m - Time: [1m[37m671[39m[37m[22mms[0m[39m
[1m[31m[39m[22m
[1m[31m[0m[91mError: [39m[31m[0m[96mapps/e-questrian/src/app/services/credit-notes/credit-notes.service.ts[0m:[93m26[0m:[93m5[0m - [91merror[0m[90m TS2741: [0mProperty 'clientID' is missing in type '{ date: Date; appointment: number; }' but required in type 'CreditNoteDetails'.[39m[22m
[1m[31m[39m[22m
[1m[31m[7m26[0m     this.creditNotes[cnNumber] = {[39m[22m
[1m[31m[7m  [0m [91m    ~~~~~~~~~~~~~~~~~~~~~~~~~~[0m[39m[22m
[1m[31m[39m[22m
[1m[31m  [96mapps/e-questrian/src/app/interfaces/credit-notes.interface.ts[0m:[93m8[0m:[93m3[0m[39m[22m
[1m[31m    [7m8[0m   clientID: number;[39m[22m
[1m[31m    [7m [0m [96m  ~~~~~~~~[0m[39m[22m
[1m[31m    'clientID' is declared here.[39m[22m
[1m[31m[39m[22m
[1m[31m[39m[22m
[1m[31m[0m[91mError: [39m[31m[0m[96mapps/e-questrian/src/app/services/test-data/test-data.service.ts[0m:[93m215[0m:[93m26[0m - [91merror[0m[90m TS2741: [0mProperty 'clientID' is missing in type '{ date: Date; appointment: number; }' but required in type 'CreditNoteDetails'.[39m[22m
[1m[31m[39m[22m
[1m[31m[7m215[0m     this.creditNotes = { 1: { date: new Date(), appointment: 3 } };[39m[22m
[1m[31m[7m   [0m [91m                         ~[0m[39m[22m
[1m[31m[39m[22m
[1m[31m  [96mapps/e-questrian/src/app/interfaces/credit-notes.interface.ts[0m:[93m8[0m:[93m3[0m[39m[22m
[1m[31m    [7m8[0m   clientID: number;[39m[22m
[1m[31m    [7m [0m [96m  ~~~~~~~~[0m[39m[22m
[1m[31m    'clientID' is declared here.[39m[22m
[1m[31m  [96mapps/e-questrian/src/app/interfaces/credit-notes.interface.ts[0m:[93m2[0m:[93m3[0m[39m[22m
[1m[31m    [7m2[0m   [creditNoteID: number]: CreditNoteDetails;[39m[22m
[1m[31m    [7m [0m [96m  ~~~~~~~~~~~~~~~~~~~~~~~~~~~~~~~~~~~~~~~~~~[0m[39m[22m
[1m[31m    The expected type comes from this index signature.[39m[22m
[1m[31m[39m[22m
[1m[31m[39m[22m
[1m[31m[39m[22m
[37m[39m
[37m[91mâœ–[39m[37m Failed to compile.[39m
[36mâ ‹[39m Generating browser application bundles...[2K[1G[36mâ ™[39m Generating browser application bundles (phase: building)...[2K[1G[36mâ ¹[39m Generating browser application bundles (phase: building)...[2K[1G[32mâœ”[39m Browser application bundle generation complete.
[37m[39m
[37m[0m[1mInitial Chunk Files[22m[2m | [22m[1mNames[22m  [2m | [22m [1mRaw Size[22m[0m[39m
[37m[0m[92mmain.js[39m[37m            [2m | [22mmain   [2m | [22m[96m456.72 kB[39m[37m[2m | [22m[0m[39m
[37m[0m[92mruntime.js[39m[37m         [2m | [22mruntime[2m | [22m  [96m7.14 kB[39m[37m[2m | [22m[0m[39m
[37m[0m[0m[39m
[37m[0m3 unchanged chunks[0m[39m
[37m[0m[0m[39m
[37m[0mBuild at: [1m[37m2024-01-16T08:38:38.932Z[39m[37m[22m - Hash: [1m[37m8c25e71d4aac34a6[39m[37m[22m - Time: [1m[37m444[39m[37m[22mms[0m[39m
[1m[31m[39m[22m
[1m[31m[0m[36m./apps/e-questrian/src/app/services/credit-notes/credit-notes.service.ts[39m[31m[0m - [0m[91mError: [39m[31m[0mModule build failed (from ./node_modules/.pnpm/@angular-devkit+build-angular@16.2.11_@angular+compiler-cli@16.2.12_@types+node@16.11.7_jest-_ezws3eociu6xky35m6np2ps6gy/node_modules/@angular-devkit/build-angular/src/tools/babel/webpack-loader.js):[39m[22m
[1m[31mSyntaxError: /Users/rferreira/sigmafox/apps/e-questrian/src/app/services/credit-notes/credit-notes.service.ts: Unexpected token (23:55)[39m[22m
[1m[31m[39m[22m
[1m[31m[0m [90m 21 |[39m[31m             date[33m:[39m[31m [36mnew[39m[31m [33mDate[39m[31m([36mnew[39m[31m [33mDate[39m[31m()[33m.[39m[31msetHours([35m0[39m[31m[33m,[39m[31m [35m0[39m[31m[33m,[39m[31m [35m0[39m[31m[33m,[39m[31m [35m0[39m[31m))[33m,[39m[31m[0m[39m[22m
[1m[31m[0m [90m 22 |[39m[31m             appointment[33m:[39m[31m appointmentID[33m,[39m[31m[0m[39m[22m
[1m[31m[0m[31m[1m>[22m[1m[39m[31m[90m 23 |[39m[31m             clientID[33m:[39m[31m [36mthis[39m[31m[33m.[39m[31mappointments[appointmentID][33m.[39m[31m[33m,[39m[31m[0m[39m[22m
[1m[31m[0m [90m    |[39m[31m                                                        [31m[1m^[22m[1m[39m[31m[0m[39m[22m
[1m[31m[0m [90m 24 |[39m[31m         }[33m;[39m[31m[0m[39m[22m
[1m[31m[0m [90m 25 |[39m[31m         localStorage[33m.[39m[31msetItem([32m'credit-notes'[39m[31m[33m,[39m[31m [33mJSON[39m[31m[33m.[39m[31mstringify([36mthis[39m[31m[33m.[39m[31mcreditNotes))[33m;[39m[31m[0m[39m[22m
[1m[31m[0m [90m 26 |[39m[31m         [36mthis[39m[31m[33m.[39m[31mupdateAppointmentWithCreditNote(appointments[33m,[39m[31m appointmentID[33m,[39m[31m cnNumber)[33m;[39m[31m[0m[39m[22m
[1m[31m[39m[22m
[1m[31m[0m[91mError: [39m[31m[0m[96mapps/e-questrian/src/app/services/credit-notes/credit-notes.service.ts[0m:[93m30[0m:[93m50[0m - [91merror[0m[90m TS1003: [0mIdentifier expected.[39m[22m
[1m[31m[39m[22m
[1m[31m[7m30[0m       clientID: this.appointments[appointmentID].,[39m[22m
[1m[31m[7m  [0m [91m                                                 ~[0m[39m[22m
[1m[31m[39m[22m
[1m[31m[39m[22m
[1m[31m[0m[91mError: [39m[31m[0m[96mapps/e-questrian/src/app/services/test-data/test-data.service.ts[0m:[93m215[0m:[93m26[0m - [91merror[0m[90m TS2741: [0mProperty 'clientID' is missing in type '{ date: Date; appointmen[39m[22m[1m[31mt: number; }' but required in type 'CreditNoteDetails'.[39m[22m
[1m[31m[39m[22m
[1m[31m[7m215[0m     this.creditNotes = { 1: { date: new Date(), appointment: 3 } };[39m[22m
[1m[31m[7m   [0m [91m                         ~[0m[39m[22m
[1m[31m[39m[22m
[1m[31m  [96mapps/e-questrian/src/app/interfaces/credit-notes.interface.ts[0m:[93m8[0m:[93m3[0m[39m[22m
[1m[31m    [7m8[0m   clientID: number;[39m[22m
[1m[31m    [7m [0m [96m  ~~~~~~~~[0m[39m[22m
[1m[31m    'clientID' is declared here.[39m[22m
[1m[31m  [96mapps/e-questrian/src/app/interfaces/credit-notes.interface.ts[0m:[93m2[0m:[93m3[0m[39m[22m
[1m[31m    [7m2[0m   [creditNoteID: number]: CreditNoteDetails;[39m[22m
[1m[31m    [7m [0m [96m  ~~~~~~~~~~~~~~~~~~~~~~~~~~~~~~~~~~~~~~~~~~[0m[39m[22m
[1m[31m    The expected type comes from this index signature.[39m[22m
[1m[31m[39m[22m
[1m[31m[39m[22m
[1m[31m[39m[22m
[37m[39m
[37m[91mâœ–[39m[37m Failed to compile.[39m
[36mâ ‹[39m Generating browser application bundles...[2K[1G[36mâ ™[39m Generating browser application bundles (phase: building)...[2K[1G[32mâœ”[39m Browser application bundle generation complete.
[37m[39m
[37m[0m5 unchanged chunks[0m[39m
[37m[0m[0m[39m
[37m[0mBuild at: [1m[37m2024-01-16T08:38:40.909Z[39m[37m[22m - Hash: [1m[37m8c25e71d4aac34a6[39m[37m[22m - Time: [1m[37m214[39m[37m[22mms[0m[39m
[1m[31m[39m[22m
[1m[31m[0m[36m./apps/e-questrian/src/app/services/credit-notes/credit-notes.service.ts[39m[31m[0m - [0m[91mError: [39m[31m[0mModule build failed (from ./node_modules/.pnpm/@angular-devkit+build-angular@16.2.11_@angular+compiler-cli@16.2.12_@types+node@16.11.7_jest-_ezws3eociu6xky35m6np2ps6gy/node_modules/@angular-devkit/build-angular/src/tools/babel/webpack-loader.js):[39m[22m
[1m[31mSyntaxError: /Users/rferreira/sigmafox/apps/e-questrian/src/app/services/credit-notes/credit-notes.service.ts: Unexpected token (23:55)[39m[22m
[1m[31m[39m[22m
[1m[31m[0m [90m 21 |[39m[31m             date[33m:[39m[31m [36mnew[39m[31m [33mDate[39m[31m([36mnew[39m[31m [33mDate[39m[31m()[33m.[39m[31msetHours([35m0[39m[31m[33m,[39m[31m [35m0[39m[31m[33m,[39m[31m [35m0[39m[31m[33m,[39m[31m [35m0[39m[31m))[33m,[39m[31m[0m[39m[22m
[1m[31m[0m [90m 22 |[39m[31m             appointment[33m:[39m[31m appointmentID[33m,[39m[31m[0m[39m[22m
[1m[31m[0m[31m[1m>[22m[1m[39m[31m[90m 23 |[39m[31m             clientID[33m:[39m[31m [36mthis[39m[31m[33m.[39m[31mappointments[appointmentID][33m.[39m[31m[33m,[39m[31m[0m[39m[22m
[1m[31m[0m [90m    |[39m[31m                                                        [31m[1m^[22m[1m[39m[31m[0m[39m[22m
[1m[31m[0m [90m 24 |[39m[31m         }[33m;[39m[31m[0m[39m[22m
[1m[31m[0m [90m 25 |[39m[31m         localStorage[33m.[39m[31msetItem([32m'credit-notes'[39m[31m[33m,[39m[31m [33mJSON[39m[31m[33m.[39m[31mstringify([36mthis[39m[31m[33m.[39m[31mcreditNotes))[33m;[39m[31m[0m[39m[22m
[1m[31m[0m [90m 26 |[39m[31m         [36mthis[39m[31m[33m.[39m[31mupdateAppointmentWithCreditNote(appointments[33m,[39m[31m appointmentID[33m,[39m[31m cnNumber)[33m;[39m[31m[0m[39m[22m
[1m[31m[39m[22m
[1m[31m[0m[91mError: [39m[31m[0m[96mapps/e-questrian/src/app/services/credit-notes/credit-notes.service.ts[0m:[93m30[0m:[93m50[0m - [91merror[0m[90m TS1003: [0mIdentifier expected.[39m[22m
[1m[31m[39m[22m
[1m[31m[7m30[0m       clientID: this.appointments[appointmentID].,[39m[22m
[1m[31m[7m  [0m [91m                                                 ~[0m[39m[22m
[1m[31m[39m[22m
[1m[31m[39m[22m
[1m[31m[0m[91mError: [39m[31m[0m[96mapps/e-questrian/src/app/services/test-data/test-data.service.ts[0m:[93m215[0m:[93m26[0m - [91merror[0m[90m TS2741: [0mProperty 'clientID' is missing in type '{ date: Date; appointmen[39m[22m[1m[31mt: number; }' but required in type 'CreditNoteDetails'.[39m[22m
[1m[31m[39m[22m
[1m[31m[7m215[0m     this.creditNotes = { 1: { date: new Date(), appointment: 3 } };[39m[22m
[1m[31m[7m   [0m [91m                         ~[0m[39m[22m
[1m[31m[39m[22m
[1m[31m  [96mapps/e-questrian/src/app/interfaces/credit-notes.interface.ts[0m:[93m8[0m:[93m3[0m[39m[22m
[1m[31m    [7m8[0m   clientID: number;[39m[22m
[1m[31m    [7m [0m [96m  ~~~~~~~~[0m[39m[22m
[1m[31m    'clientID' is declared here.[39m[22m
[1m[31m  [96mapps/e-questrian/src/app/interfaces/credit-notes.interface.ts[0m:[93m2[0m:[93m3[0m[39m[22m
[1m[31m    [7m2[0m   [creditNoteID: number]: CreditNoteDetails;[39m[22m
[1m[31m    [7m [0m [96m  ~~~~~~~~~~~~~~~~~~~~~~~~~~~~~~~~~~~~~~~~~~[0m[39m[22m
[1m[31m    The expected type comes from this index signature.[39m[22m
[1m[31m[39m[22m
[1m[31m[39m[22m
[1m[31m[39m[22m
[37m[39m
[37m[91mâœ–[39m[37m Failed to compile.[39m
[36mâ ‹[39m Generating browser application bundles...[2K[1G[36mâ ™[39m Generating browser application bundles (phase: building)...[2K[1G[36mâ ¹[39m Generating browser application bundles (phase: sealing)...[2K[1G[32mâœ”[39m Browser application bundle generation complete.
[37m[39m
[37m[0m[1mInitial Chunk Files[22m[2m | [22m[1mNames[22m  [2m | [22m [1mRaw Size[22m[0m[39m
[37m[0m[92mmain.js[39m[37m            [2m | [22mmain   [2m | [22m[96m449.10 kB[39m[37m[2m | [22m[0m[39m
[37m[0m[92mruntime.js[39m[37m         [2m | [22mruntime[2m | [22m  [96m7.14 kB[39m[37m[2m | [22m[0m[39m
[37m[0m[0m[39m
[37m[0m3 unchanged chunks[0m[39m
[37m[0m[0m[39m
[37m[0mBuild at: [1m[37m2024-01-16T08:39:18.232Z[39m[37m[22m - Hash: [1m[37m08243ad947b42b04[39m[37m[22m - Time: [1m[37m263[39m[37m[22mms[0m[39m
[1m[31m[39m[22m
[1m[31m[0m[91mError: [39m[31m[0m[96mapps/e-questrian/src/app/services/credit-notes/credit-notes.service.ts[0m:[93m31[0m:[93m9[0m - [91merror[0m[90m TS2345: [0mArgument of type 'string | undefined' is not assignable to parameter of type 'string'.[39m[22m
[1m[31m  Type 'undefined' is not assignable to type 'string'.[39m[22m
[1m[31m[39m[22m
[1m[31m[7m31[0m         this.appointments[appointmentID].client?.displayName[39m[22m
[1m[31m[7m  [0m [91m        ~~~~~~~~~~~~~~~~~~~~~~~~~~~~~~~~~~~~~~~~~~~~~~~~~~~~[0m[39m[22m
[1m[31m[39m[22m
[1m[31m[39m[22m
[1m[31m[0m[91mError: [39m[31m[0m[96mapps/e-questrian/src/app/services/test-data/test-data.service.ts[0m:[93m215[0m:[93m26[0m - [91merror[0m[90m TS2741: [0mProperty 'clientID' is missing in type '{ date: Date; appointment: number; }' but required in type 'CreditNoteDetails'.[39m[22m
[1m[31m[39m[22m
[1m[31m[7m215[0m     this.creditNotes = { 1: { date: new Date(), appointment: 3 } };[39m[22m
[1m[31m[7m   [0m [91m                         ~[0m[39m[22m
[1m[31m[39m[22m
[1m[31m  [96mapps/e-questrian/src/app/interfaces/credit-notes.interface.ts[0m:[93m8[0m:[93m3[0m[39m[22m
[1m[31m    [7m8[0m   clientID: number;[39m[22m
[1m[31m    [7m [0m [96m  ~~~~~~~~[0m[39m[22m
[1m[31m    'clientID' is declared here.[39m[22m
[1m[31m  [96mapps/e-questrian/src/app/interfaces/credit-notes.interface.ts[0m:[93m2[0m:[93m3[0m[39m[22m
[1m[31m    [7m2[0m   [creditNoteID: number]: CreditNoteDetails;[39m[22m
[1m[31m    [7m [0m [96m  ~~~~~~~~~~~~~~~~~~~~~~~~~~~~~~~~~~~~~~~~~~[0m[39m[22m
[1m[31m    The expected type comes from this index signature.[39m[22m
[1m[31m[39m[22m
[1m[31m[39m[22m
[1m[31m[39m[22m
[37m[39m
[37m[91mâœ–[39m[37m Failed to compile.[39m
[36mâ ‹[39m Generating browser application bundles...[2K[1G[36mâ ™[39m Generating browser application bundles (phase: building)...[2K[1G[36mâ ¹[39m Generating browser application bundles (phase: sealing)...[2K[1G[32mâœ”[39m Browser application bundle generation complete.
[37m[39m
[37m[0m[1mInitial Chunk Files[22m[2m | [22m[1mNames[22m  [2m | [22m [1mRaw Size[22m[0m[39m
[37m[0m[92mmain.js[39m[37m            [2m | [22mmain   [2m | [22m[96m449.19 kB[39m[37m[2m | [22m[0m[39m
[37m[0m[92mruntime.js[39m[37m         [2m | [22mruntime[2m | [22m  [96m7.14 kB[39m[37m[2m | [22m[0m[39m
[37m[0m[0m[39m
[37m[0m3 unchanged chunks[0m[39m
[37m[0m[0m[39m
[37m[0mBuild at: [1m[37m2024-01-16T08:40:04.904Z[39m[37m[22m - Hash: [1m[37m02ca1c4775117899[39m[37m[22m - Time: [1m[37m299[39m[37m[22mms[0m[39m
[1m[31m[39m[22m
[1m[31m[0m[91mError: [39m[31m[0m[96mapps/e-questrian/src/app/services/credit-notes/credit-notes.service.ts[0m:[93m33[0m:[93m9[0m - [91merror[0m[90m TS2345: [0mArgument of type 'string | undefined' is not assignable to parameter of type 'string'.[39m[22m
[1m[31m  Type 'undefined' is not assignable to type 'string'.[39m[22m
[1m[31m[39m[22m
[1m[31m[7m33[0m         this.appointments[appointmentID].client?.displayName[39m[22m
[1m[31m[7m  [0m [91m        ~~~~~~~~~~~~~~~~~~~~~~~~~~~~~~~~~~~~~~~~~~~~~~~~~~~~[0m[39m[22m
[1m[31m[39m[22m
[1m[31m[39m[22m
[1m[31m[0m[91mError: [39m[31m[0m[96mapps/e-questrian/src/app/services/test-data/test-data.service.ts[0m:[93m215[0m:[93m26[0m - [91merror[0m[90m TS2741: [0mProperty 'clientID' is missing in type '{ date: Date; appointment: number; }' but required in type 'CreditNoteDetails'.[39m[22m
[1m[31m[39m[22m
[1m[31m[7m215[0m     this.creditNotes = { 1: { date: new Date(), appointment: 3 } };[39m[22m
[1m[31m[7m   [0m [91m                         ~[0m[39m[22m
[1m[31m[39m[22m
[1m[31m  [96mapps/e-questrian/src/app/interfaces/credit-notes.interface.ts[0m:[93m8[0m:[93m3[0m[39m[22m
[1m[31m    [7m8[0m   clientID: number;[39m[22m
[1m[31m    [7m [0m [96m  ~~~~~~~~[0m[39m[22m
[1m[31m    'clientID' is declared here.[39m[22m
[1m[31m  [96mapps/e-questrian/src/app/interfaces/credit-notes.interface.ts[0m:[93m2[0m:[93m3[0m[39m[22m
[1m[31m    [7m2[0m   [creditNoteID: number]: CreditNoteDetails;[39m[22m
[1m[31m    [7m [0m [96m  ~~~~~~~~~~~~~~~~~~~~~~~~~~~~~~~~~~~~~~~~~~[0m[39m[22m
[1m[31m    The expected type comes from this index signature.[39m[22m
[1m[31m[39m[22m
[1m[31m[39m[22m
[1m[31m[39m[22m
[37m[39m
[37m[91mâœ–[39m[37m Failed to compile.[39m
[36mâ ‹[39m Generating browser application bundles...[2K[1G[36mâ ™[39m Generating browser application bundles (phase: building)...[2K[1G[32mâœ”[39m Browser application bundle generation complete.
[37m[39m
[37m[0m[1mInitial Chunk Files[22m[2m | [22m[1mNames[22m  [2m | [22m [1mRaw Size[22m[0m[39m
[37m[0m[92mmain.js[39m[37m            [2m | [22mmain   [2m | [22m[96m449.16 kB[39m[37m[2m | [22m[0m[39m
[37m[0m[92mruntime.js[39m[37m         [2m | [22mruntime[2m | [22m  [96m7.14 kB[39m[37m[2m | [22m[0m[39m
[37m[0m[0m[39m
[37m[0m3 unchanged chunks[0m[39m
[37m[0m[0m[39m
[37m[0mBuild at: [1m[37m2024-01-16T08:40:17.080Z[39m[37m[22m - Hash: [1m[37m12a5c3c09b742be5[39m[37m[22m - Time: [1m[37m223[39m[37m[22mms[0m[39m
[1m[31m[39m[22m
[1m[31m[0m[91mError: [39m[31m[0m[96mapps/e-questrian/src/app/services/test-data/test-data.service.ts[0m:[93m215[0m:[93m26[0m - [91merror[0m[90m TS2741: [0mProperty 'clientID' is missing in type '{ date: Date; appointment: number; }' but required in type 'CreditNoteDetails'.[39m[22m
[1m[31m[39m[22m
[1m[31m[7m215[0m     this.creditNotes = { 1: { date: new Date(), appointment: 3 } };[39m[22m
[1m[31m[7m   [0m [91m                         ~[0m[39m[22m
[1m[31m[39m[22m
[1m[31m  [96mapps/e-questrian/src/app/interfaces/credit-notes.interface.ts[0m:[93m8[0m:[93m3[0m[39m[22m
[1m[31m    [7m8[0m   clientID: number;[39m[22m
[1m[31m    [7m [0m [96m  ~~~~~~~~[0m[39m[22m
[1m[31m    'clientID' is declared here.[39m[22m
[1m[31m  [96mapps/e-questrian/src/app/interfaces/credit-notes.interface.ts[0m:[93m2[0m:[93m3[0m[39m[22m
[1m[31m    [7m2[0m   [creditNoteID: number]: CreditNoteDetails;[39m[22m
[1m[31m    [7m [0m [96m  ~~~~~~~~~~~~~~~~~~~~~~~~~~~~~~~~~~~~~~~~~~[0m[39m[22m
[1m[31m    The expected type comes from this index signature.[39m[22m
[1m[31m[39m[22m
[1m[31m[39m[22m
[1m[31m[39m[22m
[37m[39m
[37m[91mâœ–[39m[37m Failed to compile.[39m
[36mâ ‹[39m Generating browser application bundles...[2K[1G[36mâ ™[39m Generating browser application bundles (phase: building)...[2K[1G[36mâ ¹[39m Generating browser application bundles (phase: building)...[2K[1G[36mâ ¸[39m Generating browser application bundles (phase: emitting)...[2K[1G[32mâœ”[39m Browser application bundle generation complete.
[37m[39m
[37m[0m[1mInitial Chunk Files[22m[2m | [22m[1mNames[22m  [2m | [22m [1mRaw Size[22m[0m[39m
[37m[0m[92mmain.js[39m[37m            [2m | [22mmain   [2m | [22m[96m449.18 kB[39m[37m[2m | [22m[0m[39m
[37m[0m[92mruntime.js[39m[37m         [2m | [22mruntime[2m | [22m  [96m7.14 kB[39m[37m[2m | [22m[0m[39m
[37m[0m[0m[39m
[37m[0m3 unchanged chunks[0m[39m
[37m[0m[0m[39m
[37m[0mBuild at: [1m[37m2024-01-16T08:42:09.956Z[39m[37m[22m - Hash: [1m[37m906529de5e280b4b[39m[37m[22m - Time: [1m[37m373[39m[37m[22mms[0m[39m
[37m[39m
[37m[92mâœ”[39m[37m Compiled successfully.[39m
[36mâ ‹[39m Generating browser application bundles...[2K[1G[36mâ ™[39m Generating browser application bundles (phase: building)...[2K[1G[36mâ ¹[39m Generating browser application bundles (phase: building)...[2K[1G[36mâ ¸[39m Generating browser application bundles (phase: emitting)...[2K[1G[32mâœ”[39m Browser application bundle generation complete.
[37m[39m
[37m[0m[1mInitial Chunk Files[22m[2m | [22m[1mNames[22m  [2m | [22m [1mRaw Size[22m[0m[39m
[37m[0m[92mmain.js[39m[37m            [2m | [22mmain   [2m | [22m[96m449.18 kB[39m[37m[2m | [22m[0m[39m
[37m[0m[92mruntime.js[39m[37m         [2m | [22mruntime[2m | [22m  [96m7.14 kB[39m[37m[2m | [22m[0m[39m
[37m[0m[0m[39m
[37m[0m3 unchanged chunks[0m[39m
[37m[0m[0m[39m
[37m[0mBuild at: [1m[37m2024-01-16T08:43:42.744Z[39m[37m[22m - Hash: [1m[37meebcbcbfb1eaf2bb[39m[37m[22m - Time: [1m[37m366[39m[37m[22mms[0m[39m
[37m[39m
[37m[92mâœ”[39m[37m Compiled successfully.[39m
[36mâ ‹[39m Generating browser application bundles...[2K[1G[36mâ ™[39m Generating browser application bundles (phase: building)...[2K[1G[36mâ ¹[39m Generating browser application bundles (phase: emitting)...[2K[1G[32mâœ”[39m Browser application bundle generation complete.
[37m[39m
[37m[0m[1mInitial Chunk Files[22m[2m | [22m[1mNames[22m  [2m | [22m [1mRaw Size[22m[0m[39m
[37m[0m[92mmain.js[39m[37m            [2m | [22mmain   [2m | [22m[96m449.18 kB[39m[37m[2m | [22m[0m[39m
[37m[0m[92mruntime.js[39m[37m         [2m | [22mruntime[2m | [22m  [96m7.14 kB[39m[37m[2m | [22m[0m[39m
[37m[0m[0m[39m
[37m[0m3 unchanged chunks[0m[39m
[37m[0m[0m[39m
[37m[0mBuild at: [1m[37m2024-01-16T08:43:45.079Z[39m[37m[22m - Hash: [1m[37mfdeeeb05a3b724c0[39m[37m[22m - Time: [1m[37m239[39m[37m[22mms[0m[39m
[37m[39m
[37m[92mâœ”[39m[37m Compiled successfully.[39m
[36mâ ‹[39m Generating browser application bundles...[2K[1G[36mâ ™[39m Generating browser application bundles (phase: building)...[2K[1G[36mâ ¹[39m Generating browser application bundles (phase: building)...[2K[1G[36mâ ¸[39m Generating browser application bundles (phase: building)...[2K[1G[36mâ ¼[39m Generating browser application bundles (phase: building)...[2K[1G[36mâ ´[39m Generating browser application bundles (phase: sealing)...[2K[1G[36mâ ¦[39m Generating browser application bundles (phase: emitting)...[2K[1G[32mâœ”[39m Browser application bundle generation complete.
[37m[39m
[37m[0m[1mInitial Chunk Files[22m[2m | [22m[1mNames[22m  [2m | [22m [1mRaw Size[22m[0m[39m
[37m[0m[92mmain.js[39m[37m            [2m | [22mmain   [2m | [22m[96m449.18 kB[39m[37m[2m | [22m[0m[39m
[37m[0m[92mruntime.js[39m[37m         [2m | [22mruntime[2m | [22m  [96m7.14 kB[39m[37m[2m | [22m[0m[39m
[37m[0m[0m[39m
[37m[0m3 unchanged chunks[0m[39m
[37m[0m[0m[39m
[37m[0mBuild at: [1m[37m2024-01-16T08:52:00.287Z[39m[37m[22m - Hash: [1m[37mf9b05b1adc895a8c[39m[37m[22m - Time: [1m[37m977[39m[37m[22mms[0m[39m
[37m[39m
[37m[92mâœ”[39m[37m Compiled successfully.[39m
[36mâ ‹[39m Generating browser application bundles...[2K[1G[36mâ ™[39m Generating browser application bundles (phase: building)...[2K[1G[36mâ ¹[39m Generating browser application bundles (phase: building)...[2K[1G[36mâ ¸[39m Generating browser application bundles (phase: building)...[2K[1G[32mâœ”[39m Browser application bundle generation complete.
[37m[39m
[37m[0m[1mInitial Chunk Files[22m[2m | [22m[1mNames[22m  [2m | [22m[1mRaw Size[22m[0m[39m
[37m[0m[92mruntime.js[39m[37m         [2m | [22mruntime[2m | [22m [96m7.14 kB[39m[37m[2m | [22m[0m[39m
[37m[0m[0m[39m
[37m[0m4 unchanged chunks[0m[39m
[37m[0m[0m[39m
[37m[0mBuild at: [1m[37m2024-01-16T08:52:21.240Z[39m[37m[22m - Hash: [1m[37m627c58a23a31437d[39m[37m[22m - Time: [1m[37m641[39m[37m[22mms[0m[39m
[1m[31m[39m[22m
[1m[31m[0m[91mError: [39m[31m[0m[96mapps/e-questrian/src/app/services/test-data/test-data.service.ts[0m:[93m51[0m:[93m7[0m - [91merror[0m[90m TS2741: [0mProperty 'finacialRecords' is missing in type '{ displayName: string; firstName: string; lastName: string; email: string; telephoneNumber: string; voided: false; }' but required in type 'ClientDetail'.[39m[22m
[1m[31m[39m[22m
[1m[31m[7m51[0m       1: {[39m[22m
[1m[31m[7m  [0m [91m      ~[0m[39m[22m
[1m[31m[39m[22m
[1m[31m  [96mapps/e-questrian/src/app/interfaces/clients.interface.ts[0m:[93m12[0m:[93m3[0m[39m[22m
[1m[31m    [7m12[0m   finacialRecords: ClientFinancialRecords;[39m[22m
[1m[31m    [7m  [0m [96m  ~~~~~~~~~~~~~~~[0m[39m[22m
[1m[31m    'finacialRecords' is declared here.[39m[22m
[1m[31m  [96mapps/e-questrian/src/app/interfaces/clients.interface.ts[0m:[93m2[0m:[93m3[0m[39m[22m
[1m[31m    [7m2[0m   [cientID: number]: ClientDetail;[39m[22m
[1m[31m    [7m [0m [96m  ~~~~~~~~~~~~~~~~~~~~~~~~~~~~~~~~[0m[39m[22m
[1m[31m    The expected type comes from this index signature.[39m[22m
[1m[31m[39m[22m
[1m[31m[39m[22m
[1m[31m[0m[91mError: [39m[31m[0m[96mapps/e-questrian/src/app/services/test-data/test-data.service.ts[0m:[93m59[0m:[93m7[0m - [91merror[0m[90m TS2741: [0mProperty 'finacialRecords' is missing in type '{ displayName: string; firstName: string; lastName: string; email: string; telephoneNumber: string; voided: false; }' but required in type 'ClientDetail'.[39m[22m
[1m[31m[39m[22m
[1m[31m[7m59[0m       2: {[39m[22m
[1m[31m[7m  [0m [91m      ~[0m[39m[22m
[1m[31m[39m[22m
[1m[31m  [96mapps/e-questrian/src/app/interfaces/clients.interface.ts[0m:[93m12[0m:[93m3[0m[39m[22m
[1m[31m    [7m12[0m   finacialRecords: ClientFinancialRecords;[39m[22m
[1m[31m    [7m  [0m [96m  ~~~~~~~~~~~~~~~[0m[39m[22m
[1m[31m    'finacialRecords' is declared here.[39m[22m
[1m[31m  [96mapps/e-questrian/src/app/interfaces/clients.interface.ts[0m:[93m2[0m:[93m3[0m[39m[22m
[1m[31m    [7m2[0m   [cientID: number]: ClientDetail;[39m[22m
[1m[31m    [7m [0m [96m  ~~~~~~~~~~~~~~~~~~~~~~~~~~~~~~~~[0m[39m[22m
[1m[31m    The expected type comes from this index signature.[39m[22m
[1m[31m[39m[22m
[1m[31m[39m[22m
[1m[31m[0m[91mError: [39m[31m[0m[96mapps/e-questrian/src/app/services/test-data/test-data.service.ts[0m:[93m67[0m:[93m7[0m - [91merror[0m[90m TS2741: [0mProperty 'finacialRecords' is missing in type '{ disp[39m[22m[1m[31mlayName: string; firstName: string; lastName: string; email: string; telephoneNumber: string; voided: false; }' but required in type 'ClientDetail'.[39m[22m
[1m[31m[39m[22m
[1m[31m[7m67[0m       3: {[39m[22m
[1m[31m[7m  [0m [91m      ~[0m[39m[22m
[1m[31m[39m[22m
[1m[31m  [96mapps/e-questrian/src/app/interfaces/clients.interface.ts[0m:[93m12[0m:[93m3[0m[39m[22m
[1m[31m    [7m12[0m   finacialRecords: ClientFinancialRecords;[39m[22m
[1m[31m    [7m  [0m [96m  ~~~~~~~~~~~~~~~[0m[39m[22m
[1m[31m    'finacialRecords' is declared here.[39m[22m
[1m[31m  [96mapps/e-questrian/src/app/interfaces/clients.interface.ts[0m:[93m2[0m:[93m3[0m[39m[22m
[1m[31m    [7m2[0m   [cientID: number]: ClientDetail;[39m[22m
[1m[31m    [7m [0m [96m  ~~~~~~~~~~~~~~~~~~~~~~~~~~~~~~~~[0m[39m[22m
[1m[31m    The expected type comes from this index signature.[39m[22m
[1m[31m[39m[22m
[1m[31m[39m[22m
[1m[31m[0m[91mError: [39m[31m[0m[96mapps/e-questrian/src/app/services/test-data/test-data.service.ts[0m:[93m75[0m:[93m7[0m - [91merror[0m[90m TS2741: [0mProperty 'finacialRecords' is missing in type '{ displayName: string; firstName: string; lastName: string; email: string; telephoneNumber: string; voided: false; }' but required in type 'ClientDetail'.[39m[22m
[1m[31m[39m[22m
[1m[31m[7m75[0m       4: {[39m[22m
[1m[31m[7m  [0m [91m      ~[0m[39m[22m
[1m[31m[39m[22m
[1m[31m  [96mapps/e-questrian/src/app/interfaces/clients.interface.ts[0m:[93m12[0m:[93m3[0m[39m[22m
[1m[31m    [7m12[0m   finacialRecords: ClientFinancialRecords;[39m[22m
[1m[31m    [7m  [0m [96m  ~~~~~~~~~~~~~~~[0m[39m[22m
[1m[31m    'finacialRecords' is declared here.[39m[22m
[1m[31m  [96mapps/e-questrian/src/app/interfaces/clients.interface.ts[0m:[93m2[0m:[93m3[0m[39m[22m
[1m[31m    [7m2[0m   [cientID: number]: ClientDetail;[39m[22m
[1m[31m    [7m [0m [96m  ~~~~~~~~~~~~~~~~~~~~~~~~~~~~~~~~[0m[39m[22m
[1m[31m    The expected type comes from this index signature.[39m[22m
[1m[31m[39m[22m
[1m[31m[39m[22m
[1m[31m[0m[91mError: [39m[31m[0m[96mapps/e-questrian/src/app/services/test-data/test-data.service.ts[0m:[93m83[0m:[93m7[0m - [91merror[0m[90m TS2741: [0mProperty 'finacialRecords' is missing in type '{ displayName: string; firstName: string; lastName: string; email: string; telephoneNumber: string; voided: false; }' but required in type 'ClientDetail'.[39m[22m
[1m[31m[39m[22m
[1m[31m[7m83[0m       5: {[39m[22m
[1m[31m[7m  [0m [91m      ~[0m[39m[22m
[1m[31m[39m[22m
[1m[31m  [96map[39m[22m[1m[31mps/e-questrian/src/app/interfaces/clients.interface.ts[0m:[93m12[0m:[93m3[0m[39m[22m
[1m[31m    [7m12[0m   finacialRecords: ClientFinancialRecords;[39m[22m
[1m[31m    [7m  [0m [96m  ~~~~~~~~~~~~~~~[0m[39m[22m
[1m[31m    'finacialRecords' is declared here.[39m[22m
[1m[31m  [96mapps/e-questrian/src/app/interfaces/clients.interface.ts[0m:[93m2[0m:[93m3[0m[39m[22m
[1m[31m    [7m2[0m   [cientID: number]: ClientDetail;[39m[22m
[1m[31m    [7m [0m [96m  ~~~~~~~~~~~~~~~~~~~~~~~~~~~~~~~~[0m[39m[22m
[1m[31m    The expected type comes from this index signature.[39m[22m
[1m[31m[39m[22m
[1m[31m[39m[22m
[1m[31m[0m[91mError: [39m[31m[0m[96mapps/e-questrian/src/app/services/test-data/test-data.service.ts[0m:[93m91[0m:[93m7[0m - [91merror[0m[90m TS2741: [0mProperty 'finacialRecords' is missing in type '{ displayName: string; firstName: string; lastName: string; email: string; telephoneNumber: string; voided: false; }' but required in type 'ClientDetail'.[39m[22m
[1m[31m[39m[22m
[1m[31m[7m91[0m       6: {[39m[22m
[1m[31m[7m  [0m [91m      ~[0m[39m[22m
[1m[31m[39m[22m
[1m[31m  [96mapps/e-questrian/src/app/interfaces/clients.interface.ts[0m:[93m12[0m:[93m3[0m[39m[22m
[1m[31m    [7m12[0m   finacialRecords: ClientFinancialRecords;[39m[22m
[1m[31m    [7m  [0m [96m  ~~~~~~~~~~~~~~~[0m[39m[22m
[1m[31m    'finacialRecords' is declared here.[39m[22m
[1m[31m  [96mapps/e-questrian/src/app/interfaces/clients.interface.ts[0m:[93m2[0m:[93m3[0m[39m[22m
[1m[31m    [7m2[0m   [cientID: number]: ClientDetail;[39m[22m
[1m[31m    [7m [0m [96m  ~~~~~~~~~~~~~~~~~~~~~~~~~~~~~~~~[0m[39m[22m
[1m[31m    The expected type comes from this index signature.[39m[22m
[1m[31m[39m[22m
[1m[31m[39m[22m
[1m[31m[39m[22m
[37m[39m
[37m[91mâœ–[39m[37m Failed to compile.[39m
[36mâ ‹[39m Generating browser application bundles...[2K[1G[36mâ ™[39m Generating browser application bundles (phase: building)...[2K[1G[36mâ ¹[39m Generating browser application bundles (phase: sealing)...[2K[1G[32mâœ”[39m Browser application bundle generation complete.
[37m[39m
[37m[0m[1mInitial Chunk Files[22m[2m | [22m[1mNames[22m  [2m | [22m [1mRaw Size[22m[0m[39m
[37m[0m[92mmain.js[39m[37m            [2m | [22mmain   [2m | [22m[96m449.29 kB[39m[37m[2m | [22m[0m[39m
[37m[0m[92mruntime.js[39m[37m         [2m | [22mruntime[2m | [22m  [96m7.14 kB[39m[37m[2m | [22m[0m[39m
[37m[0m[0m[39m
[37m[0m3 unchanged chunks[0m[39m
[37m[0m[0m[39m
[37m[0mBuild at: [1m[37m2024-01-16T08:53:01.603Z[39m[37m[22m - Hash: [1m[37m9ee95095d30f81c7[39m[37m[22m - Time: [1m[37m307[39m[37m[22mms[0m[39m
[1m[31m[39m[22m
[1m[31m[0m[91mError: [39m[31m[0m[96mapps/e-questrian/src/app/services/test-data/test-data.service.ts[0m:[93m64[0m:[93m7[0m - [91merror[0m[90m TS2741: [0mProperty 'finacialRecords' is missing in type '{ displayName: string; firstName: string; lastName: string; email: string; telephoneNumber: string; voided: false; }' but required in type 'ClientDetail'.[39m[22m
[1m[31m[39m[22m
[1m[31m[7m64[0m       2: {[39m[22m
[1m[31m[7m  [0m [91m      ~[0m[39m[22m
[1m[31m[39m[22m
[1m[31m  [96mapps/e-questrian/src/app/interfaces/clients.interface.ts[0m:[93m12[0m:[93m3[0m[39m[22m
[1m[31m    [7m12[0m   finacialRecords: ClientFinancialRecords;[39m[22m
[1m[31m    [7m  [0m [96m  ~~~~~~~~~~~~~~~[0m[39m[22m
[1m[31m    'finacialRecords' is declared here.[39m[22m
[1m[31m  [96mapps/e-questrian/src/app/interfaces/clients.interface.ts[0m:[93m2[0m:[93m3[0m[39m[22m
[1m[31m    [7m2[0m   [cientID: number]: ClientDetail;[39m[22m
[1m[31m    [7m [0m [96m  ~~~~~~~~~~~~~~~~~~~~~~~~~~~~~~~~[0m[39m[22m
[1m[31m    The expected type comes from this index signature.[39m[22m
[1m[31m[39m[22m
[1m[31m[39m[22m
[1m[31m[0m[91mError: [39m[31m[0m[96mapps/e-questrian/src/app/services/test-data/test-data.service.ts[0m:[93m72[0m:[93m7[0m - [91merror[0m[90m TS2741: [0mProperty 'finacialRecords' is missing in type '{ displayName: string; firstName: string; lastName: string; email: string; telephoneNumber: string; voided: false; }' but required in type 'ClientDetail'.[39m[22m
[1m[31m[39m[22m
[1m[31m[7m72[0m       3: {[39m[22m
[1m[31m[7m  [0m [91m      ~[0m[39m[22m
[1m[31m[39m[22m
[1m[31m  [96mapps/e-questrian/src/app/interfaces/clients.interface.ts[0m:[93m12[0m:[93m3[0m[39m[22m
[1m[31m    [7m12[0m   finacialRecords: ClientFinancialRecords;[39m[22m
[1m[31m    [7m  [0m [96m  ~~~~~~~~~~~~~~~[0m[39m[22m
[1m[31m    'finacialRecords' is declared here.[39m[22m
[1m[31m  [96mapps/e-questrian/src/app/interfaces/clients.interface.ts[0m:[93m2[0m:[93m3[0m[39m[22m
[1m[31m    [7m2[0m   [cientID: number]: ClientDetail;[39m[22m
[1m[31m    [7m [0m [96m  ~~~~~~~~~~~~~~~~~~~~~~~~~~~~~~~~[0m[39m[22m
[1m[31m    The expected type comes from this index signature.[39m[22m
[1m[31m[39m[22m
[1m[31m[39m[22m
[1m[31m[0m[91mError: [39m[31m[0m[96mapps/e-questrian/src/app/services/test-data/test-data.service.ts[0m:[93m80[0m:[93m7[0m - [91merror[0m[90m TS2741: [0mProperty 'finacialRecords' is missing in type '{ disp[39m[22m[1m[31mlayName: string; firstName: string; lastName: string; email: string; telephoneNumber: string; voided: false; }' but required in type 'ClientDetail'.[39m[22m
[1m[31m[39m[22m
[1m[31m[7m80[0m       4: {[39m[22m
[1m[31m[7m  [0m [91m      ~[0m[39m[22m
[1m[31m[39m[22m
[1m[31m  [96mapps/e-questrian/src/app/interfaces/clients.interface.ts[0m:[93m12[0m:[93m3[0m[39m[22m
[1m[31m    [7m12[0m   finacialRecords: ClientFinancialRecords;[39m[22m
[1m[31m    [7m  [0m [96m  ~~~~~~~~~~~~~~~[0m[39m[22m
[1m[31m    'finacialRecords' is declared here.[39m[22m
[1m[31m  [96mapps/e-questrian/src/app/interfaces/clients.interface.ts[0m:[93m2[0m:[93m3[0m[39m[22m
[1m[31m    [7m2[0m   [cientID: number]: ClientDetail;[39m[22m
[1m[31m    [7m [0m [96m  ~~~~~~~~~~~~~~~~~~~~~~~~~~~~~~~~[0m[39m[22m
[1m[31m    The expected type comes from this index signature.[39m[22m
[1m[31m[39m[22m
[1m[31m[39m[22m
[1m[31m[0m[91mError: [39m[31m[0m[96mapps/e-questrian/src/app/services/test-data/test-data.service.ts[0m:[93m88[0m:[93m7[0m - [91merror[0m[90m TS2741: [0mProperty 'finacialRecords' is missing in type '{ displayName: string; firstName: string; lastName: string; email: string; telephoneNumber: string; voided: false; }' but required in type 'ClientDetail'.[39m[22m
[1m[31m[39m[22m
[1m[31m[7m88[0m       5: {[39m[22m
[1m[31m[7m  [0m [91m      ~[0m[39m[22m
[1m[31m[39m[22m
[1m[31m  [96mapps/e-questrian/src/app/interfaces/clients.interface.ts[0m:[93m12[0m:[93m3[0m[39m[22m
[1m[31m    [7m12[0m   finacialRecords: ClientFinancialRecords;[39m[22m
[1m[31m    [7m  [0m [96m  ~~~~~~~~~~~~~~~[0m[39m[22m
[1m[31m    'finacialRecords' is declared here.[39m[22m
[1m[31m  [96mapps/e-questrian/src/app/interfaces/clients.interface.ts[0m:[93m2[0m:[93m3[0m[39m[22m
[1m[31m    [7m2[0m   [cientID: number]: ClientDetail;[39m[22m
[1m[31m    [7m [0m [96m  ~~~~~~~~~~~~~~~~~~~~~~~~~~~~~~~~[0m[39m[22m
[1m[31m    The expected type comes from this index signature.[39m[22m
[1m[31m[39m[22m
[1m[31m[39m[22m
[1m[31m[0m[91mError: [39m[31m[0m[96mapps/e-questrian/src/app/services/test-data/test-data.service.ts[0m:[93m96[0m:[93m7[0m - [91merror[0m[90m TS2741: [0mProperty 'finacialRecords' is missing in type '{ displayName: string; firstName: string; lastName: string; email: string; telephoneNumber: string; voided: false; }' but required in type 'ClientDetail'.[39m[22m
[1m[31m[39m[22m
[1m[31m[7m96[0m       6: {[39m[22m
[1m[31m[7m  [0m [91m      ~[0m[39m[22m
[1m[31m[39m[22m
[1m[31m  [96map[39m[22m[1m[31mps/e-questrian/src/app/interfaces/clients.interface.ts[0m:[93m12[0m:[93m3[0m[39m[22m
[1m[31m    [7m12[0m   finacialRecords: ClientFinancialRecords;[39m[22m
[1m[31m    [7m  [0m [96m  ~~~~~~~~~~~~~~~[0m[39m[22m
[1m[31m    'finacialRecords' is declared here.[39m[22m
[1m[31m  [96mapps/e-questrian/src/app/interfaces/clients.interface.ts[0m:[93m2[0m:[93m3[0m[39m[22m
[1m[31m    [7m2[0m   [cientID: number]: ClientDetail;[39m[22m
[1m[31m    [7m [0m [96m  ~~~~~~~~~~~~~~~~~~~~~~~~~~~~~~~~[0m[39m[22m
[1m[31m    The expected type comes from this index signature.[39m[22m
[1m[31m[39m[22m
[1m[31m[39m[22m
[1m[31m[39m[22m
[37m[39m
[37m[91mâœ–[39m[37m Failed to compile.[39m
[36mâ ‹[39m Generating browser application bundles...[2K[1G[36mâ ™[39m Generating browser application bundles (phase: building)...[2K[1G[36mâ ¹[39m Generating browser application bundles (phase: sealing)...[2K[1G[36mâ ¸[39m Generating browser application bundles (phase: emitting)...[2K[1G[32mâœ”[39m Browser application bundle generation complete.
[37m[39m
[37m[0m[1mInitial Chunk Files[22m[2m | [22m[1mNames[22m  [2m | [22m [1mRaw Size[22m[0m[39m
[37m[0m[92mmain.js[39m[37m            [2m | [22mmain   [2m | [22m[96m449.83 kB[39m[37m[2m | [22m[0m[39m
[37m[0m[92mruntime.js[39m[37m         [2m | [22mruntime[2m | [22m  [96m7.14 kB[39m[37m[2m | [22m[0m[39m
[37m[0m[0m[39m
[37m[0m3 unchanged chunks[0m[39m
[37m[0m[0m[39m
[37m[0mBuild at: [1m[37m2024-01-16T08:53:13.751Z[39m[37m[22m - Hash: [1m[37m56e975f106607624[39m[37m[22m - Time: [1m[37m337[39m[37m[22mms[0m[39m
[37m[39m
[37m[92mâœ”[39m[37m Compiled successfully.[39m
[36mâ ‹[39m Generating browser application bundles...[2K[1G[36mâ ™[39m Generating browser application bundles (phase: building)...[2K[1G[36mâ ¹[39m Generating browser application bundles (phase: sealing)...[2K[1G[36mâ ¸[39m Generating browser application bundles (phase: emitting)...[2K[1G[32mâœ”[39m Browser application bundle generation complete.
[37m[39m
[37m[0m[1mInitial Chunk Files[22m[2m | [22m[1mNames[22m  [2m | [22m [1mRaw Size[22m[0m[39m
[37m[0m[92mmain.js[39m[37m            [2m | [22mmain   [2m | [22m[96m449.83 kB[39m[37m[2m | [22m[0m[39m
[37m[0m[92mruntime.js[39m[37m         [2m | [22mruntime[2m | [22m  [96m7.14 kB[39m[37m[2m | [22m[0m[39m
[37m[0m[0m[39m
[37m[0m3 unchanged chunks[0m[39m
[37m[0m[0m[39m
[37m[0mBuild at: [1m[37m2024-01-16T08:54:25.070Z[39m[37m[22m - Hash: [1m[37m733ee22249d08669[39m[37m[22m - Time: [1m[37m364[39m[37m[22mms[0m[39m
[37m[39m
[37m[92mâœ”[39m[37m Compiled successfully.[39m
[36mâ ‹[39m Generating browser application bundles...[2K[1G[36mâ ™[39m Generating browser application bundles (phase: building)...[2K[1G[36mâ ¹[39m Generating browser application bundles (phase: sealing)...[2K[1G[36mâ ¸[39m Generating browser application bundles (phase: emitting)...[2K[1G[32mâœ”[39m Browser application bundle generation complete.
[37m[39m
[37m[0m[1mInitial Chunk Files[22m[2m | [22m[1mNames[22m  [2m | [22m [1mRaw Size[22m[0m[39m
[37m[0m[92mmain.js[39m[37m            [2m | [22mmain   [2m | [22m[96m449.84 kB[39m[37m[2m | [22m[0m[39m
[37m[0m[92mruntime.js[39m[37m         [2m | [22mruntime[2m | [22m  [96m7.14 kB[39m[37m[2m | [22m[0m[39m
[37m[0m[0m[39m
[37m[0m3 unchanged chunks[0m[39m
[37m[0m[0m[39m
[37m[0mBuild at: [1m[37m2024-01-16T08:54:59.937Z[39m[37m[22m - Hash: [1m[37m5b440dfed219ef91[39m[37m[22m - Time: [1m[37m376[39m[37m[22mms[0m[39m
[37m[39m
[37m[92mâœ”[39m[37m Compiled successfully.[39m
[36mâ ‹[39m Generating browser application bundles...[2K[1G[36mâ ™[39m Generating browser application bundles (phase: building)...[2K[1G[36mâ ¹[39m Generating browser application bundles (phase: building)...[2K[1G[36mâ ¸[39m Generating browser application bundles (phase: building)...[2K[1G[36mâ ¼[39m Generating browser application bundles (phase: emitting)...[2K[1G[32mâœ”[39m Browser application bundle generation complete.
[37m[39m
[37m[0m[1mInitial Chunk Files[22m[2m | [22m[1mNames[22m  [2m | [22m [1mRaw Size[22m[0m[39m
[37m[0m[92mmain.js[39m[37m            [2m | [22mmain   [2m | [22m[96m450.25 kB[39m[37m[2m | [22m[0m[39m
[37m[0m[92mruntime.js[39m[37m         [2m | [22mruntime[2m | [22m  [96m7.14 kB[39m[37m[2m | [22m[0m[39m
[37m[0m[0m[39m
[37m[0m3 unchanged chunks[0m[39m
[37m[0m[0m[39m
[37m[0mBuild at: [1m[37m2024-01-16T08:58:01.931Z[39m[37m[22m - Hash: [1m[37m88c73aea4d18b985[39m[37m[22m - Time: [1m[37m728[39m[37m[22mms[0m[39m
[37m[39m
[37m[92mâœ”[39m[37m Compiled successfully.[39m
[36mâ ‹[39m Generating browser application bundles...[2K[1G[36mâ ™[39m Generating browser application bundles (phase: building)...[2K[1G[36mâ ¹[39m Generating browser application bundles (phase: building)...[2K[1G[36mâ ¸[39m Generating browser application bundles (phase: sealing)...[2K[1G[36mâ ¼[39m Generating browser application bundles (phase: emitting)...[2K[1G[32mâœ”[39m Browser application bundle generation complete.
[37m[39m
[37m[0m[1mInitial Chunk Files[22m[2m | [22m[1mNames[22m  [2m | [22m [1mRaw Size[22m[0m[39m
[37m[0m[92mmain.js[39m[37m            [2m | [22mmain   [2m | [22m[96m450.27 kB[39m[37m[2m | [22m[0m[39m
[37m[0m[92mruntime.js[39m[37m         [2m | [22mruntime[2m | [22m  [96m7.14 kB[39m[37m[2m | [22m[0m[39m
[37m[0m[0m[39m
[37m[0m3 unchanged chunks[0m[39m
[37m[0m[0m[39m
[37m[0mBuild at: [1m[37m2024-01-16T08:58:12.623Z[39m[37m[22m - Hash: [1m[37m436834d2f922d1e3[39m[37m[22m - Time: [1m[37m567[39m[37m[22mms[0m[39m
[37m[39m
[37m[92mâœ”[39m[37m Compiled successfully.[39m
[36mâ ‹[39m Generating browser application bundles...[2K[1G[36mâ ™[39m Generating browser application bundles (phase: building)...[2K[1G[36mâ ¹[39m Generating browser application bundles (phase: building)...[2K[1G[36mâ ¸[39m Generating browser application bundles (phase: emitting)...[2K[1G[32mâœ”[39m Browser application bundle generation complete.
[37m[39m
[37m[0m[1mInitial Chunk Files[22m[2m | [22m[1mNames[22m  [2m | [22m [1mRaw Size[22m[0m[39m
[37m[0m[92mmain.js[39m[37m            [2m | [22mmain   [2m | [22m[96m450.28 kB[39m[37m[2m | [22m[0m[39m
[37m[0m[92mruntime.js[39m[37m         [2m | [22mruntime[2m | [22m  [96m7.14 kB[39m[37m[2m | [22m[0m[39m
[37m[0m[0m[39m
[37m[0m3 unchanged chunks[0m[39m
[37m[0m[0m[39m
[37m[0mBuild at: [1m[37m2024-01-16T08:58:20.092Z[39m[37m[22m - Hash: [1m[37m46092ecdd2231fac[39m[37m[22m - Time: [1m[37m537[39m[37m[22mms[0m[39m
[37m[39m
[37m[92mâœ”[39m[37m Compiled successfully.[39m
[36mâ ‹[39m Generating browser application bundles...[2K[1G[36mâ ™[39m Generating browser application bundles (phase: building)...[2K[1G[36mâ ¹[39m Generating browser application bundles (phase: building)...[2K[1G[36mâ ¸[39m Generating browser application bundles (phase: building)...[2K[1G[32mâœ”[39m Browser application bundle generation complete.
[37m[39m
[37m[0m[1mInitial Chunk Files[22m[2m | [22m[1mNames[22m  [2m | [22m [1mRaw Size[22m[0m[39m
[37m[0m[92mmain.js[39m[37m            [2m | [22mmain   [2m | [22m[96m450.29 kB[39m[37m[2m | [22m[0m[39m
[37m[0m[92mruntime.js[39m[37m         [2m | [22mruntime[2m | [22m  [96m7.14 kB[39m[37m[2m | [22m[0m[39m
[37m[0m[0m[39m
[37m[0m3 unchanged chunks[0m[39m
[37m[0m[0m[39m
[37m[0mBuild at: [1m[37m2024-01-16T08:58:36.634Z[39m[37m[22m - Hash: [1m[37m051274e0d1a34bb7[39m[37m[22m - Time: [1m[37m577[39m[37m[22mms[0m[39m
[1m[31m[39m[22m
[1m[31m[0m[91mError: [39m[31m[0m[96mapps/e-questrian/src/app/services/clients/clients.service.ts[0m:[93m51[0m:[93m5[0m - [91merror[0m[90m TS1005: [0m',' expected.[39m[22m
[1m[31m[39m[22m
[1m[31m[7m51[0m     financialRecordType: FinancialRecordType,[39m[22m
[1m[31m[7m  [0m [91m    ~~~~~~~~~~~~~~~~~~~[0m[39m[22m
[1m[31m[39m[22m
[1m[31m[39m[22m
[1m[31m[39m[22m
[37m[39m
[37m[91mâœ–[39m[37m Failed to compile.[39m
[36mâ ‹[39m Generating browser application bundles...[2K[1G[36mâ ™[39m Generating browser application bundles (phase: building)...[2K[1G[36mâ ¹[39m Generating browser application bundles (phase: building)...[2K[1G[36mâ ¸[39m Generating browser application bundles (phase: emitting)...[2K[1G[32mâœ”[39m Browser application bundle generation complete.
[37m[39m
[37m[0m[1mInitial Chunk Files[22m[2m | [22m[1mNames[22m  [2m | [22m [1mRaw Size[22m[0m[39m
[37m[0m[92mmain.js[39m[37m            [2m | [22mmain   [2m | [22m[96m450.29 kB[39m[37m[2m | [22m[0m[39m
[37m[0m[92mruntime.js[39m[37m         [2m | [22mruntime[2m | [22m  [96m7.14 kB[39m[37m[2m | [22m[0m[39m
[37m[0m[0m[39m
[37m[0m3 unchanged chunks[0m[39m
[37m[0m[0m[39m
[37m[0mBuild at: [1m[37m2024-01-16T08:58:39.102Z[39m[37m[22m - Hash: [1m[37mb31a2fae44c740da[39m[37m[22m - Time: [1m[37m384[39m[37m[22mms[0m[39m
[37m[39m
[37m[92mâœ”[39m[37m Compiled successfully.[39m
[36mâ ‹[39m Generating browser application bundles...[2K[1G[36mâ ™[39m Generating browser application bundles (phase: building)...[2K[1G[36mâ ¹[39m Generating browser application bundles (phase: building)...[2K[1G[36mâ ¸[39m Generating browser application bundles (phase: building)...[2K[1G[32mâœ”[39m Browser application bundle generation complete.
[37m[39m
[37m[0m[1mInitial Chunk Files[22m[2m | [22m[1mNames[22m  [2m | [22m [1mRaw Size[22m[0m[39m
[37m[0m[92mmain.js[39m[37m            [2m | [22mmain   [2m | [22m[96m450.73 kB[39m[37m[2m | [22m[0m[39m
[37m[0m[92mruntime.js[39m[37m         [2m | [22mruntime[2m | [22m  [96m7.14 kB[39m[37m[2m | [22m[0m[39m
[37m[0m[0m[39m
[37m[0m3 unchanged chunks[0m[39m
[37m[0m[0m[39m
[37m[0mBuild at: [1m[37m2024-01-16T09:00:05.333Z[39m[37m[22m - Hash: [1m[37mb41e73ea798e15e7[39m[37m[22m - Time: [1m[37m641[39m[37m[22mms[0m[39m
[1m[31m[39m[22m
[1m[31m[0m[91mError: [39m[31m[0m[96mapps/e-questrian/src/app/pages/clients/clients.page.ts[0m:[93m40[0m:[93m62[0m - [91merror[0m[90m TS2339: [0mProperty 'setClientList' does not exist on type 'ClientsService'.[39m[22m
[1m[31m[39m[22m
[1m[31m[7m40[0m         this.clientListPageConfig.items = this.clientService.setClientList();[39m[22m
[1m[31m[7m  [0m [91m                                                             ~~~~~~~~~~~~~[0m[39m[22m
[1m[31m[39m[22m
[1m[31m[39m[22m
[1m[31m[0m[91mError: [39m[31m[0m[96mapps/e-questrian/src/app/services/clients/clients.service.ts[0m:[93m54[0m:[93m33[0m - [91merror[0m[90m TS1005: [0m'{' expected.[39m[22m
[1m[31m[39m[22m
[1m[31m[7m54[0m     switch (financialRecordType):[39m[22m
[1m[31m[7m  [0m [91m                                ~[0m[39m[22m
[1m[31m[39m[22m
[1m[31m[39m[22m
[1m[31m[0m[91mError: [39m[31m[0m[96mapps/e-questrian/src/app/services/clients/clients.service.ts[0m:[93m55[0m:[93m40[0m - [91merror[0m[90m TS1005: [0m':' expected.[39m[22m
[1m[31m[39m[22m
[1m[31m[7m55[0m     case (FinancialRecordType.Invoice) {[39m[22m
[1m[31m[7m  [0m [91m                                       ~[0m[39m[22m
[1m[31m[39m[22m
[1m[31m[39m[22m
[1m[31m[0m[91mError: [39m[31m[0m[96mapps/e-questrian/src/app/services/clients/clients.service.ts[0m:[93m56[0m:[93m69[0m - [91merror[0m[90m TS2345: [0mArgument of type 'Number' is not assignable to parameter of type 'number'.[39m[22m
[1m[31m  'number' is a primitive, but 'Number' is a wrapper object. Prefer using 'number' when possible.[39m[22m
[1m[31m[39m[22m
[1m[31m[7m56[0m     this.currentClientsData[clientID].finacialRecords.invoices.push(docNumber)[39m[22m
[1m[31m[7m  [0m [91m                                                                    ~~~~~~~~~[0m[39m[22m
[1m[31m[39m[22m
[1m[31m[39m[22m
[1m[31m[0m[91mError: [39m[31m[0m[96mapps/e-questrian/src/app/services/clients/clients.service.ts[0m:[93m61[0m:[93m3[0m - [91merror[0m[90m TS2304: [0mCannot find name 'setClientList'.[39m[22m
[1m[31m[39m[22m
[1m[31m[7m61[0m   setClientList(): GeneralItem {[39m[22m
[1m[31m[7m  [0m [91m  ~~~~~~~~~~~~~[0m[39m[22m
[1m[31m[39m[22m
[1m[31m[39m[22m
[1m[31m[0m[91mError: [39m[31m[0m[96mapps/e-questrian/src/app/services/clients/clients.service.ts[0m:[93m61[0m:[93m18[0m - [91merror[0m[90m TS1005: [0m';' expected.[39m[22m
[1m[31m[39m[22m
[1m[31m[7m61[0m   setClientList(): GeneralItem {[39m[22m
[1m[31m[7m  [0m [91m                 ~[0m[39m[22m
[1m[31m[39m[22m
[1m[31m[39m[22m
[1m[31m[0m[91[39m[22m[1m[31mmError: [39m[31m[0m[96mapps/e-questrian/src/app/services/clients/clients.service.ts[0m:[93m61[0m:[93m20[0m - [91merror[0m[90m TS1434: [0mUnexpected keyword or identifier.[39m[22m
[1m[31m[39m[22m
[1m[31m[7m61[0m   setClientList(): GeneralItem {[39m[22m
[1m[31m[7m  [0m [91m                   ~~~~~~~~~~~[0m[39m[22m
[1m[31m[39m[22m
[1m[31m[39m[22m
[1m[31m[0m[91mError: [39m[31m[0m[96mapps/e-questrian/src/app/services/clients/clients.service.ts[0m:[93m61[0m:[93m20[0m - [91merror[0m[90m TS2693: [0m'GeneralItem' only refers to a type, but is being used as a value here.[39m[22m
[1m[31m[39m[22m
[1m[31m[7m61[0m   setClientList(): GeneralItem {[39m[22m
[1m[31m[7m  [0m [91m                   ~~~~~~~~~~~[0m[39m[22m
[1m[31m[39m[22m
[1m[31m[39m[22m
[1m[31m[0m[91mError: [39m[31m[0m[96mapps/e-questrian/src/app/services/clients/clients.service.ts[0m:[93m82[0m:[93m3[0m - [91merror[0m[90m TS1128: [0mDeclaration or statement expected.[39m[22m
[1m[31m[39m[22m
[1m[31m[7m82[0m   private persistClientData(): void {[39m[22m
[1m[31m[7m  [0m [91m  ~~~~~~~[0m[39m[22m
[1m[31m[39m[22m
[1m[31m[39m[22m
[1m[31m[39m[22m
[37m[39m
[37m[91mâœ–[39m[37m Failed to compile.[39m
[36mâ ‹[39m Generating browser application bundles...[2K[1G[36mâ ™[39m Generating browser application bundles (phase: building)...[2K[1G[36mâ ¹[39m Generating browser application bundles (phase: building)...[2K[1G[32mâœ”[39m Browser application bundle generation complete.
[37m[39m
[37m[0m[1mInitial Chunk Files[22m[2m | [22m[1mNames[22m  [2m | [22m [1mRaw Size[22m[0m[39m
[37m[0m[92mmain.js[39m[37m            [2m | [22mmain   [2m | [22m[96m453.38 kB[39m[37m[2m | [22m[0m[39m
[37m[0m[92mruntime.js[39m[37m         [2m | [22mruntime[2m | [22m  [96m7.14 kB[39m[37m[2m | [22m[0m[39m
[37m[0m[0m[39m
[37m[0m3 unchanged chunks[0m[39m
[37m[0m[0m[39m
[37m[0mBuild at: [1m[37m2024-01-16T09:00:15.235Z[39m[37m[22m - Hash: [1m[37m0730b987ebe8c42c[39m[37m[22m - Time: [1m[37m452[39m[37m[22mms[0m[39m
[1m[31m[39m[22m
[1m[31m[0m[36m./apps/e-questrian/src/app/services/clients/clients.service.ts[39m[31m[0m - [0m[91mError: [39m[31m[0mModule build failed (from ./node_modules/.pnpm/@angular-devkit+build-angular@16.2.11_@angular+compiler-cli@16.2.12_@types+node@16.11.7_jest-_ezws3eociu6xky35m6np2ps6gy/node_modules/@angular-devkit/build-angular/src/tools/babel/webpack-loader.js):[39m[22m
[1m[31mSyntaxError: /Users/rferreira/sigmafox/apps/e-questrian/src/app/services/clients/clients.service.ts: 'return' outside of function. (63:4)[39m[22m
[1m[31m[39m[22m
[1m[31m[0m [90m 61 |[39m[31m         }[33m;[39m[31m[0m[39m[22m
[1m[31m[0m [90m 62 |[39m[31m     })[33m;[39m[31m[0m[39m[22m
[1m[31m[0m[31m[1m>[22m[1m[39m[31m[90m 63 |[39m[31m     [36mreturn[39m[31m clientListItem[33m;[39m[31m[0m[39m[22m
[1m[31m[0m [90m    |[39m[31m     [31m[1m^[22m[1m[39m[31m[0m[39m[22m
[1m[31m[0m [90m 64 |[39m[31m }[0m[39m[22m
[1m[31m[0m [90m 65 |[39m[31m persistClientData()[33m;[39m[31m[0m[39m[22m
[1m[31m[0m [90m 66 |[39m[31m [36mvoid[39m[31m {[0m[39m[22m
[1m[31m[39m[22m
[1m[31m[0m[91mError: [39m[31m[0m[96mapps/e-questrian/src/app/pages/clients/clients.page.ts[0m:[93m40[0m:[93m62[0m - [91merror[0m[90m TS2339: [0mProperty 'setClientList' does not exist on type 'ClientsService'.[39m[22m
[1m[31m[39m[22m
[1m[31m[7m40[0m         this.clientListPageConfig.items = this.clientService.setClientList();[39m[22m
[1m[31m[7m  [0m [91m                                                             ~~~~~~~~~~~~~[0m[39m[22m
[1m[31m[39m[22m
[1m[31m[39m[22m
[1m[31m[0m[91mError: [39m[31m[0m[96mapps/e-questrian/src/app/services/clients/clients.service.ts[0m:[93m40[0m:[93m10[0m - [91merror[0m[90m TS2339: [0mProperty 'persistClientData' does not exist on type 'ClientsService'.[39m[22m
[1m[31m[39m[22m
[1m[31m[7m40[0m     this.persistClientData();[39m[22m
[1m[31m[7m  [0m [91m         ~~~~~~~~~~~~~~~~~[0m[39m[22m
[1m[31m[39m[22m
[1m[31m[39m[22m
[1m[31m[0m[91mError: [39m[31m[0m[96mapps/e-questrian/src/app/services/clients/clients.service.ts[0m:[93m46[0m:[93m10[0m - [91merror[0m[90m TS2339: [0mProperty 'persistClientData' does not exist on type 'ClientsService'.[39m[22m
[1m[31m[39m[22m
[1m[31m[7m46[0m     this.persistClientData();[39m[22m
[1m[31m[7m  [0m [91m         ~~~~~~~~~~~~~~~~~[0m[39m[22m
[1m[31m[39m[22m
[1m[31m[39m[22m
[1m[31m[0m[91mError: [39m[31m[0m[96mapps/e-questrian/src/app/services/clients/clients.service.ts[0m:[93m54[0m:[93m33[0m - [39m[22m[1m[31m[91merror[0m[90m TS1005: [0m'{' expected.[39m[22m
[1m[31m[39m[22m
[1m[31m[7m54[0m     switch (financialRecordType): {[39m[22m
[1m[31m[7m  [0m [91m                                ~[0m[39m[22m
[1m[31m[39m[22m
[1m[31m[39m[22m
[1m[31m[0m[91mError: [39m[31m[0m[96mapps/e-questrian/src/app/services/clients/clients.service.ts[0m:[93m54[0m:[93m35[0m - [91merror[0m[90m TS1130: [0m'case' or 'default' expected.[39m[22m
[1m[31m[39m[22m
[1m[31m[7m54[0m     switch (financialRecordType): {[39m[22m
[1m[31m[7m  [0m [91m                                  ~[0m[39m[22m
[1m[31m[39m[22m
[1m[31m[39m[22m
[1m[31m[0m[91mError: [39m[31m[0m[96mapps/e-questrian/src/app/services/clients/clients.service.ts[0m:[93m55[0m:[93m5[0m - [91merror[0m[90m TS1128: [0mDeclaration or statement expected.[39m[22m
[1m[31m[39m[22m
[1m[31m[7m55[0m     case (FinancialRecordType.Invoice) {[39m[22m
[1m[31m[7m  [0m [91m    ~~~~[0m[39m[22m
[1m[31m[39m[22m
[1m[31m[39m[22m
[1m[31m[0m[91mError: [39m[31m[0m[96mapps/e-questrian/src/app/services/clients/clients.service.ts[0m:[93m55[0m:[93m11[0m - [91merror[0m[90m TS7006: [0mParameter 'FinancialRecordType' implicitly has an 'any' type.[39m[22m
[1m[31m[39m[22m
[1m[31m[7m55[0m     case (FinancialRecordType.Invoice) {[39m[22m
[1m[31m[7m  [0m [91m          ~~~~~~~~~~~~~~~~~~~[0m[39m[22m
[1m[31m[39m[22m
[1m[31m[39m[22m
[1m[31m[0m[91mError: [39m[31m[0m[96mapps/e-questrian/src/app/services/clients/clients.service.ts[0m:[93m55[0m:[93m30[0m - [91merror[0m[90m TS1005: [0m',' expected.[39m[22m
[1m[31m[39m[22m
[1m[31m[7m55[0m     case (FinancialRecordType.Invoice) {[39m[22m
[1m[31m[7m  [0m [91m                             ~[0m[39m[22m
[1m[31m[39m[22m
[1m[31m[39m[22m
[1m[31m[0m[91mError: [39m[31m[0m[96mapps/e-questrian/src/app/services/clients/clients.service.ts[0m:[93m55[0m:[93m31[0m - [91merror[0m[90m TS7006: [0mParameter 'Invoice' implicitly has an 'any' type.[39m[22m
[1m[31m[39m[22m
[1m[31m[7m55[0m     case (FinancialRecordType.Invoice) {[39m[22m
[1m[31m[7m  [0m [91m                              ~~~~~~~[0m[39m[22m
[1m[31m[39m[22m
[1m[31m[39m[22m
[1m[31m[0m[91mError: [39m[31m[0m[96mapps/e-questrian/src/app/services/clients/clients.service.ts[0m:[93m56[0m:[93m29[0m - [91merror[0m[90m TS2304: [0mCannot find name 'clientID'.[39m[22m
[1m[31m[39m[22m
[1m[31m[7m56[0m     this.currentClientsData[clientID].finacialRecords.invoices.push(docNumber)[39m[22m
[1m[31m[7m  [0m [91m                            ~~~~~~~~[0m[39m[22m
[1m[31m[39m[22m
[1m[31m[39m[22m
[1m[31m[0m[91mError: [39m[31m[0m[96mapps/e-questrian/sr[39m[22m[1m[31mc/app/services/clients/clients.service.ts[0m:[93m56[0m:[93m69[0m - [91merror[0m[90m TS2552: [0mCannot find name 'docNumber'. Did you mean 'Number'?[39m[22m
[1m[31m[39m[22m
[1m[31m[7m56[0m     this.currentClientsData[clientID].finacialRecords.invoices.push(docNumber)[39m[22m
[1m[31m[7m  [0m [91m                                                                    ~~~~~~~~~[0m[39m[22m
[1m[31m[39m[22m
[1m[31m  [96mnode_modules/.pnpm/typescript@5.1.6/node_modules/typescript/lib/lib.es5.d.ts[0m:[93m619[0m:[93m13[0m[39m[22m
[1m[31m    [7m619[0m declare var Number: NumberConstructor;[39m[22m
[1m[31m    [7m   [0m [96m            ~~~~~~[0m[39m[22m
[1m[31m    'Number' is declared here.[39m[22m
[1m[31m[39m[22m
[1m[31m[39m[22m
[1m[31m[0m[91mError: [39m[31m[0m[96mapps/e-questrian/src/app/services/clients/clients.service.ts[0m:[93m59[0m:[93m3[0m - [91merror[0m[90m TS1128: [0mDeclaration or statement expected.[39m[22m
[1m[31m[39m[22m
[1m[31m[7m59[0m   }[39m[22m
[1m[31m[7m  [0m [91m  ~[0m[39m[22m
[1m[31m[39m[22m
[1m[31m[39m[22m
[1m[31m[0m[91mError: [39m[31m[0m[96mapps/e-questrian/src/app/services/clients/clients.service.ts[0m:[93m61[0m:[93m3[0m - [91merror[0m[90m TS2304: [0mCannot find name 'setClientList'.[39m[22m
[1m[31m[39m[22m
[1m[31m[7m61[0m   setClientList(): GeneralItem {[39m[22m
[1m[31m[7m  [0m [91m  ~~~~~~~~~~~~~[0m[39m[22m
[1m[31m[39m[22m
[1m[31m[39m[22m
[1m[31m[0m[91mError: [39m[31m[0m[96mapps/e-questrian/src/app/services/clients/clients.service.ts[0m:[93m61[0m:[93m18[0m - [91merror[0m[90m TS1005: [0m';' expected.[39m[22m
[1m[31m[39m[22m
[1m[31m[7m61[0m   setClientList(): GeneralItem {[39m[22m
[1m[31m[7m  [0m [91m                 ~[0m[39m[22m
[1m[31m[39m[22m
[1m[31m[39m[22m
[1m[31m[0m[91mError: [39m[31m[0m[96mapps/e-questrian/src/app/services/clients/clients.service.ts[0m:[93m61[0m:[93m20[0m - [91merror[0m[90m TS1434: [0mUnexpected keyword or identifier.[39m[22m
[1m[31m[39m[22m
[1m[31m[7m61[0m   setClientList(): GeneralItem {[39m[22m
[1m[31m[7m  [0m [91m                   ~~~~~~~~~~~[0m[39m[22m
[1m[31m[39m[22m
[1m[31m[39m[22m
[1m[31m[0m[91mError: [39m[31m[0m[96mapps/e-questrian/src/app/services/clients/clients.service.ts[0m:[93m61[0m:[93m20[0m - [91merror[0m[90m TS2693: [0m'GeneralItem' only refers to a type, but is being used as a value here.[39m[22m
[1m[31m[39m[22m
[1m[31m[7m61[0m   setClientList(): GeneralItem {[39m[22m
[1m[31m[7m  [0m [91m                   ~~~~~~~~~~~[0m[39m[22m
[1m[31m[39m[22m
[1m[31m[39m[22m
[1m[31m[0m[91mError: [39m[31m[0m[96mapps/e-questrian/sr[39m[22m[1m[31mc/app/services/clients/clients.service.ts[0m:[93m63[0m:[93m17[0m - [91merror[0m[90m TS2532: [0mObject is possibly 'undefined'.[39m[22m
[1m[31m[39m[22m
[1m[31m[7m63[0m     Object.keys(this.currentClientsData).forEach((key) => {[39m[22m
[1m[31m[7m  [0m [91m                ~~~~[0m[39m[22m
[1m[31m[39m[22m
[1m[31m[39m[22m
[1m[31m[0m[91mError: [39m[31m[0m[96mapps/e-questrian/src/app/services/clients/clients.service.ts[0m:[93m66[0m:[93m22[0m - [91merror[0m[90m TS2532: [0mObject is possibly 'undefined'.[39m[22m
[1m[31m[39m[22m
[1m[31m[7m66[0m           { content: this.currentClientsData[parseInt(key)].displayName },[39m[22m
[1m[31m[7m  [0m [91m                     ~~~~[0m[39m[22m
[1m[31m[39m[22m
[1m[31m[39m[22m
[1m[31m[0m[91mError: [39m[31m[0m[96mapps/e-questrian/src/app/services/clients/clients.service.ts[0m:[93m67[0m:[93m22[0m - [91merror[0m[90m TS2532: [0mObject is possibly 'undefined'.[39m[22m
[1m[31m[39m[22m
[1m[31m[7m67[0m           { content: this.currentClientsData[parseInt(key)].email },[39m[22m
[1m[31m[7m  [0m [91m                     ~~~~[0m[39m[22m
[1m[31m[39m[22m
[1m[31m[39m[22m
[1m[31m[0m[91mError: [39m[31m[0m[96mapps/e-questrian/src/app/services/clients/clients.service.ts[0m:[93m68[0m:[93m22[0m - [91merror[0m[90m TS2532: [0mObject is possibly 'undefined'.[39m[22m
[1m[31m[39m[22m
[1m[31m[7m68[0m           { content: this.currentClientsData[parseInt(key)].telephoneNumber },[39m[22m
[1m[31m[7m  [0m [91m                     ~~~~[0m[39m[22m
[1m[31m[39m[22m
[1m[31m[39m[22m
[1m[31m[0m[91mError: [39m[31m[0m[96mapps/e-questrian/src/app/services/clients/clients.service.ts[0m:[93m70[0m:[93m17[0m - [91merror[0m[90m TS2532: [0mObject is possibly 'undefined'.[39m[22m
[1m[31m[39m[22m
[1m[31m[7m70[0m         voided: this.currentClientsData[parseInt(key)].voided,[39m[22m
[1m[31m[7m  [0m [91m                ~~~~[0m[39m[22m
[1m[31m[39m[22m
[1m[31m[39m[22m
[1m[31m[0m[91mError: [39m[31m[0m[96mapps/e-questrian/src/app/services/clients/clients.service.ts[0m:[93m82[0m:[93m3[0m - [91merror[0m[90m TS1128: [0mDeclaration or statement expected.[39m[22m
[1m[31m[39m[22m
[1m[31m[7m82[0m   private persistClientData(): void {[39m[22m
[1m[31m[7m  [0m [91m  ~~~~~~~[0m[39m[22m
[1m[31m[39m[22m
[1m[31m[39m[22m
[1m[31m[0m[91mError: [39m[31m[0m[96mapps/e-questrian/src/app/services/clients/clients.service.ts[0m:[93m82[0m:[93m11[0m - [91merror[0m[90m TS2304: [0mCannot find name 'persistClientData'.[39m[22m
[1m[31m[39m[22m
[1m[31m[7m82[0m   private persis[39m[22m[1m[31mtClientData(): void {[39m[22m
[1m[31m[7m  [0m [91m          ~~~~~~~~~~~~~~~~~[0m[39m[22m
[1m[31m[39m[22m
[1m[31m[39m[22m
[1m[31m[0m[91mError: [39m[31m[0m[96mapps/e-questrian/src/app/services/clients/clients.service.ts[0m:[93m82[0m:[93m30[0m - [91merror[0m[90m TS1005: [0m';' expected.[39m[22m
[1m[31m[39m[22m
[1m[31m[7m82[0m   private persistClientData(): void {[39m[22m
[1m[31m[7m  [0m [91m                             ~[0m[39m[22m
[1m[31m[39m[22m
[1m[31m[39m[22m
[1m[31m[0m[91mError: [39m[31m[0m[96mapps/e-questrian/src/app/services/clients/clients.service.ts[0m:[93m83[0m:[93m17[0m - [91merror[0m[90m TS1005: [0m',' expected.[39m[22m
[1m[31m[39m[22m
[1m[31m[7m83[0m     localStorage.setItem('clients', JSON.stringify(this.currentClientsData));[39m[22m
[1m[31m[7m  [0m [91m                ~[0m[39m[22m
[1m[31m[39m[22m
[1m[31m[39m[22m
[1m[31m[0m[91mError: [39m[31m[0m[96mapps/e-questrian/src/app/services/clients/clients.service.ts[0m:[93m83[0m:[93m52[0m - [91merror[0m[90m TS2532: [0mObject is possibly 'undefined'.[39m[22m
[1m[31m[39m[22m
[1m[31m[7m83[0m     localStorage.setItem('clients', JSON.stringify(this.currentClientsData));[39m[22m
[1m[31m[7m  [0m [91m                                                   ~~~~[0m[39m[22m
[1m[31m[39m[22m
[1m[31m[39m[22m
[1m[31m[0m[91mError: [39m[31m[0m[96mapps/e-questrian/src/app/services/clients/clients.service.ts[0m:[93m83[0m:[93m77[0m - [91merror[0m[90m TS1005: [0m',' expected.[39m[22m
[1m[31m[39m[22m
[1m[31m[7m83[0m     localStorage.setItem('clients', JSON.stringify(this.currentClientsData));[39m[22m
[1m[31m[7m  [0m [91m                                                                            ~[0m[39m[22m
[1m[31m[39m[22m
[1m[31m[39m[22m
[1m[31m[0m[91mError: [39m[31m[0m[96mapps/e-questrian/src/app/services/clients/clients.service.ts[0m:[93m85[0m:[93m1[0m - [91merror[0m[90m TS1128: [0mDeclaration or statement expected.[39m[22m
[1m[31m[39m[22m
[1m[31m[7m85[0m }[39m[22m
[1m[31m[7m  [0m [91m~[0m[39m[22m
[1m[31m[39m[22m
[1m[31m[39m[22m
[1m[31m[39m[22m
[37m[39m
[37m[91mâœ–[39m[37m Failed to compile.[39m
[36mâ ‹[39m Generating browser application bundles...[2K[1G[36mâ ™[39m Generating browser application bundles (phase: building)...[2K[1G[36mâ ¹[39m Generating browser application bundles (phase: building)...[2K[1G[36mâ ¸[39m Generating browser application bundles (phase: building)...[2K[1G[36mâ ¼[39m Generating browser application bundles (phase: building)...[2K[1G[32mâœ”[39m Browser application bundle generation complete.
[37m[39m
[37m[0m[1mInitial Chunk Files[22m[2m | [22m[1mNames[22m  [2m | [22m [1mRaw Size[22m[0m[39m
[37m[0m[92mmain.js[39m[37m            [2m | [22mmain   [2m | [22m[96m450.60 kB[39m[37m[2m | [22m[0m[39m
[37m[0m[92mruntime.js[39m[37m         [2m | [22mruntime[2m | [22m  [96m7.14 kB[39m[37m[2m | [22m[0m[39m
[37m[0m[0m[39m
[37m[0m3 unchanged chunks[0m[39m
[37m[0m[0m[39m
[37m[0mBuild at: [1m[37m2024-01-16T09:01:31.464Z[39m[37m[22m - Hash: [1m[37m3dc70586be717079[39m[37m[22m - Time: [1m[37m675[39m[37m[22mms[0m[39m
[1m[31m[39m[22m
[1m[31m[0m[91mError: [39m[31m[0m[96mapps/e-questrian/src/app/services/clients/clients.service.ts[0m:[93m54[0m:[93m13[0m - [91merror[0m[90m TS2304: [0mCannot find name 'expression'.[39m[22m
[1m[31m[39m[22m
[1m[31m[7m54[0m     switch (expression) {[39m[22m
[1m[31m[7m  [0m [91m            ~~~~~~~~~~[0m[39m[22m
[1m[31m[39m[22m
[1m[31m[39m[22m
[1m[31m[0m[91mError: [39m[31m[0m[96mapps/e-questrian/src/app/services/clients/clients.service.ts[0m:[93m55[0m:[93m12[0m - [91merror[0m[90m TS2304: [0mCannot find name 'constant'.[39m[22m
[1m[31m[39m[22m
[1m[31m[7m55[0m       case constant - expression1: {[39m[22m
[1m[31m[7m  [0m [91m           ~~~~~~~~[0m[39m[22m
[1m[31m[39m[22m
[1m[31m[39m[22m
[1m[31m[0m[91mError: [39m[31m[0m[96mapps/e-questrian/src/app/services/clients/clients.service.ts[0m:[93m55[0m:[93m23[0m - [91merror[0m[90m TS2304: [0mCannot find name 'expression1'.[39m[22m
[1m[31m[39m[22m
[1m[31m[7m55[0m       case constant - expression1: {[39m[22m
[1m[31m[7m  [0m [91m                      ~~~~~~~~~~~[0m[39m[22m
[1m[31m[39m[22m
[1m[31m[39m[22m
[1m[31m[0m[91mError: [39m[31m[0m[96mapps/e-questrian/src/app/services/clients/clients.service.ts[0m:[93m64[0m:[93m11[0m - [91merror[0m[90m TS2345: [0mArgument of type 'Number' is not assignable to parameter of type 'number'.[39m[22m
[1m[31m  'number' is a primitive, but 'Number' is a wrapper object. Prefer using 'number' when possible.[39m[22m
[1m[31m[39m[22m
[1m[31m[7m64[0m           docNumber[39m[22m
[1m[31m[7m  [0m [91m          ~~~~~~~~~[0m[39m[22m
[1m[31m[39m[22m
[1m[31m[39m[22m
[1m[31m[39m[22m
[37m[39m
[37m[91mâœ–[39m[37m Failed to compile.[39m
[36mâ ‹[39m Generating browser application bundles...[2K[1G[36mâ ™[39m Generating browser application bundles (phase: building)...[2K[1G[36mâ ¹[39m Generating browser application bundles (phase: building)...[2K[1G[32mâœ”[39m Browser application bundle generation complete.
[37m[39m
[37m[0m[1mInitial Chunk Files[22m[2m | [22m[1mNames[22m  [2m | [22m [1mRaw Size[22m[0m[39m
[37m[0m[92mmain.js[39m[37m            [2m | [22mmain   [2m | [22m[96m450.60 kB[39m[37m[2m | [22m[0m[39m
[37m[0m[92mruntime.js[39m[37m         [2m | [22mruntime[2m | [22m  [96m7.14 kB[39m[37m[2m | [22m[0m[39m
[37m[0m[0m[39m
[37m[0m3 unchanged chunks[0m[39m
[37m[0m[0m[39m
[37m[0mBuild at: [1m[37m2024-01-16T09:01:39.081Z[39m[37m[22m - Hash: [1m[37m9bf9c3c606d2f98a[39m[37m[22m - Time: [1m[37m447[39m[37m[22mms[0m[39m
[1m[31m[39m[22m
[1m[31m[0m[91mError: [39m[31m[0m[96mapps/e-questrian/src/app/services/clients/clients.service.ts[0m:[93m54[0m:[93m13[0m - [91merror[0m[90m TS2304: [0mCannot find name 'expression'.[39m[22m
[1m[31m[39m[22m
[1m[31m[7m54[0m     switch (expression) {[39m[22m
[1m[31m[7m  [0m [91m            ~~~~~~~~~~[0m[39m[22m
[1m[31m[39m[22m
[1m[31m[39m[22m
[1m[31m[0m[91mError: [39m[31m[0m[96mapps/e-questrian/src/app/services/clients/clients.service.ts[0m:[93m55[0m:[93m12[0m - [91merror[0m[90m TS2304: [0mCannot find name 'constant'.[39m[22m
[1m[31m[39m[22m
[1m[31m[7m55[0m       case constant - expression1: {[39m[22m
[1m[31m[7m  [0m [91m           ~~~~~~~~[0m[39m[22m
[1m[31m[39m[22m
[1m[31m[39m[22m
[1m[31m[0m[91mError: [39m[31m[0m[96mapps/e-questrian/src/app/services/clients/clients.service.ts[0m:[93m55[0m:[93m23[0m - [91merror[0m[90m TS2304: [0mCannot find name 'expression1'.[39m[22m
[1m[31m[39m[22m
[1m[31m[7m55[0m       case constant - expression1: {[39m[22m
[1m[31m[7m  [0m [91m                      ~~~~~~~~~~~[0m[39m[22m
[1m[31m[39m[22m
[1m[31m[39m[22m
[1m[31m[39m[22m
[37m[39m
[37m[91mâœ–[39m[37m Failed to compile.[39m
[36mâ ‹[39m Generating browser application bundles...[2K[1G[36mâ ™[39m Generating browser application bundles (phase: building)...[2K[1G[36mâ ¹[39m Generating browser application bundles (phase: building)...[2K[1G[36mâ ¸[39m Generating browser application bundles (phase: building)...[2K[1G[36mâ ¼[39m Generating browser application bundles (phase: emitting)...[2K[1G[32mâœ”[39m Browser application bundle generation complete.
[37m[39m
[37m[0m[1mInitial Chunk Files[22m[2m | [22m[1mNames[22m  [2m | [22m [1mRaw Size[22m[0m[39m
[37m[0m[92mmain.js[39m[37m            [2m | [22mmain   [2m | [22m[96m450.47 kB[39m[37m[2m | [22m[0m[39m
[37m[0m[92mruntime.js[39m[37m         [2m | [22mruntime[2m | [22m  [96m7.14 kB[39m[37m[2m | [22m[0m[39m
[37m[0m[0m[39m
[37m[0m3 unchanged chunks[0m[39m
[37m[0m[0m[39m
[37m[0mBuild at: [1m[37m2024-01-16T09:01:44.317Z[39m[37m[22m - Hash: [1m[37m28bab514e644a91f[39m[37m[22m - Time: [1m[37m393[39m[37m[22mms[0m[39m
[37m[39m
[37m[92mâœ”[39m[37m Compiled successfully.[39m
[36mâ ‹[39m Generating browser application bundles...[2K[1G[36mâ ™[39m Generating browser application bundles (phase: building)...[2K[1G[36mâ ¹[39m Generating browser application bundles (phase: building)...[2K[1G[36mâ ¸[39m Generating browser application bundles (phase: sealing)...[2K[1G[32mâœ”[39m Browser application bundle generation complete.
[37m[39m
[37m[0m[1mInitial Chunk Files[22m[2m | [22m[1mNames[22m  [2m | [22m [1mRaw Size[22m[0m[39m
[37m[0m[92mmain.js[39m[37m            [2m | [22mmain   [2m | [22m[96m450.76 kB[39m[37m[2m | [22m[0m[39m
[37m[0m[92mruntime.js[39m[37m         [2m | [22mruntime[2m | [22m  [96m7.14 kB[39m[37m[2m | [22m[0m[39m
[37m[0m[0m[39m
[37m[0m3 unchanged chunks[0m[39m
[37m[0m[0m[39m
[37m[0mBuild at: [1m[37m2024-01-16T09:01:50.251Z[39m[37m[22m - Hash: [1m[37mcedc0fb071fb31d6[39m[37m[22m - Time: [1m[37m343[39m[37m[22mms[0m[39m
[1m[31m[39m[22m
[1m[31m[0m[91mError: [39m[31m[0m[96mapps/e-questrian/src/app/services/clients/clients.service.ts[0m:[93m55[0m:[93m7[0m - [91merror[0m[90m TS7029: [0mFallthrough case in switch.[39m[22m
[1m[31m[39m[22m
[1m[31m[7m55[0m       case FinancialRecordType.Invoice: {[39m[22m
[1m[31m[7m  [0m [91m      ~~~~~~~~~~~~~~~~~~~~~~~~~~~~~~~~~[0m[39m[22m
[1m[31m[39m[22m
[1m[31m[39m[22m
[1m[31m[0m[91mError: [39m[31m[0m[96mapps/e-questrian/src/app/services/clients/clients.service.ts[0m:[93m60[0m:[93m7[0m - [91merror[0m[90m TS7029: [0mFallthrough case in switch.[39m[22m
[1m[31m[39m[22m
[1m[31m[7m60[0m       case FinancialRecordType.Invoice: {[39m[22m
[1m[31m[7m  [0m [91m      ~~~~~~~~~~~~~~~~~~~~~~~~~~~~~~~~~[0m[39m[22m
[1m[31m[39m[22m
[1m[31m[39m[22m
[1m[31m[39m[22m
[37m[39m
[37m[91mâœ–[39m[37m Failed to compile.[39m
[36mâ ‹[39m Generating browser application bundles...[2K[1G[36mâ ™[39m Generating browser application bundles (phase: building)...[2K[1G[36mâ ¹[39m Generating browser application bundles (phase: building)...[2K[1G[36mâ ¸[39m Generating browser application bundles (phase: emitting)...[2K[1G[32mâœ”[39m Browser application bundle generation complete.
[37m[39m
[37m[0m[1mInitial Chunk Files[22m[2m | [22m[1mNames[22m  [2m | [22m [1mRaw Size[22m[0m[39m
[37m[0m[92mmain.js[39m[37m            [2m | [22mmain   [2m | [22m[96m450.81 kB[39m[37m[2m | [22m[0m[39m
[37m[0m[92mruntime.js[39m[37m         [2m | [22mruntime[2m | [22m  [96m7.14 kB[39m[37m[2m | [22m[0m[39m
[37m[0m[0m[39m
[37m[0m3 unchanged chunks[0m[39m
[37m[0m[0m[39m
[37m[0mBuild at: [1m[37m2024-01-16T09:02:04.044Z[39m[37m[22m - Hash: [1m[37mc2385ec702f484a1[39m[37m[22m - Time: [1m[37m418[39m[37m[22mms[0m[39m
[37m[39m
[37m[92mâœ”[39m[37m Compiled successfully.[39m
[36mâ ‹[39m Generating browser application bundles...[2K[1G[36mâ ™[39m Generating browser application bundles (phase: building)...[2K[1G[36mâ ¹[39m Generating browser application bundles (phase: building)...[2K[1G[36mâ ¸[39m Generating browser application bundles (phase: emitting)...[2K[1G[32mâœ”[39m Browser application bundle generation complete.
[37m[39m
[37m[0m[1mInitial Chunk Files[22m[2m | [22m[1mNames[22m  [2m | [22m [1mRaw Size[22m[0m[39m
[37m[0m[92mmain.js[39m[37m            [2m | [22mmain   [2m | [22m[96m450.81 kB[39m[37m[2m | [22m[0m[39m
[37m[0m[92mruntime.js[39m[37m         [2m | [22mruntime[2m | [22m  [96m7.14 kB[39m[37m[2m | [22m[0m[39m
[37m[0m[0m[39m
[37m[0m3 unchanged chunks[0m[39m
[37m[0m[0m[39m
[37m[0mBuild at: [1m[37m2024-01-16T09:02:10.444Z[39m[37m[22m - Hash: [1m[37m89b7097520231b3a[39m[37m[22m - Time: [1m[37m389[39m[37m[22mms[0m[39m
[37m[39m
[37m[92mâœ”[39m[37m Compiled successfully.[39m
[36mâ ‹[39m Generating browser application bundles...[2K[1G[36mâ ™[39m Generating browser application bundles (phase: building)...[2K[1G[36mâ ¹[39m Generating browser application bundles (phase: building)...[2K[1G[36mâ ¸[39m Generating browser application bundles (phase: emitting)...[2K[1G[32mâœ”[39m Browser application bundle generation complete.
[37m[39m
[37m[0m[1mInitial Chunk Files[22m[2m | [22m[1mNames[22m  [2m | [22m [1mRaw Size[22m[0m[39m
[37m[0m[92mmain.js[39m[37m            [2m | [22mmain   [2m | [22m[96m450.81 kB[39m[37m[2m | [22m[0m[39m
[37m[0m[92mruntime.js[39m[37m         [2m | [22mruntime[2m | [22m  [96m7.14 kB[39m[37m[2m | [22m[0m[39m
[37m[0m[0m[39m
[37m[0m3 unchanged chunks[0m[39m
[37m[0m[0m[39m
[37m[0mBuild at: [1m[37m2024-01-16T09:02:13.490Z[39m[37m[22m - Hash: [1m[37md6be7d42c795a39b[39m[37m[22m - Time: [1m[37m362[39m[37m[22mms[0m[39m
[37m[39m
[37m[92mâœ”[39m[37m Compiled successfully.[39m
[36mâ ‹[39m Generating browser application bundles...[2K[1G[36mâ ™[39m Generating browser application bundles (phase: building)...[2K[1G[36mâ ¹[39m Generating browser application bundles (phase: building)...[2K[1G[36mâ ¸[39m Generating browser application bundles (phase: emitting)...[2K[1G[32mâœ”[39m Browser application bundle generation complete.
[37m[39m
[37m[0m[1mInitial Chunk Files[22m[2m | [22m[1mNames[22m  [2m | [22m [1mRaw Size[22m[0m[39m
[37m[0m[92mmain.js[39m[37m            [2m | [22mmain   [2m | [22m[96m450.81 kB[39m[37m[2m | [22m[0m[39m
[37m[0m[92mruntime.js[39m[37m         [2m | [22mruntime[2m | [22m  [96m7.14 kB[39m[37m[2m | [22m[0m[39m
[37m[0m[0m[39m
[37m[0m3 unchanged chunks[0m[39m
[37m[0m[0m[39m
[37m[0mBuild at: [1m[37m2024-01-16T09:02:19.168Z[39m[37m[22m - Hash: [1m[37mce936f77ee4a270c[39m[37m[22m - Time: [1m[37m382[39m[37m[22mms[0m[39m
[37m[39m
[37m[92mâœ”[39m[37m Compiled successfully.[39m
[36mâ ‹[39m Generating browser application bundles...[2K[1G[36mâ ™[39m Generating browser application bundles (phase: building)...[2K[1G[36mâ ¹[39m Generating browser application bundles (phase: building)...[2K[1G[36mâ ¸[39m Generating browser application bundles (phase: building)...[2K[1G[36mâ ¼[39m Generating browser application bundles (phase: emitting)...[2K[1G[32mâœ”[39m Browser application bundle generation complete.
[37m[39m
[37m[0m[1mInitial Chunk Files[22m[2m | [22m[1mNames[22m  [2m | [22m [1mRaw Size[22m[0m[39m
[37m[0m[92mmain.js[39m[37m            [2m | [22mmain   [2m | [22m[96m450.84 kB[39m[37m[2m | [22m[0m[39m
[37m[0m[92mruntime.js[39m[37m         [2m | [22mruntime[2m | [22m  [96m7.14 kB[39m[37m[2m | [22m[0m[39m
[37m[0m[0m[39m
[37m[0m3 unchanged chunks[0m[39m
[37m[0m[0m[39m
[37m[0mBuild at: [1m[37m2024-01-16T09:02:55.912Z[39m[37m[22m - Hash: [1m[37m00fa1ab7c86b4ef1[39m[37m[22m - Time: [1m[37m472[39m[37m[22mms[0m[39m
[37m[39m
[37m[92mâœ”[39m[37m Compiled successfully.[39m
[36mâ ‹[39m Generating browser application bundles...[2K[1G[36mâ ™[39m Generating browser application bundles (phase: building)...[2K[1G[36mâ ¹[39m Generating browser application bundles (phase: building)...[2K[1G[36mâ ¸[39m Generating browser application bundles (phase: building)...[2K[1G[36mâ ¼[39m Generating browser application bundles (phase: emitting)...[2K[1G[32mâœ”[39m Browser application bundle generation complete.
[37m[39m
[37m[0m[1mInitial Chunk Files[22m[2m | [22m[1mNames[22m  [2m | [22m [1mRaw Size[22m[0m[39m
[37m[0m[92mmain.js[39m[37m            [2m | [22mmain   [2m | [22m[96m451.01 kB[39m[37m[2m | [22m[0m[39m
[37m[0m[92mruntime.js[39m[37m         [2m | [22mruntime[2m | [22m  [96m7.14 kB[39m[37m[2m | [22m[0m[39m
[37m[0m[0m[39m
[37m[0m3 unchanged chunks[0m[39m
[37m[0m[0m[39m
[37m[0mBuild at: [1m[37m2024-01-16T09:06:04.714Z[39m[37m[22m - Hash: [1m[37mf49b78a10ebe7178[39m[37m[22m - Time: [1m[37m510[39m[37m[22mms[0m[39m
[37m[39m
[37m[92mâœ”[39m[37m Compiled successfully.[39m
[36mâ ‹[39m Generating browser application bundles...[2K[1G[36mâ ™[39m Generating browser application bundles (phase: building)...[2K[1G[36mâ ¹[39m Generating browser application bundles (phase: building)...[2K[1G[32mâœ”[39m Browser application bundle generation complete.
[37m[39m
[37m[0m[1mInitial Chunk Files[22m[2m | [22m[1mNames[22m  [2m | [22m [1mRaw Size[22m[0m[39m
[37m[0m[92mmain.js[39m[37m            [2m | [22mmain   [2m | [22m[96m451.11 kB[39m[37m[2m | [22m[0m[39m
[37m[0m[92mruntime.js[39m[37m         [2m | [22mruntime[2m | [22m  [96m7.14 kB[39m[37m[2m | [22m[0m[39m
[37m[0m[0m[39m
[37m[0m3 unchanged chunks[0m[39m
[37m[0m[0m[39m
[37m[0mBuild at: [1m[37m2024-01-16T09:06:19.263Z[39m[37m[22m - Hash: [1m[37m7a3287f34b53a177[39m[37m[22m - Time: [1m[37m343[39m[37m[22mms[0m[39m
[1m[31m[39m[22m
[1m[31m[0m[91mError: [39m[31m[0m[96mapps/e-questrian/src/app/services/credit-notes/credit-notes.service.ts[0m:[93m38[0m:[93m7[0m - [91merror[0m[90m TS2304: [0mCannot find name 'clientID'.[39m[22m
[1m[31m[39m[22m
[1m[31m[7m38[0m       clientID,[39m[22m
[1m[31m[7m  [0m [91m      ~~~~~~~~[0m[39m[22m
[1m[31m[39m[22m
[1m[31m[39m[22m
[1m[31m[0m[91mError: [39m[31m[0m[96mapps/e-questrian/src/app/services/credit-notes/credit-notes.service.ts[0m:[93m39[0m:[93m7[0m - [91merror[0m[90m TS2304: [0mCannot find name 'FinancialRecordType'.[39m[22m
[1m[31m[39m[22m
[1m[31m[7m39[0m       FinancialRecordType.Invoice,[39m[22m
[1m[31m[7m  [0m [91m      ~~~~~~~~~~~~~~~~~~~[0m[39m[22m
[1m[31m[39m[22m
[1m[31m[39m[22m
[1m[31m[0m[91mError: [39m[31m[0m[96mapps/e-questrian/src/app/services/credit-notes/credit-notes.service.ts[0m:[93m40[0m:[93m7[0m - [91merror[0m[90m TS2304: [0mCannot find name 'nextInvoiceNumber'.[39m[22m
[1m[31m[39m[22m
[1m[31m[7m40[0m       nextInvoiceNumber[39m[22m
[1m[31m[7m  [0m [91m      ~~~~~~~~~~~~~~~~~[0m[39m[22m
[1m[31m[39m[22m
[1m[31m[39m[22m
[1m[31m[39m[22m
[37m[39m
[37m[91mâœ–[39m[37m Failed to compile.[39m
[36mâ ‹[39m Generating browser application bundles...[2K[1G[36mâ ™[39m Generating browser application bundles (phase: building)...[2K[1G[32mâœ”[39m Browser application bundle generation complete.
[37m[39m
[37m[0m[1mInitial Chunk Files[22m[2m | [22m[1mNames[22m  [2m | [22m [1mRaw Size[22m[0m[39m
[37m[0m[92mmain.js[39m[37m            [2m | [22mmain   [2m | [22m[96m451.20 kB[39m[37m[2m | [22m[0m[39m
[37m[0m[92mruntime.js[39m[37m         [2m | [22mruntime[2m | [22m  [96m7.14 kB[39m[37m[2m | [22m[0m[39m
[37m[0m[0m[39m
[37m[0m3 unchanged chunks[0m[39m
[37m[0m[0m[39m
[37m[0mBuild at: [1m[37m2024-01-16T09:06:39.250Z[39m[37m[22m - Hash: [1m[37mb08a9689ab3f52ff[39m[37m[22m - Time: [1m[37m285[39m[37m[22mms[0m[39m
[1m[31m[39m[22m
[1m[31m[0m[91mError: [39m[31m[0m[96mapps/e-questrian/src/app/services/credit-notes/credit-notes.service.ts[0m:[93m42[0m:[93m7[0m - [91merror[0m[90m TS2304: [0mCannot find name 'FinancialRecordType'.[39m[22m
[1m[31m[39m[22m
[1m[31m[7m42[0m       FinancialRecordType.Invoice,[39m[22m
[1m[31m[7m  [0m [91m      ~~~~~~~~~~~~~~~~~~~[0m[39m[22m
[1m[31m[39m[22m
[1m[31m[39m[22m
[1m[31m[0m[91mError: [39m[31m[0m[96mapps/e-questrian/src/app/services/credit-notes/credit-notes.service.ts[0m:[93m43[0m:[93m7[0m - [91merror[0m[90m TS2304: [0mCannot find name 'nextInvoiceNumber'.[39m[22m
[1m[31m[39m[22m
[1m[31m[7m43[0m       nextInvoiceNumber[39m[22m
[1m[31m[7m  [0m [91m      ~~~~~~~~~~~~~~~~~[0m[39m[22m
[1m[31m[39m[22m
[1m[31m[39m[22m
[1m[31m[39m[22m
[37m[39m
[37m[91mâœ–[39m[37m Failed to compile.[39m
[36mâ ‹[39m Generating browser application bundles...[2K[1G[36mâ ™[39m Generating browser application bundles (phase: building)...[2K[1G[32mâœ”[39m Browser application bundle generation complete.
[37m[39m
[37m[0m[1mInitial Chunk Files[22m[2m | [22m[1mNames[22m  [2m | [22m [1mRaw Size[22m[0m[39m
[37m[0m[92mmain.js[39m[37m            [2m | [22mmain   [2m | [22m[96m451.13 kB[39m[37m[2m | [22m[0m[39m
[37m[0m[92mruntime.js[39m[37m         [2m | [22mruntime[2m | [22m  [96m7.14 kB[39m[37m[2m | [22m[0m[39m
[37m[0m[0m[39m
[37m[0m3 unchanged chunks[0m[39m
[37m[0m[0m[39m
[37m[0mBuild at: [1m[37m2024-01-16T09:06:48.301Z[39m[37m[22m - Hash: [1m[37mcd5adb10120fb95c[39m[37m[22m - Time: [1m[37m199[39m[37m[22mms[0m[39m
[1m[31m[39m[22m
[1m[31m[0m[91mError: [39m[31m[0m[96mapps/e-questrian/src/app/services/credit-notes/credit-notes.service.ts[0m:[93m41[0m:[93m7[0m - [91merror[0m[90m TS2304: [0mCannot find name 'FinancialRecordType'.[39m[22m
[1m[31m[39m[22m
[1m[31m[7m41[0m       FinancialRecordType.Invoice,[39m[22m
[1m[31m[7m  [0m [91m      ~~~~~~~~~~~~~~~~~~~[0m[39m[22m
[1m[31m[39m[22m
[1m[31m[39m[22m
[1m[31m[0m[91mError: [39m[31m[0m[96mapps/e-questrian/src/app/services/credit-notes/credit-notes.service.ts[0m:[93m42[0m:[93m7[0m - [91merror[0m[90m TS2304: [0mCannot find name 'nextInvoiceNumber'.[39m[22m
[1m[31m[39m[22m
[1m[31m[7m42[0m       nextInvoiceNumber[39m[22m
[1m[31m[7m  [0m [91m      ~~~~~~~~~~~~~~~~~[0m[39m[22m
[1m[31m[39m[22m
[1m[31m[39m[22m
[1m[31m[39m[22m
[37m[39m
[37m[91mâœ–[39m[37m Failed to compile.[39m
[36mâ ‹[39m Generating browser application bundles...[2K[1G[36mâ ™[39m Generating browser application bundles (phase: building)...[2K[1G[36mâ ¹[39m Generating browser application bundles (phase: sealing)...[2K[1G[36mâ ¸[39m Generating browser application bundles (phase: emitting)...[2K[1G[32mâœ”[39m Browser application bundle generation complete.
[37m[39m
[37m[0m[1mInitial Chunk Files[22m[2m | [22m[1mNames[22m  [2m | [22m [1mRaw Size[22m[0m[39m
[37m[0m[92mmain.js[39m[37m            [2m | [22mmain   [2m | [22m[96m451.18 kB[39m[37m[2m | [22m[0m[39m
[37m[0m[92mruntime.js[39m[37m         [2m | [22mruntime[2m | [22m  [96m7.14 kB[39m[37m[2m | [22m[0m[39m
[37m[0m[0m[39m
[37m[0m3 unchanged chunks[0m[39m
[37m[0m[0m[39m
[37m[0mBuild at: [1m[37m2024-01-16T09:07:01.665Z[39m[37m[22m - Hash: [1m[37m1ee315ba72616437[39m[37m[22m - Time: [1m[37m347[39m[37m[22mms[0m[39m
[37m[39m
[37m[92mâœ”[39m[37m Compiled successfully.[39m
[36mâ ‹[39m Generating browser application bundles...[2K[1G[36mâ ™[39m Generating browser application bundles (phase: building)...[2K[1G[36mâ ¹[39m Generating browser application bundles (phase: building)...[2K[1G[36mâ ¸[39m Generating browser application bundles (phase: sealing)...[2K[1G[32mâœ”[39m Browser application bundle generation complete.
[37m[39m
[37m[0m[1mInitial Chunk Files[22m[2m | [22m[1mNames[22m  [2m | [22m [1mRaw Size[22m[0m[39m
[37m[0m[92mmain.js[39m[37m            [2m | [22mmain   [2m | [22m[96m451.28 kB[39m[37m[2m | [22m[0m[39m
[37m[0m[92mruntime.js[39m[37m         [2m | [22mruntime[2m | [22m  [96m7.14 kB[39m[37m[2m | [22m[0m[39m
[37m[0m[0m[39m
[37m[0m3 unchanged chunks[0m[39m
[37m[0m[0m[39m
[37m[0mBuild at: [1m[37m2024-01-16T09:07:29.129Z[39m[37m[22m - Hash: [1m[37m725ed8ae205bcf5a[39m[37m[22m - Time: [1m[37m437[39m[37m[22mms[0m[39m
[1m[31m[39m[22m
[1m[31m[0m[91mError: [39m[31m[0m[96mapps/e-questrian/src/app/services/payments/payments.service.ts[0m:[93m29[0m:[93m10[0m - [91merror[0m[90m TS2339: [0mProperty 'clientsService' does not exist on type 'PaymentsService'.[39m[22m
[1m[31m[39m[22m
[1m[31m[7m29[0m     this.clientsService.addFinancialRecordToClient([39m[22m
[1m[31m[7m  [0m [91m         ~~~~~~~~~~~~~~[0m[39m[22m
[1m[31m[39m[22m
[1m[31m[39m[22m
[1m[31m[0m[91mError: [39m[31m[0m[96mapps/e-questrian/src/app/services/payments/payments.service.ts[0m:[93m30[0m:[93m7[0m - [91merror[0m[90m TS2304: [0mCannot find name 'clientID'.[39m[22m
[1m[31m[39m[22m
[1m[31m[7m30[0m       clientID,[39m[22m
[1m[31m[7m  [0m [91m      ~~~~~~~~[0m[39m[22m
[1m[31m[39m[22m
[1m[31m[39m[22m
[1m[31m[0m[91mError: [39m[31m[0m[96mapps/e-questrian/src/app/services/payments/payments.service.ts[0m:[93m31[0m:[93m7[0m - [91merror[0m[90m TS2304: [0mCannot find name 'FinancialRecordType'.[39m[22m
[1m[31m[39m[22m
[1m[31m[7m31[0m       FinancialRecordType.CreditNote,[39m[22m
[1m[31m[7m  [0m [91m      ~~~~~~~~~~~~~~~~~~~[0m[39m[22m
[1m[31m[39m[22m
[1m[31m[39m[22m
[1m[31m[0m[91mError: [39m[31m[0m[96mapps/e-questrian/src/app/services/payments/payments.service.ts[0m:[93m32[0m:[93m7[0m - [91merror[0m[90m TS2552: [0mCannot find name 'cnNumber'. Did you mean 'Number'?[39m[22m
[1m[31m[39m[22m
[1m[31m[7m32[0m       cnNumber[39m[22m
[1m[31m[7m  [0m [91m      ~~~~~~~~[0m[39m[22m
[1m[31m[39m[22m
[1m[31m  [96mnode_modules/.pnpm/typescript@5.1.6/node_modules/typescript/lib/lib.es5.d.ts[0m:[93m619[0m:[93m13[0m[39m[22m
[1m[31m    [7m619[0m declare var Number: NumberConstructor;[39m[22m
[1m[31m    [7m   [0m [96m            ~~~~~~[0m[39m[22m
[1m[31m    'Number' is declared here.[39m[22m
[1m[31m[39m[22m
[1m[31m[39m[22m
[1m[31m[39m[22m
[37m[39m
[37m[91mâœ–[39m[37m Failed to compile.[39m
[36mâ ‹[39m Generating browser application bundles...[2K[1G[36mâ ™[39m Generating browser application bundles (phase: building)...[2K[1G[36mâ ¹[39m Generating browser application bundles (phase: building)...[2K[1G[32mâœ”[39m Browser application bundle generation complete.
[37m[39m
[37m[0m[1mInitial Chunk Files[22m[2m | [22m[1mNames[22m  [2m | [22m [1mRaw Size[22m[0m[39m
[37m[0m[92mmain.js[39m[37m            [2m | [22mmain   [2m | [22m[96m451.60 kB[39m[37m[2m | [22m[0m[39m
[37m[0m[92mruntime.js[39m[37m         [2m | [22mruntime[2m | [22m  [96m7.14 kB[39m[37m[2m | [22m[0m[39m
[37m[0m[0m[39m
[37m[0m3 unchanged chunks[0m[39m
[37m[0m[0m[39m
[37m[0mBuild at: [1m[37m2024-01-16T09:07:50.680Z[39m[37m[22m - Hash: [1m[37m4f04ddcf827814f3[39m[37m[22m - Time: [1m[37m378[39m[37m[22mms[0m[39m
[1m[31m[39m[22m
[1m[31m[0m[91mError: [39m[31m[0m[96mapps/e-questrian/src/app/services/payments/payments.service.ts[0m:[93m33[0m:[93m10[0m - [91merror[0m[90m TS2551: [0mProperty 'clientsService' does not exist on type 'PaymentsService'. Did you mean 'clientService'?[39m[22m
[1m[31m[39m[22m
[1m[31m[7m33[0m     this.clientsService.addFinancialRecordToClient([39m[22m
[1m[31m[7m  [0m [91m         ~~~~~~~~~~~~~~[0m[39m[22m
[1m[31m[39m[22m
[1m[31m  [96mapps/e-questrian/src/app/services/payments/payments.service.ts[0m:[93m22[0m:[93m5[0m[39m[22m
[1m[31m    [7m22[0m     private clientService: ClientsService[39m[22m
[1m[31m    [7m  [0m [96m    ~~~~~~~~~~~~~~~~~~~~~~~~~~~~~~~~~~~~~[0m[39m[22m
[1m[31m    'clientService' is declared here.[39m[22m
[1m[31m[39m[22m
[1m[31m[39m[22m
[1m[31m[0m[91mError: [39m[31m[0m[96mapps/e-questrian/src/app/services/payments/payments.service.ts[0m:[93m34[0m:[93m7[0m - [91merror[0m[90m TS2304: [0mCannot find name 'clientID'.[39m[22m
[1m[31m[39m[22m
[1m[31m[7m34[0m       clientID,[39m[22m
[1m[31m[7m  [0m [91m      ~~~~~~~~[0m[39m[22m
[1m[31m[39m[22m
[1m[31m[39m[22m
[1m[31m[0m[91mError: [39m[31m[0m[96mapps/e-questrian/src/app/services/payments/payments.service.ts[0m:[93m35[0m:[93m7[0m - [91merror[0m[90m TS2304: [0mCannot find name 'FinancialRecordType'.[39m[22m
[1m[31m[39m[22m
[1m[31m[7m35[0m       FinancialRecordType.CreditNote,[39m[22m
[1m[31m[7m  [0m [91m      ~~~~~~~~~~~~~~~~~~~[0m[39m[22m
[1m[31m[39m[22m
[1m[31m[39m[22m
[1m[31m[0m[91mError: [39m[31m[0m[96mapps/e-questrian/src/app/services/payments/payments.service.ts[0m:[93m36[0m:[93m7[0m - [91merror[0m[90m TS2552: [0mCannot find name 'cnNumber'. Did you mean 'Number'?[39m[22m
[1m[31m[39m[22m
[1m[31m[7m36[0m       cnNumber[39m[22m
[1m[31m[7m  [0m [91m      ~~~~~~~~[0m[39m[22m
[1m[31m[39m[22m
[1m[31m  [96mnode_modules/.pnpm/typescript@5.1.6/node_modules/typescript/lib/lib.es5.d.ts[0m:[93m619[0m:[93m13[0m[39m[22m
[1m[31m    [7m619[0m declare var Number: NumberConstructor;[39m[22m
[1m[31m    [7m   [0m [96m            ~~~~~~[0m[39m[22m
[1m[31m    'Number' is declared here.[39m[22m
[1m[31m[39m[22m
[1m[31m[39m[22m
[1m[31m[39m[22m
[37m[39m
[37m[91mâœ–[39m[37m Failed to compile.[39m
[36mâ ‹[39m Generating browser application bundles...[2K[1G[36mâ ™[39m Generating browser application bundles (phase: building)...[2K[1G[36mâ ¹[39m Generating browser application bundles (phase: sealing)...[2K[1G[32mâœ”[39m Browser application bundle generation complete.
[37m[39m
[37m[0m[1mInitial Chunk Files[22m[2m | [22m[1mNames[22m  [2m | [22m [1mRaw Size[22m[0m[39m
[37m[0m[92mmain.js[39m[37m            [2m | [22mmain   [2m | [22m[96m451.66 kB[39m[37m[2m | [22m[0m[39m
[37m[0m[92mruntime.js[39m[37m         [2m | [22mruntime[2m | [22m  [96m7.14 kB[39m[37m[2m | [22m[0m[39m
[37m[0m[0m[39m
[37m[0m3 unchanged chunks[0m[39m
[37m[0m[0m[39m
[37m[0mBuild at: [1m[37m2024-01-16T09:08:16.529Z[39m[37m[22m - Hash: [1m[37m733885c62db72184[39m[37m[22m - Time: [1m[37m297[39m[37m[22mms[0m[39m
[1m[31m[39m[22m
[1m[31m[0m[91mError: [39m[31m[0m[96mapps/e-questrian/src/app/services/payments/payments.service.ts[0m:[93m37[0m:[93m7[0m - [91merror[0m[90m TS2304: [0mCannot find name 'clientID'.[39m[22m
[1m[31m[39m[22m
[1m[31m[7m37[0m       clientID,[39m[22m
[1m[31m[7m  [0m [91m      ~~~~~~~~[0m[39m[22m
[1m[31m[39m[22m
[1m[31m[39m[22m
[1m[31m[39m[22m
[37m[39m
[37m[91mâœ–[39m[37m Failed to compile.[39m
[36mâ ‹[39m Generating browser application bundles...[2K[1G[36mâ ™[39m Generating browser application bundles (phase: building)...[2K[1G[36mâ ¹[39m Generating browser application bundles (phase: building)...[2K[1G[36mâ ¸[39m Generating browser application bundles (phase: emitting)...[2K[1G[32mâœ”[39m Browser application bundle generation complete.
[37m[39m
[37m[0m[1mInitial Chunk Files[22m[2m | [22m[1mNames[22m  [2m | [22m [1mRaw Size[22m[0m[39m
[37m[0m[92mmain.js[39m[37m            [2m | [22mmain   [2m | [22m[96m451.67 kB[39m[37m[2m | [22m[0m[39m
[37m[0m[92mruntime.js[39m[37m         [2m | [22mruntime[2m | [22m  [96m7.14 kB[39m[37m[2m | [22m[0m[39m
[37m[0m[0m[39m
[37m[0m3 unchanged chunks[0m[39m
[37m[0m[0m[39m
[37m[0mBuild at: [1m[37m2024-01-16T09:08:49.807Z[39m[37m[22m - Hash: [1m[37m01b39cb6814be5c2[39m[37m[22m - Time: [1m[37m389[39m[37m[22mms[0m[39m
[37m[39m
[37m[92mâœ”[39m[37m Compiled successfully.[39m
[36mâ ‹[39m Generating browser application bundles...[2K[1G[36mâ ™[39m Generating browser application bundles (phase: building)...[2K[1G[36mâ ¹[39m Generating browser application bundles (phase: building)...[2K[1G[36mâ ¸[39m Generating browser application bundles (phase: sealing)...[2K[1G[32mâœ”[39m Browser application bundle generation complete.
[37m[39m
[37m[0m[1mInitial Chunk Files[22m[2m | [22m[1mNames[22m  [2m | [22m [1mRaw Size[22m[0m[39m
[37m[0m[92mmain.js[39m[37m            [2m | [22mmain   [2m | [22m[96m451.68 kB[39m[37m[2m | [22m[0m[39m
[37m[0m[92mruntime.js[39m[37m         [2m | [22mruntime[2m | [22m  [96m7.14 kB[39m[37m[2m | [22m[0m[39m
[37m[0m[0m[39m
[37m[0m3 unchanged chunks[0m[39m
[37m[0m[0m[39m
[37m[0mBuild at: [1m[37m2024-01-16T09:08:58.026Z[39m[37m[22m - Hash: [1m[37m6c4c638edc0f63cd[39m[37m[22m - Time: [1m[37m416[39m[37m[22mms[0m[39m
[1m[31m[39m[22m
[1m[31m[0m[91mError: [39m[31m[0m[96mapps/e-questrian/src/app/modals/payments/payments.modal.ts[0m:[93m97[0m:[93m71[0m - [91merror[0m[90m TS2551: [0mProperty 'client' does not exist on type 'PaymentDetails'. Did you mean 'clientID'?[39m[22m
[1m[31m[39m[22m
[1m[31m[7m97[0m       client: new UntypedFormControl(this.clients[this.currentPayment.client]),[39m[22m
[1m[31m[7m  [0m [91m                                                                      ~~~~~~[0m[39m[22m
[1m[31m[39m[22m
[1m[31m  [96mapps/e-questrian/src/app/interfaces/payments.interface.ts[0m:[93m9[0m:[93m3[0m[39m[22m
[1m[31m    [7m9[0m   clientID: number;[39m[22m
[1m[31m    [7m [0m [96m  ~~~~~~~~[0m[39m[22m
[1m[31m    'clientID' is declared here.[39m[22m
[1m[31m[39m[22m
[1m[31m[39m[22m
[1m[31m[0m[91mError: [39m[31m[0m[96mapps/e-questrian/src/app/services/client-notification/client-notification.service.ts[0m:[93m35[0m:[93m32[0m - [91merror[0m[90m TS2551: [0mProperty 'client' does not exist on type 'PaymentDetails'. Did you mean 'clientID'?[39m[22m
[1m[31m[39m[22m
[1m[31m[7m35[0m       to: this.clients[payment.client]?.email,[39m[22m
[1m[31m[7m  [0m [91m                               ~~~~~~[0m[39m[22m
[1m[31m[39m[22m
[1m[31m  [96mapps/e-questrian/src/app/interfaces/payments.interface.ts[0m:[93m9[0m:[93m3[0m[39m[22m
[1m[31m    [7m9[0m   clientID: number;[39m[22m
[1m[31m    [7m [0m [96m  ~~~~~~~~[0m[39m[22m
[1m[31m    'clientID' is declared here.[39m[22m
[1m[31m[39m[22m
[1m[31m[39m[22m
[1m[31m[0m[91mError: [39m[31m[0m[96mapps/e-questrian/src/app/services/statements/statements.service.ts[0m:[93m94[0m:[93m40[0m - [91merror[0m[90m TS2551: [0mProperty 'client' does not exist on type 'PaymentDetails'. Did you mean 'clientID'?[39m[22m
[1m[31m[39m[22m
[1m[31m[7m94[0m       if (this.payments[parseInt(key)].client === clientID) {[39m[22m
[1m[31m[7m  [0m [91m                                       ~~~~~~[0m[39m[22m
[1m[31m[39m[22m
[1m[31m  [96mapps/e-questrian/src/app/interfaces/payments.interface.ts[0m:[93m9[0m:[93m3[0m[39m[22m
[1m[31m    [7m9[0m   clientID: number;[39m[22m
[1m[31m    [7m [0m [96m  ~~~~~~~~[0m[39m[22m
[1m[31m    'clientID' is declared here.[39m[22m
[1m[31m[39m[22m
[1m[31m[39m[22m
[1m[31m[39m[22m
[37m[39m
[37m[91mâœ–[39m[37m Failed to compile.[39m
[36mâ ‹[39m Generating browser application bundles...[2K[1G[36mâ ™[39m Generating browser application bundles (phase: building)...[2K[1G[36mâ ¹[39m Generating browser application bundles (phase: building)...[2K[1G[36mâ ¸[39m Generating browser application bundles (phase: building)...[2K[1G[36mâ ¼[39m Generating browser application bundles (phase: emitting)...[2K[1G[32mâœ”[39m Browser application bundle generation complete.
[37m[39m
[37m[0m[1mInitial Chunk Files[22m[2m | [22m[1mNames[22m  [2m | [22m [1mRaw Size[22m[0m[39m
[37m[0m[92mmain.js[39m[37m            [2m | [22mmain   [2m | [22m[96m451.68 kB[39m[37m[2m | [22m[0m[39m
[37m[0m[92mruntime.js[39m[37m         [2m | [22mruntime[2m | [22m  [96m7.14 kB[39m[37m[2m | [22m[0m[39m
[37m[0m[0m[39m
[37m[0m3 unchanged chunks[0m[39m
[37m[0m[0m[39m
[37m[0mBuild at: [1m[37m2024-01-16T09:08:58.824Z[39m[37m[22m - Hash: [1m[37mcbd36445617a4e3b[39m[37m[22m - Time: [1m[37m732[39m[37m[22mms[0m[39m
[37m[39m
[37m[92mâœ”[39m[37m Compiled successfully.[39m
[36mâ ‹[39m Generating browser application bundles...[2K[1G[36mâ ™[39m Generating browser application bundles (phase: building)...[2K[1G[36mâ ¹[39m Generating browser application bundles (phase: building)...[2K[1G[36mâ ¸[39m Generating browser application bundles (phase: emitting)...[2K[1G[32mâœ”[39m Browser application bundle generation complete.
[37m[39m
[37m[0m[1mInitial Chunk Files[22m[2m | [22m[1mNames[22m  [2m | [22m [1mRaw Size[22m[0m[39m
[37m[0m[92mmain.js[39m[37m            [2m | [22mmain   [2m | [22m[96m451.68 kB[39m[37m[2m | [22m[0m[39m
[37m[0m[92mruntime.js[39m[37m         [2m | [22mruntime[2m | [22m  [96m7.14 kB[39m[37m[2m | [22m[0m[39m
[37m[0m[0m[39m
[37m[0m3 unchanged chunks[0m[39m
[37m[0m[0m[39m
[37m[0mBuild at: [1m[37m2024-01-16T09:11:21.611Z[39m[37m[22m - Hash: [1m[37mcb192c6beab728e8[39m[37m[22m - Time: [1m[37m357[39m[37m[22mms[0m[39m
[37m[39m
[37m[92mâœ”[39m[37m Compiled successfully.[39m
[36mâ ‹[39m Generating browser application bundles...[2K[1G[36mâ ™[39m Generating browser application bundles (phase: building)...[2K[1G[36mâ ¹[39m Generating browser application bundles (phase: building)...[2K[1G[32mâœ”[39m Browser application bundle generation complete.
[37m[39m
[37m[0m[1mInitial Chunk Files[22m[2m | [22m[1mNames[22m  [2m | [22m [1mRaw Size[22m[0m[39m
[37m[0m[92mmain.js[39m[37m            [2m | [22mmain   [2m | [22m[96m452.11 kB[39m[37m[2m | [22m[0m[39m
[37m[0m[92mruntime.js[39m[37m         [2m | [22mruntime[2m | [22m  [96m7.14 kB[39m[37m[2m | [22m[0m[39m
[37m[0m[0m[39m
[37m[0m3 unchanged chunks[0m[39m
[37m[0m[0m[39m
[37m[0mBuild at: [1m[37m2024-01-16T09:43:53.325Z[39m[37m[22m - Hash: [1m[37me1b2a78de7d15e60[39m[37m[22m - Time: [1m[37m446[39m[37m[22mms[0m[39m
[1m[31m[39m[22m
[1m[31m[0m[91mError: [39m[31m[0m[96mapps/e-questrian/src/app/services/statements/statements.service.ts[0m:[93m32[0m:[93m17[0m - [91merror[0m[90m TS2551: [0mProperty 'creditNotesSer' does not exist on type 'StatementsService'. Did you mean 'creditNotes'?[39m[22m
[1m[31m[39m[22m
[1m[31m[7m32[0m     return this.creditNotesSer;[39m[22m
[1m[31m[7m  [0m [91m                ~~~~~~~~~~~~~~[0m[39m[22m
[1m[31m[39m[22m
[1m[31m  [96mapps/e-questrian/src/app/services/statements/statements.service.ts[0m:[93m31[0m:[93m7[0m[39m[22m
[1m[31m    [7m31[0m   get creditNotes(): Invoices {[39m[22m
[1m[31m    [7m  [0m [96m      ~~~~~~~~~~~[0m[39m[22m
[1m[31m    'creditNotes' is declared here.[39m[22m
[1m[31m[39m[22m
[1m[31m[39m[22m
[1m[31m[39m[22m
[37m[39m
[37m[91mâœ–[39m[37m Failed to compile.[39m
[36mâ ‹[39m Generating browser application bundles...[2K[1G[36mâ ™[39m Generating browser application bundles (phase: building)...[2K[1G[36mâ ¹[39m Generating browser application bundles (phase: sealing)...[2K[1G[32mâœ”[39m Browser application bundle generation complete.
[37m[39m
[37m[0m[1mInitial Chunk Files[22m[2m | [22m[1mNames[22m  [2m | [22m [1mRaw Size[22m[0m[39m
[37m[0m[92mmain.js[39m[37m            [2m | [22mmain   [2m | [22m[96m452.13 kB[39m[37m[2m | [22m[0m[39m
[37m[0m[92mruntime.js[39m[37m         [2m | [22mruntime[2m | [22m  [96m7.14 kB[39m[37m[2m | [22m[0m[39m
[37m[0m[0m[39m
[37m[0m3 unchanged chunks[0m[39m
[37m[0m[0m[39m
[37m[0mBuild at: [1m[37m2024-01-16T09:43:59.203Z[39m[37m[22m - Hash: [1m[37mc5e7cc88b7124894[39m[37m[22m - Time: [1m[37m271[39m[37m[22mms[0m[39m
[1m[31m[39m[22m
[1m[31m[0m[91mError: [39m[31m[0m[96mapps/e-questrian/src/app/services/statements/statements.service.ts[0m:[93m32[0m:[93m5[0m - [91merror[0m[90m TS2322: [0mType 'CreditNotes' is not assignable to type 'Invoices'.[39m[22m
[1m[31m  'number' index signatures are incompatible.[39m[22m
[1m[31m    Type 'CreditNoteDetails' is missing the following properties from type 'InvoiceDetails': appointments, voided[39m[22m
[1m[31m[39m[22m
[1m[31m[7m32[0m     return this.creditNotesService.creditNotesOnFile;[39m[22m
[1m[31m[7m  [0m [91m    ~~~~~~[0m[39m[22m
[1m[31m[39m[22m
[1m[31m[39m[22m
[1m[31m[39m[22m
[37m[39m
[37m[91mâœ–[39m[37m Failed to compile.[39m
[36mâ ‹[39m Generating browser application bundles...[2K[1G[36mâ ™[39m Generating browser application bundles (phase: building)...[2K[1G[36mâ ¹[39m Generating browser application bundles (phase: sealing)...[2K[1G[36mâ ¸[39m Generating browser application bundles (phase: emitting)...[2K[1G[32mâœ”[39m Browser application bundle generation complete.
[37m[39m
[37m[0m[1mInitial Chunk Files[22m[2m | [22m[1mNames[22m  [2m | [22m [1mRaw Size[22m[0m[39m
[37m[0m[92mmain.js[39m[37m            [2m | [22mmain   [2m | [22m[96m452.13 kB[39m[37m[2m | [22m[0m[39m
[37m[0m[92mruntime.js[39m[37m         [2m | [22mruntime[2m | [22m  [96m7.14 kB[39m[37m[2m | [22m[0m[39m
[37m[0m[0m[39m
[37m[0m3 unchanged chunks[0m[39m
[37m[0m[0m[39m
[37m[0mBuild at: [1m[37m2024-01-16T09:44:07.926Z[39m[37m[22m - Hash: [1m[37m2f1f58ad5b4eb763[39m[37m[22m - Time: [1m[37m338[39m[37m[22mms[0m[39m
[37m[39m
[37m[92mâœ”[39m[37m Compiled successfully.[39m
[36mâ ‹[39m Generating browser application bundles...[2K[1G[36mâ ™[39m Generating browser application bundles (phase: building)...[2K[1G[36mâ ¹[39m Generating browser application bundles (phase: sealing)...[2K[1G[32mâœ”[39m Browser application bundle generation complete.
[37m[39m
[37m[0m[1mInitial Chunk Files[22m[2m | [22m[1mNames[22m  [2m | [22m [1mRaw Size[22m[0m[39m
[37m[0m[92mmain.js[39m[37m            [2m | [22mmain   [2m | [22m[96m452.21 kB[39m[37m[2m | [22m[0m[39m
[37m[0m[92mruntime.js[39m[37m         [2m | [22mruntime[2m | [22m  [96m7.14 kB[39m[37m[2m | [22m[0m[39m
[37m[0m[0m[39m
[37m[0m3 unchanged chunks[0m[39m
[37m[0m[0m[39m
[37m[0mBuild at: [1m[37m2024-01-16T09:48:59.579Z[39m[37m[22m - Hash: [1m[37m53f5d201fd3da8c5[39m[37m[22m - Time: [1m[37m332[39m[37m[22mms[0m[39m
[1m[31m[39m[22m
[1m[31m[0m[91mError: [39m[31m[0m[96mapps/e-questrian/src/app/services/statements/statements.service.ts[0m:[93m32[0m:[93m7[0m - [91merror[0m[90m TS2300: [0mDuplicate identifier 'creditNotes'.[39m[22m
[1m[31m[39m[22m
[1m[31m[7m32[0m   get creditNotes(): CreditNotes {[39m[22m
[1m[31m[7m  [0m [91m      ~~~~~~~~~~~[0m[39m[22m
[1m[31m[39m[22m
[1m[31m[39m[22m
[1m[31m[0m[91mError: [39m[31m[0m[96mapps/e-questrian/src/app/services/statements/statements.service.ts[0m:[93m36[0m:[93m7[0m - [91merror[0m[90m TS2300: [0mDuplicate identifier 'creditNotes'.[39m[22m
[1m[31m[39m[22m
[1m[31m[7m36[0m   get creditNotes(): CreditNotes {[39m[22m
[1m[31m[7m  [0m [91m      ~~~~~~~~~~~[0m[39m[22m
[1m[31m[39m[22m
[1m[31m[39m[22m
[1m[31m[0m[91mError: [39m[31m[0m[96mapps/e-questrian/src/app/services/statements/statements.service.ts[0m:[93m36[0m:[93m7[0m - [91merror[0m[90m TS2300: [0mDuplicate identifier 'creditNotes'.[39m[22m
[1m[31m[39m[22m
[1m[31m[7m36[0m   get creditNotes(): CreditNotes {[39m[22m
[1m[31m[7m  [0m [91m      ~~~~~~~~~~~[0m[39m[22m
[1m[31m[39m[22m
[1m[31m[39m[22m
[1m[31m[39m[22m
[37m[39m
[37m[91mâœ–[39m[37m Failed to compile.[39m
[36mâ ‹[39m Generating browser application bundles...[2K[1G[36mâ ™[39m Generating browser application bundles (phase: building)...[2K[1G[36mâ ¹[39m Generating browser application bundles (phase: sealing)...[2K[1G[32mâœ”[39m Browser application bundle generation complete.
[37m[39m
[37m[0m[1mInitial Chunk Files[22m[2m | [22m[1mNames[22m  [2m | [22m [1mRaw Size[22m[0m[39m
[37m[0m[92mmain.js[39m[37m            [2m | [22mmain   [2m | [22m[96m452.20 kB[39m[37m[2m | [22m[0m[39m
[37m[0m[92mruntime.js[39m[37m         [2m | [22mruntime[2m | [22m  [96m7.14 kB[39m[37m[2m | [22m[0m[39m
[37m[0m[0m[39m
[37m[0m3 unchanged chunks[0m[39m
[37m[0m[0m[39m
[37m[0mBuild at: [1m[37m2024-01-16T09:49:14.835Z[39m[37m[22m - Hash: [1m[37m14369b3cdd764f6e[39m[37m[22m - Time: [1m[37m341[39m[37m[22mms[0m[39m
[1m[31m[39m[22m
[1m[31m[0m[91mError: [39m[31m[0m[96mapps/e-questrian/src/app/services/statements/statements.service.ts[0m:[93m38[0m:[93m5[0m - [91merror[0m[90m TS2740: [0mType 'Clients' is missing the following properties from type 'ClientDetail': displayName, firstName, lastName, email, and 3 more.[39m[22m
[1m[31m[39m[22m
[1m[31m[7m38[0m     return this.clientsService.clientsOnFile;[39m[22m
[1m[31m[7m  [0m [91m    ~~~~~~[0m[39m[22m
[1m[31m[39m[22m
[1m[31m[39m[22m
[1m[31m[39m[22m
[37m[39m
[37m[91mâœ–[39m[37m Failed to compile.[39m
[36mâ ‹[39m Generating browser application bundles...[2K[1G[36mâ ™[39m Generating browser application bundles (phase: building)...[2K[1G[36mâ ¹[39m Generating browser application bundles (phase: sealing)...[2K[1G[36mâ ¸[39m Generating browser application bundles (phase: emitting)...[2K[1G[32mâœ”[39m Browser application bundle generation complete.
[37m[39m
[37m[0m[1mInitial Chunk Files[22m[2m | [22m[1mNames[22m  [2m | [22m [1mRaw Size[22m[0m[39m
[37m[0m[92mmain.js[39m[37m            [2m | [22mmain   [2m | [22m[96m452.70 kB[39m[37m[2m | [22m[0m[39m
[37m[0m[92mruntime.js[39m[37m         [2m | [22mruntime[2m | [22m  [96m7.14 kB[39m[37m[2m | [22m[0m[39m
[37m[0m[0m[39m
[37m[0m3 unchanged chunks[0m[39m
[37m[0m[0m[39m
[37m[0mBuild at: [1m[37m2024-01-16T09:49:22.512Z[39m[37m[22m - Hash: [1m[37mdeb20e85ae5b80be[39m[37m[22m - Time: [1m[37m319[39m[37m[22mms[0m[39m
[37m[39m
[37m[92mâœ”[39m[37m Compiled successfully.[39m
[36mâ ‹[39m Generating browser application bundles...[2K[1G[36mâ ™[39m Generating browser application bundles (phase: building)...[2K[1G[36mâ ¹[39m Generating browser application bundles (phase: building)...[2K[1G[36mâ ¸[39m Generating browser application bundles (phase: emitting)...[2K[1G[32mâœ”[39m Browser application bundle generation complete.
[37m[39m
[37m[0m[1mInitial Chunk Files[22m[2m | [22m[1mNames[22m  [2m | [22m [1mRaw Size[22m[0m[39m
[37m[0m[92mmain.js[39m[37m            [2m | [22mmain   [2m | [22m[96m452.80 kB[39m[37m[2m | [22m[0m[39m
[37m[0m[92mruntime.js[39m[37m         [2m | [22mruntime[2m | [22m  [96m7.14 kB[39m[37m[2m | [22m[0m[39m
[37m[0m[0m[39m
[37m[0m3 unchanged chunks[0m[39m
[37m[0m[0m[39m
[37m[0mBuild at: [1m[37m2024-01-16T09:50:05.824Z[39m[37m[22m - Hash: [1m[37m6f44955bfb367e8b[39m[37m[22m - Time: [1m[37m378[39m[37m[22mms[0m[39m
[37m[39m
[37m[92mâœ”[39m[37m Compiled successfully.[39m
[36mâ ‹[39m Generating browser application bundles...[2K[1G[36mâ ™[39m Generating browser application bundles (phase: building)...[2K[1G[36mâ ¹[39m Generating browser application bundles (phase: sealing)...[2K[1G[32mâœ”[39m Browser application bundle generation complete.
[37m[39m
[37m[0m[1mInitial Chunk Files[22m[2m | [22m[1mNames[22m  [2m | [22m [1mRaw Size[22m[0m[39m
[37m[0m[92mmain.js[39m[37m            [2m | [22mmain   [2m | [22m[96m452.85 kB[39m[37m[2m | [22m[0m[39m
[37m[0m[92mruntime.js[39m[37m         [2m | [22mruntime[2m | [22m  [96m7.14 kB[39m[37m[2m | [22m[0m[39m
[37m[0m[0m[39m
[37m[0m3 unchanged chunks[0m[39m
[37m[0m[0m[39m
[37m[0mBuild at: [1m[37m2024-01-16T09:50:21.953Z[39m[37m[22m - Hash: [1m[37mbbead9623592da7d[39m[37m[22m - Time: [1m[37m293[39m[37m[22mms[0m[39m
[1m[31m[39m[22m
[1m[31m[0m[91mError: [39m[31m[0m[96mapps/e-questrian/src/app/services/statements/statements.service.ts[0m:[93m86[0m:[93m48[0m - [91merror[0m[90m TS2304: [0mCannot find name 'key'.[39m[22m
[1m[31m[39m[22m
[1m[31m[7m86[0m         const invoice = this.invoices[parseInt(key)];[39m[22m
[1m[31m[7m  [0m [91m                                               ~~~[0m[39m[22m
[1m[31m[39m[22m
[1m[31m[39m[22m
[1m[31m[39m[22m
[37m[39m
[37m[91mâœ–[39m[37m Failed to compile.[39m
[36mâ ‹[39m Generating browser application bundles...[2K[1G[36mâ ™[39m Generating browser application bundles (phase: building)...[2K[1G[36mâ ¹[39m Generating browser application bundles (phase: emitting)...[2K[1G[32mâœ”[39m Browser application bundle generation complete.
[37m[39m
[37m[0m[1mInitial Chunk Files[22m[2m | [22m[1mNames[22m  [2m | [22m [1mRaw Size[22m[0m[39m
[37m[0m[92mmain.js[39m[37m            [2m | [22mmain   [2m | [22m[96m452.86 kB[39m[37m[2m | [22m[0m[39m
[37m[0m[92mruntime.js[39m[37m         [2m | [22mruntime[2m | [22m  [96m7.14 kB[39m[37m[2m | [22m[0m[39m
[37m[0m[0m[39m
[37m[0m3 unchanged chunks[0m[39m
[37m[0m[0m[39m
[37m[0mBuild at: [1m[37m2024-01-16T09:50:26.251Z[39m[37m[22m - Hash: [1m[37m16e33c90a10ce8c6[39m[37m[22m - Time: [1m[37m283[39m[37m[22mms[0m[39m
[37m[39m
[37m[92mâœ”[39m[37m Compiled successfully.[39m
[36mâ ‹[39m Generating browser application bundles...[2K[1G[36mâ ™[39m Generating browser application bundles (phase: building)...[2K[1G[36mâ ¹[39m Generating browser application bundles (phase: sealing)...[2K[1G[32mâœ”[39m Browser application bundle generation complete.
[37m[39m
[37m[0m[1mInitial Chunk Files[22m[2m | [22m[1mNames[22m  [2m | [22m [1mRaw Size[22m[0m[39m
[37m[0m[92mmain.js[39m[37m            [2m | [22mmain   [2m | [22m[96m453.18 kB[39m[37m[2m | [22m[0m[39m
[37m[0m[92mruntime.js[39m[37m         [2m | [22mruntime[2m | [22m  [96m7.14 kB[39m[37m[2m | [22m[0m[39m
[37m[0m[0m[39m
[37m[0m3 unchanged chunks[0m[39m
[37m[0m[0m[39m
[37m[0mBuild at: [1m[37m2024-01-16T09:50:31.203Z[39m[37m[22m - Hash: [1m[37mc34a81d6fb03cf7d[39m[37m[22m - Time: [1m[37m271[39m[37m[22mms[0m[39m
[1m[31m[39m[22m
[1m[31m[0m[91mError: [39m[31m[0m[96mapps/e-questrian/src/app/services/statements/statements.service.ts[0m:[93m88[0m:[93m28[0m - [91merror[0m[90m TS2304: [0mCannot find name 'key'.[39m[22m
[1m[31m[39m[22m
[1m[31m[7m88[0m           number: parseInt(key),[39m[22m
[1m[31m[7m  [0m [91m                           ~~~[0m[39m[22m
[1m[31m[39m[22m
[1m[31m[39m[22m
[1m[31m[39m[22m
[37m[39m
[37m[91mâœ–[39m[37m Failed to compile.[39m
[36mâ ‹[39m Generating browser application bundles...[2K[1G[36mâ ™[39m Generating browser application bundles (phase: building)...[2K[1G[36mâ ¹[39m Generating browser application bundles (phase: sealing)...[2K[1G[32mâœ”[39m Browser application bundle generation complete.
[37m[39m
[37m[0m[1mInitial Chunk Files[22m[2m | [22m[1mNames[22m  [2m | [22m [1mRaw Size[22m[0m[39m
[37m[0m[92mmain.js[39m[37m            [2m | [22mmain   [2m | [22m[96m453.23 kB[39m[37m[2m | [22m[0m[39m
[37m[0m[92mruntime.js[39m[37m         [2m | [22mruntime[2m | [22m  [96m7.14 kB[39m[37m[2m | [22m[0m[39m
[37m[0m[0m[39m
[37m[0m3 unchanged chunks[0m[39m
[37m[0m[0m[39m
[37m[0mBuild at: [1m[37m2024-01-16T09:50:37.278Z[39m[37m[22m - Hash: [1m[37m708b94e43719c719[39m[37m[22m - Time: [1m[37m277[39m[37m[22mms[0m[39m
[1m[31m[39m[22m
[1m[31m[0m[91mError: [39m[31m[0m[96mapps/e-questrian/src/app/services/statements/statements.service.ts[0m:[93m88[0m:[93m28[0m - [91merror[0m[90m TS2304: [0mCannot find name 'key'.[39m[22m
[1m[31m[39m[22m
[1m[31m[7m88[0m           number: parseInt(key),[39m[22m
[1m[31m[7m  [0m [91m                           ~~~[0m[39m[22m
[1m[31m[39m[22m
[1m[31m[39m[22m
[1m[31m[39m[22m
[37m[39m
[37m[91mâœ–[39m[37m Failed to compile.[39m
[36mâ ‹[39m Generating browser application bundles...[2K[1G[36mâ ™[39m Generating browser application bundles (phase: building)...[2K[1G[36mâ ¹[39m Generating browser application bundles (phase: emitting)...[2K[1G[32mâœ”[39m Browser application bundle generation complete.
[37m[39m
[37m[0m[1mInitial Chunk Files[22m[2m | [22m[1mNames[22m  [2m | [22m [1mRaw Size[22m[0m[39m
[37m[0m[92mmain.js[39m[37m            [2m | [22mmain   [2m | [22m[96m453.24 kB[39m[37m[2m | [22m[0m[39m
[37m[0m[92mruntime.js[39m[37m         [2m | [22mruntime[2m | [22m  [96m7.14 kB[39m[37m[2m | [22m[0m[39m
[37m[0m[0m[39m
[37m[0m3 unchanged chunks[0m[39m
[37m[0m[0m[39m
[37m[0mBuild at: [1m[37m2024-01-16T09:50:42.200Z[39m[37m[22m - Hash: [1m[37m37e9328edf2bb931[39m[37m[22m - Time: [1m[37m266[39m[37m[22mms[0m[39m
[37m[39m
[37m[92mâœ”[39m[37m Compiled successfully.[39m
[36mâ ‹[39m Generating browser application bundles...[2K[1G[36mâ ™[39m Generating browser application bundles (phase: building)...[2K[1G[36mâ ¹[39m Generating browser application bundles (phase: emitting)...[2K[1G[32mâœ”[39m Browser application bundle generation complete.
[37m[39m
[37m[0m[1mInitial Chunk Files[22m[2m | [22m[1mNames[22m  [2m | [22m [1mRaw Size[22m[0m[39m
[37m[0m[92mmain.js[39m[37m            [2m | [22mmain   [2m | [22m[96m452.64 kB[39m[37m[2m | [22m[0m[39m
[37m[0m[92mruntime.js[39m[37m         [2m | [22mruntime[2m | [22m  [96m7.14 kB[39m[37m[2m | [22m[0m[39m
[37m[0m[0m[39m
[37m[0m3 unchanged chunks[0m[39m
[37m[0m[0m[39m
[37m[0mBuild at: [1m[37m2024-01-16T09:50:46.574Z[39m[37m[22m - Hash: [1m[37mac45e5408af7c9ee[39m[37m[22m - Time: [1m[37m259[39m[37m[22mms[0m[39m
[37m[39m
[37m[92mâœ”[39m[37m Compiled successfully.[39m
[36mâ ‹[39m Generating browser application bundles...[2K[1G[36mâ ™[39m Generating browser application bundles (phase: building)...[2K[1G[36mâ ¹[39m Generating browser application bundles (phase: sealing)...[2K[1G[36mâ ¸[39m Generating browser application bundles (phase: emitting)...[2K[1G[32mâœ”[39m Browser application bundle generation complete.
[37m[39m
[37m[0m[1mInitial Chunk Files[22m[2m | [22m[1mNames[22m  [2m | [22m [1mRaw Size[22m[0m[39m
[37m[0m[92mmain.js[39m[37m            [2m | [22mmain   [2m | [22m[96m453.16 kB[39m[37m[2m | [22m[0m[39m
[37m[0m[92mruntime.js[39m[37m         [2m | [22mruntime[2m | [22m  [96m7.14 kB[39m[37m[2m | [22m[0m[39m
[37m[0m[0m[39m
[37m[0m3 unchanged chunks[0m[39m
[37m[0m[0m[39m
[37m[0mBuild at: [1m[37m2024-01-16T09:51:39.006Z[39m[37m[22m - Hash: [1m[37m3d3c12d99259b3c9[39m[37m[22m - Time: [1m[37m291[39m[37m[22mms[0m[39m
[37m[39m
[37m[92mâœ”[39m[37m Compiled successfully.[39m
[36mâ ‹[39m Generating browser application bundles...[2K[1G[36mâ ™[39m Generating browser application bundles (phase: building)...[2K[1G[36mâ ¹[39m Generating browser application bundles (phase: sealing)...[2K[1G[36mâ ¸[39m Generating browser application bundles (phase: emitting)...[2K[1G[32mâœ”[39m Browser application bundle generation complete.
[37m[39m
[37m[0m[1mInitial Chunk Files[22m[2m | [22m[1mNames[22m  [2m | [22m [1mRaw Size[22m[0m[39m
[37m[0m[92mmain.js[39m[37m            [2m | [22mmain   [2m | [22m[96m452.62 kB[39m[37m[2m | [22m[0m[39m
[37m[0m[92mruntime.js[39m[37m         [2m | [22mruntime[2m | [22m  [96m7.14 kB[39m[37m[2m | [22m[0m[39m
[37m[0m[0m[39m
[37m[0m3 unchanged chunks[0m[39m
[37m[0m[0m[39m
[37m[0mBuild at: [1m[37m2024-01-16T09:51:48.179Z[39m[37m[22m - Hash: [1m[37m41a7dc677c8d9ada[39m[37m[22m - Time: [1m[37m358[39m[37m[22mms[0m[39m
[37m[39m
[37m[92mâœ”[39m[37m Compiled successfully.[39m
[36mâ ‹[39m Generating browser application bundles...[2K[1G[36mâ ™[39m Generating browser application bundles (phase: building)...[2K[1G[36mâ ¹[39m Generating browser application bundles (phase: building)...[2K[1G[32mâœ”[39m Browser application bundle generation complete.
[37m[39m
[37m[0m[1mInitial Chunk Files[22m[2m | [22m[1mNames[22m  [2m | [22m [1mRaw Size[22m[0m[39m
[37m[0m[92mmain.js[39m[37m            [2m | [22mmain   [2m | [22m[96m452.61 kB[39m[37m[2m | [22m[0m[39m
[37m[0m[92mruntime.js[39m[37m         [2m | [22mruntime[2m | [22m  [96m7.14 kB[39m[37m[2m | [22m[0m[39m
[37m[0m[0m[39m
[37m[0m3 unchanged chunks[0m[39m
[37m[0m[0m[39m
[37m[0mBuild at: [1m[37m2024-01-16T09:52:34.166Z[39m[37m[22m - Hash: [1m[37m731dd5ee335de36a[39m[37m[22m - Time: [1m[37m340[39m[37m[22mms[0m[39m
[1m[31m[39m[22m
[1m[31m[0m[91mError: [39m[31m[0m[96mapps/e-questrian/src/app/services/credit-notes/credit-notes.service.ts[0m:[93m38[0m:[93m7[0m - [91merror[0m[90m TS2322: [0mType '{ date: Date; invoice: number; clientID: number; }' is not assignable to type 'CreditNoteDetails'.[39m[22m
[1m[31m  Object literal may only specify known properties, and 'invoice' does not exist in type 'CreditNoteDetails'.[39m[22m
[1m[31m[39m[22m
[1m[31m[7m38[0m       invoice: appointmentID,[39m[22m
[1m[31m[7m  [0m [91m      ~~~~~~~[0m[39m[22m
[1m[31m[39m[22m
[1m[31m[39m[22m
[1m[31m[39m[22m
[37m[39m
[37m[91mâœ–[39m[37m Failed to compile.[39m
[36mâ ‹[39m Generating browser application bundles...[2K[1G[36mâ ™[39m Generating browser application bundles (phase: building)...[2K[1G[36mâ ¹[39m Generating browser application bundles (phase: building)...[2K[1G[36mâ ¸[39m Generating browser application bundles (phase: emitting)...[2K[1G[32mâœ”[39m Browser application bundle generation complete.
[37m[39m
[37m[0m[1mInitial Chunk Files[22m[2m | [22m[1mNames[22m  [2m | [22m [1mRaw Size[22m[0m[39m
[37m[0m[92mmain.js[39m[37m            [2m | [22mmain   [2m | [22m[96m452.61 kB[39m[37m[2m | [22m[0m[39m
[37m[0m[92mruntime.js[39m[37m         [2m | [22mruntime[2m | [22m  [96m7.14 kB[39m[37m[2m | [22m[0m[39m
[37m[0m[0m[39m
[37m[0m3 unchanged chunks[0m[39m
[37m[0m[0m[39m
[37m[0mBuild at: [1m[37m2024-01-16T09:52:34.529Z[39m[37m[22m - Hash: [1m[37mc96a91978d6918de[39m[37m[22m - Time: [1m[37m318[39m[37m[22mms[0m[39m
[37m[39m
[37m[92mâœ”[39m[37m Compiled successfully.[39m
[36mâ ‹[39m Generating browser application bundles...[2K[1G[36mâ ™[39m Generating browser application bundles (phase: building)...[2K[1G[32mâœ”[39m Browser application bundle generation complete.
[37m[39m
[37m[0m[1mInitial Chunk Files[22m[2m | [22m[1mNames[22m  [2m | [22m [1mRaw Size[22m[0m[39m
[37m[0m[92mmain.js[39m[37m            [2m | [22mmain   [2m | [22m[96m452.61 kB[39m[37m[2m | [22m[0m[39m
[37m[0m[92mruntime.js[39m[37m         [2m | [22mruntime[2m | [22m  [96m7.14 kB[39m[37m[2m | [22m[0m[39m
[37m[0m[0m[39m
[37m[0m3 unchanged chunks[0m[39m
[37m[0m[0m[39m
[37m[0mBuild at: [1m[37m2024-01-16T09:52:53.668Z[39m[37m[22m - Hash: [1m[37m81165b55933e64dd[39m[37m[22m - Time: [1m[37m305[39m[37m[22mms[0m[39m
[1m[31m[39m[22m
[1m[31m[0m[91mError: [39m[31m[0m[96mapps/e-questrian/src/app/services/credit-notes/credit-notes.service.ts[0m:[93m38[0m:[93m7[0m - [91merror[0m[90m TS2322: [0mType 'number' is not assignable to type 'number[]'.[39m[22m
[1m[31m[39m[22m
[1m[31m[7m38[0m       invoice: appointmentID,[39m[22m
[1m[31m[7m  [0m [91m      ~~~~~~~[0m[39m[22m
[1m[31m[39m[22m
[1m[31m  [96mapps/e-questrian/src/app/interfaces/credit-notes.interface.ts[0m:[93m7[0m:[93m3[0m[39m[22m
[1m[31m    [7m7[0m   invoice: number[];[39m[22m
[1m[31m    [7m [0m [96m  ~~~~~~~[0m[39m[22m
[1m[31m    The expected type comes from property 'invoice' which is declared here on type 'CreditNoteDetails'[39m[22m
[1m[31m[39m[22m
[1m[31m[39m[22m
[1m[31m[0m[91mError: [39m[31m[0m[96mapps/e-questrian/src/app/services/test-data/test-data.service.ts[0m:[93m248[0m:[93m9[0m - [91merror[0m[90m TS2322: [0mType 'number' is not assignable to type 'number[]'.[39m[22m
[1m[31m[39m[22m
[1m[31m[7m248[0m         invoice: 3,[39m[22m
[1m[31m[7m   [0m [91m        ~~~~~~~[0m[39m[22m
[1m[31m[39m[22m
[1m[31m  [96mapps/e-questrian/src/app/interfaces/credit-notes.interface.ts[0m:[93m7[0m:[93m3[0m[39m[22m
[1m[31m    [7m7[0m   invoice: number[];[39m[22m
[1m[31m    [7m [0m [96m  ~~~~~~~[0m[39m[22m
[1m[31m    The expected type comes from property 'invoice' which is declared here on type 'CreditNoteDetails'[39m[22m
[1m[31m[39m[22m
[1m[31m[39m[22m
[1m[31m[39m[22m
[37m[39m
[37m[91mâœ–[39m[37m Failed to compile.[39m
[36mâ ‹[39m Generating browser application bundles...[2K[1G[36mâ ™[39m Generating browser application bundles (phase: building)...[2K[1G[36mâ ¹[39m Generating browser application bundles (phase: sealing)...[2K[1G[32mâœ”[39m Browser application bundle generation complete.
[37m[39m
[37m[0m[1mInitial Chunk Files[22m[2m | [22m[1mNames[22m  [2m | [22m [1mRaw Size[22m[0m[39m
[37m[0m[92mmain.js[39m[37m            [2m | [22mmain   [2m | [22m[96m452.61 kB[39m[37m[2m | [22m[0m[39m
[37m[0m[92mruntime.js[39m[37m         [2m | [22mruntime[2m | [22m  [96m7.14 kB[39m[37m[2m | [22m[0m[39m
[37m[0m[0m[39m
[37m[0m3 unchanged chunks[0m[39m
[37m[0m[0m[39m
[37m[0mBuild at: [1m[37m2024-01-16T09:53:05.236Z[39m[37m[22m - Hash: [1m[37m87e693052a3f5e8f[39m[37m[22m - Time: [1m[37m291[39m[37m[22mms[0m[39m
[1m[31m[39m[22m
[1m[31m[0m[91mError: [39m[31m[0m[96mapps/e-questrian/src/app/services/test-data/test-data.service.ts[0m:[93m248[0m:[93m9[0m - [91merror[0m[90m TS2322: [0mType 'number' is not assignable to type 'number[]'.[39m[22m
[1m[31m[39m[22m
[1m[31m[7m248[0m         invoice: 3,[39m[22m
[1m[31m[7m   [0m [91m        ~~~~~~~[0m[39m[22m
[1m[31m[39m[22m
[1m[31m  [96mapps/e-questrian/src/app/interfaces/credit-notes.interface.ts[0m:[93m7[0m:[93m3[0m[39m[22m
[1m[31m    [7m7[0m   invoice: number[];[39m[22m
[1m[31m    [7m [0m [96m  ~~~~~~~[0m[39m[22m
[1m[31m    The expected type comes from property 'invoice' which is declared here on type 'CreditNoteDetails'[39m[22m
[1m[31m[39m[22m
[1m[31m[39m[22m
[1m[31m[39m[22m
[37m[39m
[37m[91mâœ–[39m[37m Failed to compile.[39m
[36mâ ‹[39m Generating browser application bundles...[2K[1G[36mâ ™[39m Generating browser application bundles (phase: building)...[2K[1G[36mâ ¹[39m Generating browser application bundles (phase: building)...[2K[1G[36mâ ¸[39m Generating browser application bundles (phase: building)...[2K[1G[36mâ ¼[39m Generating browser application bundles (phase: building)...[2K[1G[32mâœ”[39m Browser application bundle generation complete.
[37m[39m
[37m[0m[1mInitial Chunk Files[22m[2m | [22m[1mNames[22m  [2m | [22m [1mRaw Size[22m[0m[39m
[37m[0m[92mmain.js[39m[37m            [2m | [22mmain   [2m | [22m[96m452.66 kB[39m[37m[2m | [22m[0m[39m
[37m[0m[92mruntime.js[39m[37m         [2m | [22mruntime[2m | [22m  [96m7.14 kB[39m[37m[2m | [22m[0m[39m
[37m[0m[0m[39m
[37m[0m3 unchanged chunks[0m[39m
[37m[0m[0m[39m
[37m[0mBuild at: [1m[37m2024-01-16T09:53:35.488Z[39m[37m[22m - Hash: [1m[37m2abb509f7d73553c[39m[37m[22m - Time: [1m[37m594[39m[37m[22mms[0m[39m
[1m[31m[39m[22m
[1m[31m[0m[91mError: [39m[31m[0m[96mapps/e-questrian/src/app/services/test-data/test-data.service.ts[0m:[93m248[0m:[93m9[0m - [91merror[0m[90m TS2322: [0mType 'number' is not assignable to type 'number[]'.[39m[22m
[1m[31m[39m[22m
[1m[31m[7m248[0m         invoice: 3,[39m[22m
[1m[31m[7m   [0m [91m        ~~~~~~~[0m[39m[22m
[1m[31m[39m[22m
[1m[31m  [96mapps/e-questrian/src/app/interfaces/credit-notes.interface.ts[0m:[93m7[0m:[93m3[0m[39m[22m
[1m[31m    [7m7[0m   invoice: number[];[39m[22m
[1m[31m    [7m [0m [96m  ~~~~~~~[0m[39m[22m
[1m[31m    The expected type comes from property 'invoice' which is declared here on type 'CreditNoteDetails'[39m[22m
[1m[31m[39m[22m
[1m[31m[39m[22m
[1m[31m[39m[22m
[37m[39m
[37m[91mâœ–[39m[37m Failed to compile.[39m
[36mâ ‹[39m Generating browser application bundles...[2K[1G[36mâ ™[39m Generating browser application bundles (phase: building)...[2K[1G[32mâœ”[39m Browser application bundle generation complete.
[37m[39m
[37m[0m[1mInitial Chunk Files[22m[2m | [22m[1mNames[22m  [2m | [22m [1mRaw Size[22m[0m[39m
[37m[0m[92mmain.js[39m[37m            [2m | [22mmain   [2m | [22m[96m452.66 kB[39m[37m[2m | [22m[0m[39m
[37m[0m[92mruntime.js[39m[37m         [2m | [22mruntime[2m | [22m  [96m7.14 kB[39m[37m[2m | [22m[0m[39m
[37m[0m[0m[39m
[37m[0m3 unchanged chunks[0m[39m
[37m[0m[0m[39m
[37m[0mBuild at: [1m[37m2024-01-16T09:53:35.747Z[39m[37m[22m - Hash: [1m[37m2120319f37004409[39m[37m[22m - Time: [1m[37m201[39m[37m[22mms[0m[39m
[1m[31m[39m[22m
[1m[31m[0m[91mError: [39m[31m[0m[96mapps/e-questrian/src/app/services/test-data/test-data.service.ts[0m:[93m248[0m:[93m9[0m - [91merror[0m[90m TS2322: [0mType 'number' is not assignable to type 'number[]'.[39m[22m
[1m[31m[39m[22m
[1m[31m[7m248[0m         invoice: 3,[39m[22m
[1m[31m[7m   [0m [91m        ~~~~~~~[0m[39m[22m
[1m[31m[39m[22m
[1m[31m  [96mapps/e-questrian/src/app/interfaces/credit-notes.interface.ts[0m:[93m7[0m:[93m3[0m[39m[22m
[1m[31m    [7m7[0m   invoice: number[];[39m[22m
[1m[31m    [7m [0m [96m  ~~~~~~~[0m[39m[22m
[1m[31m    The expected type comes from property 'invoice' which is declared here on type 'CreditNoteDetails'[39m[22m
[1m[31m[39m[22m
[1m[31m[39m[22m
[1m[31m[39m[22m
[37m[39m
[37m[91mâœ–[39m[37m Failed to compile.[39m
[36mâ ‹[39m Generating browser application bundles...[2K[1G[36mâ ™[39m Generating browser application bundles (phase: building)...[2K[1G[36mâ ¹[39m Generating browser application bundles (phase: sealing)...[2K[1G[32mâœ”[39m Browser application bundle generation complete.
[37m[39m
[37m[0m[1mInitial Chunk Files[22m[2m | [22m[1mNames[22m  [2m | [22m [1mRaw Size[22m[0m[39m
[37m[0m[92mmain.js[39m[37m            [2m | [22mmain   [2m | [22m[96m459.24 kB[39m[37m[2m | [22m[0m[39m
[37m[0m[92mruntime.js[39m[37m         [2m | [22mruntime[2m | [22m  [96m7.14 kB[39m[37m[2m | [22m[0m[39m
[37m[0m[0m[39m
[37m[0m3 unchanged chunks[0m[39m
[37m[0m[0m[39m
[37m[0mBuild at: [1m[37m2024-01-16T09:54:27.334Z[39m[37m[22m - Hash: [1m[37mea774fd62afc4198[39m[37m[22m - Time: [1m[37m366[39m[37m[22mms[0m[39m
[1m[31m[39m[22m
[1m[31m[0m[36m./apps/e-questrian/src/app/services/credit-notes/credit-notes.service.ts[39m[31m[0m - [0m[91mError: [39m[31m[0mModule build failed (from ./node_modules/.pnpm/@angular-devkit+build-angular@16.2.11_@angular+compiler-cli@16.2.12_@types+node@16.11.7_jest-_ezws3eociu6xky35m6np2ps6gy/node_modules/@angular-devkit/build-angular/src/tools/babel/webpack-loader.js):[39m[22m
[1m[31mSyntaxError: /Users/rferreira/sigmafox/apps/e-questrian/src/app/services/credit-notes/credit-notes.service.ts: Missing initializer in const declaration. (26:27)[39m[22m
[1m[31m[39m[22m
[1m[31m[0m [90m 24 |[39m[31m         [36mconst[39m[31m clientDisplayName [33m=[39m[31m [36mthis[39m[31m[33m.[39m[31mappointments[appointmentID][33m.[39m[31mclient[33m?[39m[31m[33m.[39m[31mdisplayName [33m||[39m[31m [32m''[39m[31m[33m;[39m[31m[0m[39m[22m
[1m[31m[0m [90m 25 |[39m[31m         [36mconst[39m[31m clientID [33m=[39m[31m [36mthis[39m[31m[33m.[39m[31mclientsService[33m.[39m[31mgetClientIDFromDisplayName(clientDisplayName)[33m;[39m[31m[0m[39m[22m
[1m[31m[0m[31m[1m>[22m[1m[39m[31m[90m 26 |[39m[31m         [36mconst[39m[31m invoiceNumber[33m;[39m[31m[0m[39m[22m
[1m[31m[0m [90m    |[39m[31m                            [31m[1m^[22m[1m[39m[31m[0m[39m[22m
[1m[31m[0m [90m 27 |[39m[31m         [36mthis[39m[31m[33m.[39m[31mcreditNotes[cnNumber] [33m=[39m[31m {[0m[39m[22m
[1m[31m[0m [90m 28 |[39m[31m             date[33m:[39m[31m [36mnew[39m[31m [33mDate[39m[31m([36mnew[39m[31m [33mDate[39m[31m()[33m.[39m[31msetHours([35m0[39m[31m[33m,[39m[31m [35m0[39m[31m[33m,[39m[31m [35m0[39m[31m[33m,[39m[31m [35m0[39m[31m))[33m,[39m[31m[0m[39m[22m
[1m[31m[0m [90m 29 |[39m[31m             invoice[33m:[39m[31m [appointmentID][33m,[39m[31m[0m[39m[22m
[1m[31m[39m[22m
[1m[31m[0m[91mError: [39m[31m[0m[96mapps/e-questrian/src/app/services/credit-notes/credit-notes.service.ts[0m:[93m42[0m:[93m11[0m - [91merror[0m[90m TS1155: [0m'const' declarations must be initialized.[39m[22m
[1m[31m[39m[22m
[1m[31m[7m42[0m     const invoiceNumber;[39m[22m
[1m[31m[7m  [0m [91m          ~~~~~~~~~~~~~[0m[39m[22m
[1m[31m[39m[22m
[1m[31m[39m[22m
[1m[31m[0m[91mError: [39m[31m[0m[96mapps/e-questrian/src/app/services/credit-notes/credit-notes.service.ts[0m:[93m42[0m:[93m11[0m - [91merror[0m[90m TS7005: [0mVariable 'invoiceNumber' implicitly has an 'any' type.[39m[22m
[1m[31m[39m[22m[1m[31m[39m[22m
[1m[31m[7m42[0m     const invoiceNumber;[39m[22m
[1m[31m[7m  [0m [91m          ~~~~~~~~~~~~~[0m[39m[22m
[1m[31m[39m[22m
[1m[31m[39m[22m
[1m[31m[0m[91mError: [39m[31m[0m[96mapps/e-questrian/src/app/services/test-data/test-data.service.ts[0m:[93m248[0m:[93m9[0m - [91merror[0m[90m TS2322: [0mType 'number' is not assignable to type 'number[]'.[39m[22m
[1m[31m[39m[22m
[1m[31m[7m248[0m         invoice: 3,[39m[22m
[1m[31m[7m   [0m [91m        ~~~~~~~[0m[39m[22m
[1m[31m[39m[22m
[1m[31m  [96mapps/e-questrian/src/app/interfaces/credit-notes.interface.ts[0m:[93m7[0m:[93m3[0m[39m[22m
[1m[31m    [7m7[0m   invoice: number[];[39m[22m
[1m[31m    [7m [0m [96m  ~~~~~~~[0m[39m[22m
[1m[31m    The expected type comes from property 'invoice' which is declared here on type 'CreditNoteDetails'[39m[22m
[1m[31m[39m[22m
[1m[31m[39m[22m
[1m[31m[39m[22m
[37m[39m
[37m[91mâœ–[39m[37m Failed to compile.[39m
[36mâ ‹[39m Generating browser application bundles...[2K[1G[36mâ ™[39m Generating browser application bundles (phase: building)...[2K[1G[36mâ ¹[39m Generating browser application bundles (phase: sealing)...[2K[1G[32mâœ”[39m Browser application bundle generation complete.
[37m[39m
[37m[0m[1mInitial Chunk Files[22m[2m | [22m[1mNames[22m  [2m | [22m [1mRaw Size[22m[0m[39m
[37m[0m[92mmain.js[39m[37m            [2m | [22mmain   [2m | [22m[96m453.04 kB[39m[37m[2m | [22m[0m[39m
[37m[0m[92mruntime.js[39m[37m         [2m | [22mruntime[2m | [22m  [96m7.14 kB[39m[37m[2m | [22m[0m[39m
[37m[0m[0m[39m
[37m[0m3 unchanged chunks[0m[39m
[37m[0m[0m[39m
[37m[0mBuild at: [1m[37m2024-01-16T09:54:49.655Z[39m[37m[22m - Hash: [1m[37m401b5e5fbc072447[39m[37m[22m - Time: [1m[37m285[39m[37m[22mms[0m[39m
[1m[31m[39m[22m
[1m[31m[0m[91mError: [39m[31m[0m[96mapps/e-questrian/src/app/services/test-data/test-data.service.ts[0m:[93m248[0m:[93m9[0m - [91merror[0m[90m TS2322: [0mType 'number' is not assignable to type 'number[]'.[39m[22m
[1m[31m[39m[22m
[1m[31m[7m248[0m         invoice: 3,[39m[22m
[1m[31m[7m   [0m [91m        ~~~~~~~[0m[39m[22m
[1m[31m[39m[22m
[1m[31m  [96mapps/e-questrian/src/app/interfaces/credit-notes.interface.ts[0m:[93m7[0m:[93m3[0m[39m[22m
[1m[31m    [7m7[0m   invoice: number[];[39m[22m
[1m[31m    [7m [0m [96m  ~~~~~~~[0m[39m[22m
[1m[31m    The expected type comes from property 'invoice' which is declared here on type 'CreditNoteDetails'[39m[22m
[1m[31m[39m[22m
[1m[31m[39m[22m
[1m[31m[39m[22m
[37m[39m
[37m[91mâœ–[39m[37m Failed to compile.[39m
[36mâ ‹[39m Generating browser application bundles...[2K[1G[36mâ ™[39m Generating browser application bundles (phase: building)...[2K[1G[36mâ ¹[39m Generating browser application bundles (phase: sealing)...[2K[1G[32mâœ”[39m Browser application bundle generation complete.
[37m[39m
[37m[0m[1mInitial Chunk Files[22m[2m | [22m[1mNames[22m  [2m | [22m [1mRaw Size[22m[0m[39m
[37m[0m[92mmain.js[39m[37m            [2m | [22mmain   [2m | [22m[96m453.03 kB[39m[37m[2m | [22m[0m[39m
[37m[0m[92mruntime.js[39m[37m         [2m | [22mruntime[2m | [22m  [96m7.14 kB[39m[37m[2m | [22m[0m[39m
[37m[0m[0m[39m
[37m[0m3 unchanged chunks[0m[39m
[37m[0m[0m[39m
[37m[0mBuild at: [1m[37m2024-01-16T09:55:28.278Z[39m[37m[22m - Hash: [1m[37m6b33ab43f62d5ff1[39m[37m[22m - Time: [1m[37m330[39m[37m[22mms[0m[39m
[1m[31m[39m[22m
[1m[31m[0m[91mError: [39m[31m[0m[96mapps/e-questrian/src/app/services/test-data/test-data.service.ts[0m:[93m248[0m:[93m9[0m - [91merror[0m[90m TS2322: [0mType 'number' is not assignable to type 'number[]'.[39m[22m
[1m[31m[39m[22m
[1m[31m[7m248[0m         invoice: 3,[39m[22m
[1m[31m[7m   [0m [91m        ~~~~~~~[0m[39m[22m
[1m[31m[39m[22m
[1m[31m  [96mapps/e-questrian/src/app/interfaces/credit-notes.interface.ts[0m:[93m7[0m:[93m3[0m[39m[22m
[1m[31m    [7m7[0m   invoice: number[];[39m[22m
[1m[31m    [7m [0m [96m  ~~~~~~~[0m[39m[22m
[1m[31m    The expected type comes from property 'invoice' which is declared here on type 'CreditNoteDetails'[39m[22m
[1m[31m[39m[22m
[1m[31m[39m[22m
[1m[31m[39m[22m
[37m[39m
[37m[91mâœ–[39m[37m Failed to compile.[39m
[36mâ ‹[39m Generating browser application bundles...[2K[1G[36mâ ™[39m Generating browser application bundles (phase: building)...[2K[1G[36mâ ¹[39m Generating browser application bundles (phase: sealing)...[2K[1G[32mâœ”[39m Browser application bundle generation complete.
[37m[39m
[37m[0m[1mInitial Chunk Files[22m[2m | [22m[1mNames[22m  [2m | [22m [1mRaw Size[22m[0m[39m
[37m[0m[92mmain.js[39m[37m            [2m | [22mmain   [2m | [22m[96m452.66 kB[39m[37m[2m | [22m[0m[39m
[37m[0m[92mruntime.js[39m[37m         [2m | [22mruntime[2m | [22m  [96m7.14 kB[39m[37m[2m | [22m[0m[39m
[37m[0m[0m[39m
[37m[0m3 unchanged chunks[0m[39m
[37m[0m[0m[39m
[37m[0mBuild at: [1m[37m2024-01-16T09:56:13.454Z[39m[37m[22m - Hash: [1m[37m582e0f9e456f9467[39m[37m[22m - Time: [1m[37m278[39m[37m[22mms[0m[39m
[1m[31m[39m[22m
[1m[31m[0m[91mError: [39m[31m[0m[96mapps/e-questrian/src/app/services/test-data/test-data.service.ts[0m:[93m248[0m:[93m9[0m - [91merror[0m[90m TS2322: [0mType 'number' is not assignable to type 'number[]'.[39m[22m
[1m[31m[39m[22m
[1m[31m[7m248[0m         invoice: 3,[39m[22m
[1m[31m[7m   [0m [91m        ~~~~~~~[0m[39m[22m
[1m[31m[39m[22m
[1m[31m  [96mapps/e-questrian/src/app/interfaces/credit-notes.interface.ts[0m:[93m7[0m:[93m3[0m[39m[22m
[1m[31m    [7m7[0m   invoice: number[];[39m[22m
[1m[31m    [7m [0m [96m  ~~~~~~~[0m[39m[22m
[1m[31m    The expected type comes from property 'invoice' which is declared here on type 'CreditNoteDetails'[39m[22m
[1m[31m[39m[22m
[1m[31m[39m[22m
[1m[31m[39m[22m
[37m[39m
[37m[91mâœ–[39m[37m Failed to compile.[39m
[36mâ ‹[39m Generating browser application bundles...[2K[1G[36mâ ™[39m Generating browser application bundles (phase: building)...[2K[1G[32mâœ”[39m Browser application bundle generation complete.
[37m[39m
[37m[0m[1mInitial Chunk Files[22m[2m | [22m[1mNames[22m  [2m | [22m [1mRaw Size[22m[0m[39m
[37m[0m[92mmain.js[39m[37m            [2m | [22mmain   [2m | [22m[96m452.68 kB[39m[37m[2m | [22m[0m[39m
[37m[0m[92mruntime.js[39m[37m         [2m | [22mruntime[2m | [22m  [96m7.14 kB[39m[37m[2m | [22m[0m[39m
[37m[0m[0m[39m
[37m[0m3 unchanged chunks[0m[39m
[37m[0m[0m[39m
[37m[0mBuild at: [1m[37m2024-01-16T09:56:27.334Z[39m[37m[22m - Hash: [1m[37m3b448420c0b8dd33[39m[37m[22m - Time: [1m[37m209[39m[37m[22mms[0m[39m
[1m[31m[39m[22m
[1m[31m[0m[91mError: [39m[31m[0m[96mapps/e-questrian/src/app/services/test-data/test-data.service.ts[0m:[93m248[0m:[93m9[0m - [91merror[0m[90m TS2322: [0mType 'number' is not assignable to type 'number[]'.[39m[22m
[1m[31m[39m[22m
[1m[31m[7m248[0m         invoice: 3,[39m[22m
[1m[31m[7m   [0m [91m        ~~~~~~~[0m[39m[22m
[1m[31m[39m[22m
[1m[31m  [96mapps/e-questrian/src/app/interfaces/credit-notes.interface.ts[0m:[93m7[0m:[93m3[0m[39m[22m
[1m[31m    [7m7[0m   invoice: number[];[39m[22m
[1m[31m    [7m [0m [96m  ~~~~~~~[0m[39m[22m
[1m[31m    The expected type comes from property 'invoice' which is declared here on type 'CreditNoteDetails'[39m[22m
[1m[31m[39m[22m
[1m[31m[39m[22m
[1m[31m[39m[22m
[37m[39m
[37m[91mâœ–[39m[37m Failed to compile.[39m
[36mâ ‹[39m Generating browser application bundles...[2K[1G[36mâ ™[39m Generating browser application bundles (phase: building)...[2K[1G[36mâ ¹[39m Generating browser application bundles (phase: building)...[2K[1G[36mâ ¸[39m Generating browser application bundles (phase: sealing)...[2K[1G[36mâ ¼[39m Generating browser application bundles (phase: emitting)...[2K[1G[32mâœ”[39m Browser application bundle generation complete.
[37m[39m
[37m[0m[1mInitial Chunk Files[22m[2m | [22m[1mNames[22m  [2m | [22m [1mRaw Size[22m[0m[39m
[37m[0m[92mmain.js[39m[37m            [2m | [22mmain   [2m | [22m[96m452.68 kB[39m[37m[2m | [22m[0m[39m
[37m[0m[92mruntime.js[39m[37m         [2m | [22mruntime[2m | [22m  [96m7.14 kB[39m[37m[2m | [22m[0m[39m
[37m[0m[0m[39m
[37m[0m3 unchanged chunks[0m[39m
[37m[0m[0m[39m
[37m[0mBuild at: [1m[37m2024-01-16T10:05:50.563Z[39m[37m[22m - Hash: [1m[37m2efaf6707d57ecaf[39m[37m[22m - Time: [1m[37m454[39m[37m[22mms[0m[39m
[37m[39m
[37m[92mâœ”[39m[37m Compiled successfully.[39m
[36mâ ‹[39m Generating browser application bundles...[2K[1G[36mâ ™[39m Generating browser application bundles (phase: building)...[2K[1G[36mâ ¹[39m Generating browser application bundles (phase: building)...[2K[1G[36mâ ¸[39m Generating browser application bundles (phase: sealing)...[2K[1G[36mâ ¼[39m Generating browser application bundles (phase: emitting)...[2K[1G[32mâœ”[39m Browser application bundle generation complete.
[37m[39m
[37m[0m[1mInitial Chunk Files[22m[2m | [22m[1mNames[22m  [2m | [22m [1mRaw Size[22m[0m[39m
[37m[0m[92mmain.js[39m[37m            [2m | [22mmain   [2m | [22m[96m452.68 kB[39m[37m[2m | [22m[0m[39m
[37m[0m[92mruntime.js[39m[37m         [2m | [22mruntime[2m | [22m  [96m7.14 kB[39m[37m[2m | [22m[0m[39m
[37m[0m[0m[39m
[37m[0m3 unchanged chunks[0m[39m
[37m[0m[0m[39m
[37m[0mBuild at: [1m[37m2024-01-16T10:13:57.696Z[39m[37m[22m - Hash: [1m[37m68c40dc39cfce8c2[39m[37m[22m - Time: [1m[37m418[39m[37m[22mms[0m[39m
[37m[39m
[37m[92mâœ”[39m[37m Compiled successfully.[39m
[36mâ ‹[39m Generating browser application bundles...[2K[1G[36mâ ™[39m Generating browser application bundles (phase: building)...[2K[1G[36mâ ¹[39m Generating browser application bundles (phase: emitting)...[2K[1G[32mâœ”[39m Browser application bundle generation complete.
[37m[39m
[37m[0m[1mInitial Chunk Files[22m[2m | [22m[1mNames[22m  [2m | [22m [1mRaw Size[22m[0m[39m
[37m[0m[92mmain.js[39m[37m            [2m | [22mmain   [2m | [22m[96m452.17 kB[39m[37m[2m | [22m[0m[39m
[37m[0m[92mruntime.js[39m[37m         [2m | [22mruntime[2m | [22m  [96m7.14 kB[39m[37m[2m | [22m[0m[39m
[37m[0m[0m[39m
[37m[0m3 unchanged chunks[0m[39m
[37m[0m[0m[39m
[37m[0mBuild at: [1m[37m2024-01-16T10:14:01.934Z[39m[37m[22m - Hash: [1m[37m4bcb62da602d88fd[39m[37m[22m - Time: [1m[37m283[39m[37m[22mms[0m[39m
[37m[39m
[37m[92mâœ”[39m[37m Compiled successfully.[39m
[36mâ ‹[39m Generating browser application bundles...[2K[1G[36mâ ™[39m Generating browser application bundles (phase: building)...[2K[1G[36mâ ¹[39m Generating browser application bundles (phase: building)...[2K[1G[36mâ ¸[39m Generating browser application bundles (phase: building)...[2K[1G[36mâ ¼[39m Generating browser application bundles (phase: emitting)...[2K[1G[32mâœ”[39m Browser application bundle generation complete.
[37m[39m
[37m[0m[1mInitial Chunk Files[22m[2m | [22m[1mNames[22m  [2m | [22m [1mRaw Size[22m[0m[39m
[37m[0m[92mmain.js[39m[37m            [2m | [22mmain   [2m | [22m[96m452.24 kB[39m[37m[2m | [22m[0m[39m
[37m[0m[92mruntime.js[39m[37m         [2m | [22mruntime[2m | [22m  [96m7.14 kB[39m[37m[2m | [22m[0m[39m
[37m[0m[0m[39m
[37m[0m3 unchanged chunks[0m[39m
[37m[0m[0m[39m
[37m[0mBuild at: [1m[37m2024-01-16T10:14:45.564Z[39m[37m[22m - Hash: [1m[37m36d7c64a3b94b23c[39m[37m[22m - Time: [1m[37m614[39m[37m[22mms[0m[39m
[37m[39m
[37m[92mâœ”[39m[37m Compiled successfully.[39m
[36mâ ‹[39m Generating browser application bundles...[2K[1G[36mâ ™[39m Generating browser application bundles (phase: building)...[2K[1G[36mâ ¹[39m Generating browser application bundles (phase: sealing)...[2K[1G[32mâœ”[39m Browser application bundle generation complete.
[37m[39m
[37m[0m[1mInitial Chunk Files[22m[2m | [22m[1mNames[22m  [2m | [22m [1mRaw Size[22m[0m[39m
[37m[0m[92mmain.js[39m[37m            [2m | [22mmain   [2m | [22m[96m452.82 kB[39m[37m[2m | [22m[0m[39m
[37m[0m[92mruntime.js[39m[37m         [2m | [22mruntime[2m | [22m  [96m7.14 kB[39m[37m[2m | [22m[0m[39m
[37m[0m[0m[39m
[37m[0m3 unchanged chunks[0m[39m
[37m[0m[0m[39m
[37m[0mBuild at: [1m[37m2024-01-16T10:14:53.901Z[39m[37m[22m - Hash: [1m[37m80d61aefd6615c20[39m[37m[22m - Time: [1m[37m294[39m[37m[22mms[0m[39m
[1m[31m[39m[22m
[1m[31m[0m[91mError: [39m[31m[0m[96mapps/e-questrian/src/app/services/statements/statements.service.ts[0m:[93m100[0m:[93m11[0m - [91merror[0m[90m TS2393: [0mDuplicate function implementation.[39m[22m
[1m[31m[39m[22m
[1m[31m[7m100[0m   private getAllPaymentsForClient([39m[22m
[1m[31m[7m   [0m [91m          ~~~~~~~~~~~~~~~~~~~~~~~[0m[39m[22m
[1m[31m[39m[22m
[1m[31m[39m[22m
[1m[31m[0m[91mError: [39m[31m[0m[96mapps/e-questrian/src/app/services/statements/statements.service.ts[0m:[93m120[0m:[93m11[0m - [91merror[0m[90m TS2393: [0mDuplicate function implementation.[39m[22m
[1m[31m[39m[22m
[1m[31m[7m120[0m   private getAllPaymentsForClient([39m[22m
[1m[31m[7m   [0m [91m          ~~~~~~~~~~~~~~~~~~~~~~~[0m[39m[22m
[1m[31m[39m[22m
[1m[31m[39m[22m
[1m[31m[39m[22m
[37m[39m
[37m[91mâœ–[39m[37m Failed to compile.[39m
[36mâ ‹[39m Generating browser application bundles...[2K[1G[36mâ ™[39m Generating browser application bundles (phase: building)...[2K[1G[32mâœ”[39m Browser application bundle generation complete.
[37m[39m
[37m[0m[1mInitial Chunk Files[22m[2m | [22m[1mNames[22m  [2m | [22m [1mRaw Size[22m[0m[39m
[37m[0m[92mmain.js[39m[37m            [2m | [22mmain   [2m | [22m[96m452.83 kB[39m[37m[2m | [22m[0m[39m
[37m[0m[92mruntime.js[39m[37m         [2m | [22mruntime[2m | [22m  [96m7.14 kB[39m[37m[2m | [22m[0m[39m
[37m[0m[0m[39m
[37m[0m3 unchanged chunks[0m[39m
[37m[0m[0m[39m
[37m[0mBuild at: [1m[37m2024-01-16T10:15:11.950Z[39m[37m[22m - Hash: [1m[37m5f99d1f73d90cdb2[39m[37m[22m - Time: [1m[37m270[39m[37m[22mms[0m[39m
[1m[31m[39m[22m
[1m[31m[0m[91mError: [39m[31m[0m[96mapps/e-questrian/src/app/services/statements/statements.service.ts[0m:[93m126[0m:[93m48[0m - [91merror[0m[90m TS2304: [0mCannot find name 'paymentNumber'.[39m[22m
[1m[31m[39m[22m
[1m[31m[7m126[0m         const payment = this.payments[parseInt(paymentNumber)];[39m[22m
[1m[31m[7m   [0m [91m                                               ~~~~~~~~~~~~~[0m[39m[22m
[1m[31m[39m[22m
[1m[31m[39m[22m
[1m[31m[0m[91mError: [39m[31m[0m[96mapps/e-questrian/src/app/services/statements/statements.service.ts[0m:[93m128[0m:[93m28[0m - [91merror[0m[90m TS2304: [0mCannot find name 'paymentNumber'.[39m[22m
[1m[31m[39m[22m
[1m[31m[7m128[0m           number: parseInt(paymentNumber),[39m[22m
[1m[31m[7m   [0m [91m                           ~~~~~~~~~~~~~[0m[39m[22m
[1m[31m[39m[22m
[1m[31m[39m[22m
[1m[31m[39m[22m
[37m[39m
[37m[91mâœ–[39m[37m Failed to compile.[39m
[36mâ ‹[39m Generating browser application bundles...[2K[1G[36mâ ™[39m Generating browser application bundles (phase: building)...[2K[1G[32mâœ”[39m Browser application bundle generation complete.
[37m[39m
[37m[0m[1mInitial Chunk Files[22m[2m | [22m[1mNames[22m  [2m | [22m [1mRaw Size[22m[0m[39m
[37m[0m[92mmain.js[39m[37m            [2m | [22mmain   [2m | [22m[96m452.83 kB[39m[37m[2m | [22m[0m[39m
[37m[0m[92mruntime.js[39m[37m         [2m | [22mruntime[2m | [22m  [96m7.14 kB[39m[37m[2m | [22m[0m[39m
[37m[0m[0m[39m
[37m[0m3 unchanged chunks[0m[39m
[37m[0m[0m[39m
[37m[0mBuild at: [1m[37m2024-01-16T10:15:15.250Z[39m[37m[22m - Hash: [1m[37m327229b26d00ea66[39m[37m[22m - Time: [1m[37m215[39m[37m[22mms[0m[39m
[1m[31m[39m[22m
[1m[31m[0m[91mError: [39m[31m[0m[96mapps/e-questrian/src/app/services/statements/statements.service.ts[0m:[93m128[0m:[93m28[0m - [91merror[0m[90m TS2304: [0mCannot find name 'paymentNumber'.[39m[22m
[1m[31m[39m[22m
[1m[31m[7m128[0m           number: parseInt(paymentNumber),[39m[22m
[1m[31m[7m   [0m [91m                           ~~~~~~~~~~~~~[0m[39m[22m
[1m[31m[39m[22m
[1m[31m[39m[22m
[1m[31m[39m[22m
[37m[39m
[37m[91mâœ–[39m[37m Failed to compile.[39m
[36mâ ‹[39m Generating browser application bundles...[2K[1G[36mâ ™[39m Generating browser application bundles (phase: building)...[2K[1G[36mâ ¹[39m Generating browser application bundles (phase: sealing)...[2K[1G[32mâœ”[39m Browser application bundle generation complete.
[37m[39m
[37m[0m[1mInitial Chunk Files[22m[2m | [22m[1mNames[22m  [2m | [22m [1mRaw Size[22m[0m[39m
[37m[0m[92mmain.js[39m[37m            [2m | [22mmain   [2m | [22m[96m452.84 kB[39m[37m[2m | [22m[0m[39m
[37m[0m[92mruntime.js[39m[37m         [2m | [22mruntime[2m | [22m  [96m7.14 kB[39m[37m[2m | [22m[0m[39m
[37m[0m[0m[39m
[37m[0m3 unchanged chunks[0m[39m
[37m[0m[0m[39m
[37m[0mBuild at: [1m[37m2024-01-16T10:15:24.437Z[39m[37m[22m - Hash: [1m[37m32abd1da48df7e67[39m[37m[22m - Time: [1m[37m317[39m[37m[22mms[0m[39m
[1m[31m[39m[22m
[1m[31m[0m[91mError: [39m[31m[0m[96mapps/e-questrian/src/app/services/statements/statements.service.ts[0m:[93m129[0m:[93m26[0m - [91merror[0m[90m TS2304: [0mCannot find name 'payment'.[39m[22m
[1m[31m[39m[22m
[1m[31m[7m129[0m           date: new Date(payment.date),[39m[22m
[1m[31m[7m   [0m [91m                         ~~~~~~~[0m[39m[22m
[1m[31m[39m[22m
[1m[31m[39m[22m
[1m[31m[0m[91mError: [39m[31m[0m[96mapps/e-questrian/src/app/services/statements/statements.service.ts[0m:[93m131[0m:[93m20[0m - [91merror[0m[90m TS2304: [0mCannot find name 'payment'.[39m[22m
[1m[31m[39m[22m
[1m[31m[7m131[0m           amount: -payment.amount as number,[39m[22m
[1m[31m[7m   [0m [91m                   ~~~~~~~[0m[39m[22m
[1m[31m[39m[22m
[1m[31m[39m[22m
[1m[31m[0m[91mError: [39m[31m[0m[96mapps/e-questrian/src/app/services/statements/statements.service.ts[0m:[93m133[0m:[93m19[0m - [91merror[0m[90m TS2304: [0mCannot find name 'payment'.[39m[22m
[1m[31m[39m[22m
[1m[31m[7m133[0m           voided: payment.voided,[39m[22m
[1m[31m[7m   [0m [91m                  ~~~~~~~[0m[39m[22m
[1m[31m[39m[22m
[1m[31m[39m[22m
[1m[31m[39m[22m
[37m[39m
[37m[91mâœ–[39m[37m Failed to compile.[39m
[36mâ ‹[39m Generating browser application bundles...[2K[1G[36mâ ™[39m Generating browser application bundles (phase: building)...[2K[1G[36mâ ¹[39m Generating browser application bundles (phase: sealing)...[2K[1G[32mâœ”[39m Browser application bundle generation complete.
[37m[39m
[37m[0m[1mInitial Chunk Files[22m[2m | [22m[1mNames[22m  [2m | [22m [1mRaw Size[22m[0m[39m
[37m[0m[92mmain.js[39m[37m            [2m | [22mmain   [2m | [22m[96m452.84 kB[39m[37m[2m | [22m[0m[39m
[37m[0m[92mruntime.js[39m[37m         [2m | [22mruntime[2m | [22m  [96m7.14 kB[39m[37m[2m | [22m[0m[39m
[37m[0m[0m[39m
[37m[0m3 unchanged chunks[0m[39m
[37m[0m[0m[39m
[37m[0mBuild at: [1m[37m2024-01-16T10:15:50.638Z[39m[37m[22m - Hash: [1m[37m5a8a72cb131d7c7b[39m[37m[22m - Time: [1m[37m294[39m[37m[22mms[0m[39m
[1m[31m[39m[22m
[1m[31m[0m[91mError: [39m[31m[0m[96mapps/e-questrian/src/app/services/statements/statements.service.ts[0m:[93m131[0m:[93m31[0m - [91merror[0m[90m TS2339: [0mProperty 'amount' does not exist on type 'CreditNoteDetails'.[39m[22m
[1m[31m[39m[22m
[1m[31m[7m131[0m           amount: -creditNote.amount as number,[39m[22m
[1m[31m[7m   [0m [91m                              ~~~~~~[0m[39m[22m
[1m[31m[39m[22m
[1m[31m[39m[22m
[1m[31m[0m[91mError: [39m[31m[0m[96mapps/e-questrian/src/app/services/statements/statements.service.ts[0m:[93m133[0m:[93m19[0m - [91merror[0m[90m TS2304: [0mCannot find name 'payment'.[39m[22m
[1m[31m[39m[22m
[1m[31m[7m133[0m           voided: payment.voided,[39m[22m
[1m[31m[7m   [0m [91m                  ~~~~~~~[0m[39m[22m
[1m[31m[39m[22m
[1m[31m[39m[22m
[1m[31m[39m[22m
[37m[39m
[37m[91mâœ–[39m[37m Failed to compile.[39m
[36mâ ‹[39m Generating browser application bundles...[2K[1G[36mâ ™[39m Generating browser application bundles (phase: building)...[2K[1G[36mâ ¹[39m Generating browser application bundles (phase: sealing)...[2K[1G[32mâœ”[39m Browser application bundle generation complete.
[37m[39m
[37m[0m[1mInitial Chunk Files[22m[2m | [22m[1mNames[22m  [2m | [22m [1mRaw Size[22m[0m[39m
[37m[0m[92mmain.js[39m[37m            [2m | [22mmain   [2m | [22m[96m452.84 kB[39m[37m[2m | [22m[0m[39m
[37m[0m[92mruntime.js[39m[37m         [2m | [22mruntime[2m | [22m  [96m7.14 kB[39m[37m[2m | [22m[0m[39m
[37m[0m[0m[39m
[37m[0m3 unchanged chunks[0m[39m
[37m[0m[0m[39m
[37m[0mBuild at: [1m[37m2024-01-16T10:16:02.545Z[39m[37m[22m - Hash: [1m[37m51af11c4e822585e[39m[37m[22m - Time: [1m[37m418[39m[37m[22mms[0m[39m
[1m[31m[39m[22m
[1m[31m[0m[91mError: [39m[31m[0m[96mapps/e-questrian/src/app/services/credit-notes/credit-notes.service.ts[0m:[93m41[0m:[93m7[0m - [91merror[0m[90m TS2322: [0mType '{ date: Date; invoice: number[]; clientID: number; }' is not assignable to type 'CreditNoteDetails'.[39m[22m
[1m[31m  Object literal may only specify known properties, but 'invoice' does not exist in type 'CreditNoteDetails'. Did you mean to write 'invoices'?[39m[22m
[1m[31m[39m[22m
[1m[31m[7m41[0m       invoice: [appointments[appointmentID].invoice],[39m[22m
[1m[31m[7m  [0m [91m      ~~~~~~~[0m[39m[22m
[1m[31m[39m[22m
[1m[31m[39m[22m
[1m[31m[0m[91mError: [39m[31m[0m[96mapps/e-questrian/src/app/services/statements/statements.service.ts[0m:[93m131[0m:[93m31[0m - [91merror[0m[90m TS2339: [0mProperty 'amount' does not exist on type 'CreditNoteDetails'.[39m[22m
[1m[31m[39m[22m
[1m[31m[7m131[0m           amount: -creditNote.amount as number,[39m[22m
[1m[31m[7m   [0m [91m                              ~~~~~~[0m[39m[22m
[1m[31m[39m[22m
[1m[31m[39m[22m
[1m[31m[0m[91mError: [39m[31m[0m[96mapps/e-questrian/src/app/services/statements/statements.service.ts[0m:[93m133[0m:[93m19[0m - [91merror[0m[90m TS2304: [0mCannot find name 'payment'.[39m[22m
[1m[31m[39m[22m
[1m[31m[7m133[0m           voided: payment.voided,[39m[22m
[1m[31m[7m   [0m [91m                  ~~~~~~~[0m[39m[22m
[1m[31m[39m[22m
[1m[31m[39m[22m
[1m[31m[0m[91mError: [39m[31m[0m[96mapps/e-questrian/src/app/services/test-data/test-data.service.ts[0m:[93m248[0m:[93m9[0m - [91merror[0m[90m TS2322: [0mType '{ date: Date; invoice: number[]; clientID: number; }' is not assignable to type 'CreditNoteDetails'.[39m[22m
[1m[31m  Object literal may only specify known properties, but 'invoice' does not exist in type 'CreditNoteDetails'. Did you mean to write 'invoices'?[39m[22m
[1m[31m[39m[22m
[1m[31m[7m248[0m         invoice: [3],[39m[22m
[1m[31m[7m   [0m [91m        ~~~~~~~[0m[39m[22m
[1m[31m[39m[22m
[1m[31m  [96mapps/e-questrian/src/app/interfaces/credit-notes.interface.ts[0m:[93m2[0m:[93m3[0m[39m[22m
[1m[31m    [7m2[0m   [creditNoteID: number]: CreditNoteDetails;[39m[22m
[1m[31m    [7m [0m [96m  ~~~~~~~~~~~~~~~~~~~~~~~~~~~~~~~~~~~~~~~~~~[0m[39m[22m
[1m[31m    The expected type comes from this index signature.[39m[22m
[1m[31m[39m[22m
[1m[31m[39m[22m
[1m[31m[39m[22m
[37m[39m
[37m[91mâœ–[39m[37m Failed to compile.[39m
[36mâ ‹[39m Generating browser application bundles...[2K[1G[36mâ ™[39m Generating browser application bundles (phase: building)...[2K[1G[36mâ ¹[39m Generating browser application bundles (phase: sealing)...[2K[1G[32mâœ”[39m Browser application bundle generation complete.
[37m[39m
[37m[0m[1mInitial Chunk Files[22m[2m | [22m[1mNames[22m  [2m | [22m [1mRaw Size[22m[0m[39m
[37m[0m[92mmain.js[39m[37m            [2m | [22mmain   [2m | [22m[96m452.85 kB[39m[37m[2m | [22m[0m[39m
[37m[0m[92mruntime.js[39m[37m         [2m | [22mruntime[2m | [22m  [96m7.14 kB[39m[37m[2m | [22m[0m[39m
[37m[0m[0m[39m
[37m[0m3 unchanged chunks[0m[39m
[37m[0m[0m[39m
[37m[0mBuild at: [1m[37m2024-01-16T10:16:02.828Z[39m[37m[22m - Hash: [1m[37mc4f30d601fca2445[39m[37m[22m - Time: [1m[37m239[39m[37m[22mms[0m[39m
[1m[31m[39m[22m
[1m[31m[0m[91mError: [39m[31m[0m[96mapps/e-questrian/src/app/services/statements/statements.service.ts[0m:[93m131[0m:[93m31[0m - [91merror[0m[90m TS2339: [0mProperty 'amount' does not exist on type 'CreditNoteDetails'.[39m[22m
[1m[31m[39m[22m
[1m[31m[7m131[0m           amount: -creditNote.amount as number,[39m[22m
[1m[31m[7m   [0m [91m                              ~~~~~~[0m[39m[22m
[1m[31m[39m[22m
[1m[31m[39m[22m
[1m[31m[0m[91mError: [39m[31m[0m[96mapps/e-questrian/src/app/services/statements/statements.service.ts[0m:[93m133[0m:[93m19[0m - [91merror[0m[90m TS2304: [0mCannot find name 'payment'.[39m[22m
[1m[31m[39m[22m
[1m[31m[7m133[0m           voided: payment.voided,[39m[22m
[1m[31m[7m   [0m [91m                  ~~~~~~~[0m[39m[22m
[1m[31m[39m[22m
[1m[31m[39m[22m
[1m[31m[39m[22m
[37m[39m
[37m[91mâœ–[39m[37m Failed to compile.[39m
[36mâ ‹[39m Generating browser application bundles...[2K[1G[36mâ ™[39m Generating browser application bundles (phase: building)...[2K[1G[32mâœ”[39m Browser application bundle generation complete.
[37m[39m
[37m[0m[1mInitial Chunk Files[22m[2m | [22m[1mNames[22m  [2m | [22m [1mRaw Size[22m[0m[39m
[37m[0m[92mmain.js[39m[37m            [2m | [22mmain   [2m | [22m[96m452.85 kB[39m[37m[2m | [22m[0m[39m
[37m[0m[92mruntime.js[39m[37m         [2m | [22mruntime[2m | [22m  [96m7.14 kB[39m[37m[2m | [22m[0m[39m
[37m[0m[0m[39m
[37m[0m3 unchanged chunks[0m[39m
[37m[0m[0m[39m
[37m[0mBuild at: [1m[37m2024-01-16T10:16:07.012Z[39m[37m[22m - Hash: [1m[37m07e427492df7da58[39m[37m[22m - Time: [1m[37m248[39m[37m[22mms[0m[39m
[1m[31m[39m[22m
[1m[31m[0m[91mError: [39m[31m[0m[96mapps/e-questrian/src/app/services/statements/statements.service.ts[0m:[93m131[0m:[93m31[0m - [91merror[0m[90m TS2339: [0mProperty 'amount' does not exist on type 'CreditNoteDetails'.[39m[22m
[1m[31m[39m[22m
[1m[31m[7m131[0m           amount: -creditNote.amount as number,[39m[22m
[1m[31m[7m   [0m [91m                              ~~~~~~[0m[39m[22m
[1m[31m[39m[22m
[1m[31m[39m[22m
[1m[31m[0m[91mError: [39m[31m[0m[96mapps/e-questrian/src/app/services/statements/statements.service.ts[0m:[93m133[0m:[93m19[0m - [91merror[0m[90m TS2304: [0mCannot find name 'payment'.[39m[22m
[1m[31m[39m[22m
[1m[31m[7m133[0m           voided: payment.voided,[39m[22m
[1m[31m[7m   [0m [91m                  ~~~~~~~[0m[39m[22m
[1m[31m[39m[22m
[1m[31m[39m[22m
[1m[31m[39m[22m
[37m[39m
[37m[91mâœ–[39m[37m Failed to compile.[39m
[36mâ ‹[39m Generating browser application bundles...[2K[1G[36mâ ™[39m Generating browser application bundles (phase: building)...[2K[1G[32mâœ”[39m Browser application bundle generation complete.
[37m[39m
[37m[0m[1mInitial Chunk Files[22m[2m | [22m[1mNames[22m  [2m | [22m[1mRaw Size[22m[0m[39m
[37m[0m[92mruntime.js[39m[37m         [2m | [22mruntime[2m | [22m [96m7.14 kB[39m[37m[2m | [22m[0m[39m
[37m[0m[0m[39m
[37m[0m4 unchanged chunks[0m[39m
[37m[0m[0m[39m
[37m[0mBuild at: [1m[37m2024-01-16T10:16:11.812Z[39m[37m[22m - Hash: [1m[37m0968134ed44b2fbf[39m[37m[22m - Time: [1m[37m220[39m[37m[22mms[0m[39m
[1m[31m[39m[22m
[1m[31m[0m[91mError: [39m[31m[0m[96mapps/e-questrian/src/app/services/credit-notes/credit-notes.service.ts[0m:[93m39[0m:[93m5[0m - [91merror[0m[90m TS2741: [0mProperty 'amount' is missing in type '{ date: Date; invoices: number[]; clientID: number; }' but required in type 'CreditNoteDetails'.[39m[22m
[1m[31m[39m[22m
[1m[31m[7m39[0m     this.creditNotes[cnNumber] = {[39m[22m
[1m[31m[7m  [0m [91m    ~~~~~~~~~~~~~~~~~~~~~~~~~~[0m[39m[22m
[1m[31m[39m[22m
[1m[31m  [96mapps/e-questrian/src/app/interfaces/credit-notes.interface.ts[0m:[93m9[0m:[93m3[0m[39m[22m
[1m[31m    [7m9[0m   amount: number;[39m[22m
[1m[31m    [7m [0m [96m  ~~~~~~[0m[39m[22m
[1m[31m    'amount' is declared here.[39m[22m
[1m[31m[39m[22m
[1m[31m[39m[22m
[1m[31m[0m[91mError: [39m[31m[0m[96mapps/e-questrian/src/app/services/statements/statements.service.ts[0m:[93m133[0m:[93m19[0m - [91merror[0m[90m TS2304: [0mCannot find name 'payment'.[39m[22m
[1m[31m[39m[22m
[1m[31m[7m133[0m           voided: payment.voided,[39m[22m
[1m[31m[7m   [0m [91m                  ~~~~~~~[0m[39m[22m
[1m[31m[39m[22m
[1m[31m[39m[22m
[1m[31m[0m[91mError: [39m[31m[0m[96mapps/e-questrian/src/app/services/test-data/test-data.service.ts[0m:[93m246[0m:[93m7[0m - [91merror[0m[90m TS2741: [0mProperty 'amount' is missing in type '{ date: Date; invoices: number[]; clientID: number; }' but required in type 'CreditNoteDetails'.[39m[22m
[1m[31m[39m[22m
[1m[31m[7m246[0m       1: {[39m[22m
[1m[31m[7m   [0m [91m      ~[0m[39m[22m
[1m[31m[39m[22m
[1m[31m  [96mapps/e-questrian/src/app/interfaces/credit-notes.interface.ts[0m:[93m9[0m:[93m3[0m[39m[22m
[1m[31m    [7m9[0m   amount: number;[39m[22m
[1m[31m    [7m [0m [96m  ~~~~~~[0m[39m[22m
[1m[31m    'amount' is declared here.[39m[22m
[1m[31m  [96mapps/e-questrian/src/app/interfaces/credit-notes.interface.ts[0m:[93m2[0m:[93m3[0m[39m[22m
[1m[31m    [7m2[0m   [creditNoteID: number]: CreditNoteDetails;[39m[22m
[1m[31m    [7m [0m [96m  ~~~~~~~~~~~~~~~~~~~~~~~~~~~~~~~~~~~~~~~~~~[0m[39m[22m
[1m[31m    The expected type comes from this index signature.[39m[22m
[1m[31m[39m[22m
[1m[31m[39m[22m
[1m[31m[39m[22m
[37m[39m
[37m[91mâœ–[39m[37m Failed to compile.[39m
[36mâ ‹[39m Generating browser application bundles...[2K[1G[36mâ ™[39m Generating browser application bundles (phase: building)...[2K[1G[32mâœ”[39m Browser application bundle generation complete.
[37m[39m
[37m[0m[1mInitial Chunk Files[22m[2m | [22m[1mNames[22m  [2m | [22m [1mRaw Size[22m[0m[39m
[37m[0m[92mmain.js[39m[37m            [2m | [22mmain   [2m | [22m[96m452.85 kB[39m[37m[2m | [22m[0m[39m
[37m[0m[92mruntime.js[39m[37m         [2m | [22mruntime[2m | [22m  [96m7.14 kB[39m[37m[2m | [22m[0m[39m
[37m[0m[0m[39m
[37m[0m3 unchanged chunks[0m[39m
[37m[0m[0m[39m
[37m[0mBuild at: [1m[37m2024-01-16T10:16:20.688Z[39m[37m[22m - Hash: [1m[37m817cd1c9974f5acc[39m[37m[22m - Time: [1m[37m253[39m[37m[22mms[0m[39m
[1m[31m[39m[22m
[1m[31m[0m[91mError: [39m[31m[0m[96mapps/e-questrian/src/app/services/credit-notes/credit-notes.service.ts[0m:[93m39[0m:[93m5[0m - [91merror[0m[90m TS2741: [0mProperty 'amount' is missing in type '{ date: Date; clientID: number; invoices: number[]; }' but required in type 'CreditNoteDetails'.[39m[22m
[1m[31m[39m[22m
[1m[31m[7m39[0m     this.creditNotes[cnNumber] = {[39m[22m
[1m[31m[7m  [0m [91m    ~~~~~~~~~~~~~~~~~~~~~~~~~~[0m[39m[22m
[1m[31m[39m[22m
[1m[31m  [96mapps/e-questrian/src/app/interfaces/credit-notes.interface.ts[0m:[93m9[0m:[93m3[0m[39m[22m
[1m[31m    [7m9[0m   amount: number;[39m[22m
[1m[31m    [7m [0m [96m  ~~~~~~[0m[39m[22m
[1m[31m    'amount' is declared here.[39m[22m
[1m[31m[39m[22m
[1m[31m[39m[22m
[1m[31m[0m[91mError: [39m[31m[0m[96mapps/e-questrian/src/app/services/statements/statements.service.ts[0m:[93m133[0m:[93m19[0m - [91merror[0m[90m TS2304: [0mCannot find name 'payment'.[39m[22m
[1m[31m[39m[22m
[1m[31m[7m133[0m           voided: payment.voided,[39m[22m
[1m[31m[7m   [0m [91m                  ~~~~~~~[0m[39m[22m
[1m[31m[39m[22m
[1m[31m[39m[22m
[1m[31m[0m[91mError: [39m[31m[0m[96mapps/e-questrian/src/app/services/test-data/test-data.service.ts[0m:[93m246[0m:[93m7[0m - [91merror[0m[90m TS2741: [0mProperty 'amount' is missing in type '{ date: Date; invoices: number[]; clientID: number; }' but required in type 'CreditNoteDetails'.[39m[22m
[1m[31m[39m[22m
[1m[31m[7m246[0m       1: {[39m[22m
[1m[31m[7m   [0m [91m      ~[0m[39m[22m
[1m[31m[39m[22m
[1m[31m  [96mapps/e-questrian/src/app/interfaces/credit-notes.interface.ts[0m:[93m9[0m:[93m3[0m[39m[22m
[1m[31m    [7m9[0m   amount: number;[39m[22m
[1m[31m    [7m [0m [96m  ~~~~~~[0m[39m[22m
[1m[31m    'amount' is declared here.[39m[22m
[1m[31m  [96mapps/e-questrian/src/app/interfaces/credit-notes.interface.ts[0m:[93m2[0m:[93m3[0m[39m[22m
[1m[31m    [7m2[0m   [creditNoteID: number]: CreditNoteDetails;[39m[22m
[1m[31m    [7m [0m [96m  ~~~~~~~~~~~~~~~~~~~~~~~~~~~~~~~~~~~~~~~~~~[0m[39m[22m
[1m[31m    The expected type comes from this index signature.[39m[22m
[1m[31m[39m[22m
[1m[31m[39m[22m
[1m[31m[39m[22m
[37m[39m
[37m[91mâœ–[39m[37m Failed to compile.[39m
[36mâ ‹[39m Generating browser application bundles...[2K[1G[36mâ ™[39m Generating browser application bundles (phase: building)...[2K[1G[36mâ ¹[39m Generating browser application bundles (phase: sealing)...[2K[1G[32mâœ”[39m Browser application bundle generation complete.
[37m[39m
[37m[0m[1mInitial Chunk Files[22m[2m | [22m[1mNames[22m  [2m | [22m [1mRaw Size[22m[0m[39m
[37m[0m[92mmain.js[39m[37m            [2m | [22mmain   [2m | [22m[96m452.87 kB[39m[37m[2m | [22m[0m[39m
[37m[0m[92mruntime.js[39m[37m         [2m | [22mruntime[2m | [22m  [96m7.14 kB[39m[37m[2m | [22m[0m[39m
[37m[0m[0m[39m
[37m[0m3 unchanged chunks[0m[39m
[37m[0m[0m[39m
[37m[0mBuild at: [1m[37m2024-01-16T10:16:30.453Z[39m[37m[22m - Hash: [1m[37mc1ea75ac1e2c3ae3[39m[37m[22m - Time: [1m[37m260[39m[37m[22mms[0m[39m
[1m[31m[39m[22m
[1m[31m[0m[91mError: [39m[31m[0m[96mapps/e-questrian/src/app/services/statements/statements.service.ts[0m:[93m133[0m:[93m19[0m - [91merror[0m[90m TS2304: [0mCannot find name 'payment'.[39m[22m
[1m[31m[39m[22m
[1m[31m[7m133[0m           voided: payment.voided,[39m[22m
[1m[31m[7m   [0m [91m                  ~~~~~~~[0m[39m[22m
[1m[31m[39m[22m
[1m[31m[39m[22m
[1m[31m[0m[91mError: [39m[31m[0m[96mapps/e-questrian/src/app/services/test-data/test-data.service.ts[0m:[93m246[0m:[93m7[0m - [91merror[0m[90m TS2741: [0mProperty 'amount' is missing in type '{ date: Date; invoices: number[]; clientID: number; }' but required in type 'CreditNoteDetails'.[39m[22m
[1m[31m[39m[22m
[1m[31m[7m246[0m       1: {[39m[22m
[1m[31m[7m   [0m [91m      ~[0m[39m[22m
[1m[31m[39m[22m
[1m[31m  [96mapps/e-questrian/src/app/interfaces/credit-notes.interface.ts[0m:[93m9[0m:[93m3[0m[39m[22m
[1m[31m    [7m9[0m   amount: number;[39m[22m
[1m[31m    [7m [0m [96m  ~~~~~~[0m[39m[22m
[1m[31m    'amount' is declared here.[39m[22m
[1m[31m  [96mapps/e-questrian/src/app/interfaces/credit-notes.interface.ts[0m:[93m2[0m:[93m3[0m[39m[22m
[1m[31m    [7m2[0m   [creditNoteID: number]: CreditNoteDetails;[39m[22m
[1m[31m    [7m [0m [96m  ~~~~~~~~~~~~~~~~~~~~~~~~~~~~~~~~~~~~~~~~~~[0m[39m[22m
[1m[31m    The expected type comes from this index signature.[39m[22m
[1m[31m[39m[22m
[1m[31m[39m[22m
[1m[31m[39m[22m
[37m[39m
[37m[91mâœ–[39m[37m Failed to compile.[39m
[36mâ ‹[39m Generating browser application bundles...[2K[1G[36mâ ™[39m Generating browser application bundles (phase: building)...[2K[1G[36mâ ¹[39m Generating browser application bundles (phase: sealing)...[2K[1G[32mâœ”[39m Browser application bundle generation complete.
[37m[39m
[37m[0m[1mInitial Chunk Files[22m[2m | [22m[1mNames[22m  [2m | [22m [1mRaw Size[22m[0m[39m
[37m[0m[92mmain.js[39m[37m            [2m | [22mmain   [2m | [22m[96m452.89 kB[39m[37m[2m | [22m[0m[39m
[37m[0m[92mruntime.js[39m[37m         [2m | [22mruntime[2m | [22m  [96m7.14 kB[39m[37m[2m | [22m[0m[39m
[37m[0m[0m[39m
[37m[0m3 unchanged chunks[0m[39m
[37m[0m[0m[39m
[37m[0mBuild at: [1m[37m2024-01-16T10:16:47.498Z[39m[37m[22m - Hash: [1m[37m60a03323b2369089[39m[37m[22m - Time: [1m[37m250[39m[37m[22mms[0m[39m
[1m[31m[39m[22m
[1m[31m[0m[91mError: [39m[31m[0m[96mapps/e-questrian/src/app/services/statements/statements.service.ts[0m:[93m133[0m:[93m19[0m - [91merror[0m[90m TS2304: [0mCannot find name 'payment'.[39m[22m
[1m[31m[39m[22m
[1m[31m[7m133[0m           voided: payment.voided,[39m[22m
[1m[31m[7m   [0m [91m                  ~~~~~~~[0m[39m[22m
[1m[31m[39m[22m
[1m[31m[39m[22m
[1m[31m[39m[22m
[37m[39m
[37m[91mâœ–[39m[37m Failed to compile.[39m
[36mâ ‹[39m Generating browser application bundles...[2K[1G[36mâ ™[39m Generating browser application bundles (phase: building)...[2K[1G[36mâ ¹[39m Generating browser application bundles (phase: building)...[2K[1G[36mâ ¸[39m Generating browser application bundles (phase: emitting)...[2K[1G[32mâœ”[39m Browser application bundle generation complete.
[37m[39m
[37m[0m[1mInitial Chunk Files[22m[2m | [22m[1mNames[22m  [2m | [22m [1mRaw Size[22m[0m[39m
[37m[0m[92mmain.js[39m[37m            [2m | [22mmain   [2m | [22m[96m452.88 kB[39m[37m[2m | [22m[0m[39m
[37m[0m[92mruntime.js[39m[37m         [2m | [22mruntime[2m | [22m  [96m7.14 kB[39m[37m[2m | [22m[0m[39m
[37m[0m[0m[39m
[37m[0m3 unchanged chunks[0m[39m
[37m[0m[0m[39m
[37m[0mBuild at: [1m[37m2024-01-16T10:17:05.105Z[39m[37m[22m - Hash: [1m[37med1829a94f494e9d[39m[37m[22m - Time: [1m[37m321[39m[37m[22mms[0m[39m
[37m[39m
[37m[92mâœ”[39m[37m Compiled successfully.[39m
[36mâ ‹[39m Generating browser application bundles...[2K[1G[36mâ ™[39m Generating browser application bundles (phase: building)...[2K[1G[36mâ ¹[39m Generating browser application bundles (phase: sealing)...[2K[1G[36mâ ¸[39m Generating browser application bundles (phase: emitting)...[2K[1G[32mâœ”[39m Browser application bundle generation complete.
[37m[39m
[37m[0m[1mInitial Chunk Files[22m[2m | [22m[1mNames[22m  [2m | [22m [1mRaw Size[22m[0m[39m
[37m[0m[92mmain.js[39m[37m            [2m | [22mmain   [2m | [22m[96m452.94 kB[39m[37m[2m | [22m[0m[39m
[37m[0m[92mruntime.js[39m[37m         [2m | [22mruntime[2m | [22m  [96m7.14 kB[39m[37m[2m | [22m[0m[39m
[37m[0m[0m[39m
[37m[0m3 unchanged chunks[0m[39m
[37m[0m[0m[39m
[37m[0mBuild at: [1m[37m2024-01-16T10:17:12.648Z[39m[37m[22m - Hash: [1m[37m33d432a222a699fd[39m[37m[22m - Time: [1m[37m300[39m[37m[22mms[0m[39m
[37m[39m
[37m[92mâœ”[39m[37m Compiled successfully.[39m
[36mâ ‹[39m Generating browser application bundles...[2K[1G[36mâ ™[39m Generating browser application bundles (phase: building)...[2K[1G[36mâ ¹[39m Generating browser application bundles (phase: sealing)...[2K[1G[36mâ ¸[39m Generating browser application bundles (phase: emitting)...[2K[1G[32mâœ”[39m Browser application bundle generation complete.
[37m[39m
[37m[0m[1mInitial Chunk Files[22m[2m | [22m[1mNames[22m  [2m | [22m [1mRaw Size[22m[0m[39m
[37m[0m[92mmain.js[39m[37m            [2m | [22mmain   [2m | [22m[96m452.94 kB[39m[37m[2m | [22m[0m[39m
[37m[0m[92mruntime.js[39m[37m         [2m | [22mruntime[2m | [22m  [96m7.14 kB[39m[37m[2m | [22m[0m[39m
[37m[0m[0m[39m
[37m[0m3 unchanged chunks[0m[39m
[37m[0m[0m[39m
[37m[0mBuild at: [1m[37m2024-01-16T10:17:20.468Z[39m[37m[22m - Hash: [1m[37m0af90de58d9d12d2[39m[37m[22m - Time: [1m[37m297[39m[37m[22mms[0m[39m
[37m[39m
[37m[92mâœ”[39m[37m Compiled successfully.[39m
[36mâ ‹[39m Generating browser application bundles...[2K[1G[36mâ ™[39m Generating browser application bundles (phase: building)...[2K[1G[36mâ ¹[39m Generating browser application bundles (phase: emitting)...[2K[1G[32mâœ”[39m Browser application bundle generation complete.
[37m[39m
[37m[0m[1mInitial Chunk Files[22m[2m | [22m[1mNames[22m  [2m | [22m [1mRaw Size[22m[0m[39m
[37m[0m[92mmain.js[39m[37m            [2m | [22mmain   [2m | [22m[96m452.94 kB[39m[37m[2m | [22m[0m[39m
[37m[0m[92mruntime.js[39m[37m         [2m | [22mruntime[2m | [22m  [96m7.14 kB[39m[37m[2m | [22m[0m[39m
[37m[0m[0m[39m
[37m[0m3 unchanged chunks[0m[39m
[37m[0m[0m[39m
[37m[0mBuild at: [1m[37m2024-01-16T10:17:22.453Z[39m[37m[22m - Hash: [1m[37mdd92cdbbbd4d151c[39m[37m[22m - Time: [1m[37m234[39m[37m[22mms[0m[39m
[37m[39m
[37m[92mâœ”[39m[37m Compiled successfully.[39m
[36mâ ‹[39m Generating browser application bundles...[2K[1G[36mâ ™[39m Generating browser application bundles (phase: building)...[2K[1G[36mâ ¹[39m Generating browser application bundles (phase: sealing)...[2K[1G[32mâœ”[39m Browser application bundle generation complete.
[37m[39m
[37m[0m[1mInitial Chunk Files[22m[2m | [22m[1mNames[22m  [2m | [22m [1mRaw Size[22m[0m[39m
[37m[0m[92mmain.js[39m[37m            [2m | [22mmain   [2m | [22m[96m455.61 kB[39m[37m[2m | [22m[0m[39m
[37m[0m[92mruntime.js[39m[37m         [2m | [22mruntime[2m | [22m  [96m7.14 kB[39m[37m[2m | [22m[0m[39m
[37m[0m[0m[39m
[37m[0m3 unchanged chunks[0m[39m
[37m[0m[0m[39m
[37m[0mBuild at: [1m[37m2024-01-16T10:18:35.167Z[39m[37m[22m - Hash: [1m[37mfbd991bd0fff8582[39m[37m[22m - Time: [1m[37m320[39m[37m[22mms[0m[39m
[1m[31m[39m[22m
[1m[31m[0m[36m./apps/e-questrian/src/app/services/statements/statements.service.ts[39m[31m[0m - [0m[91mError: [39m[31m[0mModule build failed (from ./node_modules/.pnpm/@angular-devkit+build-angular@16.2.11_@angular+compiler-cli@16.2.12_@types+node@16.11.7_jest-_ezws3eociu6xky35m6np2ps6gy/node_modules/@angular-devkit/build-angular/src/tools/babel/webpack-loader.js):[39m[22m
[1m[31mSyntaxError: /Users/rferreira/sigmafox/apps/e-questrian/src/app/services/statements/statements.service.ts: Unexpected token (49:25)[39m[22m
[1m[31m[39m[22m
[1m[31m[0m [90m 47 |[39m[31m         [33mObject[39m[31m[33m.[39m[31mkeys([36mthis[39m[31m[33m.[39m[31mclients[clientID][33m.[39m[31mfinacialRecords[33m.[39m[31minvoices)[33m.[39m[31mforEach((invoiceNumber) [33m=>[39m[31m {[0m[39m[22m
[1m[31m[0m [90m 48 |[39m[31m             [36mconst[39m[31m invoice [33m=[39m[31m [36mthis[39m[31m[33m.[39m[31minvoices[parseInt(invoiceNumber)][33m;[39m[31m[0m[39m[22m
[1m[31m[0m[31m[1m>[22m[1m[39m[31m[90m 49 |[39m[31m             console[33m.[39m[31mlog( [36min[39m[31m )[33m;[39m[31m[0m[39m[22m
[1m[31m[0m [90m    |[39m[31m                          [31m[1m^[22m[1m[39m[31m[0m[39m[22m
[1m[31m[0m [90m 50 |[39m[31m             [36mconst[39m[31m docToAdd [33m=[39m[31m {[0m[39m[22m
[1m[31m[0m [90m 51 |[39m[31m                 number[33m:[39m[31m parseInt(invoiceNumber)[33m,[39m[31m[0m[39m[22m
[1m[31m[0m [90m 52 |[39m[31m                 date[33m:[39m[31m [36mnew[39m[31m [33mDate[39m[31m(invoice[33m.[39m[31mdate)[33m,[39m[31m[0m[39m[22m
[1m[31m[39m[22m
[1m[31m[0m[91mError: [39m[31m[0m[96mapps/e-questrian/src/app/services/statements/statements.service.ts[0m:[93m88[0m:[93m21[0m - [91merror[0m[90m TS1109: [0mExpression expected.[39m[22m
[1m[31m[39m[22m
[1m[31m[7m88[0m         console.log(in)[39m[22m
[1m[31m[7m  [0m [91m                    ~~[0m[39m[22m
[1m[31m[39m[22m
[1m[31m[39m[22m
[1m[31m[0m[91mError: [39m[31m[0m[96mapps/e-questrian/src/app/services/statements/statements.service.ts[0m:[93m88[0m:[93m23[0m - [91merror[0m[90m TS1109: [0mExpression expected.[39m[22m
[1m[31m[39m[22m
[1m[31m[7m88[0m         console.log(in)[39m[22m
[1m[31m[7m  [0m [91m                      ~[0m[39m[22m
[1m[31m[39m[22m
[1m[31m[39m[22m
[1m[31m[39m[22m
[37m[39m
[37m[91mâœ–[39m[37m Failed to compile.[39m
[36mâ ‹[39m Generating browser application bundles...[2K[1G[36mâ ™[39m Generating browser application bundles (phase: building)...[2K[1G[36mâ ¹[39m Generating browser application bundles (phase: building)...[2K[1G[36mâ ¸[39m Generating browser application bundles (phase: emitting)...[2K[1G[32mâœ”[39m Browser application bundle generation complete.
[37m[39m
[37m[0m[1mInitial Chunk Files[22m[2m | [22m[1mNames[22m  [2m | [22m [1mRaw Size[22m[0m[39m
[37m[0m[92mmain.js[39m[37m            [2m | [22mmain   [2m | [22m[96m452.97 kB[39m[37m[2m | [22m[0m[39m
[37m[0m[92mruntime.js[39m[37m         [2m | [22mruntime[2m | [22m  [96m7.14 kB[39m[37m[2m | [22m[0m[39m
[37m[0m[0m[39m
[37m[0m3 unchanged chunks[0m[39m
[37m[0m[0m[39m
[37m[0mBuild at: [1m[37m2024-01-16T10:18:42.654Z[39m[37m[22m - Hash: [1m[37m7b3f0d7a1f88ccbc[39m[37m[22m - Time: [1m[37m357[39m[37m[22mms[0m[39m
[37m[39m
[37m[92mâœ”[39m[37m Compiled successfully.[39m
[36mâ ‹[39m Generating browser application bundles...[2K[1G[36mâ ™[39m Generating browser application bundles (phase: building)...[2K[1G[36mâ ¹[39m Generating browser application bundles (phase: sealing)...[2K[1G[32mâœ”[39m Browser application bundle generation complete.
[37m[39m
[37m[0m[1mInitial Chunk Files[22m[2m | [22m[1mNames[22m  [2m | [22m [1mRaw Size[22m[0m[39m
[37m[0m[92mmain.js[39m[37m            [2m | [22mmain   [2m | [22m[96m452.99 kB[39m[37m[2m | [22m[0m[39m
[37m[0m[92mruntime.js[39m[37m         [2m | [22mruntime[2m | [22m  [96m7.14 kB[39m[37m[2m | [22m[0m[39m
[37m[0m[0m[39m
[37m[0m3 unchanged chunks[0m[39m
[37m[0m[0m[39m
[37m[0mBuild at: [1m[37m2024-01-16T10:19:06.167Z[39m[37m[22m - Hash: [1m[37m3b777d24f3e75945[39m[37m[22m - Time: [1m[37m288[39m[37m[22mms[0m[39m
[1m[31m[39m[22m
[1m[31m[0m[91mError: [39m[31m[0m[96mapps/e-questrian/src/app/services/statements/statements.service.ts[0m:[93m109[0m:[93m21[0m - [91merror[0m[90m TS2304: [0mCannot find name 'invoice'.[39m[22m
[1m[31m[39m[22m
[1m[31m[7m109[0m         console.log(invoice);[39m[22m
[1m[31m[7m   [0m [91m                    ~~~~~~~[0m[39m[22m
[1m[31m[39m[22m
[1m[31m[39m[22m
[1m[31m[39m[22m
[37m[39m
[37m[91mâœ–[39m[37m Failed to compile.[39m
[36mâ ‹[39m Generating browser application bundles...[2K[1G[36mâ ™[39m Generating browser application bundles (phase: building)...[2K[1G[36mâ ¹[39m Generating browser application bundles (phase: sealing)...[2K[1G[36mâ ¸[39m Generating browser application bundles (phase: emitting)...[2K[1G[32mâœ”[39m Browser application bundle generation complete.
[37m[39m
[37m[0m[1mInitial Chunk Files[22m[2m | [22m[1mNames[22m  [2m | [22m [1mRaw Size[22m[0m[39m
[37m[0m[92mmain.js[39m[37m            [2m | [22mmain   [2m | [22m[96m452.99 kB[39m[37m[2m | [22m[0m[39m
[37m[0m[92mruntime.js[39m[37m         [2m | [22mruntime[2m | [22m  [96m7.14 kB[39m[37m[2m | [22m[0m[39m
[37m[0m[0m[39m
[37m[0m3 unchanged chunks[0m[39m
[37m[0m[0m[39m
[37m[0mBuild at: [1m[37m2024-01-16T10:19:09.688Z[39m[37m[22m - Hash: [1m[37md9979ba7a710f62c[39m[37m[22m - Time: [1m[37m311[39m[37m[22mms[0m[39m
[37m[39m
[37m[92mâœ”[39m[37m Compiled successfully.[39m
[36mâ ‹[39m Generating browser application bundles...[2K[1G[36mâ ™[39m Generating browser application bundles (phase: building)...[2K[1G[36mâ ¹[39m Generating browser application bundles (phase: sealing)...[2K[1G[32mâœ”[39m Browser application bundle generation complete.
[37m[39m
[37m[0m[1mInitial Chunk Files[22m[2m | [22m[1mNames[22m  [2m | [22m [1mRaw Size[22m[0m[39m
[37m[0m[92mmain.js[39m[37m            [2m | [22mmain   [2m | [22m[96m453.02 kB[39m[37m[2m | [22m[0m[39m
[37m[0m[92mruntime.js[39m[37m         [2m | [22mruntime[2m | [22m  [96m7.14 kB[39m[37m[2m | [22m[0m[39m
[37m[0m[0m[39m
[37m[0m3 unchanged chunks[0m[39m
[37m[0m[0m[39m
[37m[0mBuild at: [1m[37m2024-01-16T10:19:14.913Z[39m[37m[22m - Hash: [1m[37m0787ac48821f4a22[39m[37m[22m - Time: [1m[37m236[39m[37m[22mms[0m[39m
[1m[31m[39m[22m
[1m[31m[0m[91mError: [39m[31m[0m[96mapps/e-questrian/src/app/services/statements/statements.service.ts[0m:[93m130[0m:[93m21[0m - [91merror[0m[90m TS2304: [0mCannot find name 'payment'.[39m[22m
[1m[31m[39m[22m
[1m[31m[7m130[0m         console.log(payment);[39m[22m
[1m[31m[7m   [0m [91m                    ~~~~~~~[0m[39m[22m
[1m[31m[39m[22m
[1m[31m[39m[22m
[1m[31m[39m[22m
[37m[39m
[37m[91mâœ–[39m[37m Failed to compile.[39m
[36mâ ‹[39m Generating browser application bundles...[2K[1G[36mâ ™[39m Generating browser application bundles (phase: building)...[2K[1G[36mâ ¹[39m Generating browser application bundles (phase: emitting)...[2K[1G[32mâœ”[39m Browser application bundle generation complete.
[37m[39m
[37m[0m[1mInitial Chunk Files[22m[2m | [22m[1mNames[22m  [2m | [22m [1mRaw Size[22m[0m[39m
[37m[0m[92mmain.js[39m[37m            [2m | [22mmain   [2m | [22m[96m453.02 kB[39m[37m[2m | [22m[0m[39m
[37m[0m[92mruntime.js[39m[37m         [2m | [22mruntime[2m | [22m  [96m7.14 kB[39m[37m[2m | [22m[0m[39m
[37m[0m[0m[39m
[37m[0m3 unchanged chunks[0m[39m
[37m[0m[0m[39m
[37m[0mBuild at: [1m[37m2024-01-16T10:19:18.853Z[39m[37m[22m - Hash: [1m[37m4551f39c8a59fe3c[39m[37m[22m - Time: [1m[37m269[39m[37m[22mms[0m[39m
[37m[39m
[37m[92mâœ”[39m[37m Compiled successfully.[39m
[36mâ ‹[39m Generating browser application bundles...[2K[1G[36mâ ™[39m Generating browser application bundles (phase: building)...[2K[1G[36mâ ¹[39m Generating browser application bundles (phase: sealing)...[2K[1G[36mâ ¸[39m Generating browser application bundles (phase: emitting)...[2K[1G[32mâœ”[39m Browser application bundle generation complete.
[37m[39m
[37m[0m[1mInitial Chunk Files[22m[2m | [22m[1mNames[22m  [2m | [22m [1mRaw Size[22m[0m[39m
[37m[0m[92mmain.js[39m[37m            [2m | [22mmain   [2m | [22m[96m453.03 kB[39m[37m[2m | [22m[0m[39m
[37m[0m[92mruntime.js[39m[37m         [2m | [22mruntime[2m | [22m  [96m7.14 kB[39m[37m[2m | [22m[0m[39m
[37m[0m[0m[39m
[37m[0m3 unchanged chunks[0m[39m
[37m[0m[0m[39m
[37m[0mBuild at: [1m[37m2024-01-16T10:19:51.419Z[39m[37m[22m - Hash: [1m[37m3a0f2536dda4a2e8[39m[37m[22m - Time: [1m[37m332[39m[37m[22mms[0m[39m
[37m[39m
[37m[92mâœ”[39m[37m Compiled successfully.[39m
[36mâ ‹[39m Generating browser application bundles...[2K[1G[36mâ ™[39m Generating browser application bundles (phase: building)...[2K[1G[36mâ ¹[39m Generating browser application bundles (phase: sealing)...[2K[1G[36mâ ¸[39m Generating browser application bundles (phase: emitting)...[2K[1G[32mâœ”[39m Browser application bundle generation complete.
[37m[39m
[37m[0m[1mInitial Chunk Files[22m[2m | [22m[1mNames[22m  [2m | [22m [1mRaw Size[22m[0m[39m
[37m[0m[92mmain.js[39m[37m            [2m | [22mmain   [2m | [22m[96m453.10 kB[39m[37m[2m | [22m[0m[39m
[37m[0m[92mruntime.js[39m[37m         [2m | [22mruntime[2m | [22m  [96m7.14 kB[39m[37m[2m | [22m[0m[39m
[37m[0m[0m[39m
[37m[0m3 unchanged chunks[0m[39m
[37m[0m[0m[39m
[37m[0mBuild at: [1m[37m2024-01-16T10:20:00.044Z[39m[37m[22m - Hash: [1m[37m16bf48a62df05af4[39m[37m[22m - Time: [1m[37m323[39m[37m[22mms[0m[39m
[37m[39m
[37m[92mâœ”[39m[37m Compiled successfully.[39m
[36mâ ‹[39m Generating browser application bundles...[2K[1G[36mâ ™[39m Generating browser application bundles (phase: building)...[2K[1G[36mâ ¹[39m Generating browser application bundles (phase: building)...[2K[1G[36mâ ¸[39m Generating browser application bundles (phase: emitting)...[2K[1G[32mâœ”[39m Browser application bundle generation complete.
[37m[39m
[37m[0m[1mInitial Chunk Files[22m[2m | [22m[1mNames[22m  [2m | [22m [1mRaw Size[22m[0m[39m
[37m[0m[92mmain.js[39m[37m            [2m | [22mmain   [2m | [22m[96m453.09 kB[39m[37m[2m | [22m[0m[39m
[37m[0m[92mruntime.js[39m[37m         [2m | [22mruntime[2m | [22m  [96m7.14 kB[39m[37m[2m | [22m[0m[39m
[37m[0m[0m[39m
[37m[0m3 unchanged chunks[0m[39m
[37m[0m[0m[39m
[37m[0mBuild at: [1m[37m2024-01-16T10:20:09.269Z[39m[37m[22m - Hash: [1m[37m261a3e06a9e12fcf[39m[37m[22m - Time: [1m[37m440[39m[37m[22mms[0m[39m
[37m[39m
[37m[92mâœ”[39m[37m Compiled successfully.[39m
[36mâ ‹[39m Generating browser application bundles...[2K[1G[36mâ ™[39m Generating browser application bundles (phase: building)...[2K[1G[36mâ ¹[39m Generating browser application bundles (phase: building)...[2K[1G[36mâ ¸[39m Generating browser application bundles (phase: emitting)...[2K[1G[32mâœ”[39m Browser application bundle generation complete.
[37m[39m
[37m[0m[1mInitial Chunk Files[22m[2m | [22m[1mNames[22m  [2m | [22m [1mRaw Size[22m[0m[39m
[37m[0m[92mmain.js[39m[37m            [2m | [22mmain   [2m | [22m[96m453.16 kB[39m[37m[2m | [22m[0m[39m
[37m[0m[92mruntime.js[39m[37m         [2m | [22mruntime[2m | [22m  [96m7.14 kB[39m[37m[2m | [22m[0m[39m
[37m[0m[0m[39m
[37m[0m3 unchanged chunks[0m[39m
[37m[0m[0m[39m
[37m[0mBuild at: [1m[37m2024-01-16T10:21:18.612Z[39m[37m[22m - Hash: [1m[37m4381708a71e844c6[39m[37m[22m - Time: [1m[37m362[39m[37m[22mms[0m[39m
[37m[39m
[37m[92mâœ”[39m[37m Compiled successfully.[39m
[36mâ ‹[39m Generating browser application bundles...[2K[1G[36mâ ™[39m Generating browser application bundles (phase: building)...[2K[1G[36mâ ¹[39m Generating browser application bundles (phase: sealing)...[2K[1G[36mâ ¸[39m Generating browser application bundles (phase: emitting)...[2K[1G[32mâœ”[39m Browser application bundle generation complete.
[37m[39m
[37m[0m[1mInitial Chunk Files[22m[2m | [22m[1mNames[22m  [2m | [22m [1mRaw Size[22m[0m[39m
[37m[0m[92mmain.js[39m[37m            [2m | [22mmain   [2m | [22m[96m453.22 kB[39m[37m[2m | [22m[0m[39m
[37m[0m[92mruntime.js[39m[37m         [2m | [22mruntime[2m | [22m  [96m7.14 kB[39m[37m[2m | [22m[0m[39m
[37m[0m[0m[39m
[37m[0m3 unchanged chunks[0m[39m
[37m[0m[0m[39m
[37m[0mBuild at: [1m[37m2024-01-16T10:21:23.517Z[39m[37m[22m - Hash: [1m[37mc8d98f68a9b99608[39m[37m[22m - Time: [1m[37m301[39m[37m[22mms[0m[39m
[37m[39m
[37m[92mâœ”[39m[37m Compiled successfully.[39m
[36mâ ‹[39m Generating browser application bundles...[2K[1G[36mâ ™[39m Generating browser application bundles (phase: building)...[2K[1G[36mâ ¹[39m Generating browser application bundles (phase: sealing)...[2K[1G[36mâ ¸[39m Generating browser application bundles (phase: emitting)...[2K[1G[32mâœ”[39m Browser application bundle generation complete.
[37m[39m
[37m[0m[1mInitial Chunk Files[22m[2m | [22m[1mNames[22m  [2m | [22m [1mRaw Size[22m[0m[39m
[37m[0m[92mmain.js[39m[37m            [2m | [22mmain   [2m | [22m[96m453.22 kB[39m[37m[2m | [22m[0m[39m
[37m[0m[92mruntime.js[39m[37m         [2m | [22mruntime[2m | [22m  [96m7.14 kB[39m[37m[2m | [22m[0m[39m
[37m[0m[0m[39m
[37m[0m3 unchanged chunks[0m[39m
[37m[0m[0m[39m
[37m[0mBuild at: [1m[37m2024-01-16T10:21:27.365Z[39m[37m[22m - Hash: [1m[37m7969c37383e15b2c[39m[37m[22m - Time: [1m[37m298[39m[37m[22mms[0m[39m
[37m[39m
[37m[92mâœ”[39m[37m Compiled successfully.[39m
[36mâ ‹[39m Generating browser application bundles...[2K[1G[36mâ ™[39m Generating browser application bundles (phase: building)...[2K[1G[36mâ ¹[39m Generating browser application bundles (phase: sealing)...[2K[1G[36mâ ¸[39m Generating browser application bundles (phase: emitting)...[2K[1G[32mâœ”[39m Browser application bundle generation complete.
[37m[39m
[37m[0m[1mInitial Chunk Files[22m[2m | [22m[1mNames[22m  [2m | [22m [1mRaw Size[22m[0m[39m
[37m[0m[92mmain.js[39m[37m            [2m | [22mmain   [2m | [22m[96m453.29 kB[39m[37m[2m | [22m[0m[39m
[37m[0m[92mruntime.js[39m[37m         [2m | [22mruntime[2m | [22m  [96m7.14 kB[39m[37m[2m | [22m[0m[39m
[37m[0m[0m[39m
[37m[0m3 unchanged chunks[0m[39m
[37m[0m[0m[39m
[37m[0mBuild at: [1m[37m2024-01-16T10:21:31.301Z[39m[37m[22m - Hash: [1m[37m24965f0f5c09f024[39m[37m[22m - Time: [1m[37m282[39m[37m[22mms[0m[39m
[37m[39m
[37m[92mâœ”[39m[37m Compiled successfully.[39m
[36mâ ‹[39m Generating browser application bundles...[2K[1G[36mâ ™[39m Generating browser application bundles (phase: building)...[2K[1G[36mâ ¹[39m Generating browser application bundles (phase: sealing)...[2K[1G[36mâ ¸[39m Generating browser application bundles (phase: emitting)...[2K[1G[32mâœ”[39m Browser application bundle generation complete.
[37m[39m
[37m[0m[1mInitial Chunk Files[22m[2m | [22m[1mNames[22m  [2m | [22m [1mRaw Size[22m[0m[39m
[37m[0m[92mmain.js[39m[37m            [2m | [22mmain   [2m | [22m[96m453.29 kB[39m[37m[2m | [22m[0m[39m
[37m[0m[92mruntime.js[39m[37m         [2m | [22mruntime[2m | [22m  [96m7.14 kB[39m[37m[2m | [22m[0m[39m
[37m[0m[0m[39m
[37m[0m3 unchanged chunks[0m[39m
[37m[0m[0m[39m
[37m[0mBuild at: [1m[37m2024-01-16T10:21:34.510Z[39m[37m[22m - Hash: [1m[37m5cf8722df0d62fab[39m[37m[22m - Time: [1m[37m302[39m[37m[22mms[0m[39m
[37m[39m
[37m[92mâœ”[39m[37m Compiled successfully.[39m
[36mâ ‹[39m Generating browser application bundles...[2K[1G[36mâ ™[39m Generating browser application bundles (phase: building)...[2K[1G[36mâ ¹[39m Generating browser application bundles (phase: sealing)...[2K[1G[36mâ ¸[39m Generating browser application bundles (phase: emitting)...[2K[1G[32mâœ”[39m Browser application bundle generation complete.
[37m[39m
[37m[0m[1mInitial Chunk Files[22m[2m | [22m[1mNames[22m  [2m | [22m [1mRaw Size[22m[0m[39m
[37m[0m[92mmain.js[39m[37m            [2m | [22mmain   [2m | [22m[96m453.30 kB[39m[37m[2m | [22m[0m[39m
[37m[0m[92mruntime.js[39m[37m         [2m | [22mruntime[2m | [22m  [96m7.14 kB[39m[37m[2m | [22m[0m[39m
[37m[0m[0m[39m
[37m[0m3 unchanged chunks[0m[39m
[37m[0m[0m[39m
[37m[0mBuild at: [1m[37m2024-01-16T10:22:28.829Z[39m[37m[22m - Hash: [1m[37m8f5a2dc50a18f91e[39m[37m[22m - Time: [1m[37m341[39m[37m[22mms[0m[39m
[37m[39m
[37m[92mâœ”[39m[37m Compiled successfully.[39m
[36mâ ‹[39m Generating browser application bundles...[2K[1G[36mâ ™[39m Generating browser application bundles (phase: building)...[2K[1G[36mâ ¹[39m Generating browser application bundles (phase: building)...[2K[1G[36mâ ¸[39m Generating browser application bundles (phase: emitting)...[2K[1G[32mâœ”[39m Browser application bundle generation complete.
[37m[39m
[37m[0m[1mInitial Chunk Files[22m[2m | [22m[1mNames[22m  [2m | [22m [1mRaw Size[22m[0m[39m
[37m[0m[92mmain.js[39m[37m            [2m | [22mmain   [2m | [22m[96m453.31 kB[39m[37m[2m | [22m[0m[39m
[37m[0m[92mruntime.js[39m[37m         [2m | [22mruntime[2m | [22m  [96m7.14 kB[39m[37m[2m | [22m[0m[39m
[37m[0m[0m[39m
[37m[0m3 unchanged chunks[0m[39m
[37m[0m[0m[39m
[37m[0mBuild at: [1m[37m2024-01-16T10:22:46.518Z[39m[37m[22m - Hash: [1m[37mb13a6094a2eb8d5b[39m[37m[22m - Time: [1m[37m370[39m[37m[22mms[0m[39m
[37m[39m
[37m[92mâœ”[39m[37m Compiled successfully.[39m
[36mâ ‹[39m Generating browser application bundles...[2K[1G[36mâ ™[39m Generating browser application bundles (phase: building)...[2K[1G[36mâ ¹[39m Generating browser application bundles (phase: sealing)...[2K[1G[36mâ ¸[39m Generating browser application bundles (phase: emitting)...[2K[1G[32mâœ”[39m Browser application bundle generation complete.
[37m[39m
[37m[0m[1mInitial Chunk Files[22m[2m | [22m[1mNames[22m  [2m | [22m [1mRaw Size[22m[0m[39m
[37m[0m[92mmain.js[39m[37m            [2m | [22mmain   [2m | [22m[96m453.39 kB[39m[37m[2m | [22m[0m[39m
[37m[0m[92mruntime.js[39m[37m         [2m | [22mruntime[2m | [22m  [96m7.14 kB[39m[37m[2m | [22m[0m[39m
[37m[0m[0m[39m
[37m[0m3 unchanged chunks[0m[39m
[37m[0m[0m[39m
[37m[0mBuild at: [1m[37m2024-01-16T10:22:50.593Z[39m[37m[22m - Hash: [1m[37m17515181b75dc5df[39m[37m[22m - Time: [1m[37m309[39m[37m[22mms[0m[39m
[37m[39m
[37m[92mâœ”[39m[37m Compiled successfully.[39m
[36mâ ‹[39m Generating browser application bundles...[2K[1G[36mâ ™[39m Generating browser application bundles (phase: building)...[2K[1G[36mâ ¹[39m Generating browser application bundles (phase: emitting)...[2K[1G[32mâœ”[39m Browser application bundle generation complete.
[37m[39m
[37m[0m[1mInitial Chunk Files[22m[2m | [22m[1mNames[22m  [2m | [22m [1mRaw Size[22m[0m[39m
[37m[0m[92mmain.js[39m[37m            [2m | [22mmain   [2m | [22m[96m453.39 kB[39m[37m[2m | [22m[0m[39m
[37m[0m[92mruntime.js[39m[37m         [2m | [22mruntime[2m | [22m  [96m7.14 kB[39m[37m[2m | [22m[0m[39m
[37m[0m[0m[39m
[37m[0m3 unchanged chunks[0m[39m
[37m[0m[0m[39m
[37m[0mBuild at: [1m[37m2024-01-16T10:22:53.605Z[39m[37m[22m - Hash: [1m[37mf7e846936e2f5a3f[39m[37m[22m - Time: [1m[37m251[39m[37m[22mms[0m[39m
[37m[39m
[37m[92mâœ”[39m[37m Compiled successfully.[39m
[36mâ ‹[39m Generating browser application bundles...[2K[1G[36mâ ™[39m Generating browser application bundles (phase: building)...[2K[1G[36mâ ¹[39m Generating browser application bundles (phase: sealing)...[2K[1G[36mâ ¸[39m Generating browser application bundles (phase: emitting)...[2K[1G[32mâœ”[39m Browser application bundle generation complete.
[37m[39m
[37m[0m[1mInitial Chunk Files[22m[2m | [22m[1mNames[22m  [2m | [22m [1mRaw Size[22m[0m[39m
[37m[0m[92mmain.js[39m[37m            [2m | [22mmain   [2m | [22m[96m453.45 kB[39m[37m[2m | [22m[0m[39m
[37m[0m[92mruntime.js[39m[37m         [2m | [22mruntime[2m | [22m  [96m7.14 kB[39m[37m[2m | [22m[0m[39m
[37m[0m[0m[39m
[37m[0m3 unchanged chunks[0m[39m
[37m[0m[0m[39m
[37m[0mBuild at: [1m[37m2024-01-16T10:23:24.073Z[39m[37m[22m - Hash: [1m[37m3aeb14e7c84aef2a[39m[37m[22m - Time: [1m[37m322[39m[37m[22mms[0m[39m
[37m[39m
[37m[92mâœ”[39m[37m Compiled successfully.[39m
[36mâ ‹[39m Generating browser application bundles...[2K[1G[36mâ ™[39m Generating browser application bundles (phase: building)...[2K[1G[36mâ ¹[39m Generating browser application bundles (phase: building)...[2K[1G[36mâ ¸[39m Generating browser application bundles (phase: emitting)...[2K[1G[32mâœ”[39m Browser application bundle generation complete.
[37m[39m
[37m[0m[1mInitial Chunk Files[22m[2m | [22m[1mNames[22m  [2m | [22m [1mRaw Size[22m[0m[39m
[37m[0m[92mmain.js[39m[37m            [2m | [22mmain   [2m | [22m[96m453.45 kB[39m[37m[2m | [22m[0m[39m
[37m[0m[92mruntime.js[39m[37m         [2m | [22mruntime[2m | [22m  [96m7.14 kB[39m[37m[2m | [22m[0m[39m
[37m[0m[0m[39m
[37m[0m3 unchanged chunks[0m[39m
[37m[0m[0m[39m
[37m[0mBuild at: [1m[37m2024-01-16T10:23:45.329Z[39m[37m[22m - Hash: [1m[37m90fc7f2d0403b955[39m[37m[22m - Time: [1m[37m341[39m[37m[22mms[0m[39m
[37m[39m
[37m[92mâœ”[39m[37m Compiled successfully.[39m
[36mâ ‹[39m Generating browser application bundles...[2K[1G[36mâ ™[39m Generating browser application bundles (phase: building)...[2K[1G[36mâ ¹[39m Generating browser application bundles (phase: emitting)...[2K[1G[32mâœ”[39m Browser application bundle generation complete.
[37m[39m
[37m[0m[1mInitial Chunk Files[22m[2m | [22m[1mNames[22m  [2m | [22m [1mRaw Size[22m[0m[39m
[37m[0m[92mmain.js[39m[37m            [2m | [22mmain   [2m | [22m[96m453.45 kB[39m[37m[2m | [22m[0m[39m
[37m[0m[92mruntime.js[39m[37m         [2m | [22mruntime[2m | [22m  [96m7.14 kB[39m[37m[2m | [22m[0m[39m
[37m[0m[0m[39m
[37m[0m3 unchanged chunks[0m[39m
[37m[0m[0m[39m
[37m[0mBuild at: [1m[37m2024-01-16T10:23:50.484Z[39m[37m[22m - Hash: [1m[37me2a548cf132928aa[39m[37m[22m - Time: [1m[37m267[39m[37m[22mms[0m[39m
[37m[39m
[37m[92mâœ”[39m[37m Compiled successfully.[39m
[36mâ ‹[39m Generating browser application bundles...[2K[1G[36mâ ™[39m Generating browser application bundles (phase: building)...[2K[1G[36mâ ¹[39m Generating browser application bundles (phase: sealing)...[2K[1G[32mâœ”[39m Browser application bundle generation complete.
[37m[39m
[37m[0m[1mInitial Chunk Files[22m[2m | [22m[1mNames[22m  [2m | [22m [1mRaw Size[22m[0m[39m
[37m[0m[92mmain.js[39m[37m            [2m | [22mmain   [2m | [22m[96m453.52 kB[39m[37m[2m | [22m[0m[39m
[37m[0m[92mruntime.js[39m[37m         [2m | [22mruntime[2m | [22m  [96m7.14 kB[39m[37m[2m | [22m[0m[39m
[37m[0m[0m[39m
[37m[0m3 unchanged chunks[0m[39m
[37m[0m[0m[39m
[37m[0mBuild at: [1m[37m2024-01-16T10:24:57.535Z[39m[37m[22m - Hash: [1m[37me8a455b6dedf10e5[39m[37m[22m - Time: [1m[37m273[39m[37m[22mms[0m[39m
[1m[31m[39m[22m
[1m[31m[0m[91mError: [39m[31m[0m[96mapps/e-questrian/src/app/services/statements/statements.service.ts[0m:[93m113[0m:[93m11[0m - [91merror[0m[90m TS2304: [0mCannot find name 'his'.[39m[22m
[1m[31m[39m[22m
[1m[31m[7m113[0m           his.clients[clientID].finacialRecords.payments[index];[39m[22m
[1m[31m[7m   [0m [91m          ~~~[0m[39m[22m
[1m[31m[39m[22m
[1m[31m[39m[22m
[1m[31m[39m[22m
[37m[39m
[37m[91mâœ–[39m[37m Failed to compile.[39m
[36mâ ‹[39m Generating browser application bundles...[2K[1G[36mâ ™[39m Generating browser application bundles (phase: building)...[2K[1G[36mâ ¹[39m Generating browser application bundles (phase: sealing)...[2K[1G[32mâœ”[39m Browser application bundle generation complete.
[37m[39m
[37m[0m[1mInitial Chunk Files[22m[2m | [22m[1mNames[22m  [2m | [22m [1mRaw Size[22m[0m[39m
[37m[0m[92mmain.js[39m[37m            [2m | [22mmain   [2m | [22m[96m453.38 kB[39m[37m[2m | [22m[0m[39m
[37m[0m[92mruntime.js[39m[37m         [2m | [22mruntime[2m | [22m  [96m7.14 kB[39m[37m[2m | [22m[0m[39m
[37m[0m[0m[39m
[37m[0m3 unchanged chunks[0m[39m
[37m[0m[0m[39m
[37m[0mBuild at: [1m[37m2024-01-16T10:25:05.004Z[39m[37m[22m - Hash: [1m[37mede14aa6fb561f42[39m[37m[22m - Time: [1m[37m250[39m[37m[22mms[0m[39m
[1m[31m[39m[22m
[1m[31m[0m[91mError: [39m[31m[0m[96mapps/e-questrian/src/app/services/statements/statements.service.ts[0m:[93m111[0m:[93m59[0m - [91merror[0m[90m TS7015: [0mElement implicitly has an 'any' type because index expression is not of type 'number'.[39m[22m
[1m[31m[39m[22m
[1m[31m[7m111[0m           this.clients[clientID].finacialRecords.payments[index];[39m[22m
[1m[31m[7m   [0m [91m                                                          ~~~~~[0m[39m[22m
[1m[31m[39m[22m
[1m[31m[39m[22m
[1m[31m[39m[22m
[37m[39m
[37m[91mâœ–[39m[37m Failed to compile.[39m
[36mâ ‹[39m Generating browser application bundles...[2K[1G[36mâ ™[39m Generating browser application bundles (phase: building)...[2K[1G[36mâ ¹[39m Generating browser application bundles (phase: sealing)...[2K[1G[32mâœ”[39m Browser application bundle generation complete.
[37m[39m
[37m[0m[1mInitial Chunk Files[22m[2m | [22m[1mNames[22m  [2m | [22m [1mRaw Size[22m[0m[39m
[37m[0m[92mmain.js[39m[37m            [2m | [22mmain   [2m | [22m[96m453.39 kB[39m[37m[2m | [22m[0m[39m
[37m[0m[92mruntime.js[39m[37m         [2m | [22mruntime[2m | [22m  [96m7.14 kB[39m[37m[2m | [22m[0m[39m
[37m[0m[0m[39m
[37m[0m3 unchanged chunks[0m[39m
[37m[0m[0m[39m
[37m[0mBuild at: [1m[37m2024-01-16T10:25:19.033Z[39m[37m[22m - Hash: [1m[37m157c4f811c1b7528[39m[37m[22m - Time: [1m[37m272[39m[37m[22mms[0m[39m
[1m[31m[39m[22m
[1m[31m[0m[91mError: [39m[31m[0m[96mapps/e-questrian/src/app/services/statements/statements.service.ts[0m:[93m112[0m:[93m48[0m - [91merror[0m[90m TS2345: [0mArgument of type 'number' is not assignable to parameter of type 'string'.[39m[22m
[1m[31m[39m[22m
[1m[31m[7m112[0m         const payment = this.payments[parseInt(paymentNumber)];[39m[22m
[1m[31m[7m   [0m [91m                                               ~~~~~~~~~~~~~[0m[39m[22m
[1m[31m[39m[22m
[1m[31m[39m[22m
[1m[31m[0m[91mError: [39m[31m[0m[96mapps/e-questrian/src/app/services/statements/statements.service.ts[0m:[93m118[0m:[93m28[0m - [91merror[0m[90m TS2345: [0mArgument of type 'number' is not assignable to parameter of type 'string'.[39m[22m
[1m[31m[39m[22m
[1m[31m[7m118[0m           number: parseInt(paymentNumber),[39m[22m
[1m[31m[7m   [0m [91m                           ~~~~~~~~~~~~~[0m[39m[22m
[1m[31m[39m[22m
[1m[31m[39m[22m
[1m[31m[39m[22m
[37m[39m
[37m[91mâœ–[39m[37m Failed to compile.[39m
[36mâ ‹[39m Generating browser application bundles...[2K[1G[36mâ ™[39m Generating browser application bundles (phase: building)...[2K[1G[36mâ ¹[39m Generating browser application bundles (phase: sealing)...[2K[1G[32mâœ”[39m Browser application bundle generation complete.
[37m[39m
[37m[0m[1mInitial Chunk Files[22m[2m | [22m[1mNames[22m  [2m | [22m [1mRaw Size[22m[0m[39m
[37m[0m[92mmain.js[39m[37m            [2m | [22mmain   [2m | [22m[96m453.29 kB[39m[37m[2m | [22m[0m[39m
[37m[0m[92mruntime.js[39m[37m         [2m | [22mruntime[2m | [22m  [96m7.14 kB[39m[37m[2m | [22m[0m[39m
[37m[0m[0m[39m
[37m[0m3 unchanged chunks[0m[39m
[37m[0m[0m[39m
[37m[0mBuild at: [1m[37m2024-01-16T10:25:33.613Z[39m[37m[22m - Hash: [1m[37mf0e214656ea6b313[39m[37m[22m - Time: [1m[37m251[39m[37m[22mms[0m[39m
[1m[31m[39m[22m
[1m[31m[0m[91mError: [39m[31m[0m[96mapps/e-questrian/src/app/services/statements/statements.service.ts[0m:[93m112[0m:[93m48[0m - [91merror[0m[90m TS2345: [0mArgument of type 'number' is not assignable to parameter of type 'string'.[39m[22m
[1m[31m[39m[22m
[1m[31m[7m112[0m         const payment = this.payments[parseInt(paymentNumber)];[39m[22m
[1m[31m[7m   [0m [91m                                               ~~~~~~~~~~~~~[0m[39m[22m
[1m[31m[39m[22m
[1m[31m[39m[22m
[1m[31m[39m[22m
[37m[39m
[37m[91mâœ–[39m[37m Failed to compile.[39m
[36mâ ‹[39m Generating browser application bundles...[2K[1G[36mâ ™[39m Generating browser application bundles (phase: building)...[2K[1G[36mâ ¹[39m Generating browser application bundles (phase: sealing)...[2K[1G[36mâ ¸[39m Generating browser application bundles (phase: emitting)...[2K[1G[32mâœ”[39m Browser application bundle generation complete.
[37m[39m
[37m[0m[1mInitial Chunk Files[22m[2m | [22m[1mNames[22m  [2m | [22m [1mRaw Size[22m[0m[39m
[37m[0m[92mmain.js[39m[37m            [2m | [22mmain   [2m | [22m[96m453.28 kB[39m[37m[2m | [22m[0m[39m
[37m[0m[92mruntime.js[39m[37m         [2m | [22mruntime[2m | [22m  [96m7.14 kB[39m[37m[2m | [22m[0m[39m
[37m[0m[0m[39m
[37m[0m3 unchanged chunks[0m[39m
[37m[0m[0m[39m
[37m[0mBuild at: [1m[37m2024-01-16T10:25:42.305Z[39m[37m[22m - Hash: [1m[37mc2a4ea7a91536594[39m[37m[22m - Time: [1m[37m308[39m[37m[22mms[0m[39m
[37m[39m
[37m[92mâœ”[39m[37m Compiled successfully.[39m
[36mâ ‹[39m Generating browser application bundles...[2K[1G[36mâ ™[39m Generating browser application bundles (phase: building)...[2K[1G[36mâ ¹[39m Generating browser application bundles (phase: building)...[2K[1G[32mâœ”[39m Browser application bundle generation complete.
[37m[39m
[37m[0m[1mInitial Chunk Files[22m[2m | [22m[1mNames[22m  [2m | [22m [1mRaw Size[22m[0m[39m
[37m[0m[92mmain.js[39m[37m            [2m | [22mmain   [2m | [22m[96m453.37 kB[39m[37m[2m | [22m[0m[39m
[37m[0m[92mruntime.js[39m[37m         [2m | [22mruntime[2m | [22m  [96m7.14 kB[39m[37m[2m | [22m[0m[39m
[37m[0m[0m[39m
[37m[0m3 unchanged chunks[0m[39m
[37m[0m[0m[39m
[37m[0mBuild at: [1m[37m2024-01-16T10:25:51.546Z[39m[37m[22m - Hash: [1m[37m60d555471dfdad8b[39m[37m[22m - Time: [1m[37m394[39m[37m[22mms[0m[39m
[1m[31m[39m[22m
[1m[31m[0m[91mError: [39m[31m[0m[96mapps/e-questrian/src/app/services/statements/statements.service.ts[0m:[93m134[0m:[93m68[0m - [91merror[0m[90m TS2304: [0mCannot find name 'index'.[39m[22m
[1m[31m[39m[22m
[1m[31m[7m134[0m           this.clients[clientID].finacialRecords.payments[parseInt(index)];[39m[22m
[1m[31m[7m   [0m [91m                                                                   ~~~~~[0m[39m[22m
[1m[31m[39m[22m
[1m[31m[39m[22m
[1m[31m[39m[22m
[37m[39m
[37m[91mâœ–[39m[37m Failed to compile.[39m
[36mâ ‹[39m Generating browser application bundles...[2K[1G[36mâ ™[39m Generating browser application bundles (phase: building)...[2K[1G[36mâ ¹[39m Generating browser application bundles (phase: building)...[2K[1G[36mâ ¸[39m Generating browser application bundles (phase: emitting)...[2K[1G[32mâœ”[39m Browser application bundle generation complete.
[37m[39m
[37m[0m[1mInitial Chunk Files[22m[2m | [22m[1mNames[22m  [2m | [22m [1mRaw Size[22m[0m[39m
[37m[0m[92mmain.js[39m[37m            [2m | [22mmain   [2m | [22m[96m453.35 kB[39m[37m[2m | [22m[0m[39m
[37m[0m[92mruntime.js[39m[37m         [2m | [22mruntime[2m | [22m  [96m7.14 kB[39m[37m[2m | [22m[0m[39m
[37m[0m[0m[39m
[37m[0m3 unchanged chunks[0m[39m
[37m[0m[0m[39m
[37m[0mBuild at: [1m[37m2024-01-16T10:26:08.918Z[39m[37m[22m - Hash: [1m[37mf42d29de6f04576d[39m[37m[22m - Time: [1m[37m339[39m[37m[22mms[0m[39m
[37m[39m
[37m[92mâœ”[39m[37m Compiled successfully.[39m
[36mâ ‹[39m Generating browser application bundles...[2K[1G[36mâ ™[39m Generating browser application bundles (phase: building)...[2K[1G[32mâœ”[39m Browser application bundle generation complete.
[37m[39m
[37m[0m[1mInitial Chunk Files[22m[2m | [22m[1mNames[22m  [2m | [22m [1mRaw Size[22m[0m[39m
[37m[0m[92mmain.js[39m[37m            [2m | [22mmain   [2m | [22m[96m453.44 kB[39m[37m[2m | [22m[0m[39m
[37m[0m[92mruntime.js[39m[37m         [2m | [22mruntime[2m | [22m  [96m7.14 kB[39m[37m[2m | [22m[0m[39m
[37m[0m[0m[39m
[37m[0m3 unchanged chunks[0m[39m
[37m[0m[0m[39m
[37m[0mBuild at: [1m[37m2024-01-16T10:26:16.555Z[39m[37m[22m - Hash: [1m[37m66bd11ec4c752917[39m[37m[22m - Time: [1m[37m227[39m[37m[22mms[0m[39m
[1m[31m[39m[22m
[1m[31m[0m[91mError: [39m[31m[0m[96mapps/e-questrian/src/app/services/statements/statements.service.ts[0m:[93m90[0m:[93m68[0m - [91merror[0m[90m TS2304: [0mCannot find name 'index'.[39m[22m
[1m[31m[39m[22m
[1m[31m[7m90[0m           this.clients[clientID].finacialRecords.payments[parseInt(index)];[39m[22m
[1m[31m[7m  [0m [91m                                                                   ~~~~~[0m[39m[22m
[1m[31m[39m[22m
[1m[31m[39m[22m
[1m[31m[39m[22m
[37m[39m
[37m[91mâœ–[39m[37m Failed to compile.[39m
[36mâ ‹[39m Generating browser application bundles...[2K[1G[36mâ ™[39m Generating browser application bundles (phase: building)...[2K[1G[36mâ ¹[39m Generating browser application bundles (phase: sealing)...[2K[1G[36mâ ¸[39m Generating browser application bundles (phase: emitting)...[2K[1G[32mâœ”[39m Browser application bundle generation complete.
[37m[39m
[37m[0m[1mInitial Chunk Files[22m[2m | [22m[1mNames[22m  [2m | [22m [1mRaw Size[22m[0m[39m
[37m[0m[92mmain.js[39m[37m            [2m | [22mmain   [2m | [22m[96m453.41 kB[39m[37m[2m | [22m[0m[39m
[37m[0m[92mruntime.js[39m[37m         [2m | [22mruntime[2m | [22m  [96m7.14 kB[39m[37m[2m | [22m[0m[39m
[37m[0m[0m[39m
[37m[0m3 unchanged chunks[0m[39m
[37m[0m[0m[39m
[37m[0mBuild at: [1m[37m2024-01-16T10:26:35.863Z[39m[37m[22m - Hash: [1m[37m378016a2876644ac[39m[37m[22m - Time: [1m[37m339[39m[37m[22mms[0m[39m
[37m[39m
[37m[92mâœ”[39m[37m Compiled successfully.[39m
[36mâ ‹[39m Generating browser application bundles...[2K[1G[36mâ ™[39m Generating browser application bundles (phase: building)...[2K[1G[36mâ ¹[39m Generating browser application bundles (phase: sealing)...[2K[1G[36mâ ¸[39m Generating browser application bundles (phase: emitting)...[2K[1G[32mâœ”[39m Browser application bundle generation complete.
[37m[39m
[37m[0m[1mInitial Chunk Files[22m[2m | [22m[1mNames[22m  [2m | [22m [1mRaw Size[22m[0m[39m
[37m[0m[92mmain.js[39m[37m            [2m | [22mmain   [2m | [22m[96m453.41 kB[39m[37m[2m | [22m[0m[39m
[37m[0m[92mruntime.js[39m[37m         [2m | [22mruntime[2m | [22m  [96m7.14 kB[39m[37m[2m | [22m[0m[39m
[37m[0m[0m[39m
[37m[0m3 unchanged chunks[0m[39m
[37m[0m[0m[39m
[37m[0mBuild at: [1m[37m2024-01-16T10:27:25.432Z[39m[37m[22m - Hash: [1m[37mf748b453aa119796[39m[37m[22m - Time: [1m[37m380[39m[37m[22mms[0m[39m
[37m[39m
[37m[92mâœ”[39m[37m Compiled successfully.[39m
[36mâ ‹[39m Generating browser application bundles...[2K[1G[36mâ ™[39m Generating browser application bundles (phase: building)...[2K[1G[36mâ ¹[39m Generating browser application bundles (phase: sealing)...[2K[1G[36mâ ¸[39m Generating browser application bundles (phase: emitting)...[2K[1G[32mâœ”[39m Browser application bundle generation complete.
[37m[39m
[37m[0m[1mInitial Chunk Files[22m[2m | [22m[1mNames[22m  [2m | [22m [1mRaw Size[22m[0m[39m
[37m[0m[92mmain.js[39m[37m            [2m | [22mmain   [2m | [22m[96m453.42 kB[39m[37m[2m | [22m[0m[39m
[37m[0m[92mruntime.js[39m[37m         [2m | [22mruntime[2m | [22m  [96m7.14 kB[39m[37m[2m | [22m[0m[39m
[37m[0m[0m[39m
[37m[0m3 unchanged chunks[0m[39m
[37m[0m[0m[39m
[37m[0mBuild at: [1m[37m2024-01-16T10:28:51.164Z[39m[37m[22m - Hash: [1m[37md1d06c53351a8c1c[39m[37m[22m - Time: [1m[37m373[39m[37m[22mms[0m[39m
[37m[39m
[37m[92mâœ”[39m[37m Compiled successfully.[39m
[36mâ ‹[39m Generating browser application bundles...[2K[1G[36mâ ™[39m Generating browser application bundles (phase: building)...[2K[1G[36mâ ¹[39m Generating browser application bundles (phase: sealing)...[2K[1G[36mâ ¸[39m Generating browser application bundles (phase: emitting)...[2K[1G[32mâœ”[39m Browser application bundle generation complete.
[37m[39m
[37m[0m[1mInitial Chunk Files[22m[2m | [22m[1mNames[22m  [2m | [22m [1mRaw Size[22m[0m[39m
[37m[0m[92mmain.js[39m[37m            [2m | [22mmain   [2m | [22m[96m453.42 kB[39m[37m[2m | [22m[0m[39m
[37m[0m[92mruntime.js[39m[37m         [2m | [22mruntime[2m | [22m  [96m7.14 kB[39m[37m[2m | [22m[0m[39m
[37m[0m[0m[39m
[37m[0m3 unchanged chunks[0m[39m
[37m[0m[0m[39m
[37m[0mBuild at: [1m[37m2024-01-16T10:29:26.178Z[39m[37m[22m - Hash: [1m[37m0b25e42de8b65479[39m[37m[22m - Time: [1m[37m369[39m[37m[22mms[0m[39m
[37m[39m
[37m[92mâœ”[39m[37m Compiled successfully.[39m
