[36mâ ‹[39m Generating browser application bundles (phase: setup)...[2K[1G[36mâ ™[39m Generating browser application bundles (phase: setup)...[2K[1G[36mâ ¹[39m Generating browser application bundles (phase: building)...[2K[1G[36mâ ¸[39m Generating browser application bundles (phase: building)...[2K[1G[36mâ ¼[39m Generating browser application bundles (phase: building)...[2K[1G[36mâ ´[39m Generating browser application bundles (phase: building)...[2K[1G[36mâ ¦[39m Generating browser application bundles (phase: building)...[2K[1G[36mâ §[39m Generating browser application bundles (phase: building)...[2K[1G[36mâ ‡[39m Generating browser application bundles (phase: building)...[2K[1G[36mâ [39m Generating browser application bundles (phase: building)...[2K[1G[36mâ ‹[39m Generating browser application bundles (phase: building)...[2K[1G[36mâ ™[39m Generating browser application bundles (phase: building)...[2K[1G[36mâ ¹[39m Generating browser application bundles (phase: building)...[2K[1G[36mâ ¸[39m Generating browser application bundles (phase: building)...[2K[1G[36mâ ¼[39m Generating browser application bundles (phase: building)...[2K[1G[36mâ ´[39m Generating browser application bundles (phase: building)...[2K[1G[36mâ ¦[39m Generating browser application bundles (phase: building)...[2K[1G[36mâ §[39m Generating browser application bundles (phase: building)...[2K[1G[36mâ ‡[39m Generating browser application bundles (phase: building)...[2K[1G[36mâ [39m Generating browser application bundles (phase: building)...[2K[1G[36mâ ‹[39m Generating browser application bundles (phase: building)...[2K[1G[36mâ ™[39m Generating browser application bundles (phase: building)...[2K[1G[36mâ ¹[39m Generating browser application bundles (phase: building)...[2K[1G[36mâ ¸[39m Generating browser application bundles (phase: building)...[2K[1G[36mâ ¼[39m Generating browser application bundles (phase: building)...[2K[1G[36mâ ´[39m Generating browser application bundles (phase: building)...[2K[1G[36mâ ¦[39m Generating browser application bundles (phase: building)...[2K[1G[36mâ §[39m Generating browser application bundles (phase: building)...[2K[1G[36mâ ‡[39m Generating browser application bundles (phase: building)...[2K[1G[36mâ [39m Generating browser application bundles (phase: building)...[2K[1G[36mâ ‹[39m Generating browser application bundles (phase: building)...[2K[1G[36mâ ™[39m Generating browser application bundles (phase: building)...[2K[1G[36mâ ¹[39m Generating browser application bundles (phase: building)...[2K[1G[36mâ ¸[39m Generating browser application bundles (phase: building)...[2K[1G[36mâ ¼[39m Generating browser application bundles (phase: building)...[2K[1G[36mâ ´[39m Generating browser application bundles (phase: building)...[2K[1G[36mâ ¦[39m Generating browser application bundles (phase: building)...[2K[1G[36mâ §[39m Generating browser application bundles (phase: building)...[2K[1G[36mâ ‡[39m Generating browser application bundles (phase: building)...[2K[1G[36mâ [39m Generating browser application bundles (phase: building)...[2K[1G[36mâ ‹[39m Generating browser application bundles (phase: building)...[2K[1G[36mâ ™[39m Generating browser application bundles (phase: building)...[2K[1G[36mâ ¹[39m Generating browser application bundles (phase: building)...[2K[1G[36mâ ¸[39m Generating browser application bundles (phase: building)...[2K[1G[36mâ ¼[39m Generating browser application bundles (phase: building)...[2K[1G[36mâ ´[39m Generating browser application bundles (phase: building)...[2K[1G[36mâ ¦[39m Generating browser application bundles (phase: building)...[2K[1G[36mâ §[39m Generating browser application bundles (phase: building)...[2K[1G[36mâ ‡[39m Generating browser application bundles (phase: building)...[2K[1G[36mâ [39m Generating browser application bundles (phase: building)...[2K[1G[36mâ ‹[39m Generating browser application bundles (phase: building)...[2K[1G[36mâ ™[39m Generating browser application bundles (phase: building)...[2K[1G[36mâ ¹[39m Generating browser application bundles (phase: building)...[2K[1G[36mâ ¸[39m Generating browser application bundles (phase: building)...[2K[1G[36mâ ¼[39m Generating browser application bundles (phase: building)...[2K[1G[36mâ ´[39m Generating browser application bundles (phase: building)...[2K[1G[36mâ ¦[39m Generating browser application bundles (phase: building)...[2K[1G[36mâ §[39m Generating browser application bundles (phase: building)...[2K[1G[36mâ ‡[39m Generating browser application bundles (phase: building)...[2K[1G[36mâ [39m Generating browser application bundles (phase: building)...[2K[1G[36mâ ‹[39m Generating browser application bundles (phase: building)...[2K[1G[36mâ ™[39m Generating browser application bundles (phase: building)...[2K[1G[36mâ ¹[39m Generating browser application bundles (phase: sealing)...[2K[1G[36mâ ¸[39m Generating browser application bundles (phase: sealing)...[2K[1G[36mâ ¼[39m Generating browser application bundles (phase: sealing)...[2K[1G[36mâ ´[39m Generating browser application bundles (phase: sealing)...[2K[1G[36mâ ¦[39m Generating browser application bundles (phase: sealing)...[2K[1G[36mâ §[39m Generating browser application bundles (phase: sealing)...[2K[1G[32mâœ”[39m Browser application bundle generation complete.
[37m[39m
[37m[0m[1mInitial Chunk Files[22m  [2m | [22m[1mNames[22m        [2m | [22m [1mRaw Size[22m[0m[39m
[37m[0m[92mvendor.js[39m[37m            [2m | [22mvendor       [2m | [22m  [96m6.52 MB[39m[37m[2m | [22m[0m[39m
[37m[0m[92mmain.js[39m[37m              [2m | [22mmain         [2m | [22m[96m553.80 kB[39m[37m[2m | [22m[0m[39m
[37m[0m[92mpolyfills.js[39m[37m         [2m | [22mpolyfills    [2m | [22m[96m337.12 kB[39m[37m[2m | [22m[0m[39m
[37m[0m[92mstyles.css, styles.js[39m[37m[2m | [22mstyles       [2m | [22m[96m311.85 kB[39m[37m[2m | [22m[0m[39m
[37m[0m[92mruntime.js[39m[37m           [2m | [22mruntime      [2m | [22m  [96m7.14 kB[39m[37m[2m | [22m[0m[39m
[37m[0m[0m[39m
[37m[0m[1m [22m                    [2m | [22m[1mInitial Total[22m[2m | [22m  [1m7.70 MB[22m[0m[39m
[37m[0m[0m[39m
[37m[0mBuild at: [1m[37m2024-01-19T19:13:20.603Z[39m[37m[22m - Hash: [1m[37mec31120498f3975d[39m[37m[22m - Time: [1m[37m16086[39m[37m[22mms[0m[39m
[1m[31m[39m[22m
[1m[31m[0m[36m./libs/screens/src/lib/landing-screen/landing.screen.scss?ngResource[39m[31m[0m - [0m[91mError: [39m[31m[0mModule Error (from ./node_modules/.pnpm/postcss-loader@7.3.3_postcss@8.4.31_typescript@5.1.6_webpack@5.88.2/node_modules/postcss-loader/dist/cjs.js):[39m[22m
[1m[31m/Users/rferreira/sigmafox/libs/screens/src/lib/landing-screen/landing.screen.scss:10:8: Can't resolve '../../../../../assets/landing-page-content/background-images/holding-mobile-in-jeans.png' in '/Users/rferreira/sigmafox/libs/screens/src/lib/landing-screen'[39m[22m
[1m[31m[39m[22m
[1m[31m[39m[22m
[37m[39m
[37m** Angular Live Development Server is listening on localhost:4200, open your browser on http://localhost:4200/ **[39m
[37m[39m
[37m[39m
[37m[91mâœ–[39m[37m Failed to compile.[39m
[36mâ ‹[39m Generating browser application bundles...[2K[1G[36mâ ™[39m Generating browser application bundles (phase: building)...[2K[1G[36mâ ¹[39m Generating browser application bundles (phase: building)...[2K[1G[36mâ ¸[39m Generating browser application bundles (phase: building)...[2K[1G[36mâ ¼[39m Generating browser application bundles (phase: building)...[2K[1G[36mâ ´[39m Generating browser application bundles (phase: building)...[2K[1G[36mâ ¦[39m Generating browser application bundles (phase: building)...[2K[1G[36mâ §[39m Generating browser application bundles (phase: building)...[2K[1G[36mâ ‡[39m Generating browser application bundles (phase: building)...[2K[1G[36mâ [39m Generating browser application bundles (phase: building)...[2K[1G[36mâ ‹[39m Generating browser application bundles (phase: building)...[2K[1G[36mâ ™[39m Generating browser application bundles (phase: building)...[2K[1G[36mâ ¹[39m Generating browser application bundles (phase: building)...[2K[1G[36mâ ¸[39m Generating browser application bundles (phase: building)...[2K[1G[36mâ ¼[39m Generating browser application bundles (phase: building)...[2K[1G[36mâ ´[39m Generating browser application bundles (phase: building)...[2K[1G[36mâ ¦[39m Generating browser application bundles (phase: building)...[2K[1G[36mâ §[39m Generating browser application bundles (phase: building)...[2K[1G[36mâ ‡[39m Generating browser application bundles (phase: building)...[2K[1G[36mâ [39m Generating browser application bundles (phase: building)...[2K[1G[36mâ ‹[39m Generating browser application bundles (phase: building)...[2K[1G[36mâ ™[39m Generating browser application bundles (phase: building)...[2K[1G[36mâ ¹[39m Generating browser application bundles (phase: building)...[2K[1G[32mâœ”[39m Browser application bundle generation complete.
[37m[39m
[37m[0m[1mInitial Chunk Files[22m[2m | [22m[1mNames[22m  [2m | [22m [1mRaw Size[22m[0m[39m
[37m[0m[92mmain.js[39m[37m            [2m | [22mmain   [2m | [22m[96m553.88 kB[39m[37m[2m | [22m[0m[39m
[37m[0m[92mruntime.js[39m[37m         [2m | [22mruntime[2m | [22m  [96m7.14 kB[39m[37m[2m | [22m[0m[39m
[37m[0m[0m[39m
[37m[0m3 unchanged chunks[0m[39m
[37m[0m[0m[39m
[37m[0mBuild at: [1m[37m2024-01-19T19:14:19.407Z[39m[37m[22m - Hash: [1m[37ma965359f42fe2c1e[39m[37m[22m - Time: [1m[37m2390[39m[37m[22mms[0m[39m
[1m[31m[39m[22m
[1m[31m[0m[36m./libs/screens/src/lib/landing-screen/landing.screen.scss?ngResource[39m[31m[0m - [0m[91mError: [39m[31m[0mModule Error (from ./node_modules/.pnpm/postcss-loader@7.3.3_postcss@8.4.31_typescript@5.1.6_webpack@5.88.2/node_modules/postcss-loader/dist/cjs.js):[39m[22m
[1m[31m/Users/rferreira/sigmafox/libs/screens/src/lib/landing-screen/landing.screen.scss:10:8: Can't resolve '../../../../../assets/landing-page-content/background-images/holding-mobile-in-jeans.png' in '/Users/rferreira/sigmafox/libs/screens/src/lib/landing-screen'[39m[22m
[1m[31m[39m[22m
[1m[31m[0m[91mError: [39m[31m[0m[96mlibs/screens/src/lib/landing-screen/landing.screen.ts[0m:[93m33[0m:[93m29[0m - [91merror[0m[90m TS2693: [0m'string' only refers to a type, but is being used as a value here.[39m[22m
[1m[31m[39m[22m
[1m[31m[7m33[0m   @Input() backgroundPath = string;[39m[22m
[1m[31m[7m  [0m [91m                            ~~~~~~[0m[39m[22m
[1m[31m[39m[22m
[1m[31m[39m[22m
[1m[31m[39m[22m
[37m[39m
[37m[91mâœ–[39m[37m Failed to compile.[39m
[36mâ ‹[39m Generating browser application bundles...[2K[1G[36mâ ™[39m Generating browser application bundles (phase: building)...[2K[1G[36mâ ¹[39m Generating browser application bundles (phase: building)...[2K[1G[32mâœ”[39m Browser application bundle generation complete.
[37m[39m
[37m[0m[1mInitial Chunk Files[22m[2m | [22m[1mNames[22m  [2m | [22m [1mRaw Size[22m[0m[39m
[37m[0m[92mmain.js[39m[37m            [2m | [22mmain   [2m | [22m[96m553.36 kB[39m[37m[2m | [22m[0m[39m
[37m[0m[92mruntime.js[39m[37m         [2m | [22mruntime[2m | [22m  [96m7.14 kB[39m[37m[2m | [22m[0m[39m
[37m[0m[0m[39m
[37m[0m3 unchanged chunks[0m[39m
[37m[0m[0m[39m
[37m[0mBuild at: [1m[37m2024-01-19T19:14:51.516Z[39m[37m[22m - Hash: [1m[37m02cd1a83f9ca4fa6[39m[37m[22m - Time: [1m[37m651[39m[37m[22mms[0m[39m
[1m[31m[39m[22m
[1m[31m[0m[36m./apps/e-questrian/src/app/pages/landing/page-sections/entry-c2a-section/entry-c2a.section.ts[39m[31m[0m - [0m[91mError: [39m[31m[0mModule build failed (from ./node_modules/.pnpm/@angular-devkit+build-angular@16.2.11_@angular+compiler-cli@16.2.12_@types+node@16.11.7_jest-_ezws3eociu6xky35m6np2ps6gy/node_modules/@angular-devkit/build-angular/src/tools/babel/webpack-loader.js):[39m[22m
[1m[31mSyntaxError: /Users/rferreira/sigmafox/apps/e-questrian/src/app/pages/landing/page-sections/entry-c2a-section/entry-c2a.section.ts: Unexpected reserved word 'private'. (23:12)[39m[22m
[1m[31m[39m[22m
[1m[31m[0m [90m 21 |[39m[31m url([32m'../../../../../assets/landing-page-content/background-images/holding-mobile-in-jeans.png'[39m[31m)[33m;[39m[31m[0m[39m[22m
[1m[31m[0m [90m 22 |[39m[31m isLoggedIn [33m=[39m[31m [36mtrue[39m[31m[33m;[39m[31m[0m[39m[22m
[1m[31m[0m[31m[1m>[22m[1m[39m[31m[90m 23 |[39m[31m constructor([36mprivate[39m[31m[33m,[39m[31m auth[33m,[39m[31m [33mAuthenticationService[39m[31m[33m,[39m[31m [36mprivate[39m[31m[33m,[39m[31m router[33m,[39m[31m [33mRouter[39m[31m)[33m;[39m[31m[0m[39m[22m
[1m[31m[0m [90m    |[39m[31m             [31m[1m^[22m[1m[39m[31m[0m[39m[22m
[1m[31m[0m [90m 24 |[39m[31m {[0m[39m[22m
[1m[31m[0m [90m 25 |[39m[31m     [36mthis[39m[31m[33m.[39m[31mauth[33m.[39m[31misAuthenticated()[33m.[39m[31mthen((result) [33m=>[39m[31m {[0m[39m[22m
[1m[31m[0m [90m 26 |[39m[31m         [36mthis[39m[31m[33m.[39m[31misLoggedIn [33m=[39m[31m result[33m;[39m[31m[0m[39m[22m
[1m[31m[39m[22m
[1m[31m[0m[91mError: [39m[31m[0m[96mapps/e-questrian/src/app/pages/landing/page-sections/entry-c2a-section/entry-c2a.section.ts[0m:[93m41[0m:[93m11[0m - [91merror[0m[90m TS1434: [0mUnexpected keyword or identifier.[39m[22m
[1m[31m[39m[22m
[1m[31m[7m41[0m           background-image: url('../../../../../assets/landing-page-content/background-images/holding-mobile-in-jeans.png');[39m[22m
[1m[31m[7m  [0m [91m          ~~~~~~~~~~[0m[39m[22m
[1m[31m[39m[22m
[1m[31m[39m[22m
[1m[31m[0m[91mError: [39m[31m[0m[96mapps/e-questrian/src/app/pages/landing/page-sections/entry-c2a-section/entry-c2a.section.ts[0m:[93m41[0m:[93m11[0m - [91merror[0m[90m TS7008: [0mMember 'background' implicitly has an 'any' type.[39m[22m
[1m[31m[39m[22m
[1m[31m[7m41[0m           background-image: url('../../../../[39m[22m[1m[31m../assets/landing-page-content/background-images/holding-mobile-in-jeans.png');[39m[22m
[1m[31m[7m  [0m [91m          ~~~~~~~~~~[0m[39m[22m
[1m[31m[39m[22m
[1m[31m[39m[22m
[1m[31m[0m[91mError: [39m[31m[0m[96mapps/e-questrian/src/app/pages/landing/page-sections/entry-c2a-section/entry-c2a.section.ts[0m:[93m41[0m:[93m21[0m - [91merror[0m[90m TS1068: [0mUnexpected token. A constructor, method, accessor, or property was expected.[39m[22m
[1m[31m[39m[22m
[1m[31m[7m41[0m           background-image: url('../../../../../assets/landing-page-content/background-images/holding-mobile-in-jeans.png');[39m[22m
[1m[31m[7m  [0m [91m                    ~[0m[39m[22m
[1m[31m[39m[22m
[1m[31m[39m[22m
[1m[31m[0m[91mError: [39m[31m[0m[96mapps/e-questrian/src/app/pages/landing/page-sections/entry-c2a-section/entry-c2a.section.ts[0m:[93m41[0m:[93m22[0m - [91merror[0m[90m TS2552: [0mCannot find name 'image'. Did you mean 'Image'?[39m[22m
[1m[31m[39m[22m
[1m[31m[7m41[0m           background-image: url('../../../../../assets/landing-page-content/background-images/holding-mobile-in-jeans.png');[39m[22m
[1m[31m[7m  [0m [91m                     ~~~~~[0m[39m[22m
[1m[31m[39m[22m
[1m[31m  [96mnode_modules/.pnpm/typescript@5.1.6/node_modules/typescript/lib/lib.dom.d.ts[0m:[93m26961[0m:[93m13[0m[39m[22m
[1m[31m    [7m26961[0m declare var Image: {[39m[22m
[1m[31m    [7m     [0m [96m            ~~~~~[0m[39m[22m
[1m[31m    'Image' is declared here.[39m[22m
[1m[31m[39m[22m
[1m[31m[39m[22m
[1m[31m[0m[91mError: [39m[31m[0m[96mapps/e-questrian/src/app/pages/landing/page-sections/entry-c2a-section/entry-c2a.section.ts[0m:[93m41[0m:[93m27[0m - [91merror[0m[90m TS1005: [0m';' expected.[39m[22m
[1m[31m[39m[22m
[1m[31m[7m41[0m           background-image: url('../../../../../assets/landing-page-content/background-images/holding-mobile-in-jeans.png');[39m[22m
[1m[31m[7m  [0m [91m                          ~[0m[39m[22m
[1m[31m[39m[22m
[1m[31m[39m[22m
[1m[31m[0m[91mError: [39m[31m[0m[96mapps/e-questrian/src/app/pages/landing/page-sections/entry-c2a-section/entry-c2a.section.ts[0m:[93m41[0m:[93m29[0m - [91merror[0m[90m TS2552: [0mCannot find name 'url'. Did you mean 'URL'?[39m[22m
[1m[31m[39m[22m
[1m[31m[7m41[0m           background-image: url('../../../../../assets/landing-page-content/background-images/holding-mobile-in-jeans.png');[39m[22m
[1m[31m[7m  [0m [91m                     [39m[22m[1m[31m       ~~~[0m[39m[22m
[1m[31m[39m[22m
[1m[31m  [96mnode_modules/.pnpm/typescript@5.1.6/node_modules/typescript/lib/lib.dom.d.ts[0m:[93m22481[0m:[93m13[0m[39m[22m
[1m[31m    [7m22481[0m declare var URL: {[39m[22m
[1m[31m    [7m     [0m [96m            ~~~[0m[39m[22m
[1m[31m    'URL' is declared here.[39m[22m
[1m[31m[39m[22m
[1m[31m[39m[22m
[1m[31m[0m[91mError: [39m[31m[0m[96mapps/e-questrian/src/app/pages/landing/page-sections/entry-c2a-section/entry-c2a.section.ts[0m:[93m43[0m:[93m3[0m - [91merror[0m[90m TS2304: [0mCannot find name 'isLoggedIn'.[39m[22m
[1m[31m[39m[22m
[1m[31m[7m43[0m   isLoggedIn = true;[39m[22m
[1m[31m[7m  [0m [91m  ~~~~~~~~~~[0m[39m[22m
[1m[31m[39m[22m
[1m[31m[39m[22m
[1m[31m[0m[91mError: [39m[31m[0m[96mapps/e-questrian/src/app/pages/landing/page-sections/entry-c2a-section/entry-c2a.section.ts[0m:[93m45[0m:[93m3[0m - [91merror[0m[90m TS2304: [0mCannot find name 'constructor'.[39m[22m
[1m[31m[39m[22m
[1m[31m[7m45[0m   constructor(private auth: AuthenticationService, private router: Router) {[39m[22m
[1m[31m[7m  [0m [91m  ~~~~~~~~~~~[0m[39m[22m
[1m[31m[39m[22m
[1m[31m[39m[22m
[1m[31m[0m[91mError: [39m[31m[0m[96mapps/e-questrian/src/app/pages/landing/page-sections/entry-c2a-section/entry-c2a.section.ts[0m:[93m45[0m:[93m15[0m - [91merror[0m[90m TS2304: [0mCannot find name 'private'.[39m[22m
[1m[31m[39m[22m
[1m[31m[7m45[0m   constructor(private auth: AuthenticationService, private router: Router) {[39m[22m
[1m[31m[7m  [0m [91m              ~~~~~~~[0m[39m[22m
[1m[31m[39m[22m
[1m[31m[39m[22m
[1m[31m[0m[91mError: [39m[31m[0m[96mapps/e-questrian/src/app/pages/landing/page-sections/entry-c2a-section/entry-c2a.section.ts[0m:[93m45[0m:[93m23[0m - [91merror[0m[90m TS1005: [0m',' expected.[39m[22m
[1m[31m[39m[22m
[1m[31m[7m45[0m   constructor(private auth: AuthenticationService, private router: Router) {[39m[22m
[1m[31m[7m  [0m [91m                      ~~~~[0m[39m[22m
[1m[31m[39m[22m
[1m[31m[39m[22m
[1m[31m[0m[91mError: [39m[31m[0m[96mapps/e-questrian/src/app/pages/landing/page-sections/entry-c2a-section/entry-c2a.section.ts[0m:[93m45[0m:[93m23[0m - [91merror[0m[90m TS2304: [0mCannot find name 'auth'.[39m[22m
[1m[31m[39m[22m
[1m[31m[7m45[0m   constructor(private auth: AuthenticationService, private router: Router) {[39m[22m
[1m[31m[7m  [0m [91m                      ~~~~[0m[39m[22m
[1m[31m[39m[22m
[1m[31m[39m[22m
[1m[31m[0m[91mError: [39m[31m[0m[96mapps/e-questrian/src/app/pages/landing/page-sections/entry-c2a-section/entry-c2[39m[22m[1m[31ma.section.ts[0m:[93m45[0m:[93m27[0m - [91merror[0m[90m TS1005: [0m',' expected.[39m[22m
[1m[31m[39m[22m
[1m[31m[7m45[0m   constructor(private auth: AuthenticationService, private router: Router) {[39m[22m
[1m[31m[7m  [0m [91m                          ~[0m[39m[22m
[1m[31m[39m[22m
[1m[31m[39m[22m
[1m[31m[0m[91mError: [39m[31m[0m[96mapps/e-questrian/src/app/pages/landing/page-sections/entry-c2a-section/entry-c2a.section.ts[0m:[93m45[0m:[93m52[0m - [91merror[0m[90m TS2304: [0mCannot find name 'private'.[39m[22m
[1m[31m[39m[22m
[1m[31m[7m45[0m   constructor(private auth: AuthenticationService, private router: Router) {[39m[22m
[1m[31m[7m  [0m [91m                                                   ~~~~~~~[0m[39m[22m
[1m[31m[39m[22m
[1m[31m[39m[22m
[1m[31m[0m[91mError: [39m[31m[0m[96mapps/e-questrian/src/app/pages/landing/page-sections/entry-c2a-section/entry-c2a.section.ts[0m:[93m45[0m:[93m60[0m - [91merror[0m[90m TS1005: [0m',' expected.[39m[22m
[1m[31m[39m[22m
[1m[31m[7m45[0m   constructor(private auth: AuthenticationService, private router: Router) {[39m[22m
[1m[31m[7m  [0m [91m                                                           ~~~~~~[0m[39m[22m
[1m[31m[39m[22m
[1m[31m[39m[22m
[1m[31m[0m[91mError: [39m[31m[0m[96mapps/e-questrian/src/app/pages/landing/page-sections/entry-c2a-section/entry-c2a.section.ts[0m:[93m45[0m:[93m60[0m - [91merror[0m[90m TS2552: [0mCannot find name 'router'. Did you mean 'Router'?[39m[22m
[1m[31m[39m[22m
[1m[31m[7m45[0m   constructor(private auth: AuthenticationService, private router: Router) {[39m[22m
[1m[31m[7m  [0m [91m                                                           ~~~~~~[0m[39m[22m
[1m[31m[39m[22m
[1m[31m[39m[22m
[1m[31m[0m[91mError: [39m[31m[0m[96mapps/e-questrian/src/app/pages/landing/page-sections/entry-c2a-section/entry-c2a.section.ts[0m:[93m45[0m:[93m66[0m - [91merror[0m[90m TS1005: [0m',' expected.[39m[22m
[1m[31m[39m[22m
[1m[31m[7m45[0m   constructor(private auth: AuthenticationService, private router: Router) {[39m[22m
[1m[31m[7m  [0m [91m                                                                 ~[0m[39m[22m
[1m[31m[39m[22m
[1m[31m[39m[22m
[1m[31m[0m[91mError: [39m[31m[0m[96mapps/e-questrian/src/app/pages/landing/page-sections/entry-c2a-section/entry-c2a.section.ts[0m:[93m45[0m:[93m76[0m - [91merror[0m[90m TS1005: [0m';' expected.[39m[22m
[1m[31m[39m[22m
[1m[31m[7m45[0m   constructor(priv[39m[22m[1m[31mate auth: AuthenticationService, private router: Router) {[39m[22m
[1m[31m[7m  [0m [91m                                                                           ~[0m[39m[22m
[1m[31m[39m[22m
[1m[31m[39m[22m
[1m[31m[0m[91mError: [39m[31m[0m[96mapps/e-questrian/src/app/pages/landing/page-sections/entry-c2a-section/entry-c2a.section.ts[0m:[93m46[0m:[93m5[0m - [91merror[0m[90m TS2532: [0mObject is possibly 'undefined'.[39m[22m
[1m[31m[39m[22m
[1m[31m[7m46[0m     this.auth.isAuthenticated().then((result) => {[39m[22m
[1m[31m[7m  [0m [91m    ~~~~[0m[39m[22m
[1m[31m[39m[22m
[1m[31m[39m[22m
[1m[31m[0m[91mError: [39m[31m[0m[96mapps/e-questrian/src/app/pages/landing/page-sections/entry-c2a-section/entry-c2a.section.ts[0m:[93m46[0m:[93m39[0m - [91merror[0m[90m TS7006: [0mParameter 'result' implicitly has an 'any' type.[39m[22m
[1m[31m[39m[22m
[1m[31m[7m46[0m     this.auth.isAuthenticated().then((result) => {[39m[22m
[1m[31m[7m  [0m [91m                                      ~~~~~~[0m[39m[22m
[1m[31m[39m[22m
[1m[31m[39m[22m
[1m[31m[0m[91mError: [39m[31m[0m[96mapps/e-questrian/src/app/pages/landing/page-sections/entry-c2a-section/entry-c2a.section.ts[0m:[93m47[0m:[93m7[0m - [91merror[0m[90m TS2532: [0mObject is possibly 'undefined'.[39m[22m
[1m[31m[39m[22m
[1m[31m[7m47[0m       this.isLoggedIn = result;[39m[22m
[1m[31m[7m  [0m [91m      ~~~~[0m[39m[22m
[1m[31m[39m[22m
[1m[31m[39m[22m
[1m[31m[0m[91mError: [39m[31m[0m[96mapps/e-questrian/src/app/pages/landing/page-sections/entry-c2a-section/entry-c2a.section.ts[0m:[93m80[0m:[93m1[0m - [91merror[0m[90m TS1128: [0mDeclaration or statement expected.[39m[22m
[1m[31m[39m[22m
[1m[31m[7m80[0m }[39m[22m
[1m[31m[7m  [0m [91m~[0m[39m[22m
[1m[31m[39m[22m
[1m[31m[39m[22m
[1m[31m[0m[91mError: [39m[31m[0m[96mlibs/screens/src/lib/landing-screen/landing.screen.ts[0m:[93m33[0m:[93m29[0m - [91merror[0m[90m TS2693: [0m'string' only refers to a type, but is being used as a value here.[39m[22m
[1m[31m[39m[22m
[1m[31m[7m33[0m   @Input() backgroundPath = string;[39m[22m
[1m[31m[7m  [0m [91m                            ~~~~~~[0m[39m[22m
[1m[31m[39m[22m
[1m[31m[39m[22m
[1m[31m[39m[22m
[37m[39m
[37m[91mâœ–[39m[37m Failed to compile.[39m
[36mâ ‹[39m Generating browser application bundles...[2K[1G[36mâ ™[39m Generating browser application bundles (phase: building)...[2K[1G[36mâ ¹[39m Generating browser application bundles (phase: sealing)...[2K[1G[32mâœ”[39m Browser application bundle generation complete.
[37m[39m
[37m[0m[1mInitial Chunk Files[22m[2m | [22m[1mNames[22m  [2m | [22m [1mRaw Size[22m[0m[39m
[37m[0m[92mmain.js[39m[37m            [2m | [22mmain   [2m | [22m[96m553.78 kB[39m[37m[2m | [22m[0m[39m
[37m[0m[92mruntime.js[39m[37m         [2m | [22mruntime[2m | [22m  [96m7.14 kB[39m[37m[2m | [22m[0m[39m
[37m[0m[0m[39m
[37m[0m3 unchanged chunks[0m[39m
[37m[0m[0m[39m
[37m[0mBuild at: [1m[37m2024-01-19T19:15:13.410Z[39m[37m[22m - Hash: [1m[37mfdcb134637c91bcb[39m[37m[22m - Time: [1m[37m349[39m[37m[22mms[0m[39m
[1m[31m[39m[22m
[1m[31m[0m[91mError: [39m[31m[0m[96mlibs/screens/src/lib/landing-screen/landing.screen.ts[0m:[93m33[0m:[93m29[0m - [91merror[0m[90m TS2693: [0m'string' only refers to a type, but is being used as a value here.[39m[22m
[1m[31m[39m[22m
[1m[31m[7m33[0m   @Input() backgroundPath = string;[39m[22m
[1m[31m[7m  [0m [91m                            ~~~~~~[0m[39m[22m
[1m[31m[39m[22m
[1m[31m[39m[22m
[1m[31m[39m[22m
[37m[39m
[37m[91mâœ–[39m[37m Failed to compile.[39m
[36mâ ‹[39m Generating browser application bundles...[2K[1G[36mâ ™[39m Generating browser application bundles (phase: building)...[2K[1G[36mâ ¹[39m Generating browser application bundles (phase: building)...[2K[1G[32mâœ”[39m Browser application bundle generation complete.
[37m[39m
[37m[0m[1mInitial Chunk Files[22m[2m | [22m[1mNames[22m  [2m | [22m [1mRaw Size[22m[0m[39m
[37m[0m[92mmain.js[39m[37m            [2m | [22mmain   [2m | [22m[96m553.77 kB[39m[37m[2m | [22m[0m[39m
[37m[0m[92mruntime.js[39m[37m         [2m | [22mruntime[2m | [22m  [96m7.14 kB[39m[37m[2m | [22m[0m[39m
[37m[0m[0m[39m
[37m[0m3 unchanged chunks[0m[39m
[37m[0m[0m[39m
[37m[0mBuild at: [1m[37m2024-01-19T19:15:39.384Z[39m[37m[22m - Hash: [1m[37m763240d95c026d47[39m[37m[22m - Time: [1m[37m315[39m[37m[22mms[0m[39m
[1m[31m[39m[22m
[1m[31m[0m[36m./libs/screens/src/lib/landing-screen/landing.screen.scss?ngResource[39m[31m[0m - [0m[91mError: [39m[31m[0mModule Error (from ./node_modules/.pnpm/postcss-loader@7.3.3_postcss@8.4.31_typescript@5.1.6_webpack@5.88.2/node_modules/postcss-loader/dist/cjs.js):[39m[22m
[1m[31m/Users/rferreira/sigmafox/libs/screens/src/lib/landing-screen/landing.screen.scss:10:8: Can't resolve '../../../../../assets/landing-page-content/background-images/holding-mobile-in-jeans.png' in '/Users/rferreira/sigmafox/libs/screens/src/lib/landing-screen'[39m[22m
[1m[31m[39m[22m
[1m[31m[39m[22m
[37m[39m
[37m[91mâœ–[39m[37m Failed to compile.[39m
[36mâ ‹[39m Generating browser application bundles...[2K[1G[36mâ ™[39m Generating browser application bundles (phase: building)...[2K[1G[36mâ ¹[39m Generating browser application bundles (phase: building)...[2K[1G[32mâœ”[39m Browser application bundle generation complete.
[37m[39m
[37m[0m[1mInitial Chunk Files[22m[2m | [22m[1mNames[22m  [2m | [22m [1mRaw Size[22m[0m[39m
[37m[0m[92mmain.js[39m[37m            [2m | [22mmain   [2m | [22m[96m548.03 kB[39m[37m[2m | [22m[0m[39m
[37m[0m[92mruntime.js[39m[37m         [2m | [22mruntime[2m | [22m  [96m7.14 kB[39m[37m[2m | [22m[0m[39m
[37m[0m[0m[39m
[37m[0m3 unchanged chunks[0m[39m
[37m[0m[0m[39m
[37m[0mBuild at: [1m[37m2024-01-19T19:17:34.412Z[39m[37m[22m - Hash: [1m[37m9cef69e4bed3e8dc[39m[37m[22m - Time: [1m[37m407[39m[37m[22mms[0m[39m
[1m[31m[39m[22m
[1m[31m[0m[36m./libs/screens/src/lib/landing-screen/landing.screen.ts[39m[31m[0m - [0m[91mError: [39m[31m[0mModule build failed (from ./node_modules/.pnpm/@angular-devkit+build-angular@16.2.11_@angular+compiler-cli@16.2.12_@types+node@16.11.7_jest-_ezws3eociu6xky35m6np2ps6gy/node_modules/@angular-devkit/build-angular/src/tools/babel/webpack-loader.js):[39m[22m
[1m[31mSyntaxError: /Users/rferreira/sigmafox/libs/screens/src/lib/landing-screen/landing.screen.ts: Unterminated template. (57:89)[39m[22m
[1m[31m[39m[22m
[1m[31m[0m [90m 55 |[39m[31m         }[33m,[39m[31m [35m3000[39m[31m)[33m;[39m[31m[0m[39m[22m
[1m[31m[0m [90m 56 |[39m[31m         [36mif[39m[31m ([36mthis[39m[31m[33m.[39m[31mbackgroundPath) {[0m[39m[22m
[1m[31m[0m[31m[1m>[22m[1m[39m[31m[90m 57 |[39m[31m             [36mthis[39m[31m[33m.[39m[31mbackgroundPathStyle [33m=[39m[31m { [32m'background-image'[39m[31m[33m:[39m[31m [32m`url('${this.backgroundPath}');[39m[31m[0m[39m[22m
[1m[31m[0m [90m    |[39m[31m                                                                                          [31m[1m^[22m[1m[39m[31m[0m[39m[22m
[1m[31m[0m [90m 58 |[39m[31m [32m}[39m[31m[0m[39m[22m
[1m[31m[0m [90m 59 |[39m[31m [32m    }[39m[31m[0m[39m[22m
[1m[31m[0m [90m 60 |[39m[31m [32m  }[39m[31m[0m[39m[22m
[1m[31m[39m[22m
[1m[31m[0m[36m./libs/screens/src/lib/landing-screen/landing.screen.scss?ngResource[39m[31m[0m - [0m[91mError: [39m[31m[0mModule Error (from ./node_modules/.pnpm/postcss-loader@7.3.3_postcss@8.4.31_typescript@5.1.6_webpack@5.88.2/node_modules/postcss-loader/dist/cjs.js):[39m[22m
[1m[31m/Users/rferreira/sigmafox/libs/screens/src/lib/landing-screen/landing.screen.scss:10:8: Can't resolve '../../../../../assets/landing-page-content/background-images/holding-mobile-in-jeans.png' in '/Users/rferreira/sigmafox/libs/screens/src/lib/landing-screen'[39m[22m
[1m[31m[39m[22m
[1m[31m[0m[91mError: [39m[31m[0m[96mlibs/screens/src/lib/landing-screen/landing.screen.html[0m:[93m27[0m:[93m20[0m - [91merror[0m[90m TS2339: [0mProperty 'onSignUpClick' does not exist on type 'LandingScreen'.[39m[22m
[1m[31m[39m[22m
[1m[31m[7m27[0m         (clicked)="onSignUpClick()"[39m[22m
[1m[31m[7m  [0m [91m                   ~~~~~~~~~~~~~[0m[39m[22m
[1m[31m[39m[22m
[1m[31m  [96mlibs/screens/src/lib/landing-screen/landing.screen.ts[0m:[93m20[39m[22m[1m[31m[0m:[93m16[0m[39m[22m
[1m[31m    [7m20[0m   templateUrl: './landing.screen.html',[39m[22m
[1m[31m    [7m  [0m [96m               ~~~~~~~~~~~~~~~~~~~~~~~[0m[39m[22m
[1m[31m    Error occurs in the template of component LandingScreen.[39m[22m
[1m[31m[39m[22m
[1m[31m[39m[22m
[1m[31m[0m[91mError: [39m[31m[0m[96mlibs/screens/src/lib/landing-screen/landing.screen.html[0m:[93m31[0m:[93m24[0m - [91merror[0m[90m TS2339: [0mProperty 'scrollToNext' does not exist on type 'LandingScreen'.[39m[22m
[1m[31m[39m[22m
[1m[31m[7m31[0m       <button (click)="scrollToNext()">[39m[22m
[1m[31m[7m  [0m [91m                       ~~~~~~~~~~~~[0m[39m[22m
[1m[31m[39m[22m
[1m[31m  [96mlibs/screens/src/lib/landing-screen/landing.screen.ts[0m:[93m20[0m:[93m16[0m[39m[22m
[1m[31m    [7m20[0m   templateUrl: './landing.screen.html',[39m[22m
[1m[31m    [7m  [0m [96m               ~~~~~~~~~~~~~~~~~~~~~~~[0m[39m[22m
[1m[31m    Error occurs in the template of component LandingScreen.[39m[22m
[1m[31m[39m[22m
[1m[31m[39m[22m
[1m[31m[0m[91mError: [39m[31m[0m[96mlibs/screens/src/lib/landing-screen/landing.screen.ts[0m:[93m31[0m:[93m14[0m - [91merror[0m[90m TS2420: [0mClass 'LandingScreen' incorrectly implements interface 'OnInit'.[39m[22m
[1m[31m  Property 'ngOnInit' is missing in type 'LandingScreen' but required in type 'OnInit'.[39m[22m
[1m[31m[39m[22m
[1m[31m[7m31[0m export class LandingScreen implements OnInit {[39m[22m
[1m[31m[7m  [0m [91m             ~~~~~~~~~~~~~[0m[39m[22m
[1m[31m[39m[22m
[1m[31m  [96mnode_modules/.pnpm/@angular+core@16.2.12_rxjs@7.8.1_zone.js@0.13.3/node_modules/@angular/core/index.d.ts[0m:[93m6454[0m:[93m5[0m[39m[22m
[1m[31m    [7m6454[0m     ngOnInit(): void;[39m[22m
[1m[31m    [7m    [0m [96m    ~~~~~~~~~~~~~~~~~[0m[39m[22m
[1m[31m    'ngOnInit' is declared here.[39m[22m
[1m[31m[39m[22m
[1m[31m[39m[22m
[1m[31m[0m[91mError: [39m[31m[0m[96mlibs/screens/src/lib/landing-screen/landing.screen.ts[0m:[93m54[0m:[93m12[0m - [91merror[0m[90m TS2339: [0mProperty 'switchText' does not exist on type 'LandingScreen'.[39m[22m
[1m[31m[39m[22m
[1m[31m[7m54[0m       this.switchText();[39m[22m
[1m[31m[7m  [0m [91m           ~~~~~~~~~~[0m[39m[22m
[1m[31m[39m[22m
[1m[31m[39m[22m
[1m[31m[0m[91mError: [39m[31m[0m[96mlibs/screens/src/lib/landing-screen/landing.screen.ts[0m:[93m88[0m:[93m1[0m - [91merror[0m[90m TS1160: [0mUnterminated template literal.[39m[22m
[1m[31m[39m[22m
[1m[31m[7m88[0m [39m[22m
[1m[31m[7m  [0m [91m[0m[39m[22m
[1m[31m[39m[22m
[1m[31m[39m[22m
[1m[31m[39m[22m
[37m[39m
[37m[91mâœ–[39m[37m Failed to compile.[39m
[36mâ ‹[39m Generating browser application bundles...[2K[1G[36mâ ™[39m Generating browser application bundles (phase: building)...[2K[1G[36mâ ¹[39m Generating browser application bundles (phase: building)...[2K[1G[32mâœ”[39m Browser application bundle generation complete.
[37m[39m
[37m[0m[1mInitial Chunk Files[22m[2m | [22m[1mNames[22m  [2m | [22m[1mRaw Size[22m[0m[39m
[37m[0m[92mruntime.js[39m[37m         [2m | [22mruntime[2m | [22m [96m7.14 kB[39m[37m[2m | [22m[0m[39m
[37m[0m[0m[39m
[37m[0m4 unchanged chunks[0m[39m
[37m[0m[0m[39m
[37m[0mBuild at: [1m[37m2024-01-19T19:17:44.373Z[39m[37m[22m - Hash: [1m[37mf9dcbea126a7e19d[39m[37m[22m - Time: [1m[37m308[39m[37m[22mms[0m[39m
[1m[31m[39m[22m
[1m[31m[0m[36m./libs/screens/src/lib/landing-screen/landing.screen.ts[39m[31m[0m - [0m[91mError: [39m[31m[0mModule build failed (from ./node_modules/.pnpm/@angular-devkit+build-angular@16.2.11_@angular+compiler-cli@16.2.12_@types+node@16.11.7_jest-_ezws3eociu6xky35m6np2ps6gy/node_modules/@angular-devkit/build-angular/src/tools/babel/webpack-loader.js):[39m[22m
[1m[31mSyntaxError: /Users/rferreira/sigmafox/libs/screens/src/lib/landing-screen/landing.screen.ts: Unterminated template. (57:89)[39m[22m
[1m[31m[39m[22m
[1m[31m[0m [90m 55 |[39m[31m         }[33m,[39m[31m [35m3000[39m[31m)[33m;[39m[31m[0m[39m[22m
[1m[31m[0m [90m 56 |[39m[31m         [36mif[39m[31m ([36mthis[39m[31m[33m.[39m[31mbackgroundPath) {[0m[39m[22m
[1m[31m[0m[31m[1m>[22m[1m[39m[31m[90m 57 |[39m[31m             [36mthis[39m[31m[33m.[39m[31mbackgroundPathStyle [33m=[39m[31m { [32m'background-image'[39m[31m[33m:[39m[31m [32m`url('${this.backgroundPath}');[39m[31m[0m[39m[22m
[1m[31m[0m [90m    |[39m[31m                                                                                          [31m[1m^[22m[1m[39m[31m[0m[39m[22m
[1m[31m[0m [90m 58 |[39m[31m [32m}[39m[31m[0m[39m[22m
[1m[31m[0m [90m 59 |[39m[31m [32m    }[39m[31m[0m[39m[22m
[1m[31m[0m [90m 60 |[39m[31m [32m  }[39m[31m[0m[39m[22m
[1m[31m[39m[22m
[1m[31m[0m[91mError: [39m[31m[0m[96mlibs/screens/src/lib/landing-screen/landing.screen.html[0m:[93m27[0m:[93m20[0m - [91merror[0m[90m TS2339: [0mProperty 'onSignUpClick' does not exist on type 'LandingScreen'.[39m[22m
[1m[31m[39m[22m
[1m[31m[7m27[0m         (clicked)="onSignUpClick()"[39m[22m
[1m[31m[7m  [0m [91m                   ~~~~~~~~~~~~~[0m[39m[22m
[1m[31m[39m[22m
[1m[31m  [96mlibs/screens/src/lib/landing-screen/landing.screen.ts[0m:[93m20[0m:[93m16[0m[39m[22m
[1m[31m    [7m20[0m   templateUrl: './landing.screen.html',[39m[22m
[1m[31m    [7m  [0m [96m               ~~~~~~~~~~~~~~~~~~~~~~~[0m[39m[22m
[1m[31m    Error occurs in the template of component LandingScreen.[39m[22m
[1m[31m[39m[22m
[1m[31m[39m[22m
[1m[31m[0m[91mError: [39m[31m[0m[96mlibs/screens/src/lib/landing-screen/landing.screen.html[0m:[93m31[0m:[93m24[0m - [91merror[0m[90m TS2339: [0mProperty 'scrollToNext' does not exist on type 'LandingScreen'.[39m[22m
[1m[31m[39m[22m
[1m[31m[7m31[0m       <button (click)="scrollToNext()">[39m[22m
[1m[31m[7m  [0m [91m                       ~~~~~~~~~~~~[0m[39m[22m
[1m[31m[39m[22m
[1m[31m  [96[39m[22m[1m[31mmlibs/screens/src/lib/landing-screen/landing.screen.ts[0m:[93m20[0m:[93m16[0m[39m[22m
[1m[31m    [7m20[0m   templateUrl: './landing.screen.html',[39m[22m
[1m[31m    [7m  [0m [96m               ~~~~~~~~~~~~~~~~~~~~~~~[0m[39m[22m
[1m[31m    Error occurs in the template of component LandingScreen.[39m[22m
[1m[31m[39m[22m
[1m[31m[39m[22m
[1m[31m[0m[91mError: [39m[31m[0m[96mlibs/screens/src/lib/landing-screen/landing.screen.ts[0m:[93m31[0m:[93m14[0m - [91merror[0m[90m TS2420: [0mClass 'LandingScreen' incorrectly implements interface 'OnInit'.[39m[22m
[1m[31m  Property 'ngOnInit' is missing in type 'LandingScreen' but required in type 'OnInit'.[39m[22m
[1m[31m[39m[22m
[1m[31m[7m31[0m export class LandingScreen implements OnInit {[39m[22m
[1m[31m[7m  [0m [91m             ~~~~~~~~~~~~~[0m[39m[22m
[1m[31m[39m[22m
[1m[31m  [96mnode_modules/.pnpm/@angular+core@16.2.12_rxjs@7.8.1_zone.js@0.13.3/node_modules/@angular/core/index.d.ts[0m:[93m6454[0m:[93m5[0m[39m[22m
[1m[31m    [7m6454[0m     ngOnInit(): void;[39m[22m
[1m[31m    [7m    [0m [96m    ~~~~~~~~~~~~~~~~~[0m[39m[22m
[1m[31m    'ngOnInit' is declared here.[39m[22m
[1m[31m[39m[22m
[1m[31m[39m[22m
[1m[31m[0m[91mError: [39m[31m[0m[96mlibs/screens/src/lib/landing-screen/landing.screen.ts[0m:[93m54[0m:[93m12[0m - [91merror[0m[90m TS2339: [0mProperty 'switchText' does not exist on type 'LandingScreen'.[39m[22m
[1m[31m[39m[22m
[1m[31m[7m54[0m       this.switchText();[39m[22m
[1m[31m[7m  [0m [91m           ~~~~~~~~~~[0m[39m[22m
[1m[31m[39m[22m
[1m[31m[39m[22m
[1m[31m[0m[91mError: [39m[31m[0m[96mlibs/screens/src/lib/landing-screen/landing.screen.ts[0m:[93m88[0m:[93m1[0m - [91merror[0m[90m TS1160: [0mUnterminated template literal.[39m[22m
[1m[31m[39m[22m
[1m[31m[7m88[0m [39m[22m
[1m[31m[7m  [0m [91m[0m[39m[22m
[1m[31m[39m[22m
[1m[31m[39m[22m
[1m[31m[39m[22m
[37m[39m
[37m[91mâœ–[39m[37m Failed to compile.[39m
[36mâ ‹[39m Generating browser application bundles...[2K[1G[36mâ ™[39m Generating browser application bundles (phase: building)...[2K[1G[36mâ ¹[39m Generating browser application bundles (phase: building)...[2K[1G[36mâ ¸[39m Generating browser application bundles (phase: sealing)...[2K[1G[36mâ ¼[39m Generating browser application bundles (phase: emitting)...[2K[1G[32mâœ”[39m Browser application bundle generation complete.
[37m[39m
[37m[0m[1mInitial Chunk Files[22m[2m | [22m[1mNames[22m  [2m | [22m [1mRaw Size[22m[0m[39m
[37m[0m[92mmain.js[39m[37m            [2m | [22mmain   [2m | [22m[96m553.65 kB[39m[37m[2m | [22m[0m[39m
[37m[0m[92mruntime.js[39m[37m         [2m | [22mruntime[2m | [22m  [96m7.14 kB[39m[37m[2m | [22m[0m[39m
[37m[0m[0m[39m
[37m[0m3 unchanged chunks[0m[39m
[37m[0m[0m[39m
[37m[0mBuild at: [1m[37m2024-01-19T19:18:10.028Z[39m[37m[22m - Hash: [1m[37m988f8b06a6e8e1ea[39m[37m[22m - Time: [1m[37m696[39m[37m[22mms[0m[39m
[37m[39m
[37m[92mâœ”[39m[37m Compiled successfully.[39m
[36mâ ‹[39m Generating browser application bundles...[2K[1G[36mâ ™[39m Generating browser application bundles (phase: building)...[2K[1G[36mâ ¹[39m Generating browser application bundles (phase: sealing)...[2K[1G[36mâ ¸[39m Generating browser application bundles (phase: emitting)...[2K[1G[32mâœ”[39m Browser application bundle generation complete.
[37m[39m
[37m[0m[1mInitial Chunk Files[22m[2m | [22m[1mNames[22m  [2m | [22m [1mRaw Size[22m[0m[39m
[37m[0m[92mmain.js[39m[37m            [2m | [22mmain   [2m | [22m[96m553.89 kB[39m[37m[2m | [22m[0m[39m
[37m[0m[92mruntime.js[39m[37m         [2m | [22mruntime[2m | [22m  [96m7.14 kB[39m[37m[2m | [22m[0m[39m
[37m[0m[0m[39m
[37m[0m3 unchanged chunks[0m[39m
[37m[0m[0m[39m
[37m[0mBuild at: [1m[37m2024-01-19T19:18:29.879Z[39m[37m[22m - Hash: [1m[37m36fa79a01949357e[39m[37m[22m - Time: [1m[37m367[39m[37m[22mms[0m[39m
[37m[39m
[37m[92mâœ”[39m[37m Compiled successfully.[39m
[36mâ ‹[39m Generating browser application bundles...[2K[1G[36mâ ™[39m Generating browser application bundles (phase: building)...[2K[1G[36mâ ¹[39m Generating browser application bundles (phase: sealing)...[2K[1G[36mâ ¸[39m Generating browser application bundles (phase: emitting)...[2K[1G[32mâœ”[39m Browser application bundle generation complete.
[37m[39m
[37m[0m[1mInitial Chunk Files[22m[2m | [22m[1mNames[22m  [2m | [22m [1mRaw Size[22m[0m[39m
[37m[0m[92mmain.js[39m[37m            [2m | [22mmain   [2m | [22m[96m553.89 kB[39m[37m[2m | [22m[0m[39m
[37m[0m[92mruntime.js[39m[37m         [2m | [22mruntime[2m | [22m  [96m7.14 kB[39m[37m[2m | [22m[0m[39m
[37m[0m[0m[39m
[37m[0m3 unchanged chunks[0m[39m
[37m[0m[0m[39m
[37m[0mBuild at: [1m[37m2024-01-19T19:18:32.514Z[39m[37m[22m - Hash: [1m[37m56fa4f486e962593[39m[37m[22m - Time: [1m[37m286[39m[37m[22mms[0m[39m
[37m[39m
[37m[92mâœ”[39m[37m Compiled successfully.[39m
[36mâ ‹[39m Generating browser application bundles...[2K[1G[36mâ ™[39m Generating browser application bundles (phase: building)...[2K[1G[36mâ ¹[39m Generating browser application bundles (phase: sealing)...[2K[1G[36mâ ¸[39m Generating browser application bundles (phase: emitting)...[2K[1G[32mâœ”[39m Browser application bundle generation complete.
[37m[39m
[37m[0m[1mInitial Chunk Files[22m[2m | [22m[1mNames[22m  [2m | [22m [1mRaw Size[22m[0m[39m
[37m[0m[92mmain.js[39m[37m            [2m | [22mmain   [2m | [22m[96m553.89 kB[39m[37m[2m | [22m[0m[39m
[37m[0m[92mruntime.js[39m[37m         [2m | [22mruntime[2m | [22m  [96m7.14 kB[39m[37m[2m | [22m[0m[39m
[37m[0m[0m[39m
[37m[0m3 unchanged chunks[0m[39m
[37m[0m[0m[39m
[37m[0mBuild at: [1m[37m2024-01-19T19:19:32.004Z[39m[37m[22m - Hash: [1m[37m053fdd7d828d125d[39m[37m[22m - Time: [1m[37m312[39m[37m[22mms[0m[39m
[37m[39m
[37m[92mâœ”[39m[37m Compiled successfully.[39m
[36mâ ‹[39m Generating browser application bundles...[2K[1G[36mâ ™[39m Generating browser application bundles (phase: building)...[2K[1G[36mâ ¹[39m Generating browser application bundles (phase: sealing)...[2K[1G[36mâ ¸[39m Generating browser application bundles (phase: emitting)...[2K[1G[32mâœ”[39m Browser application bundle generation complete.
[37m[39m
[37m[0m[1mInitial Chunk Files[22m[2m | [22m[1mNames[22m  [2m | [22m [1mRaw Size[22m[0m[39m
[37m[0m[92mmain.js[39m[37m            [2m | [22mmain   [2m | [22m[96m554.23 kB[39m[37m[2m | [22m[0m[39m
[37m[0m[92mruntime.js[39m[37m         [2m | [22mruntime[2m | [22m  [96m7.14 kB[39m[37m[2m | [22m[0m[39m
[37m[0m[0m[39m
[37m[0m3 unchanged chunks[0m[39m
[37m[0m[0m[39m
[37m[0mBuild at: [1m[37m2024-01-19T19:19:57.781Z[39m[37m[22m - Hash: [1m[37m52a7a6fbc6f22ffc[39m[37m[22m - Time: [1m[37m300[39m[37m[22mms[0m[39m
[37m[39m
[37m[92mâœ”[39m[37m Compiled successfully.[39m
[36mâ ‹[39m Generating browser application bundles...[2K[1G[36mâ ™[39m Generating browser application bundles (phase: building)...[2K[1G[32mâœ”[39m Browser application bundle generation complete.
[37m[39m
[37m[0m[1mInitial Chunk Files[22m[2m | [22m[1mNames[22m  [2m | [22m [1mRaw Size[22m[0m[39m
[37m[0m[92mmain.js[39m[37m            [2m | [22mmain   [2m | [22m[96m547.38 kB[39m[37m[2m | [22m[0m[39m
[37m[0m[92mruntime.js[39m[37m         [2m | [22mruntime[2m | [22m  [96m7.14 kB[39m[37m[2m | [22m[0m[39m
[37m[0m[0m[39m
[37m[0m3 unchanged chunks[0m[39m
[37m[0m[0m[39m
[37m[0mBuild at: [1m[37m2024-01-19T19:20:12.601Z[39m[37m[22m - Hash: [1m[37m738f2c3f42c9ab35[39m[37m[22m - Time: [1m[37m240[39m[37m[22mms[0m[39m
[1m[31m[39m[22m
[1m[31m[0m[91mError: [39m[31m[0m[96mapps/e-questrian/src/app/pages/landing/page-sections/entry-c2a-section/entry-c2a.section.html[0m:[93m39[0m:[93m3[0m - [91merror[0m[90m NG5002: [0mEmpty expressions are not allowed[39m[22m
[1m[31m[39m[22m
[1m[31m[7m39[0m   (isLoggedIn)[39m[22m
[1m[31m[7m  [0m [91m  ~~~~~~~~~~~~[0m[39m[22m
[1m[31m[39m[22m
[1m[31m  [96mapps/e-questrian/src/app/pages/landing/page-sections/entry-c2a-section/entry-c2a.section.ts[0m:[93m16[0m:[93m16[0m[39m[22m
[1m[31m    [7m16[0m   templateUrl: './entry-c2a.section.html',[39m[22m
[1m[31m    [7m  [0m [96m               ~~~~~~~~~~~~~~~~~~~~~~~~~~[0m[39m[22m
[1m[31m    Error occurs in the template of component EntryCallToActionSection.[39m[22m
[1m[31m[39m[22m
[1m[31m[39m[22m
[1m[31m[39m[22m
[37m[39m
[37m[91mâœ–[39m[37m Failed to compile.[39m
[36mâ ‹[39m Generating browser application bundles...[2K[1G[36mâ ™[39m Generating browser application bundles (phase: building)...[2K[1G[36mâ ¹[39m Generating browser application bundles (phase: emitting)...[2K[1G[32mâœ”[39m Browser application bundle generation complete.
[37m[39m
[37m[0m[1mInitial Chunk Files[22m[2m | [22m[1mNames[22m  [2m | [22m [1mRaw Size[22m[0m[39m
[37m[0m[92mmain.js[39m[37m            [2m | [22mmain   [2m | [22m[96m554.39 kB[39m[37m[2m | [22m[0m[39m
[37m[0m[92mruntime.js[39m[37m         [2m | [22mruntime[2m | [22m  [96m7.14 kB[39m[37m[2m | [22m[0m[39m
[37m[0m[0m[39m
[37m[0m3 unchanged chunks[0m[39m
[37m[0m[0m[39m
[37m[0mBuild at: [1m[37m2024-01-19T19:20:19.703Z[39m[37m[22m - Hash: [1m[37m59568e67003520aa[39m[37m[22m - Time: [1m[37m300[39m[37m[22mms[0m[39m
[37m[39m
[37m[92mâœ”[39m[37m Compiled successfully.[39m
[36mâ ‹[39m Generating browser application bundles...[2K[1G[36mâ ™[39m Generating browser application bundles (phase: building)...[2K[1G[36mâ ¹[39m Generating browser application bundles (phase: sealing)...[2K[1G[36mâ ¸[39m Generating browser application bundles (phase: emitting)...[2K[1G[32mâœ”[39m Browser application bundle generation complete.
[37m[39m
[37m[0m[1mInitial Chunk Files[22m[2m | [22m[1mNames[22m  [2m | [22m [1mRaw Size[22m[0m[39m
[37m[0m[92mmain.js[39m[37m            [2m | [22mmain   [2m | [22m[96m554.42 kB[39m[37m[2m | [22m[0m[39m
[37m[0m[92mruntime.js[39m[37m         [2m | [22mruntime[2m | [22m  [96m7.14 kB[39m[37m[2m | [22m[0m[39m
[37m[0m[0m[39m
[37m[0m3 unchanged chunks[0m[39m
[37m[0m[0m[39m
[37m[0mBuild at: [1m[37m2024-01-19T19:21:16.429Z[39m[37m[22m - Hash: [1m[37m844ea1c0197156d1[39m[37m[22m - Time: [1m[37m395[39m[37m[22mms[0m[39m
[37m[39m
[37m[92mâœ”[39m[37m Compiled successfully.[39m
[36mâ ‹[39m Generating browser application bundles...[2K[1G[36mâ ™[39m Generating browser application bundles (phase: building)...[2K[1G[36mâ ¹[39m Generating browser application bundles (phase: sealing)...[2K[1G[36mâ ¸[39m Generating browser application bundles (phase: emitting)...[2K[1G[32mâœ”[39m Browser application bundle generation complete.
[37m[39m
[37m[0m[1mInitial Chunk Files[22m[2m | [22m[1mNames[22m  [2m | [22m [1mRaw Size[22m[0m[39m
[37m[0m[92mmain.js[39m[37m            [2m | [22mmain   [2m | [22m[96m554.39 kB[39m[37m[2m | [22m[0m[39m
[37m[0m[92mruntime.js[39m[37m         [2m | [22mruntime[2m | [22m  [96m7.14 kB[39m[37m[2m | [22m[0m[39m
[37m[0m[0m[39m
[37m[0m3 unchanged chunks[0m[39m
[37m[0m[0m[39m
[37m[0mBuild at: [1m[37m2024-01-19T19:21:26.904Z[39m[37m[22m - Hash: [1m[37m59568e67003520aa[39m[37m[22m - Time: [1m[37m304[39m[37m[22mms[0m[39m
[37m[39m
[37m[92mâœ”[39m[37m Compiled successfully.[39m
[36mâ ‹[39m Generating browser application bundles...[2K[1G[36mâ ™[39m Generating browser application bundles (phase: building)...[2K[1G[36mâ ¹[39m Generating browser application bundles (phase: sealing)...[2K[1G[36mâ ¸[39m Generating browser application bundles (phase: emitting)...[2K[1G[32mâœ”[39m Browser application bundle generation complete.
[37m[39m
[37m[0m[1mInitial Chunk Files[22m[2m | [22m[1mNames[22m  [2m | [22m [1mRaw Size[22m[0m[39m
[37m[0m[92mmain.js[39m[37m            [2m | [22mmain   [2m | [22m[96m554.43 kB[39m[37m[2m | [22m[0m[39m
[37m[0m[92mruntime.js[39m[37m         [2m | [22mruntime[2m | [22m  [96m7.14 kB[39m[37m[2m | [22m[0m[39m
[37m[0m[0m[39m
[37m[0m3 unchanged chunks[0m[39m
[37m[0m[0m[39m
[37m[0mBuild at: [1m[37m2024-01-19T19:22:08.653Z[39m[37m[22m - Hash: [1m[37maddba8f72d81dbb8[39m[37m[22m - Time: [1m[37m373[39m[37m[22mms[0m[39m
[37m[39m
[37m[92mâœ”[39m[37m Compiled successfully.[39m
[36mâ ‹[39m Generating browser application bundles...[2K[1G[36mâ ™[39m Generating browser application bundles (phase: building)...[2K[1G[36mâ ¹[39m Generating browser application bundles (phase: sealing)...[2K[1G[36mâ ¸[39m Generating browser application bundles (phase: emitting)...[2K[1G[32mâœ”[39m Browser application bundle generation complete.
[37m[39m
[37m[0m[1mInitial Chunk Files[22m[2m | [22m[1mNames[22m  [2m | [22m [1mRaw Size[22m[0m[39m
[37m[0m[92mmain.js[39m[37m            [2m | [22mmain   [2m | [22m[96m554.45 kB[39m[37m[2m | [22m[0m[39m
[37m[0m[92mruntime.js[39m[37m         [2m | [22mruntime[2m | [22m  [96m7.14 kB[39m[37m[2m | [22m[0m[39m
[37m[0m[0m[39m
[37m[0m3 unchanged chunks[0m[39m
[37m[0m[0m[39m
[37m[0mBuild at: [1m[37m2024-01-19T19:22:30.001Z[39m[37m[22m - Hash: [1m[37me7acf2cc4b9f5fa9[39m[37m[22m - Time: [1m[37m320[39m[37m[22mms[0m[39m
[37m[39m
[37m[92mâœ”[39m[37m Compiled successfully.[39m
[36mâ ‹[39m Generating browser application bundles...[2K[1G[36mâ ™[39m Generating browser application bundles (phase: building)...[2K[1G[36mâ ¹[39m Generating browser application bundles (phase: emitting)...[2K[1G[32mâœ”[39m Browser application bundle generation complete.
[37m[39m
[37m[0m[1mInitial Chunk Files[22m[2m | [22m[1mNames[22m  [2m | [22m [1mRaw Size[22m[0m[39m
[37m[0m[92mmain.js[39m[37m            [2m | [22mmain   [2m | [22m[96m554.45 kB[39m[37m[2m | [22m[0m[39m
[37m[0m[92mruntime.js[39m[37m         [2m | [22mruntime[2m | [22m  [96m7.14 kB[39m[37m[2m | [22m[0m[39m
[37m[0m[0m[39m
[37m[0m3 unchanged chunks[0m[39m
[37m[0m[0m[39m
[37m[0mBuild at: [1m[37m2024-01-19T19:23:04.665Z[39m[37m[22m - Hash: [1m[37mdc32931e3e03b0a5[39m[37m[22m - Time: [1m[37m277[39m[37m[22mms[0m[39m
[37m[39m
[37m[92mâœ”[39m[37m Compiled successfully.[39m
[36mâ ‹[39m Generating browser application bundles...[2K[1G[36mâ ™[39m Generating browser application bundles (phase: building)...[2K[1G[36mâ ¹[39m Generating browser application bundles (phase: emitting)...[2K[1G[32mâœ”[39m Browser application bundle generation complete.
[37m[39m
[37m[0m[1mInitial Chunk Files[22m[2m | [22m[1mNames[22m  [2m | [22m [1mRaw Size[22m[0m[39m
[37m[0m[92mmain.js[39m[37m            [2m | [22mmain   [2m | [22m[96m554.45 kB[39m[37m[2m | [22m[0m[39m
[37m[0m[92mruntime.js[39m[37m         [2m | [22mruntime[2m | [22m  [96m7.14 kB[39m[37m[2m | [22m[0m[39m
[37m[0m[0m[39m
[37m[0m3 unchanged chunks[0m[39m
[37m[0m[0m[39m
[37m[0mBuild at: [1m[37m2024-01-19T19:23:20.832Z[39m[37m[22m - Hash: [1m[37m3624a97da08214e8[39m[37m[22m - Time: [1m[37m278[39m[37m[22mms[0m[39m
[37m[39m
[37m[92mâœ”[39m[37m Compiled successfully.[39m
[36mâ ‹[39m Generating browser application bundles...[2K[1G[36mâ ™[39m Generating browser application bundles (phase: building)...[2K[1G[36mâ ¹[39m Generating browser application bundles (phase: emitting)...[2K[1G[32mâœ”[39m Browser application bundle generation complete.
[37m[39m
[37m[0m[1mInitial Chunk Files[22m[2m | [22m[1mNames[22m  [2m | [22m [1mRaw Size[22m[0m[39m
[37m[0m[92mmain.js[39m[37m            [2m | [22mmain   [2m | [22m[96m554.46 kB[39m[37m[2m | [22m[0m[39m
[37m[0m[92mruntime.js[39m[37m         [2m | [22mruntime[2m | [22m  [96m7.14 kB[39m[37m[2m | [22m[0m[39m
[37m[0m[0m[39m
[37m[0m3 unchanged chunks[0m[39m
[37m[0m[0m[39m
[37m[0mBuild at: [1m[37m2024-01-19T19:23:48.729Z[39m[37m[22m - Hash: [1m[37m97b049ba3d6151a4[39m[37m[22m - Time: [1m[37m339[39m[37m[22mms[0m[39m
[37m[39m
[37m[92mâœ”[39m[37m Compiled successfully.[39m
[36mâ ‹[39m Generating browser application bundles...[2K[1G[36mâ ™[39m Generating browser application bundles (phase: building)...[2K[1G[32mâœ”[39m Browser application bundle generation complete.
[37m[39m
[37m[0m[1mInitial Chunk Files[22m[2m | [22m[1mNames[22m  [2m | [22m [1mRaw Size[22m[0m[39m
[37m[0m[92mmain.js[39m[37m            [2m | [22mmain   [2m | [22m[96m554.46 kB[39m[37m[2m | [22m[0m[39m
[37m[0m[92mruntime.js[39m[37m         [2m | [22mruntime[2m | [22m  [96m7.14 kB[39m[37m[2m | [22m[0m[39m
[37m[0m[0m[39m
[37m[0m3 unchanged chunks[0m[39m
[37m[0m[0m[39m
[37m[0mBuild at: [1m[37m2024-01-19T19:24:03.329Z[39m[37m[22m - Hash: [1m[37me26ee9b512aa52c5[39m[37m[22m - Time: [1m[37m252[39m[37m[22mms[0m[39m
[1m[31m[39m[22m
[1m[31m[0m[91mError: [39m[31m[0m[96mlibs/screens/src/lib/landing-screen/landing.screen.ts[0m:[93m31[0m:[93m47[0m - [91merror[0m[90m TS2304: [0mCannot find name 'AfterContentInit'.[39m[22m
[1m[31m[39m[22m
[1m[31m[7m31[0m export class LandingScreen implements OnInit, AfterContentInit {[39m[22m
[1m[31m[7m  [0m [91m                                              ~~~~~~~~~~~~~~~~[0m[39m[22m
[1m[31m[39m[22m
[1m[31m[39m[22m
[1m[31m[39m[22m
[37m[39m
[37m[91mâœ–[39m[37m Failed to compile.[39m
[36mâ ‹[39m Generating browser application bundles...[2K[1G[36mâ ™[39m Generating browser application bundles (phase: building)...[2K[1G[36mâ ¹[39m Generating browser application bundles (phase: emitting)...[2K[1G[32mâœ”[39m Browser application bundle generation complete.
[37m[39m
[37m[0m[1mInitial Chunk Files[22m[2m | [22m[1mNames[22m  [2m | [22m [1mRaw Size[22m[0m[39m
[37m[0m[92mmain.js[39m[37m            [2m | [22mmain   [2m | [22m[96m554.46 kB[39m[37m[2m | [22m[0m[39m
[37m[0m[92mruntime.js[39m[37m         [2m | [22mruntime[2m | [22m  [96m7.14 kB[39m[37m[2m | [22m[0m[39m
[37m[0m[0m[39m
[37m[0m3 unchanged chunks[0m[39m
[37m[0m[0m[39m
[37m[0mBuild at: [1m[37m2024-01-19T19:24:12.980Z[39m[37m[22m - Hash: [1m[37m3213169923afd4f9[39m[37m[22m - Time: [1m[37m290[39m[37m[22mms[0m[39m
[37m[39m
[37m[92mâœ”[39m[37m Compiled successfully.[39m
[36mâ ‹[39m Generating browser application bundles...[2K[1G[36mâ ™[39m Generating browser application bundles (phase: building)...[2K[1G[36mâ ¹[39m Generating browser application bundles (phase: sealing)...[2K[1G[36mâ ¸[39m Generating browser application bundles (phase: emitting)...[2K[1G[32mâœ”[39m Browser application bundle generation complete.
[37m[39m
[37m[0m[1mInitial Chunk Files[22m[2m | [22m[1mNames[22m  [2m | [22m [1mRaw Size[22m[0m[39m
[37m[0m[92mmain.js[39m[37m            [2m | [22mmain   [2m | [22m[96m554.46 kB[39m[37m[2m | [22m[0m[39m
[37m[0m[92mruntime.js[39m[37m         [2m | [22mruntime[2m | [22m  [96m7.14 kB[39m[37m[2m | [22m[0m[39m
[37m[0m[0m[39m
[37m[0m3 unchanged chunks[0m[39m
[37m[0m[0m[39m
[37m[0mBuild at: [1m[37m2024-01-19T19:24:35.943Z[39m[37m[22m - Hash: [1m[37m5553568f4424bf03[39m[37m[22m - Time: [1m[37m345[39m[37m[22mms[0m[39m
[37m[39m
[37m[92mâœ”[39m[37m Compiled successfully.[39m
[36mâ ‹[39m Generating browser application bundles...[2K[1G[36mâ ™[39m Generating browser application bundles (phase: building)...[2K[1G[36mâ ¹[39m Generating browser application bundles (phase: sealing)...[2K[1G[36mâ ¸[39m Generating browser application bundles (phase: emitting)...[2K[1G[32mâœ”[39m Browser application bundle generation complete.
[37m[39m
[37m[0m[1mInitial Chunk Files[22m[2m | [22m[1mNames[22m  [2m | [22m [1mRaw Size[22m[0m[39m
[37m[0m[92mmain.js[39m[37m            [2m | [22mmain   [2m | [22m[96m554.17 kB[39m[37m[2m | [22m[0m[39m
[37m[0m[92mruntime.js[39m[37m         [2m | [22mruntime[2m | [22m  [96m7.14 kB[39m[37m[2m | [22m[0m[39m
[37m[0m[0m[39m
[37m[0m3 unchanged chunks[0m[39m
[37m[0m[0m[39m
[37m[0mBuild at: [1m[37m2024-01-19T19:25:05.217Z[39m[37m[22m - Hash: [1m[37m78d55af7ebaba7ce[39m[37m[22m - Time: [1m[37m362[39m[37m[22mms[0m[39m
[37m[39m
[37m[92mâœ”[39m[37m Compiled successfully.[39m
[36mâ ‹[39m Generating browser application bundles...[2K[1G[36mâ ™[39m Generating browser application bundles (phase: building)...[2K[1G[36mâ ¹[39m Generating browser application bundles (phase: sealing)...[2K[1G[36mâ ¸[39m Generating browser application bundles (phase: emitting)...[2K[1G[32mâœ”[39m Browser application bundle generation complete.
[37m[39m
[37m[0m[1mInitial Chunk Files[22m[2m | [22m[1mNames[22m  [2m | [22m [1mRaw Size[22m[0m[39m
[37m[0m[92mmain.js[39m[37m            [2m | [22mmain   [2m | [22m[96m554.17 kB[39m[37m[2m | [22m[0m[39m
[37m[0m[92mruntime.js[39m[37m         [2m | [22mruntime[2m | [22m  [96m7.14 kB[39m[37m[2m | [22m[0m[39m
[37m[0m[0m[39m
[37m[0m3 unchanged chunks[0m[39m
[37m[0m[0m[39m
[37m[0mBuild at: [1m[37m2024-01-19T19:25:25.546Z[39m[37m[22m - Hash: [1m[37m677ae5ee5f8f3c97[39m[37m[22m - Time: [1m[37m369[39m[37m[22mms[0m[39m
[37m[39m
[37m[92mâœ”[39m[37m Compiled successfully.[39m
[36mâ ‹[39m Generating browser application bundles...[2K[1G[36mâ ™[39m Generating browser application bundles (phase: building)...[2K[1G[36mâ ¹[39m Generating browser application bundles (phase: sealing)...[2K[1G[36mâ ¸[39m Generating browser application bundles (phase: emitting)...[2K[1G[32mâœ”[39m Browser application bundle generation complete.
[37m[39m
[37m[0m[1mInitial Chunk Files[22m[2m | [22m[1mNames[22m  [2m | [22m [1mRaw Size[22m[0m[39m
[37m[0m[92mmain.js[39m[37m            [2m | [22mmain   [2m | [22m[96m554.17 kB[39m[37m[2m | [22m[0m[39m
[37m[0m[92mruntime.js[39m[37m         [2m | [22mruntime[2m | [22m  [96m7.14 kB[39m[37m[2m | [22m[0m[39m
[37m[0m[0m[39m
[37m[0m3 unchanged chunks[0m[39m
[37m[0m[0m[39m
[37m[0mBuild at: [1m[37m2024-01-19T19:25:37.613Z[39m[37m[22m - Hash: [1m[37mfaafbb59b104cb8f[39m[37m[22m - Time: [1m[37m371[39m[37m[22mms[0m[39m
[37m[39m
[37m[92mâœ”[39m[37m Compiled successfully.[39m
[36mâ ‹[39m Generating browser application bundles...[2K[1G[36mâ ™[39m Generating browser application bundles (phase: building)...[2K[1G[36mâ ¹[39m Generating browser application bundles (phase: sealing)...[2K[1G[32mâœ”[39m Browser application bundle generation complete.
[37m[39m
[37m[0m[1mInitial Chunk Files[22m[2m | [22m[1mNames[22m  [2m | [22m [1mRaw Size[22m[0m[39m
[37m[0m[92mmain.js[39m[37m            [2m | [22mmain   [2m | [22m[96m554.14 kB[39m[37m[2m | [22m[0m[39m
[37m[0m[92mruntime.js[39m[37m         [2m | [22mruntime[2m | [22m  [96m7.14 kB[39m[37m[2m | [22m[0m[39m
[37m[0m[0m[39m
[37m[0m3 unchanged chunks[0m[39m
[37m[0m[0m[39m
[37m[0mBuild at: [1m[37m2024-01-19T19:25:39.843Z[39m[37m[22m - Hash: [1m[37m08ce5b669d840eb3[39m[37m[22m - Time: [1m[37m258[39m[37m[22mms[0m[39m
[1m[31m[39m[22m
[1m[31m[0m[91mError: [39m[31m[0m[96mlibs/screens/src/lib/landing-screen/landing.screen.ts[0m:[93m38[0m:[93m14[0m - [91merror[0m[90m TS2420: [0mClass 'LandingScreen' incorrectly implements interface 'AfterContentInit'.[39m[22m
[1m[31m  Property 'ngAfterContentInit' is missing in type 'LandingScreen' but required in type 'AfterContentInit'.[39m[22m
[1m[31m[39m[22m
[1m[31m[7m38[0m export class LandingScreen implements OnInit, AfterContentInit {[39m[22m
[1m[31m[7m  [0m [91m             ~~~~~~~~~~~~~[0m[39m[22m
[1m[31m[39m[22m
[1m[31m  [96mnode_modules/.pnpm/@angular+core@16.2.12_rxjs@7.8.1_zone.js@0.13.3/node_modules/@angular/core/index.d.ts[0m:[93m77[0m:[93m5[0m[39m[22m
[1m[31m    [7m77[0m     ngAfterContentInit(): void;[39m[22m
[1m[31m    [7m  [0m [96m    ~~~~~~~~~~~~~~~~~~~~~~~~~~~[0m[39m[22m
[1m[31m    'ngAfterContentInit' is declared here.[39m[22m
[1m[31m[39m[22m
[1m[31m[39m[22m
[1m[31m[39m[22m
[37m[39m
[37m[91mâœ–[39m[37m Failed to compile.[39m
[36mâ ‹[39m Generating browser application bundles...[2K[1G[36mâ ™[39m Generating browser application bundles (phase: building)...[2K[1G[36mâ ¹[39m Generating browser application bundles (phase: emitting)...[2K[1G[32mâœ”[39m Browser application bundle generation complete.
[37m[39m
[37m[0m[1mInitial Chunk Files[22m[2m | [22m[1mNames[22m  [2m | [22m [1mRaw Size[22m[0m[39m
[37m[0m[92mmain.js[39m[37m            [2m | [22mmain   [2m | [22m[96m554.14 kB[39m[37m[2m | [22m[0m[39m
[37m[0m[92mruntime.js[39m[37m         [2m | [22mruntime[2m | [22m  [96m7.14 kB[39m[37m[2m | [22m[0m[39m
[37m[0m[0m[39m
[37m[0m3 unchanged chunks[0m[39m
[37m[0m[0m[39m
[37m[0mBuild at: [1m[37m2024-01-19T19:25:51.643Z[39m[37m[22m - Hash: [1m[37m5b255f9dde0fd3ae[39m[37m[22m - Time: [1m[37m279[39m[37m[22mms[0m[39m
[37m[39m
[37m[92mâœ”[39m[37m Compiled successfully.[39m
[36mâ ‹[39m Generating browser application bundles...[2K[1G[36mâ ™[39m Generating browser application bundles (phase: building)...[2K[1G[36mâ ¹[39m Generating browser application bundles (phase: sealing)...[2K[1G[36mâ ¸[39m Generating browser application bundles (phase: emitting)...[2K[1G[32mâœ”[39m Browser application bundle generation complete.
[37m[39m
[37m[0m[1mInitial Chunk Files[22m[2m | [22m[1mNames[22m  [2m | [22m [1mRaw Size[22m[0m[39m
[37m[0m[92mmain.js[39m[37m            [2m | [22mmain   [2m | [22m[96m554.14 kB[39m[37m[2m | [22m[0m[39m
[37m[0m[92mruntime.js[39m[37m         [2m | [22mruntime[2m | [22m  [96m7.14 kB[39m[37m[2m | [22m[0m[39m
[37m[0m[0m[39m
[37m[0m3 unchanged chunks[0m[39m
[37m[0m[0m[39m
[37m[0mBuild at: [1m[37m2024-01-19T19:25:54.078Z[39m[37m[22m - Hash: [1m[37m1bb857ef1d9e11ec[39m[37m[22m - Time: [1m[37m321[39m[37m[22mms[0m[39m
[37m[39m
[37m[92mâœ”[39m[37m Compiled successfully.[39m
[36mâ ‹[39m Generating browser application bundles...[2K[1G[36mâ ™[39m Generating browser application bundles (phase: building)...[2K[1G[36mâ ¹[39m Generating browser application bundles (phase: emitting)...[2K[1G[32mâœ”[39m Browser application bundle generation complete.
[37m[39m
[37m[0m[1mInitial Chunk Files[22m[2m | [22m[1mNames[22m  [2m | [22m [1mRaw Size[22m[0m[39m
[37m[0m[92mmain.js[39m[37m            [2m | [22mmain   [2m | [22m[96m554.16 kB[39m[37m[2m | [22m[0m[39m
[37m[0m[92mruntime.js[39m[37m         [2m | [22mruntime[2m | [22m  [96m7.14 kB[39m[37m[2m | [22m[0m[39m
[37m[0m[0m[39m
[37m[0m3 unchanged chunks[0m[39m
[37m[0m[0m[39m
[37m[0mBuild at: [1m[37m2024-01-19T19:26:05.177Z[39m[37m[22m - Hash: [1m[37m1bed03e9601548e0[39m[37m[22m - Time: [1m[37m333[39m[37m[22mms[0m[39m
[37m[39m
[37m[92mâœ”[39m[37m Compiled successfully.[39m
[36mâ ‹[39m Generating browser application bundles...[2K[1G[36mâ ™[39m Generating browser application bundles (phase: building)...[2K[1G[36mâ ¹[39m Generating browser application bundles (phase: emitting)...[2K[1G[32mâœ”[39m Browser application bundle generation complete.
[37m[39m
[37m[0m[1mInitial Chunk Files[22m[2m | [22m[1mNames[22m  [2m | [22m [1mRaw Size[22m[0m[39m
[37m[0m[92mmain.js[39m[37m            [2m | [22mmain   [2m | [22m[96m554.17 kB[39m[37m[2m | [22m[0m[39m
[37m[0m[92mruntime.js[39m[37m         [2m | [22mruntime[2m | [22m  [96m7.14 kB[39m[37m[2m | [22m[0m[39m
[37m[0m[0m[39m
[37m[0m3 unchanged chunks[0m[39m
[37m[0m[0m[39m
[37m[0mBuild at: [1m[37m2024-01-19T19:26:28.515Z[39m[37m[22m - Hash: [1m[37m105554910da54888[39m[37m[22m - Time: [1m[37m324[39m[37m[22mms[0m[39m
[37m[39m
[37m[92mâœ”[39m[37m Compiled successfully.[39m
[36mâ ‹[39m Generating browser application bundles...[2K[1G[36mâ ™[39m Generating browser application bundles (phase: building)...[2K[1G[36mâ ¹[39m Generating browser application bundles (phase: emitting)...[2K[1G[32mâœ”[39m Browser application bundle generation complete.
[37m[39m
[37m[0m5 unchanged chunks[0m[39m
[37m[0m[0m[39m
[37m[0mBuild at: [1m[37m2024-01-19T19:26:34.794Z[39m[37m[22m - Hash: [1m[37m105554910da54888[39m[37m[22m - Time: [1m[37m253[39m[37m[22mms[0m[39m
[37m[39m
[37m[92mâœ”[39m[37m Compiled successfully.[39m
[36mâ ‹[39m Generating browser application bundles...[2K[1G[36mâ ™[39m Generating browser application bundles (phase: building)...[2K[1G[36mâ ¹[39m Generating browser application bundles (phase: sealing)...[2K[1G[36mâ ¸[39m Generating browser application bundles (phase: emitting)...[2K[1G[32mâœ”[39m Browser application bundle generation complete.
[37m[39m
[37m[0m[1mInitial Chunk Files[22m[2m | [22m[1mNames[22m  [2m | [22m [1mRaw Size[22m[0m[39m
[37m[0m[92mmain.js[39m[37m            [2m | [22mmain   [2m | [22m[96m554.17 kB[39m[37m[2m | [22m[0m[39m
[37m[0m[92mruntime.js[39m[37m         [2m | [22mruntime[2m | [22m  [96m7.14 kB[39m[37m[2m | [22m[0m[39m
[37m[0m[0m[39m
[37m[0m3 unchanged chunks[0m[39m
[37m[0m[0m[39m
[37m[0mBuild at: [1m[37m2024-01-19T19:27:29.196Z[39m[37m[22m - Hash: [1m[37m71355adb4326fe18[39m[37m[22m - Time: [1m[37m354[39m[37m[22mms[0m[39m
[37m[39m
[37m[92mâœ”[39m[37m Compiled successfully.[39m
[36mâ ‹[39m Generating browser application bundles...[2K[1G[36mâ ™[39m Generating browser application bundles (phase: building)...[2K[1G[36mâ ¹[39m Generating browser application bundles (phase: sealing)...[2K[1G[36mâ ¸[39m Generating browser application bundles (phase: emitting)...[2K[1G[32mâœ”[39m Browser application bundle generation complete.
[37m[39m
[37m[0m[1mInitial Chunk Files[22m[2m | [22m[1mNames[22m  [2m | [22m [1mRaw Size[22m[0m[39m
[37m[0m[92mmain.js[39m[37m            [2m | [22mmain   [2m | [22m[96m554.17 kB[39m[37m[2m | [22m[0m[39m
[37m[0m[92mruntime.js[39m[37m         [2m | [22mruntime[2m | [22m  [96m7.14 kB[39m[37m[2m | [22m[0m[39m
[37m[0m[0m[39m
[37m[0m3 unchanged chunks[0m[39m
[37m[0m[0m[39m
[37m[0mBuild at: [1m[37m2024-01-19T19:27:41.698Z[39m[37m[22m - Hash: [1m[37m39d110d42f98ee2c[39m[37m[22m - Time: [1m[37m329[39m[37m[22mms[0m[39m
[37m[39m
[37m[92mâœ”[39m[37m Compiled successfully.[39m
[36mâ ‹[39m Generating browser application bundles...[2K[1G[36mâ ™[39m Generating browser application bundles (phase: building)...[2K[1G[36mâ ¹[39m Generating browser application bundles (phase: sealing)...[2K[1G[36mâ ¸[39m Generating browser application bundles (phase: emitting)...[2K[1G[32mâœ”[39m Browser application bundle generation complete.
[37m[39m
[37m[0m[1mInitial Chunk Files[22m[2m | [22m[1mNames[22m  [2m | [22m [1mRaw Size[22m[0m[39m
[37m[0m[92mmain.js[39m[37m            [2m | [22mmain   [2m | [22m[96m554.17 kB[39m[37m[2m | [22m[0m[39m
[37m[0m[92mruntime.js[39m[37m         [2m | [22mruntime[2m | [22m  [96m7.14 kB[39m[37m[2m | [22m[0m[39m
[37m[0m[0m[39m
[37m[0m3 unchanged chunks[0m[39m
[37m[0m[0m[39m
[37m[0mBuild at: [1m[37m2024-01-19T19:28:32.177Z[39m[37m[22m - Hash: [1m[37ma0553d103769ceaf[39m[37m[22m - Time: [1m[37m369[39m[37m[22mms[0m[39m
[37m[39m
[37m[92mâœ”[39m[37m Compiled successfully.[39m
[36mâ ‹[39m Generating browser application bundles...[2K[1G[36mâ ™[39m Generating browser application bundles (phase: building)...[2K[1G[32mâœ”[39m Browser application bundle generation complete.
[37m[39m
[37m[0m[1mInitial Chunk Files[22m[2m | [22m[1mNames[22m  [2m | [22m [1mRaw Size[22m[0m[39m
[37m[0m[92mmain.js[39m[37m            [2m | [22mmain   [2m | [22m[96m540.37 kB[39m[37m[2m | [22m[0m[39m
[37m[0m[92mruntime.js[39m[37m         [2m | [22mruntime[2m | [22m  [96m7.14 kB[39m[37m[2m | [22m[0m[39m
[37m[0m[0m[39m
[37m[0m3 unchanged chunks[0m[39m
[37m[0m[0m[39m
[37m[0mBuild at: [1m[37m2024-01-19T19:29:24.584Z[39m[37m[22m - Hash: [1m[37m72b2c126c394180a[39m[37m[22m - Time: [1m[37m288[39m[37m[22mms[0m[39m
[1m[31m[39m[22m
[1m[31m[0m[36m./libs/screens/src/index.ts[39m[31m[0m - [0m[91mError: [39m[31m[0mModule build failed (from ./node_modules/.pnpm/@ngtools+webpack@16.2.11_@angular+compiler-cli@16.2.12_typescript@5.1.6_webpack@5.88.2/node_modules/@ngtools/webpack/src/ivy/index.js):[39m[22m
[1m[31mError: Duplicate decorated properties found on class 'LandingScreen': scrollToNextScreen[39m[22m
[1m[31m[39m[22m
[1m[31m[0m[36m./libs/screens/src/lib/landing-screen/landing.screen.ts[39m[31m[0m - [0m[91mError: [39m[31m[0mModule build failed (from ./node_modules/.pnpm/@ngtools+webpack@16.2.11_@angular+compiler-cli@16.2.12_typescript@5.1.6_webpack@5.88.2/node_modules/@ngtools/webpack/src/ivy/index.js):[39m[22m
[1m[31mError: Duplicate decorated properties found on class 'LandingScreen': scrollToNextScreen[39m[22m
[1m[31m[39m[22m
[1m[31m[0m[91mError: [39m[31m[0m[96mlibs/screens/src/lib/landing-screen/landing.screen.ts[0m:[93m45[0m:[93m13[0m - [91merror[0m[90m TS2300: [0mDuplicate identifier 'scrollToNextScreen'.[39m[22m
[1m[31m[39m[22m
[1m[31m[7m45[0m   @Output() scrollToNextScreen = new EventEmitter<void>();[39m[22m
[1m[31m[7m  [0m [91m            ~~~~~~~~~~~~~~~~~~[0m[39m[22m
[1m[31m[39m[22m
[1m[31m[39m[22m
[1m[31m[39m[22m
[37m[39m
[37m[91mâœ–[39m[37m Failed to compile.[39m
[36mâ ‹[39m Generating browser application bundles...[2K[1G[36mâ ™[39m Generating browser application bundles (phase: building)...[2K[1G[36mâ ¹[39m Generating browser application bundles (phase: sealing)...[2K[1G[36mâ ¸[39m Generating browser application bundles (phase: emitting)...[2K[1G[32mâœ”[39m Browser application bundle generation complete.
[37m[39m
[37m[0m[1mInitial Chunk Files[22m[2m | [22m[1mNames[22m  [2m | [22m [1mRaw Size[22m[0m[39m
[37m[0m[92mmain.js[39m[37m            [2m | [22mmain   [2m | [22m[96m554.12 kB[39m[37m[2m | [22m[0m[39m
[37m[0m[92mruntime.js[39m[37m         [2m | [22mruntime[2m | [22m  [96m7.14 kB[39m[37m[2m | [22m[0m[39m
[37m[0m[0m[39m
[37m[0m3 unchanged chunks[0m[39m
[37m[0m[0m[39m
[37m[0mBuild at: [1m[37m2024-01-19T19:29:30.516Z[39m[37m[22m - Hash: [1m[37mbe69458ebd721e60[39m[37m[22m - Time: [1m[37m336[39m[37m[22mms[0m[39m
[37m[39m
[37m[92mâœ”[39m[37m Compiled successfully.[39m
[36mâ ‹[39m Generating browser application bundles...[2K[1G[36mâ ™[39m Generating browser application bundles (phase: building)...[2K[1G[32mâœ”[39m Browser application bundle generation complete.
[37m[39m
[37m[0m[1mInitial Chunk Files[22m[2m | [22m[1mNames[22m  [2m | [22m [1mRaw Size[22m[0m[39m
[37m[0m[92mmain.js[39m[37m            [2m | [22mmain   [2m | [22m[96m554.45 kB[39m[37m[2m | [22m[0m[39m
[37m[0m[92mruntime.js[39m[37m         [2m | [22mruntime[2m | [22m  [96m7.14 kB[39m[37m[2m | [22m[0m[39m
[37m[0m[0m[39m
[37m[0m3 unchanged chunks[0m[39m
[37m[0m[0m[39m
[37m[0mBuild at: [1m[37m2024-01-19T19:29:52.006Z[39m[37m[22m - Hash: [1m[37m2f3506c732861182[39m[37m[22m - Time: [1m[37m269[39m[37m[22mms[0m[39m
[1m[31m[39m[22m
[1m[31m[0m[91mError: [39m[31m[0m[96mapps/e-questrian/src/app/pages/landing/page-sections/entry-c2a-section/entry-c2a.section.html[0m:[93m41[0m:[93m25[0m - [91merror[0m[90m TS2339: [0mProperty 'crollToNext' does not exist on type 'EntryCallToActionSection'.[39m[22m
[1m[31m[39m[22m
[1m[31m[7m41[0m   (scrollToNextScreen)="crollToNext()"[39m[22m
[1m[31m[7m  [0m [91m                        ~~~~~~~~~~~[0m[39m[22m
[1m[31m[39m[22m
[1m[31m  [96mapps/e-questrian/src/app/pages/landing/page-sections/entry-c2a-section/entry-c2a.section.ts[0m:[93m16[0m:[93m16[0m[39m[22m
[1m[31m    [7m16[0m   templateUrl: './entry-c2a.section.html',[39m[22m
[1m[31m    [7m  [0m [96m               ~~~~~~~~~~~~~~~~~~~~~~~~~~[0m[39m[22m
[1m[31m    Error occurs in the template of component EntryCallToActionSection.[39m[22m
[1m[31m[39m[22m
[1m[31m[39m[22m
[1m[31m[39m[22m
[37m[39m
[37m[91mâœ–[39m[37m Failed to compile.[39m
[36mâ ‹[39m Generating browser application bundles...[2K[1G[36mâ ™[39m Generating browser application bundles (phase: building)...[2K[1G[32mâœ”[39m Browser application bundle generation complete.
[37m[39m
[37m[0m[1mInitial Chunk Files[22m[2m | [22m[1mNames[22m  [2m | [22m [1mRaw Size[22m[0m[39m
[37m[0m[92mmain.js[39m[37m            [2m | [22mmain   [2m | [22m[96m554.45 kB[39m[37m[2m | [22m[0m[39m
[37m[0m[92mruntime.js[39m[37m         [2m | [22mruntime[2m | [22m  [96m7.14 kB[39m[37m[2m | [22m[0m[39m
[37m[0m[0m[39m
[37m[0m3 unchanged chunks[0m[39m
[37m[0m[0m[39m
[37m[0mBuild at: [1m[37m2024-01-19T19:29:53.580Z[39m[37m[22m - Hash: [1m[37mc309547568b33376[39m[37m[22m - Time: [1m[37m238[39m[37m[22mms[0m[39m
[1m[31m[39m[22m
[1m[31m[0m[91mError: [39m[31m[0m[96mapps/e-questrian/src/app/pages/landing/page-sections/entry-c2a-section/entry-c2a.section.html[0m:[93m41[0m:[93m25[0m - [91merror[0m[90m TS2339: [0mProperty 'scrollToNext' does not exist on type 'EntryCallToActionSection'.[39m[22m
[1m[31m[39m[22m
[1m[31m[7m41[0m   (scrollToNextScreen)="scrollToNext()"[39m[22m
[1m[31m[7m  [0m [91m                        ~~~~~~~~~~~~[0m[39m[22m
[1m[31m[39m[22m
[1m[31m  [96mapps/e-questrian/src/app/pages/landing/page-sections/entry-c2a-section/entry-c2a.section.ts[0m:[93m16[0m:[93m16[0m[39m[22m
[1m[31m    [7m16[0m   templateUrl: './entry-c2a.section.html',[39m[22m
[1m[31m    [7m  [0m [96m               ~~~~~~~~~~~~~~~~~~~~~~~~~~[0m[39m[22m
[1m[31m    Error occurs in the template of component EntryCallToActionSection.[39m[22m
[1m[31m[39m[22m
[1m[31m[39m[22m
[1m[31m[39m[22m
[37m[39m
[37m[91mâœ–[39m[37m Failed to compile.[39m
[36mâ ‹[39m Generating browser application bundles...[2K[1G[36mâ ™[39m Generating browser application bundles (phase: building)...[2K[1G[36mâ ¹[39m Generating browser application bundles (phase: sealing)...[2K[1G[36mâ ¸[39m Generating browser application bundles (phase: emitting)...[2K[1G[32mâœ”[39m Browser application bundle generation complete.
[37m[39m
[37m[0m[1mInitial Chunk Files[22m[2m | [22m[1mNames[22m  [2m | [22m [1mRaw Size[22m[0m[39m
[37m[0m[92mmain.js[39m[37m            [2m | [22mmain   [2m | [22m[96m554.98 kB[39m[37m[2m | [22m[0m[39m
[37m[0m[92mruntime.js[39m[37m         [2m | [22mruntime[2m | [22m  [96m7.14 kB[39m[37m[2m | [22m[0m[39m
[37m[0m[0m[39m
[37m[0m3 unchanged chunks[0m[39m
[37m[0m[0m[39m
[37m[0mBuild at: [1m[37m2024-01-19T19:30:12.631Z[39m[37m[22m - Hash: [1m[37me9d2a87149534a58[39m[37m[22m - Time: [1m[37m339[39m[37m[22mms[0m[39m
[37m[39m
[37m[92mâœ”[39m[37m Compiled successfully.[39m
[36mâ ‹[39m Generating browser application bundles...[2K[1G[36mâ ™[39m Generating browser application bundles (phase: building)...[2K[1G[36mâ ¹[39m Generating browser application bundles (phase: emitting)...[2K[1G[32mâœ”[39m Browser application bundle generation complete.
[37m[39m
[37m[0m[1mInitial Chunk Files[22m[2m | [22m[1mNames[22m  [2m | [22m [1mRaw Size[22m[0m[39m
[37m[0m[92mmain.js[39m[37m            [2m | [22mmain   [2m | [22m[96m554.98 kB[39m[37m[2m | [22m[0m[39m
[37m[0m[92mruntime.js[39m[37m         [2m | [22mruntime[2m | [22m  [96m7.14 kB[39m[37m[2m | [22m[0m[39m
[37m[0m[0m[39m
[37m[0m3 unchanged chunks[0m[39m
[37m[0m[0m[39m
[37m[0mBuild at: [1m[37m2024-01-19T19:30:17.843Z[39m[37m[22m - Hash: [1m[37m86636d1c1f684a63[39m[37m[22m - Time: [1m[37m306[39m[37m[22mms[0m[39m
[37m[39m
[37m[92mâœ”[39m[37m Compiled successfully.[39m
[36mâ ‹[39m Generating browser application bundles...[2K[1G[36mâ ™[39m Generating browser application bundles (phase: building)...[2K[1G[36mâ ¹[39m Generating browser application bundles (phase: sealing)...[2K[1G[36mâ ¸[39m Generating browser application bundles (phase: emitting)...[2K[1G[32mâœ”[39m Browser application bundle generation complete.
[37m[39m
[37m[0m[1mInitial Chunk Files[22m[2m | [22m[1mNames[22m  [2m | [22m [1mRaw Size[22m[0m[39m
[37m[0m[92mmain.js[39m[37m            [2m | [22mmain   [2m | [22m[96m554.98 kB[39m[37m[2m | [22m[0m[39m
[37m[0m[92mruntime.js[39m[37m         [2m | [22mruntime[2m | [22m  [96m7.14 kB[39m[37m[2m | [22m[0m[39m
[37m[0m[0m[39m
[37m[0m3 unchanged chunks[0m[39m
[37m[0m[0m[39m
[37m[0mBuild at: [1m[37m2024-01-19T19:31:04.047Z[39m[37m[22m - Hash: [1m[37m08fbee3512eb836a[39m[37m[22m - Time: [1m[37m338[39m[37m[22mms[0m[39m
[37m[39m
[37m[92mâœ”[39m[37m Compiled successfully.[39m
[36mâ ‹[39m Generating browser application bundles...[2K[1G[36mâ ™[39m Generating browser application bundles (phase: building)...[2K[1G[36mâ ¹[39m Generating browser application bundles (phase: emitting)...[2K[1G[32mâœ”[39m Browser application bundle generation complete.
[37m[39m
[37m[0m[1mInitial Chunk Files[22m[2m | [22m[1mNames[22m  [2m | [22m [1mRaw Size[22m[0m[39m
[37m[0m[92mmain.js[39m[37m            [2m | [22mmain   [2m | [22m[96m549.19 kB[39m[37m[2m | [22m[0m[39m
[37m[0m[92mruntime.js[39m[37m         [2m | [22mruntime[2m | [22m  [96m7.14 kB[39m[37m[2m | [22m[0m[39m
[37m[0m[0m[39m
[37m[0m3 unchanged chunks[0m[39m
[37m[0m[0m[39m
[37m[0mBuild at: [1m[37m2024-01-19T19:31:08.495Z[39m[37m[22m - Hash: [1m[37m10764d0ee8f61adc[39m[37m[22m - Time: [1m[37m284[39m[37m[22mms[0m[39m
[37m[39m
[37m[92mâœ”[39m[37m Compiled successfully.[39m
[36mâ ‹[39m Generating browser application bundles...[2K[1G[36mâ ™[39m Generating browser application bundles (phase: building)...[2K[1G[36mâ ¹[39m Generating browser application bundles (phase: building)...[2K[1G[32mâœ”[39m Browser application bundle generation complete.
[37m[39m
[37m[0m[1mInitial Chunk Files[22m[2m | [22m[1mNames[22m  [2m | [22m [1mRaw Size[22m[0m[39m
[37m[0m[92mmain.js[39m[37m            [2m | [22mmain   [2m | [22m[96m549.17 kB[39m[37m[2m | [22m[0m[39m
[37m[0m[92mruntime.js[39m[37m         [2m | [22mruntime[2m | [22m  [96m7.14 kB[39m[37m[2m | [22m[0m[39m
[37m[0m[0m[39m
[37m[0m3 unchanged chunks[0m[39m
[37m[0m[0m[39m
[37m[0mBuild at: [1m[37m2024-01-19T19:31:15.911Z[39m[37m[22m - Hash: [1m[37mc646b3b7bc39cb7c[39m[37m[22m - Time: [1m[37m284[39m[37m[22mms[0m[39m
[1m[31m[39m[22m
[1m[31m[0m[91mError: [39m[31m[0mModule not found: Error: Can't resolve '/Users/rferreira/sigmafox/apps/e-questrian/src/app/pages/landing/page-sections/entry-c2a-section/entry-c2a.section.scss?ngResource' in '/Users/rferreira/sigmafox'[39m[22m
[1m[31m[39m[22m
[1m[31m[0m[91mError: [39m[31m[0mThe loader "/Users/rferreira/sigmafox/apps/e-questrian/src/app/pages/landing/page-sections/entry-c2a-section/entry-c2a.section.scss" didn't return a string.[39m[22m
[1m[31m[39m[22m
[1m[31m[39m[22m
[37m[39m
[37m[91mâœ–[39m[37m Failed to compile.[39m
[36mâ ‹[39m Generating browser application bundles...[2K[1G[36mâ ™[39m Generating browser application bundles (phase: building)...[2K[1G[36mâ ¹[39m Generating browser application bundles (phase: sealing)...[2K[1G[32mâœ”[39m Browser application bundle generation complete.
[37m[39m
[37m[0m[1mInitial Chunk Files[22m[2m | [22m[1mNames[22m  [2m | [22m [1mRaw Size[22m[0m[39m
[37m[0m[92mmain.js[39m[37m            [2m | [22mmain   [2m | [22m[96m548.91 kB[39m[37m[2m | [22m[0m[39m
[37m[0m[92mruntime.js[39m[37m         [2m | [22mruntime[2m | [22m  [96m7.14 kB[39m[37m[2m | [22m[0m[39m
[37m[0m[0m[39m
[37m[0m3 unchanged chunks[0m[39m
[37m[0m[0m[39m
[37m[0mBuild at: [1m[37m2024-01-19T19:31:23.422Z[39m[37m[22m - Hash: [1m[37ma55d649421e42741[39m[37m[22m - Time: [1m[37m273[39m[37m[22mms[0m[39m
[1m[31m[39m[22m
[1m[31m[0m[91mError: [39m[31m[0mModule not found: Error: Can't resolve '/Users/rferreira/sigmafox/apps/e-questrian/src/app/pages/landing/page-sections/entry-c2a-section/entry-c2a.section.scss?ngResource' in '/Users/rferreira/sigmafox'[39m[22m
[1m[31m[39m[22m
[1m[31m[0m[91mError: [39m[31m[0mThe loader "/Users/rferreira/sigmafox/apps/e-questrian/src/app/pages/landing/page-sections/entry-c2a-section/entry-c2a.section.scss" didn't return a string.[39m[22m
[1m[31m[39m[22m
[1m[31m[39m[22m
[37m[39m
[37m[91mâœ–[39m[37m Failed to compile.[39m
[36mâ ‹[39m Generating browser application bundles...[2K[1G[36mâ ™[39m Generating browser application bundles (phase: building)...[2K[1G[36mâ ¹[39m Generating browser application bundles (phase: sealing)...[2K[1G[32mâœ”[39m Browser application bundle generation complete.
[37m[39m
[37m[0m[1mInitial Chunk Files[22m[2m | [22m[1mNames[22m  [2m | [22m [1mRaw Size[22m[0m[39m
[37m[0m[92mmain.js[39m[37m            [2m | [22mmain   [2m | [22m[96m548.46 kB[39m[37m[2m | [22m[0m[39m
[37m[0m[92mruntime.js[39m[37m         [2m | [22mruntime[2m | [22m  [96m7.14 kB[39m[37m[2m | [22m[0m[39m
[37m[0m[0m[39m
[37m[0m3 unchanged chunks[0m[39m
[37m[0m[0m[39m
[37m[0mBuild at: [1m[37m2024-01-19T19:31:33.501Z[39m[37m[22m - Hash: [1m[37m428647dec691f2bb[39m[37m[22m - Time: [1m[37m299[39m[37m[22mms[0m[39m
[1m[31m[39m[22m
[1m[31m[0m[91mError: [39m[31m[0mModule not found: Error: Can't resolve '/Users/rferreira/sigmafox/apps/e-questrian/src/app/pages/landing/page-sections/entry-c2a-section/entry-c2a.section.scss?ngResource' in '/Users/rferreira/sigmafox'[39m[22m
[1m[31m[39m[22m
[1m[31m[0m[91mError: [39m[31m[0mThe loader "/Users/rferreira/sigmafox/apps/e-questrian/src/app/pages/landing/page-sections/entry-c2a-section/entry-c2a.section.scss" didn't return a string.[39m[22m
[1m[31m[39m[22m
[1m[31m[39m[22m
[37m[39m
[37m[91mâœ–[39m[37m Failed to compile.[39m
[36mâ ‹[39m Generating browser application bundles...[2K[1G[36mâ ™[39m Generating browser application bundles (phase: building)...[2K[1G[32mâœ”[39m Browser application bundle generation complete.
[37m[39m
[37m[0m[1mInitial Chunk Files[22m[2m | [22m[1mNames[22m  [2m | [22m [1mRaw Size[22m[0m[39m
[37m[0m[92mmain.js[39m[37m            [2m | [22mmain   [2m | [22m[96m548.46 kB[39m[37m[2m | [22m[0m[39m
[37m[0m[92mruntime.js[39m[37m         [2m | [22mruntime[2m | [22m  [96m7.14 kB[39m[37m[2m | [22m[0m[39m
[37m[0m[0m[39m
[37m[0m3 unchanged chunks[0m[39m
[37m[0m[0m[39m
[37m[0mBuild at: [1m[37m2024-01-19T19:31:36.030Z[39m[37m[22m - Hash: [1m[37mf3d75fd030fd470f[39m[37m[22m - Time: [1m[37m218[39m[37m[22mms[0m[39m
[1m[31m[39m[22m
[1m[31m[0m[91mError: [39m[31m[0mModule not found: Error: Can't resolve '/Users/rferreira/sigmafox/apps/e-questrian/src/app/pages/landing/page-sections/entry-c2a-section/entry-c2a.section.scss?ngResource' in '/Users/rferreira/sigmafox'[39m[22m
[1m[31m[39m[22m
[1m[31m[0m[91mError: [39m[31m[0mThe loader "/Users/rferreira/sigmafox/apps/e-questrian/src/app/pages/landing/page-sections/entry-c2a-section/entry-c2a.section.scss" didn't return a string.[39m[22m
[1m[31m[39m[22m
[1m[31m[39m[22m
[37m[39m
[37m[91mâœ–[39m[37m Failed to compile.[39m
[36mâ ‹[39m Generating browser application bundles...[2K[1G[36mâ ™[39m Generating browser application bundles (phase: building)...[2K[1G[36mâ ¹[39m Generating browser application bundles (phase: emitting)...[2K[1G[32mâœ”[39m Browser application bundle generation complete.
[37m[39m
[37m[0m[1mInitial Chunk Files[22m[2m | [22m[1mNames[22m  [2m | [22m [1mRaw Size[22m[0m[39m
[37m[0m[92mmain.js[39m[37m            [2m | [22mmain   [2m | [22m[96m548.32 kB[39m[37m[2m | [22m[0m[39m
[37m[0m[92mruntime.js[39m[37m         [2m | [22mruntime[2m | [22m  [96m7.14 kB[39m[37m[2m | [22m[0m[39m
[37m[0m[0m[39m
[37m[0m3 unchanged chunks[0m[39m
[37m[0m[0m[39m
[37m[0mBuild at: [1m[37m2024-01-19T19:31:48.044Z[39m[37m[22m - Hash: [1m[37mfb9d9c04845898f9[39m[37m[22m - Time: [1m[37m295[39m[37m[22mms[0m[39m
[37m[39m
[37m[92mâœ”[39m[37m Compiled successfully.[39m
